#
# There is insufficient memory for the Java Runtime Environment to continue.
# Native memory allocation (malloc) failed to allocate 1986176 bytes for Chunk::new
# Possible reasons:
#   The system is out of physical RAM or swap space
#   The process is running with CompressedOops enabled, and the Java Heap may be blocking the growth of the native heap
# Possible solutions:
#   Reduce memory load on the system
#   Increase physical memory or swap space
#   Check if swap backing store is full
#   Decrease Java heap size (-Xmx/-Xms)
#   Decrease number of Java threads
#   Decrease Java thread stack sizes (-Xss)
#   Set larger code cache with -XX:ReservedCodeCacheSize=
#   JVM is running with Unscaled Compressed Oops mode in which the Java heap is
#     placed in the first 4GB address space. The Java Heap base address is the
#     maximum limit for the native heap growth. Please use -XX:HeapBaseMinAddress
#     to set the Java Heap base and to place the Java Heap above 4GB virtual address.
# This output file may be truncated or incomplete.
#
#  Out of Memory Error (arena.cpp:189), pid=12696, tid=13844
#
# JRE version: OpenJDK Runtime Environment (17.0.6) (build 17.0.6+0-b2043.56-10027231)
# Java VM: OpenJDK 64-Bit Server VM (17.0.6+0-b2043.56-10027231, mixed mode, tiered, compressed oops, compressed class ptrs, g1 gc, windows-amd64)
# No core dump will be written. Minidumps are not enabled by default on client versions of Windows
#

---------------  S U M M A R Y ------------

Command Line: --add-opens=java.base/java.util=ALL-UNNAMED --add-opens=java.base/java.lang=ALL-UNNAMED --add-opens=java.base/java.lang.invoke=ALL-UNNAMED --add-opens=java.prefs/java.util.prefs=ALL-UNNAMED --add-opens=java.base/java.nio.charset=ALL-UNNAMED --add-opens=java.base/java.net=ALL-UNNAMED --add-opens=java.base/java.util.concurrent.atomic=ALL-UNNAMED -Xmx2048m -Dfile.encoding=UTF-8 -Duser.country=CN -Duser.language=zh -Duser.variant org.gradle.launcher.daemon.bootstrap.GradleDaemon 8.0

Host: AMD Ryzen 5 5600H with Radeon Graphics         , 12 cores, 13G,  Windows 11 , 64 bit Build 22621 (10.0.22621.2506)
Time: Mon Dec 25 16:26:10 2023  Windows 11 , 64 bit Build 22621 (10.0.22621.2506) elapsed time: 5.536676 seconds (0d 0h 0m 5s)

---------------  T H R E A D  ---------------

Current thread (0x000001e1b5408f20):  JavaThread "C2 CompilerThread2" daemon [_thread_in_native, id=13844, stack(0x0000006221b00000,0x0000006221c00000)]


Current CompileTask:
C2:   5536 4800       4       java.net.URLClassLoader$1::run (5 bytes)

Stack: [0x0000006221b00000,0x0000006221c00000]
Native frames: (J=compiled Java code, j=interpreted, Vv=VM code, C=native code)
V  [jvm.dll+0x683c9a]
V  [jvm.dll+0x8427a4]
V  [jvm.dll+0x843f9e]
V  [jvm.dll+0x844603]
V  [jvm.dll+0x249b75]
V  [jvm.dll+0xabcac]
V  [jvm.dll+0xac27c]
V  [jvm.dll+0x368857]
V  [jvm.dll+0x1bd0b8]
V  [jvm.dll+0x21c359]
V  [jvm.dll+0x21b621]
V  [jvm.dll+0x1a4fdd]
V  [jvm.dll+0x22b098]
V  [jvm.dll+0x229159]
V  [jvm.dll+0x7f81ec]
V  [jvm.dll+0x7f274a]
V  [jvm.dll+0x682ad5]
C  [ucrtbase.dll+0x29363]
C  [KERNEL32.DLL+0x1257d]
C  [ntdll.dll+0x5aa58]


---------------  P R O C E S S  ---------------

Threads class SMR info:
_java_thread_list=0x000001e1b487aa30, length=50, elements={
0x000001e194a22630, 0x000001e1b1833020, 0x000001e1b1833ca0, 0x000001e1b186b020,
0x000001e1b1885550, 0x000001e1b1889390, 0x000001e1b1889c50, 0x000001e1b188a8f0,
0x000001e1b188b2a0, 0x000001e1b188d620, 0x000001e1b1a35340, 0x000001e1b1a35810,
0x000001e1b2031e20, 0x000001e1b2031480, 0x000001e1b2031950, 0x000001e1b20322f0,
0x000001e1b2030ae0, 0x000001e1b20327c0, 0x000001e1b2032c90, 0x000001e1b2ae5270,
0x000001e1b2030610, 0x000001e1b2030fb0, 0x000001e1b2033160, 0x000001e1b2033630,
0x000001e1b2033b00, 0x000001e1b4a96930, 0x000001e1b5408f20, 0x000001e1b4a98ae0,
0x000001e1b4a99480, 0x000001e1b4a96e00, 0x000001e1b4a9c4a0, 0x000001e1b4a99950,
0x000001e1b4a9c970, 0x000001e1b4a98140, 0x000001e1b4a96460, 0x000001e1b4a9ce40,
0x000001e1b4a98fb0, 0x000001e1b4a99e20, 0x000001e1b4a9a2f0, 0x000001e1b4a95ac0,
0x000001e1b4a95f90, 0x000001e1b4a9a7c0, 0x000001e1b4a977a0, 0x000001e1b4a955f0,
0x000001e1b4a972d0, 0x000001e1b4a97c70, 0x000001e1b4a9ac90, 0x000001e1b4a9bfd0,
0x000001e1b735af80, 0x000001e1b735f7b0
}

Java Threads: ( => current thread )
  0x000001e194a22630 JavaThread "main" [_thread_blocked, id=4312, stack(0x000000621ef00000,0x000000621f000000)]
  0x000001e1b1833020 JavaThread "Reference Handler" daemon [_thread_blocked, id=24424, stack(0x000000621f600000,0x000000621f700000)]
  0x000001e1b1833ca0 JavaThread "Finalizer" daemon [_thread_blocked, id=24932, stack(0x000000621f700000,0x000000621f800000)]
  0x000001e1b186b020 JavaThread "Signal Dispatcher" daemon [_thread_blocked, id=23712, stack(0x000000621f800000,0x000000621f900000)]
  0x000001e1b1885550 JavaThread "Attach Listener" daemon [_thread_blocked, id=10516, stack(0x000000621f900000,0x000000621fa00000)]
  0x000001e1b1889390 JavaThread "Service Thread" daemon [_thread_blocked, id=5624, stack(0x000000621fa00000,0x000000621fb00000)]
  0x000001e1b1889c50 JavaThread "Monitor Deflation Thread" daemon [_thread_blocked, id=7936, stack(0x000000621fb00000,0x000000621fc00000)]
  0x000001e1b188a8f0 JavaThread "C2 CompilerThread0" daemon [_thread_in_native, id=4704, stack(0x000000621fc00000,0x000000621fd00000)]
  0x000001e1b188b2a0 JavaThread "C1 CompilerThread0" daemon [_thread_blocked, id=23944, stack(0x000000621fd00000,0x000000621fe00000)]
  0x000001e1b188d620 JavaThread "Sweeper thread" daemon [_thread_blocked, id=17728, stack(0x000000621fe00000,0x000000621ff00000)]
  0x000001e1b1a35340 JavaThread "Common-Cleaner" daemon [_thread_blocked, id=21872, stack(0x000000621ff00000,0x0000006220000000)]
  0x000001e1b1a35810 JavaThread "Notification Thread" daemon [_thread_blocked, id=5492, stack(0x0000006220000000,0x0000006220100000)]
  0x000001e1b2031e20 JavaThread "Daemon health stats" [_thread_blocked, id=21116, stack(0x0000006220700000,0x0000006220800000)]
  0x000001e1b2031480 JavaThread "Incoming local TCP Connector on port 64590" [_thread_in_native, id=18844, stack(0x0000006220200000,0x0000006220300000)]
  0x000001e1b2031950 JavaThread "Daemon periodic checks" [_thread_blocked, id=11008, stack(0x0000006220800000,0x0000006220900000)]
  0x000001e1b20322f0 JavaThread "Daemon" [_thread_blocked, id=20452, stack(0x0000006220900000,0x0000006220a00000)]
  0x000001e1b2030ae0 JavaThread "Handler for socket connection from /127.0.0.1:64590 to /127.0.0.1:64591" [_thread_in_native, id=22256, stack(0x0000006220a00000,0x0000006220b00000)]
  0x000001e1b20327c0 JavaThread "Cancel handler" [_thread_blocked, id=22932, stack(0x0000006220b00000,0x0000006220c00000)]
  0x000001e1b2032c90 JavaThread "Daemon worker" [_thread_in_vm, id=23624, stack(0x0000006220c00000,0x0000006220d00000)]
  0x000001e1b2ae5270 JavaThread "C2 CompilerThread1" daemon [_thread_in_native, id=15996, stack(0x0000006220d00000,0x0000006220e00000)]
  0x000001e1b2030610 JavaThread "Asynchronous log dispatcher for DefaultDaemonConnection: socket connection from /127.0.0.1:64590 to /127.0.0.1:64591" [_thread_blocked, id=24632, stack(0x0000006220e00000,0x0000006220f00000)]
  0x000001e1b2030fb0 JavaThread "Stdin handler" [_thread_blocked, id=13828, stack(0x0000006220f00000,0x0000006221000000)]
  0x000001e1b2033160 JavaThread "Daemon client event forwarder" [_thread_blocked, id=8152, stack(0x0000006221000000,0x0000006221100000)]
  0x000001e1b2033630 JavaThread "Cache worker for journal cache (C:\Users\Aubery\.gradle\caches\journal-1)" [_thread_blocked, id=10756, stack(0x0000006221800000,0x0000006221900000)]
  0x000001e1b2033b00 JavaThread "File lock request listener" [_thread_in_native, id=16244, stack(0x0000006221900000,0x0000006221a00000)]
  0x000001e1b4a96930 JavaThread "Cache worker for file hash cache (C:\Users\Aubery\.gradle\caches\8.0\fileHashes)" [_thread_blocked, id=17128, stack(0x0000006221a00000,0x0000006221b00000)]
=>0x000001e1b5408f20 JavaThread "C2 CompilerThread2" daemon [_thread_in_native, id=13844, stack(0x0000006221b00000,0x0000006221c00000)]
  0x000001e1b4a98ae0 JavaThread "File watcher server" daemon [_thread_in_native, id=27052, stack(0x0000006221c00000,0x0000006221d00000)]
  0x000001e1b4a99480 JavaThread "File watcher consumer" daemon [_thread_blocked, id=15532, stack(0x0000006221d00000,0x0000006221e00000)]
  0x000001e1b4a96e00 JavaThread "jar transforms" [_thread_blocked, id=13200, stack(0x0000006221e00000,0x0000006221f00000)]
  0x000001e1b4a9c4a0 JavaThread "jar transforms Thread 2" [_thread_blocked, id=11876, stack(0x0000006221f00000,0x0000006222000000)]
  0x000001e1b4a99950 JavaThread "jar transforms Thread 3" [_thread_blocked, id=12344, stack(0x0000006222000000,0x0000006222100000)]
  0x000001e1b4a9c970 JavaThread "jar transforms Thread 4" [_thread_blocked, id=28084, stack(0x0000006222100000,0x0000006222200000)]
  0x000001e1b4a98140 JavaThread "jar transforms Thread 5" [_thread_blocked, id=18436, stack(0x0000006222200000,0x0000006222300000)]
  0x000001e1b4a96460 JavaThread "jar transforms Thread 6" [_thread_blocked, id=2592, stack(0x0000006222300000,0x0000006222400000)]
  0x000001e1b4a9ce40 JavaThread "jar transforms Thread 7" [_thread_blocked, id=26596, stack(0x0000006222400000,0x0000006222500000)]
  0x000001e1b4a98fb0 JavaThread "jar transforms Thread 8" [_thread_blocked, id=1756, stack(0x0000006222500000,0x0000006222600000)]
  0x000001e1b4a99e20 JavaThread "jar transforms Thread 9" [_thread_blocked, id=23904, stack(0x0000006222600000,0x0000006222700000)]
  0x000001e1b4a9a2f0 JavaThread "jar transforms Thread 10" [_thread_blocked, id=25996, stack(0x0000006222700000,0x0000006222800000)]
  0x000001e1b4a95ac0 JavaThread "jar transforms Thread 11" [_thread_blocked, id=27100, stack(0x0000006222800000,0x0000006222900000)]
  0x000001e1b4a95f90 JavaThread "jar transforms Thread 12" [_thread_blocked, id=18312, stack(0x0000006222900000,0x0000006222a00000)]
  0x000001e1b4a9a7c0 JavaThread "Cache worker for checksums cache (E:\AndroidStudioProjects\DormitoryMS\.gradle\8.0\checksums)" [_thread_blocked, id=23672, stack(0x0000006222a00000,0x0000006222b00000)]
  0x000001e1b4a977a0 JavaThread "Cache worker for cache directory md-rule (C:\Users\Aubery\.gradle\caches\8.0\md-rule)" [_thread_blocked, id=16220, stack(0x0000006222b00000,0x0000006222c00000)]
  0x000001e1b4a955f0 JavaThread "Cache worker for file content cache (C:\Users\Aubery\.gradle\caches\8.0\fileContent)" [_thread_blocked, id=18268, stack(0x0000006222c00000,0x0000006222d00000)]
  0x000001e1b4a972d0 JavaThread "Cache worker for file hash cache (E:\AndroidStudioProjects\DormitoryMS\.gradle\8.0\fileHashes)" [_thread_blocked, id=19380, stack(0x0000006222d00000,0x0000006222e00000)]
  0x000001e1b4a97c70 JavaThread "Cache worker for cache directory md-supplier (C:\Users\Aubery\.gradle\caches\8.0\md-supplier)" [_thread_blocked, id=25492, stack(0x0000006222e00000,0x0000006222f00000)]
  0x000001e1b4a9ac90 JavaThread "Cache worker for execution history cache (C:\Users\Aubery\.gradle\caches\8.0\executionHistory)" [_thread_blocked, id=22740, stack(0x0000006222f00000,0x0000006223000000)]
  0x000001e1b4a9bfd0 JavaThread "Cache worker for kotlin-dsl (C:\Users\Aubery\.gradle\caches\8.0\kotlin-dsl)" [_thread_blocked, id=12368, stack(0x0000006223000000,0x0000006223100000)]
  0x000001e1b735af80 JavaThread "Cache worker for dependencies-accessors (E:\AndroidStudioProjects\DormitoryMS\.gradle\8.0\dependencies-accessors)" [_thread_blocked, id=27976, stack(0x0000006223100000,0x0000006223200000)]
  0x000001e1b735f7b0 JavaThread "Cache worker for Build Output Cleanup Cache (E:\AndroidStudioProjects\DormitoryMS\.gradle\buildOutputCleanup)" [_thread_blocked, id=25348, stack(0x0000006223200000,0x0000006223300000)]

Other Threads:
  0x000001e1b0c8db50 VMThread "VM Thread" [stack: 0x000000621f500000,0x000000621f600000] [id=864]
  0x000001e1b1a33010 WatcherThread [stack: 0x0000006220100000,0x0000006220200000] [id=11064]
  0x000001e194a7c500 GCTaskThread "GC Thread#0" [stack: 0x000000621f000000,0x000000621f100000] [id=8224]
  0x000001e1b2543e60 GCTaskThread "GC Thread#1" [stack: 0x0000006220300000,0x0000006220400000] [id=25048]
  0x000001e1b276e440 GCTaskThread "GC Thread#2" [stack: 0x0000006220400000,0x0000006220500000] [id=19436]
  0x000001e1b26fe460 GCTaskThread "GC Thread#3" [stack: 0x0000006220500000,0x0000006220600000] [id=14840]
  0x000001e1b26fe710 GCTaskThread "GC Thread#4" [stack: 0x0000006220600000,0x0000006220700000] [id=4764]
  0x000001e1b3eee870 GCTaskThread "GC Thread#5" [stack: 0x0000006221100000,0x0000006221200000] [id=14496]
  0x000001e1b2eba060 GCTaskThread "GC Thread#6" [stack: 0x0000006221200000,0x0000006221300000] [id=20328]
  0x000001e1b3eed450 GCTaskThread "GC Thread#7" [stack: 0x0000006221300000,0x0000006221400000] [id=21932]
  0x000001e1b31a9060 GCTaskThread "GC Thread#8" [stack: 0x0000006221400000,0x0000006221500000] [id=24080]
  0x000001e1b47e9830 GCTaskThread "GC Thread#9" [stack: 0x0000006221500000,0x0000006221600000] [id=18584]
  0x000001e194a8d350 ConcurrentGCThread "G1 Main Marker" [stack: 0x000000621f100000,0x000000621f200000] [id=25516]
  0x000001e194a8f420 ConcurrentGCThread "G1 Conc#0" [stack: 0x000000621f200000,0x000000621f300000] [id=7988]
  0x000001e1b33b4460 ConcurrentGCThread "G1 Conc#1" [stack: 0x0000006221600000,0x0000006221700000] [id=9136]
  0x000001e1b46a7ed0 ConcurrentGCThread "G1 Conc#2" [stack: 0x0000006221700000,0x0000006221800000] [id=20140]
  0x000001e1b0b14580 ConcurrentGCThread "G1 Refine#0" [stack: 0x000000621f300000,0x000000621f400000] [id=6332]
  0x000001e1b0b14eb0 ConcurrentGCThread "G1 Service" [stack: 0x000000621f400000,0x000000621f500000] [id=18360]

Threads with active compile tasks:
C2 CompilerThread0     5587 4909       4       java.util.regex.Pattern::compile (500 bytes)
C2 CompilerThread1     5587 4802   !   4       java.net.URLClassLoader$1::run (81 bytes)
C2 CompilerThread2     5587 4800       4       java.net.URLClassLoader$1::run (5 bytes)

VM state: not at safepoint (normal execution)

VM Mutex/Monitor currently owned by a thread:  ([mutex/lock_event])
[0x000001e194a1d230] CompiledIC_lock - owner thread: 0x000001e1b188d620

Heap address: 0x0000000080000000, size: 2048 MB, Compressed Oops mode: 32-bit

CDS archive(s) not mapped
Compressed class space mapped at: 0x0000000100000000-0x0000000140000000, reserved size: 1073741824
Narrow klass base: 0x0000000000000000, Narrow klass shift: 3, Narrow klass range: 0x140000000

GC Precious Log:
 CPUs: 12 total, 12 available
 Memory: 14188M
 Large Page Support: Disabled
 NUMA Support: Disabled
 Compressed Oops: Enabled (32-bit)
 Heap Region Size: 1M
 Heap Min Capacity: 8M
 Heap Initial Capacity: 222M
 Heap Max Capacity: 2G
 Pre-touch: Disabled
 Parallel Workers: 10
 Concurrent Workers: 3
 Concurrent Refinement Workers: 10
 Periodic GC: Disabled

Heap:
 garbage-first heap   total 122880K, used 92601K [0x0000000080000000, 0x0000000100000000)
  region size 1024K, 26 young (26624K), 3 survivors (3072K)
 Metaspace       used 55441K, committed 56064K, reserved 1097728K
  class space    used 7504K, committed 7808K, reserved 1048576K

Heap Regions: E=young(eden), S=young(survivor), O=old, HS=humongous(starts), HC=humongous(continues), CS=collection set, F=free, OA=open archive, CA=closed archive, TAMS=top-at-mark-start (previous, next)
|   0|0x0000000080000000, 0x0000000080100000, 0x0000000080100000|100%|HS|  |TAMS 0x0000000080100000, 0x0000000080000000| Complete 
|   1|0x0000000080100000, 0x0000000080200000, 0x0000000080200000|100%|HC|  |TAMS 0x0000000080200000, 0x0000000080100000| Complete 
|   2|0x0000000080200000, 0x0000000080300000, 0x0000000080300000|100%|HC|  |TAMS 0x0000000080300000, 0x0000000080200000| Complete 
|   3|0x0000000080300000, 0x0000000080400000, 0x0000000080400000|100%|HC|  |TAMS 0x0000000080400000, 0x0000000080300000| Complete 
|   4|0x0000000080400000, 0x0000000080500000, 0x0000000080500000|100%| O|  |TAMS 0x0000000080500000, 0x0000000080400000| Untracked 
|   5|0x0000000080500000, 0x0000000080600000, 0x0000000080600000|100%| O|  |TAMS 0x0000000080600000, 0x0000000080500000| Untracked 
|   6|0x0000000080600000, 0x0000000080700000, 0x0000000080700000|100%| O|  |TAMS 0x0000000080700000, 0x0000000080600000| Untracked 
|   7|0x0000000080700000, 0x0000000080800000, 0x0000000080800000|100%| O|  |TAMS 0x0000000080800000, 0x0000000080700000| Untracked 
|   8|0x0000000080800000, 0x0000000080900000, 0x0000000080900000|100%| O|  |TAMS 0x0000000080900000, 0x0000000080800000| Untracked 
|   9|0x0000000080900000, 0x0000000080a00000, 0x0000000080a00000|100%| O|  |TAMS 0x0000000080a00000, 0x0000000080900000| Untracked 
|  10|0x0000000080a00000, 0x0000000080b00000, 0x0000000080b00000|100%| O|  |TAMS 0x0000000080b00000, 0x0000000080a00000| Untracked 
|  11|0x0000000080b00000, 0x0000000080b66e00, 0x0000000080c00000| 40%| O|  |TAMS 0x0000000080b66e00, 0x0000000080b00000| Untracked 
|  12|0x0000000080c00000, 0x0000000080d00000, 0x0000000080d00000|100%| O|  |TAMS 0x0000000080d00000, 0x0000000080c00000| Untracked 
|  13|0x0000000080d00000, 0x0000000080e00000, 0x0000000080e00000|100%| O|  |TAMS 0x0000000080e00000, 0x0000000080d00000| Untracked 
|  14|0x0000000080e00000, 0x0000000080f00000, 0x0000000080f00000|100%| O|  |TAMS 0x0000000080f00000, 0x0000000080e00000| Untracked 
|  15|0x0000000080f00000, 0x0000000081000000, 0x0000000081000000|100%| O|  |TAMS 0x0000000081000000, 0x0000000080f00000| Untracked 
|  16|0x0000000081000000, 0x0000000081100000, 0x0000000081100000|100%| O|  |TAMS 0x0000000081100000, 0x0000000081000000| Untracked 
|  17|0x0000000081100000, 0x0000000081200000, 0x0000000081200000|100%| O|  |TAMS 0x0000000081200000, 0x0000000081100000| Untracked 
|  18|0x0000000081200000, 0x0000000081300000, 0x0000000081300000|100%| O|  |TAMS 0x0000000081300000, 0x0000000081200000| Untracked 
|  19|0x0000000081300000, 0x0000000081400000, 0x0000000081400000|100%|HS|  |TAMS 0x0000000081400000, 0x0000000081300000| Complete 
|  20|0x0000000081400000, 0x0000000081500000, 0x0000000081500000|100%|HC|  |TAMS 0x0000000081500000, 0x0000000081400000| Complete 
|  21|0x0000000081500000, 0x0000000081600000, 0x0000000081600000|100%|HS|  |TAMS 0x0000000081600000, 0x0000000081500000| Complete 
|  22|0x0000000081600000, 0x0000000081700000, 0x0000000081700000|100%|HC|  |TAMS 0x0000000081700000, 0x0000000081600000| Complete 
|  23|0x0000000081700000, 0x0000000081800000, 0x0000000081800000|100%|HC|  |TAMS 0x0000000081800000, 0x0000000081700000| Complete 
|  24|0x0000000081800000, 0x0000000081900000, 0x0000000081900000|100%| O|  |TAMS 0x0000000081900000, 0x0000000081800000| Untracked 
|  25|0x0000000081900000, 0x0000000081a00000, 0x0000000081a00000|100%| O|  |TAMS 0x0000000081a00000, 0x0000000081900000| Untracked 
|  26|0x0000000081a00000, 0x0000000081b00000, 0x0000000081b00000|100%| O|  |TAMS 0x0000000081b00000, 0x0000000081a00000| Untracked 
|  27|0x0000000081b00000, 0x0000000081c00000, 0x0000000081c00000|100%| O|  |TAMS 0x0000000081c00000, 0x0000000081b00000| Untracked 
|  28|0x0000000081c00000, 0x0000000081d00000, 0x0000000081d00000|100%|HS|  |TAMS 0x0000000081d00000, 0x0000000081c00000| Complete 
|  29|0x0000000081d00000, 0x0000000081e00000, 0x0000000081e00000|100%|HC|  |TAMS 0x0000000081e00000, 0x0000000081d00000| Complete 
|  30|0x0000000081e00000, 0x0000000081f00000, 0x0000000081f00000|100%|HC|  |TAMS 0x0000000081f00000, 0x0000000081e00000| Complete 
|  31|0x0000000081f00000, 0x0000000082000000, 0x0000000082000000|100%| O|  |TAMS 0x0000000082000000, 0x0000000081f00000| Untracked 
|  32|0x0000000082000000, 0x0000000082100000, 0x0000000082100000|100%|HS|  |TAMS 0x0000000082100000, 0x0000000082000000| Complete 
|  33|0x0000000082100000, 0x0000000082200000, 0x0000000082200000|100%|HC|  |TAMS 0x0000000082200000, 0x0000000082100000| Complete 
|  34|0x0000000082200000, 0x0000000082300000, 0x0000000082300000|100%|HC|  |TAMS 0x0000000082300000, 0x0000000082200000| Complete 
|  35|0x0000000082300000, 0x0000000082400000, 0x0000000082400000|100%|HC|  |TAMS 0x0000000082400000, 0x0000000082300000| Complete 
|  36|0x0000000082400000, 0x0000000082500000, 0x0000000082500000|100%|HC|  |TAMS 0x0000000082500000, 0x0000000082400000| Complete 
|  37|0x0000000082500000, 0x0000000082600000, 0x0000000082600000|100%|HC|  |TAMS 0x0000000082600000, 0x0000000082500000| Complete 
|  38|0x0000000082600000, 0x0000000082700000, 0x0000000082700000|100%|HC|  |TAMS 0x0000000082700000, 0x0000000082600000| Complete 
|  39|0x0000000082700000, 0x0000000082800000, 0x0000000082800000|100%|HC|  |TAMS 0x0000000082800000, 0x0000000082700000| Complete 
|  40|0x0000000082800000, 0x0000000082900000, 0x0000000082900000|100%|HC|  |TAMS 0x0000000082900000, 0x0000000082800000| Complete 
|  41|0x0000000082900000, 0x0000000082a00000, 0x0000000082a00000|100%|HC|  |TAMS 0x0000000082a00000, 0x0000000082900000| Complete 
|  42|0x0000000082a00000, 0x0000000082b00000, 0x0000000082b00000|100%|HC|  |TAMS 0x0000000082b00000, 0x0000000082a00000| Complete 
|  43|0x0000000082b00000, 0x0000000082c00000, 0x0000000082c00000|100%|HC|  |TAMS 0x0000000082c00000, 0x0000000082b00000| Complete 
|  44|0x0000000082c00000, 0x0000000082d00000, 0x0000000082d00000|100%| O|  |TAMS 0x0000000082d00000, 0x0000000082c00000| Untracked 
|  45|0x0000000082d00000, 0x0000000082e00000, 0x0000000082e00000|100%|HS|  |TAMS 0x0000000082e00000, 0x0000000082d00000| Complete 
|  46|0x0000000082e00000, 0x0000000082f00000, 0x0000000082f00000|100%|HC|  |TAMS 0x0000000082f00000, 0x0000000082e00000| Complete 
|  47|0x0000000082f00000, 0x0000000083000000, 0x0000000083000000|100%| O|  |TAMS 0x0000000083000000, 0x0000000082f00000| Untracked 
|  48|0x0000000083000000, 0x0000000083100000, 0x0000000083100000|100%| O|  |TAMS 0x0000000083100000, 0x0000000083000000| Untracked 
|  49|0x0000000083100000, 0x0000000083200000, 0x0000000083200000|100%| O|  |TAMS 0x0000000083200000, 0x0000000083100000| Untracked 
|  50|0x0000000083200000, 0x0000000083300000, 0x0000000083300000|100%| O|  |TAMS 0x0000000083300000, 0x0000000083200000| Untracked 
|  51|0x0000000083300000, 0x0000000083400000, 0x0000000083400000|100%| O|  |TAMS 0x0000000083400000, 0x0000000083300000| Untracked 
|  52|0x0000000083400000, 0x0000000083500000, 0x0000000083500000|100%| O|  |TAMS 0x0000000083500000, 0x0000000083400000| Untracked 
|  53|0x0000000083500000, 0x0000000083600000, 0x0000000083600000|100%|HS|  |TAMS 0x0000000083600000, 0x0000000083500000| Complete 
|  54|0x0000000083600000, 0x0000000083700000, 0x0000000083700000|100%|HC|  |TAMS 0x0000000083700000, 0x0000000083600000| Complete 
|  55|0x0000000083700000, 0x0000000083800000, 0x0000000083800000|100%|HC|  |TAMS 0x0000000083800000, 0x0000000083700000| Complete 
|  56|0x0000000083800000, 0x0000000083900000, 0x0000000083900000|100%| O|  |TAMS 0x0000000083900000, 0x0000000083800000| Untracked 
|  57|0x0000000083900000, 0x0000000083a00000, 0x0000000083a00000|100%| O|  |TAMS 0x0000000083a00000, 0x0000000083900000| Untracked 
|  58|0x0000000083a00000, 0x0000000083b00000, 0x0000000083b00000|100%| O|  |TAMS 0x0000000083b00000, 0x0000000083a00000| Untracked 
|  59|0x0000000083b00000, 0x0000000083c00000, 0x0000000083c00000|100%| O|  |TAMS 0x0000000083c00000, 0x0000000083b00000| Untracked 
|  60|0x0000000083c00000, 0x0000000083d00000, 0x0000000083d00000|100%| O|  |TAMS 0x0000000083d00000, 0x0000000083c00000| Untracked 
|  61|0x0000000083d00000, 0x0000000083e00000, 0x0000000083e00000|100%|HS|  |TAMS 0x0000000083e00000, 0x0000000083d00000| Complete 
|  62|0x0000000083e00000, 0x0000000083f00000, 0x0000000083f00000|100%|HC|  |TAMS 0x0000000083f00000, 0x0000000083e00000| Complete 
|  63|0x0000000083f00000, 0x0000000084000000, 0x0000000084000000|100%|HC|  |TAMS 0x0000000084000000, 0x0000000083f00000| Complete 
|  64|0x0000000084000000, 0x0000000084000000, 0x0000000084100000|  0%| F|  |TAMS 0x0000000084000000, 0x0000000084000000| Untracked 
|  65|0x0000000084100000, 0x0000000084200000, 0x0000000084200000|100%| O|  |TAMS 0x0000000084200000, 0x0000000084100000| Untracked 
|  66|0x0000000084200000, 0x0000000084300000, 0x0000000084300000|100%| O|  |TAMS 0x0000000084300000, 0x0000000084200000| Untracked 
|  67|0x0000000084300000, 0x0000000084307800, 0x0000000084400000|  2%| O|  |TAMS 0x0000000084307800, 0x0000000084300000| Untracked 
|  68|0x0000000084400000, 0x0000000084400000, 0x0000000084500000|  0%| F|  |TAMS 0x0000000084400000, 0x0000000084400000| Untracked 
|  69|0x0000000084500000, 0x0000000084500000, 0x0000000084600000|  0%| F|  |TAMS 0x0000000084500000, 0x0000000084500000| Untracked 
|  70|0x0000000084600000, 0x0000000084600000, 0x0000000084700000|  0%| F|  |TAMS 0x0000000084600000, 0x0000000084600000| Untracked 
|  71|0x0000000084700000, 0x0000000084700000, 0x0000000084800000|  0%| F|  |TAMS 0x0000000084700000, 0x0000000084700000| Untracked 
|  72|0x0000000084800000, 0x0000000084800000, 0x0000000084900000|  0%| F|  |TAMS 0x0000000084800000, 0x0000000084800000| Untracked 
|  73|0x0000000084900000, 0x0000000084900000, 0x0000000084a00000|  0%| F|  |TAMS 0x0000000084900000, 0x0000000084900000| Untracked 
|  74|0x0000000084a00000, 0x0000000084a00000, 0x0000000084b00000|  0%| F|  |TAMS 0x0000000084a00000, 0x0000000084a00000| Untracked 
|  75|0x0000000084b00000, 0x0000000084b00000, 0x0000000084c00000|  0%| F|  |TAMS 0x0000000084b00000, 0x0000000084b00000| Untracked 
|  76|0x0000000084c00000, 0x0000000084c00000, 0x0000000084d00000|  0%| F|  |TAMS 0x0000000084c00000, 0x0000000084c00000| Untracked 
|  77|0x0000000084d00000, 0x0000000084d00000, 0x0000000084e00000|  0%| F|  |TAMS 0x0000000084d00000, 0x0000000084d00000| Untracked 
|  78|0x0000000084e00000, 0x0000000084e00000, 0x0000000084f00000|  0%| F|  |TAMS 0x0000000084e00000, 0x0000000084e00000| Untracked 
|  79|0x0000000084f00000, 0x0000000084f00000, 0x0000000085000000|  0%| F|  |TAMS 0x0000000084f00000, 0x0000000084f00000| Untracked 
|  80|0x0000000085000000, 0x0000000085000000, 0x0000000085100000|  0%| F|  |TAMS 0x0000000085000000, 0x0000000085000000| Untracked 
|  81|0x0000000085100000, 0x0000000085100000, 0x0000000085200000|  0%| F|  |TAMS 0x0000000085100000, 0x0000000085100000| Untracked 
|  82|0x0000000085200000, 0x0000000085200000, 0x0000000085300000|  0%| F|  |TAMS 0x0000000085200000, 0x0000000085200000| Untracked 
|  83|0x0000000085300000, 0x0000000085300000, 0x0000000085400000|  0%| F|  |TAMS 0x0000000085300000, 0x0000000085300000| Untracked 
|  84|0x0000000085400000, 0x0000000085400000, 0x0000000085500000|  0%| F|  |TAMS 0x0000000085400000, 0x0000000085400000| Untracked 
|  85|0x0000000085500000, 0x0000000085500000, 0x0000000085600000|  0%| F|  |TAMS 0x0000000085500000, 0x0000000085500000| Untracked 
|  86|0x0000000085600000, 0x0000000085600000, 0x0000000085700000|  0%| F|  |TAMS 0x0000000085600000, 0x0000000085600000| Untracked 
|  87|0x0000000085700000, 0x0000000085700000, 0x0000000085800000|  0%| F|  |TAMS 0x0000000085700000, 0x0000000085700000| Untracked 
|  88|0x0000000085800000, 0x0000000085800000, 0x0000000085900000|  0%| F|  |TAMS 0x0000000085800000, 0x0000000085800000| Untracked 
|  89|0x0000000085900000, 0x0000000085a00000, 0x0000000085a00000|100%| S|CS|TAMS 0x0000000085900000, 0x0000000085900000| Complete 
|  90|0x0000000085a00000, 0x0000000085b00000, 0x0000000085b00000|100%| S|CS|TAMS 0x0000000085a00000, 0x0000000085a00000| Complete 
|  91|0x0000000085b00000, 0x0000000085c00000, 0x0000000085c00000|100%| S|CS|TAMS 0x0000000085b00000, 0x0000000085b00000| Complete 
|  92|0x0000000085c00000, 0x0000000085c00000, 0x0000000085d00000|  0%| F|  |TAMS 0x0000000085c00000, 0x0000000085c00000| Untracked 
|  93|0x0000000085d00000, 0x0000000085d00000, 0x0000000085e00000|  0%| F|  |TAMS 0x0000000085d00000, 0x0000000085d00000| Untracked 
|  94|0x0000000085e00000, 0x0000000085e00000, 0x0000000085f00000|  0%| F|  |TAMS 0x0000000085e00000, 0x0000000085e00000| Untracked 
|  95|0x0000000085f00000, 0x0000000085f00000, 0x0000000086000000|  0%| F|  |TAMS 0x0000000085f00000, 0x0000000085f00000| Untracked 
|  96|0x0000000086000000, 0x0000000086000000, 0x0000000086100000|  0%| F|  |TAMS 0x0000000086000000, 0x0000000086000000| Untracked 
|  97|0x0000000086100000, 0x00000000861e43a8, 0x0000000086200000| 89%| E|  |TAMS 0x0000000086100000, 0x0000000086100000| Complete 
|  98|0x0000000086200000, 0x0000000086300000, 0x0000000086300000|100%| E|CS|TAMS 0x0000000086200000, 0x0000000086200000| Complete 
|  99|0x0000000086300000, 0x0000000086400000, 0x0000000086400000|100%| E|CS|TAMS 0x0000000086300000, 0x0000000086300000| Complete 
| 100|0x0000000086400000, 0x0000000086500000, 0x0000000086500000|100%| E|CS|TAMS 0x0000000086400000, 0x0000000086400000| Complete 
| 101|0x0000000086500000, 0x0000000086600000, 0x0000000086600000|100%| E|CS|TAMS 0x0000000086500000, 0x0000000086500000| Complete 
| 102|0x0000000086600000, 0x0000000086700000, 0x0000000086700000|100%| E|CS|TAMS 0x0000000086600000, 0x0000000086600000| Complete 
| 103|0x0000000086700000, 0x0000000086800000, 0x0000000086800000|100%| E|CS|TAMS 0x0000000086700000, 0x0000000086700000| Complete 
| 104|0x0000000086800000, 0x0000000086900000, 0x0000000086900000|100%| E|CS|TAMS 0x0000000086800000, 0x0000000086800000| Complete 
| 105|0x0000000086900000, 0x0000000086a00000, 0x0000000086a00000|100%| E|CS|TAMS 0x0000000086900000, 0x0000000086900000| Complete 
| 106|0x0000000086a00000, 0x0000000086b00000, 0x0000000086b00000|100%| E|CS|TAMS 0x0000000086a00000, 0x0000000086a00000| Complete 
| 107|0x0000000086b00000, 0x0000000086c00000, 0x0000000086c00000|100%| E|CS|TAMS 0x0000000086b00000, 0x0000000086b00000| Complete 
| 108|0x0000000086c00000, 0x0000000086d00000, 0x0000000086d00000|100%| E|CS|TAMS 0x0000000086c00000, 0x0000000086c00000| Complete 
| 109|0x0000000086d00000, 0x0000000086e00000, 0x0000000086e00000|100%| E|CS|TAMS 0x0000000086d00000, 0x0000000086d00000| Complete 
| 170|0x000000008aa00000, 0x000000008ab00000, 0x000000008ab00000|100%| E|CS|TAMS 0x000000008aa00000, 0x000000008aa00000| Complete 
| 171|0x000000008ab00000, 0x000000008ac00000, 0x000000008ac00000|100%| E|CS|TAMS 0x000000008ab00000, 0x000000008ab00000| Complete 
| 172|0x000000008ac00000, 0x000000008ad00000, 0x000000008ad00000|100%| E|CS|TAMS 0x000000008ac00000, 0x000000008ac00000| Complete 
| 173|0x000000008ad00000, 0x000000008ae00000, 0x000000008ae00000|100%| E|CS|TAMS 0x000000008ad00000, 0x000000008ad00000| Complete 
| 174|0x000000008ae00000, 0x000000008af00000, 0x000000008af00000|100%| E|CS|TAMS 0x000000008ae00000, 0x000000008ae00000| Complete 
| 175|0x000000008af00000, 0x000000008b000000, 0x000000008b000000|100%| E|CS|TAMS 0x000000008af00000, 0x000000008af00000| Complete 
| 176|0x000000008b000000, 0x000000008b100000, 0x000000008b100000|100%| E|CS|TAMS 0x000000008b000000, 0x000000008b000000| Complete 
| 177|0x000000008b100000, 0x000000008b200000, 0x000000008b200000|100%| E|CS|TAMS 0x000000008b100000, 0x000000008b100000| Complete 
| 178|0x000000008b200000, 0x000000008b300000, 0x000000008b300000|100%| E|CS|TAMS 0x000000008b200000, 0x000000008b200000| Complete 
| 221|0x000000008dd00000, 0x000000008de00000, 0x000000008de00000|100%| E|CS|TAMS 0x000000008dd00000, 0x000000008dd00000| Complete 

Card table byte_map: [0x000001e1a9750000,0x000001e1a9b50000] _byte_map_base: 0x000001e1a9350000

Marking Bits (Prev, Next): (CMBitMap*) 0x000001e194a7ca60, (CMBitMap*) 0x000001e194a7ca20
 Prev Bits: [0x000001e1abf50000, 0x000001e1adf50000)
 Next Bits: [0x000001e1a9f50000, 0x000001e1abf50000)

Polling page: 0x000001e194ae0000

Metaspace:

Usage:
  Non-class:     46.88 MB used.
      Class:      7.34 MB used.
       Both:     54.22 MB used.

Virtual space:
  Non-class space:       48.00 MB reserved,      47.19 MB ( 98%) committed,  6 nodes.
      Class space:        1.00 GB reserved,       7.62 MB ( <1%) committed,  1 nodes.
             Both:        1.05 GB reserved,      54.81 MB (  5%) committed. 

Chunk freelists:
   Non-Class:  64.00 KB
       Class:  304.00 KB
        Both:  368.00 KB

MaxMetaspaceSize: unlimited
CompressedClassSpaceSize: 1.00 GB
Initial GC threshold: 21.00 MB
Current GC threshold: 86.69 MB
CDS: off
MetaspaceReclaimPolicy: balanced
 - commit_granule_bytes: 65536.
 - commit_granule_words: 8192.
 - virtual_space_node_default_size: 1048576.
 - enlarge_chunks_in_place: 1.
 - new_chunks_are_fully_committed: 0.
 - uncommit_free_chunks: 1.
 - use_allocation_guard: 0.
 - handle_deallocations: 1.


Internal statistics:

num_allocs_failed_limit: 3.
num_arena_births: 674.
num_arena_deaths: 0.
num_vsnodes_births: 7.
num_vsnodes_deaths: 0.
num_space_committed: 877.
num_space_uncommitted: 0.
num_chunks_returned_to_freelist: 3.
num_chunks_taken_from_freelist: 2548.
num_chunk_merges: 3.
num_chunk_splits: 1659.
num_chunks_enlarged: 1091.
num_purges: 0.
num_inconsistent_stats: 0.

CodeHeap 'non-profiled nmethods': size=120000Kb used=2421Kb max_used=3265Kb free=117578Kb
 bounds [0x000001e1a1180000, 0x000001e1a14c0000, 0x000001e1a86b0000]
CodeHeap 'profiled nmethods': size=120000Kb used=8251Kb max_used=10267Kb free=111748Kb
 bounds [0x000001e1996b0000, 0x000001e19a0c0000, 0x000001e1a0be0000]
CodeHeap 'non-nmethods': size=5760Kb used=2323Kb max_used=2377Kb free=3436Kb
 bounds [0x000001e1a0be0000, 0x000001e1a0e50000, 0x000001e1a1180000]
 total_blobs=5051 nmethods=4207 adapters=756
 compilation: enabled
              stopped_count=0, restarted_count=0
 full_count=0

Compilation events (20 events):
Event: 5.481 Thread 0x000001e1b188a8f0 4893       4       org.gradle.internal.service.DefaultServiceRegistry$ParentServices::getService (11 bytes)
Event: 5.483 Thread 0x000001e1b188a8f0 nmethod 4893 0x000001e1a14afa90 code [0x000001e1a14afc20, 0x000001e1a14afd78]
Event: 5.491 Thread 0x000001e1b188b2a0 4900       3       java.net.URL::openConnection (9 bytes)
Event: 5.492 Thread 0x000001e1b188b2a0 nmethod 4900 0x000001e19a0b0a10 code [0x000001e19a0b0bc0, 0x000001e19a0b0d88]
Event: 5.492 Thread 0x000001e1b188b2a0 4901       3       java.security.ProtectionDomain$Key::<init> (5 bytes)
Event: 5.492 Thread 0x000001e1b188b2a0 nmethod 4901 0x000001e19a0b0e90 code [0x000001e19a0b1020, 0x000001e19a0b1178]
Event: 5.499 Thread 0x000001e1b188a8f0 4902       4       java.lang.String::indexOf (18 bytes)
Event: 5.501 Thread 0x000001e1b188a8f0 nmethod 4902 0x000001e1a14aff10 code [0x000001e1a14b00a0, 0x000001e1a14b0458]
Event: 5.513 Thread 0x000001e1b188b2a0 4903       3       java.lang.String::getBytes (25 bytes)
Event: 5.513 Thread 0x000001e1b188b2a0 nmethod 4903 0x000001e19a0b1210 code [0x000001e19a0b13e0, 0x000001e19a0b16b8]
Event: 5.515 Thread 0x000001e1b188b2a0 4904 %     3       java.net.URI$Parser::scan @ 3 (76 bytes)
Event: 5.516 Thread 0x000001e1b188b2a0 nmethod 4904% 0x000001e19a0b1810 code [0x000001e19a0b1a40, 0x000001e19a0b23f8]
Event: 5.516 Thread 0x000001e1b188b2a0 4905       3       org.gradle.internal.hash.Hashing$MessageDigestHasher::putString (17 bytes)
Event: 5.516 Thread 0x000001e1b188b2a0 nmethod 4905 0x000001e19a0b2810 code [0x000001e19a0b2a20, 0x000001e19a0b31f8]
Event: 5.516 Thread 0x000001e1b188b2a0 4906       3       com.google.common.collect.Lists::newArrayList (8 bytes)
Event: 5.516 Thread 0x000001e1b188b2a0 nmethod 4906 0x000001e19a0b3510 code [0x000001e19a0b36c0, 0x000001e19a0b39d8]
Event: 5.521 Thread 0x000001e1b188b2a0 4907       3       java.util.regex.Pattern::compile (10 bytes)
Event: 5.521 Thread 0x000001e1b188b2a0 nmethod 4907 0x000001e19a0b3b10 code [0x000001e19a0b3cc0, 0x000001e19a0b3e48]
Event: 5.521 Thread 0x000001e1b188b2a0 4908       3       java.util.regex.Pattern::range (294 bytes)
Event: 5.523 Thread 0x000001e1b188b2a0 nmethod 4908 0x000001e19a0b3f10 code [0x000001e19a0b4340, 0x000001e19a0b5b98]

GC Heap History (20 events):
Event: 3.334 GC heap before
{Heap before GC invocations=9 (full 0):
 garbage-first heap   total 83968K, used 64608K [0x0000000080000000, 0x0000000100000000)
  region size 1024K, 17 young (17408K), 2 survivors (2048K)
 Metaspace       used 32681K, committed 33088K, reserved 1081344K
  class space    used 4523K, committed 4672K, reserved 1048576K
}
Event: 3.336 GC heap after
{Heap after GC invocations=10 (full 0):
 garbage-first heap   total 83968K, used 49725K [0x0000000080000000, 0x0000000100000000)
  region size 1024K, 1 young (1024K), 1 survivors (1024K)
 Metaspace       used 32681K, committed 33088K, reserved 1081344K
  class space    used 4523K, committed 4672K, reserved 1048576K
}
Event: 3.519 GC heap before
{Heap before GC invocations=11 (full 0):
 garbage-first heap   total 87040K, used 65085K [0x0000000080000000, 0x0000000100000000)
  region size 1024K, 16 young (16384K), 1 survivors (1024K)
 Metaspace       used 35193K, committed 35584K, reserved 1081344K
  class space    used 4894K, committed 5056K, reserved 1048576K
}
Event: 3.520 GC heap after
{Heap after GC invocations=12 (full 0):
 garbage-first heap   total 87040K, used 50330K [0x0000000080000000, 0x0000000100000000)
  region size 1024K, 2 young (2048K), 2 survivors (2048K)
 Metaspace       used 35193K, committed 35584K, reserved 1081344K
  class space    used 4894K, committed 5056K, reserved 1048576K
}
Event: 3.854 GC heap before
{Heap before GC invocations=12 (full 0):
 garbage-first heap   total 87040K, used 67738K [0x0000000080000000, 0x0000000100000000)
  region size 1024K, 20 young (20480K), 2 survivors (2048K)
 Metaspace       used 40622K, committed 41024K, reserved 1089536K
  class space    used 5499K, committed 5696K, reserved 1048576K
}
Event: 3.857 GC heap after
{Heap after GC invocations=13 (full 0):
 garbage-first heap   total 87040K, used 52845K [0x0000000080000000, 0x0000000100000000)
  region size 1024K, 3 young (3072K), 3 survivors (3072K)
 Metaspace       used 40622K, committed 41024K, reserved 1089536K
  class space    used 5499K, committed 5696K, reserved 1048576K
}
Event: 3.994 GC heap before
{Heap before GC invocations=14 (full 0):
 garbage-first heap   total 94208K, used 68205K [0x0000000080000000, 0x0000000100000000)
  region size 1024K, 19 young (19456K), 3 survivors (3072K)
 Metaspace       used 41678K, committed 42048K, reserved 1089536K
  class space    used 5583K, committed 5760K, reserved 1048576K
}
Event: 3.998 GC heap after
{Heap after GC invocations=15 (full 0):
 garbage-first heap   total 113664K, used 55384K [0x0000000080000000, 0x0000000100000000)
  region size 1024K, 3 young (3072K), 3 survivors (3072K)
 Metaspace       used 41678K, committed 42048K, reserved 1089536K
  class space    used 5583K, committed 5760K, reserved 1048576K
}
Event: 4.084 GC heap before
{Heap before GC invocations=15 (full 0):
 garbage-first heap   total 113664K, used 65624K [0x0000000080000000, 0x0000000100000000)
  region size 1024K, 15 young (15360K), 3 survivors (3072K)
 Metaspace       used 42150K, committed 42560K, reserved 1089536K
  class space    used 5628K, committed 5824K, reserved 1048576K
}
Event: 4.086 GC heap after
{Heap after GC invocations=16 (full 0):
 garbage-first heap   total 113664K, used 55937K [0x0000000080000000, 0x0000000100000000)
  region size 1024K, 3 young (3072K), 3 survivors (3072K)
 Metaspace       used 42150K, committed 42560K, reserved 1089536K
  class space    used 5628K, committed 5824K, reserved 1048576K
}
Event: 4.560 GC heap before
{Heap before GC invocations=17 (full 0):
 garbage-first heap   total 113664K, used 89729K [0x0000000080000000, 0x0000000100000000)
  region size 1024K, 34 young (34816K), 3 survivors (3072K)
 Metaspace       used 46621K, committed 47040K, reserved 1089536K
  class space    used 6197K, committed 6400K, reserved 1048576K
}
Event: 4.564 GC heap after
{Heap after GC invocations=18 (full 0):
 garbage-first heap   total 113664K, used 58141K [0x0000000080000000, 0x0000000100000000)
  region size 1024K, 5 young (5120K), 5 survivors (5120K)
 Metaspace       used 46621K, committed 47040K, reserved 1089536K
  class space    used 6197K, committed 6400K, reserved 1048576K
}
Event: 4.585 GC heap before
{Heap before GC invocations=19 (full 0):
 garbage-first heap   total 113664K, used 61213K [0x0000000080000000, 0x0000000100000000)
  region size 1024K, 6 young (6144K), 5 survivors (5120K)
 Metaspace       used 46621K, committed 47040K, reserved 1089536K
  class space    used 6197K, committed 6400K, reserved 1048576K
}
Event: 4.588 GC heap after
{Heap after GC invocations=20 (full 0):
 garbage-first heap   total 113664K, used 61557K [0x0000000080000000, 0x0000000100000000)
  region size 1024K, 1 young (1024K), 1 survivors (1024K)
 Metaspace       used 46621K, committed 47040K, reserved 1089536K
  class space    used 6197K, committed 6400K, reserved 1048576K
}
Event: 4.777 GC heap before
{Heap before GC invocations=21 (full 0):
 garbage-first heap   total 113664K, used 81013K [0x0000000080000000, 0x0000000100000000)
  region size 1024K, 19 young (19456K), 1 survivors (1024K)
 Metaspace       used 47950K, committed 48448K, reserved 1097728K
  class space    used 6363K, committed 6592K, reserved 1048576K
}
Event: 4.779 GC heap after
{Heap after GC invocations=22 (full 0):
 garbage-first heap   total 113664K, used 67563K [0x0000000080000000, 0x0000000100000000)
  region size 1024K, 4 young (4096K), 4 survivors (4096K)
 Metaspace       used 47950K, committed 48448K, reserved 1097728K
  class space    used 6363K, committed 6592K, reserved 1048576K
}
Event: 5.009 GC heap before
{Heap before GC invocations=23 (full 0):
 garbage-first heap   total 119808K, used 88043K [0x0000000080000000, 0x0000000100000000)
  region size 1024K, 23 young (23552K), 4 survivors (4096K)
 Metaspace       used 49740K, committed 50240K, reserved 1097728K
  class space    used 6529K, committed 6720K, reserved 1048576K
}
Event: 5.011 GC heap after
{Heap after GC invocations=24 (full 0):
 garbage-first heap   total 119808K, used 67964K [0x0000000080000000, 0x0000000100000000)
  region size 1024K, 1 young (1024K), 1 survivors (1024K)
 Metaspace       used 49740K, committed 50240K, reserved 1097728K
  class space    used 6529K, committed 6720K, reserved 1048576K
}
Event: 5.290 GC heap before
{Heap before GC invocations=24 (full 0):
 garbage-first heap   total 119808K, used 91516K [0x0000000080000000, 0x0000000100000000)
  region size 1024K, 25 young (25600K), 1 survivors (1024K)
 Metaspace       used 52472K, committed 53056K, reserved 1097728K
  class space    used 7027K, committed 7296K, reserved 1048576K
}
Event: 5.293 GC heap after
{Heap after GC invocations=25 (full 0):
 garbage-first heap   total 119808K, used 70073K [0x0000000080000000, 0x0000000100000000)
  region size 1024K, 3 young (3072K), 3 survivors (3072K)
 Metaspace       used 52472K, committed 53056K, reserved 1097728K
  class space    used 7027K, committed 7296K, reserved 1048576K
}

Dll operation events (2 events):
Event: 0.010 Loaded shared library D:\Program Files\Android\Android Studio\jbr\bin\java.dll
Event: 0.393 Loaded shared library D:\Program Files\Android\Android Studio\jbr\bin\verify.dll

Deoptimization events (20 events):
Event: 5.357 Thread 0x000001e1b2032c90 Uncommon trap: trap_request=0xffffff45 fr.pc=0x000001e1a1352d30 relative=0x00000000000002f0
Event: 5.357 Thread 0x000001e1b2032c90 Uncommon trap: reason=unstable_if action=reinterpret pc=0x000001e1a1352d30 method=org.gradle.internal.reflect.PropertyAccessorType.isGetGetterName(Ljava/lang/String;)Z @ 14 c2
Event: 5.357 Thread 0x000001e1b2032c90 DEOPT PACKING pc=0x000001e1a1352d30 sp=0x0000006220cf84e0
Event: 5.357 Thread 0x000001e1b2032c90 DEOPT UNPACKING pc=0x000001e1a0c369a3 sp=0x0000006220cf8438 mode 2
Event: 5.390 Thread 0x000001e1b2032c90 Uncommon trap: trap_request=0xffffff45 fr.pc=0x000001e1a13c014c relative=0x00000000000016ec
Event: 5.390 Thread 0x000001e1b2032c90 Uncommon trap: reason=unstable_if action=reinterpret pc=0x000001e1a13c014c method=java.util.concurrent.ConcurrentHashMap.computeIfAbsent(Ljava/lang/Object;Ljava/util/function/Function;)Ljava/lang/Object; @ 123 c2
Event: 5.390 Thread 0x000001e1b2032c90 DEOPT PACKING pc=0x000001e1a13c014c sp=0x0000006220cf93d0
Event: 5.390 Thread 0x000001e1b2032c90 DEOPT UNPACKING pc=0x000001e1a0c369a3 sp=0x0000006220cf9350 mode 2
Event: 5.477 Thread 0x000001e1b2032c90 Uncommon trap: trap_request=0xffffff45 fr.pc=0x000001e1a11dee9c relative=0x00000000000001fc
Event: 5.477 Thread 0x000001e1b2032c90 Uncommon trap: reason=unstable_if action=reinterpret pc=0x000001e1a11dee9c method=java.net.URI$Parser.scan(IILjava/lang/String;)I @ 26 c2
Event: 5.477 Thread 0x000001e1b2032c90 DEOPT PACKING pc=0x000001e1a11dee9c sp=0x0000006220cf7880
Event: 5.477 Thread 0x000001e1b2032c90 DEOPT UNPACKING pc=0x000001e1a0c369a3 sp=0x0000006220cf7800 mode 2
Event: 5.477 Thread 0x000001e1b2032c90 Uncommon trap: trap_request=0xffffff45 fr.pc=0x000001e1a14654d8 relative=0x0000000000000118
Event: 5.477 Thread 0x000001e1b2032c90 Uncommon trap: reason=unstable_if action=reinterpret pc=0x000001e1a14654d8 method=java.net.URI.match(CJJ)Z @ 45 c2
Event: 5.477 Thread 0x000001e1b2032c90 DEOPT PACKING pc=0x000001e1a14654d8 sp=0x0000006220cf75e0
Event: 5.477 Thread 0x000001e1b2032c90 DEOPT UNPACKING pc=0x000001e1a0c369a3 sp=0x0000006220cf7518 mode 2
Event: 5.479 Thread 0x000001e1b2032c90 Uncommon trap: trap_request=0xffffff45 fr.pc=0x000001e1a13cc5a8 relative=0x00000000000000a8
Event: 5.479 Thread 0x000001e1b2032c90 Uncommon trap: reason=unstable_if action=reinterpret pc=0x000001e1a13cc5a8 method=java.net.URI.match(CJJ)Z @ 45 c2
Event: 5.479 Thread 0x000001e1b2032c90 DEOPT PACKING pc=0x000001e1a13cc5a8 sp=0x0000006220cf7570
Event: 5.479 Thread 0x000001e1b2032c90 DEOPT UNPACKING pc=0x000001e1a0c369a3 sp=0x0000006220cf7520 mode 2

Classes unloaded (0 events):
No events

Classes redefined (0 events):
No events

Internal exceptions (20 events):
Event: 4.935 Thread 0x000001e1b2032c90 Exception <a 'java/lang/NoSuchMethodError'{0x000000008adbc2b8}: 'java.lang.Object java.lang.invoke.DirectMethodHandle$Holder.invokeStatic(java.lang.Object, java.lang.Object, java.lang.Object, java.lang.Object, java.lang.Object, java.lang.Object, java.lang.Object, java.lang.Object, java.lang.Object, java.lang.Object, java.lang.Object, java.lang.Object, java.lang.Object, java.lang.Object, java.lang.Object, java.lang.Object, java.lang.Object, java.lang.Object, java.lang.Object, java.lang.Object)'> (0x00000000
Event: 4.937 Thread 0x000001e1b2032c90 Exception <a 'java/lang/NoSuchMethodError'{0x000000008ade6ee0}: 'java.lang.Object java.lang.invoke.DirectMethodHandle$Holder.invokeStatic(java.lang.Object, java.lang.Object, java.lang.Object, java.lang.Object, java.lang.Object, java.lang.Object, java.lang.Object, java.lang.Object, java.lang.Object, java.lang.Object, java.lang.Object, java.lang.Object, java.lang.Object, java.lang.Object, java.lang.Object, java.lang.Object, java.lang.Object, java.lang.Object, java.lang.Object, java.lang.Object, java.lang.Obj
Event: 4.938 Thread 0x000001e1b2032c90 Exception <a 'java/lang/NoSuchMethodError'{0x000000008ac126a0}: 'java.lang.Object java.lang.invoke.DirectMethodHandle$Holder.invokeStatic(java.lang.Object, java.lang.Object, java.lang.Object, java.lang.Object, java.lang.Object, java.lang.Object, java.lang.Object, java.lang.Object, java.lang.Object, java.lang.Object, java.lang.Object, java.lang.Object, java.lang.Object, java.lang.Object, java.lang.Object, java.lang.Object, java.lang.Object, java.lang.Object, java.lang.Object, java.lang.Object, java.lang.Obj
Event: 4.939 Thread 0x000001e1b2032c90 Exception <a 'java/lang/NoSuchMethodError'{0x000000008ac3f440}: 'java.lang.Object java.lang.invoke.DirectMethodHandle$Holder.invokeStatic(java.lang.Object, java.lang.Object, java.lang.Object, java.lang.Object, java.lang.Object, java.lang.Object, java.lang.Object, java.lang.Object, java.lang.Object, java.lang.Object, java.lang.Object, java.lang.Object, java.lang.Object, java.lang.Object, java.lang.Object, java.lang.Object, java.lang.Object, java.lang.Object, java.lang.Object, java.lang.Object, java.lang.Obj
Event: 4.940 Thread 0x000001e1b2032c90 Exception <a 'java/lang/NoSuchMethodError'{0x000000008ac6dce8}: 'java.lang.Object java.lang.invoke.DirectMethodHandle$Holder.invokeStatic(java.lang.Object, java.lang.Object, java.lang.Object, java.lang.Object, java.lang.Object, java.lang.Object, java.lang.Object, java.lang.Object, java.lang.Object, java.lang.Object, java.lang.Object, java.lang.Object, java.lang.Object, java.lang.Object, java.lang.Object, java.lang.Object, java.lang.Object, java.lang.Object, java.lang.Object, java.lang.Object, java.lang.Obj
Event: 5.006 Thread 0x000001e1b2032c90 Exception <a 'java/lang/IncompatibleClassChangeError'{0x00000000862d6170}: Found class java.lang.Object, but interface was expected> (0x00000000862d6170) 
thrown [s\src\hotspot\share\interpreter\linkResolver.cpp, line 838]
Event: 5.047 Thread 0x000001e1b2032c90 Exception <a 'java/lang/IncompatibleClassChangeError'{0x000000008b12f200}: Found class java.lang.Object, but interface was expected> (0x000000008b12f200) 
thrown [s\src\hotspot\share\interpreter\linkResolver.cpp, line 838]
Event: 5.059 Thread 0x000001e1b2032c90 Exception <a 'java/lang/NoSuchMethodError'{0x000000008b0afa30}: 'int java.lang.invoke.DirectMethodHandle$Holder.invokeStaticInit(java.lang.Object, java.lang.Object, java.lang.Object, java.lang.Object, java.lang.Object)'> (0x000000008b0afa30) 
thrown [s\src\hotspot\share\interpreter\linkResolver.cpp, line 771]
Event: 5.130 Thread 0x000001e1b2032c90 Exception <a 'java/lang/NoSuchMethodError'{0x0000000086a04e80}: 'void java.lang.invoke.DirectMethodHandle$Holder.invokeInterface(java.lang.Object, java.lang.Object)'> (0x0000000086a04e80) 
thrown [s\src\hotspot\share\interpreter\linkResolver.cpp, line 771]
Event: 5.131 Thread 0x000001e1b2032c90 Exception <a 'java/lang/IncompatibleClassChangeError'{0x0000000086a10418}: Found class java.lang.Object, but interface was expected> (0x0000000086a10418) 
thrown [s\src\hotspot\share\interpreter\linkResolver.cpp, line 838]
Event: 5.188 Thread 0x000001e1b2032c90 Exception <a 'java/lang/ClassNotFoundException'{0x00000000867776b0}: org/jetbrains/plugins/gradle/model/web/WebConfigurationBeanInfo> (0x00000000867776b0) 
thrown [s\src\hotspot\share\classfile\systemDictionary.cpp, line 256]
Event: 5.189 Thread 0x000001e1b2032c90 Exception <a 'java/lang/ClassNotFoundException'{0x000000008677fcc0}: org/jetbrains/plugins/gradle/model/web/WebConfigurationCustomizer> (0x000000008677fcc0) 
thrown [s\src\hotspot\share\classfile\systemDictionary.cpp, line 256]
Event: 5.191 Thread 0x000001e1b2032c90 Exception <a 'java/lang/ClassNotFoundException'{0x000000008679e4c8}: org/jetbrains/plugins/gradle/model/scala/ScalaModelBeanInfo> (0x000000008679e4c8) 
thrown [s\src\hotspot\share\classfile\systemDictionary.cpp, line 256]
Event: 5.191 Thread 0x000001e1b2032c90 Exception <a 'java/lang/ClassNotFoundException'{0x00000000867a67d0}: org/jetbrains/plugins/gradle/model/scala/ScalaModelCustomizer> (0x00000000867a67d0) 
thrown [s\src\hotspot\share\classfile\systemDictionary.cpp, line 256]
Event: 5.193 Thread 0x000001e1b2032c90 Exception <a 'java/lang/ClassNotFoundException'{0x00000000867d78b0}: org/jetbrains/plugins/gradle/model/DependencyAccessorsModelBeanInfo> (0x00000000867d78b0) 
thrown [s\src\hotspot\share\classfile\systemDictionary.cpp, line 256]
Event: 5.194 Thread 0x000001e1b2032c90 Exception <a 'java/lang/ClassNotFoundException'{0x00000000867dfc60}: org/jetbrains/plugins/gradle/model/DependencyAccessorsModelCustomizer> (0x00000000867dfc60) 
thrown [s\src\hotspot\share\classfile\systemDictionary.cpp, line 256]
Event: 5.267 Thread 0x000001e1b2032c90 Exception <a 'java/lang/ClassNotFoundException'{0x0000000085e48c10}: org/gradle/api/internal/project/DefaultProject_DecoratedBeanInfo> (0x0000000085e48c10) 
thrown [s\src\hotspot\share\classfile\systemDictionary.cpp, line 256]
Event: 5.267 Thread 0x000001e1b2032c90 Exception <a 'java/lang/ClassNotFoundException'{0x0000000085e55768}: org/gradle/api/internal/project/DefaultProjectBeanInfo> (0x0000000085e55768) 
thrown [s\src\hotspot\share\classfile\systemDictionary.cpp, line 256]
Event: 5.267 Thread 0x000001e1b2032c90 Exception <a 'java/lang/ClassNotFoundException'{0x0000000085e622c8}: org/gradle/api/internal/project/DefaultProjectCustomizer> (0x0000000085e622c8) 
thrown [s\src\hotspot\share\classfile\systemDictionary.cpp, line 256]
Event: 5.270 Thread 0x000001e1b2032c90 Exception <a 'java/lang/ClassNotFoundException'{0x0000000085d0bdc0}: org/gradle/api/internal/project/DefaultProject_DecoratedCustomizer> (0x0000000085d0bdc0) 
thrown [s\src\hotspot\share\classfile\systemDictionary.cpp, line 256]

VM Operations (20 events):
Event: 4.793 Executing VM operation: G1Concurrent
Event: 4.806 Executing VM operation: G1Concurrent done
Event: 4.811 Executing VM operation: G1Concurrent
Event: 4.811 Executing VM operation: G1Concurrent done
Event: 5.008 Executing VM operation: HandshakeAllThreads
Event: 5.008 Executing VM operation: HandshakeAllThreads done
Event: 5.009 Executing VM operation: G1CollectForAllocation
Event: 5.011 Executing VM operation: G1CollectForAllocation done
Event: 5.236 Executing VM operation: HandshakeAllThreads
Event: 5.236 Executing VM operation: HandshakeAllThreads done
Event: 5.290 Executing VM operation: G1CollectForAllocation
Event: 5.293 Executing VM operation: G1CollectForAllocation done
Event: 5.306 Executing VM operation: G1Concurrent
Event: 5.308 Executing VM operation: G1Concurrent done
Event: 5.313 Executing VM operation: G1Concurrent
Event: 5.313 Executing VM operation: G1Concurrent done
Event: 5.327 Executing VM operation: HandshakeAllThreads
Event: 5.327 Executing VM operation: HandshakeAllThreads done
Event: 5.420 Executing VM operation: HandshakeAllThreads
Event: 5.420 Executing VM operation: HandshakeAllThreads done

Events (20 events):
Event: 5.408 loading class java/util/Collections$SingletonMap done
Event: 5.410 Thread 0x000001e1b735f7b0 Thread added: 0x000001e1b735f7b0
Event: 5.489 loading class javax/net/ssl/HostnameVerifier
Event: 5.489 loading class javax/net/ssl/HostnameVerifier done
Event: 5.490 loading class javax/net/ssl/TrustManager
Event: 5.490 loading class javax/net/ssl/TrustManager done
Event: 5.490 loading class javax/net/ssl/X509TrustManager
Event: 5.490 loading class javax/net/ssl/X509TrustManager done
Event: 5.491 loading class javax/net/ssl/SSLException
Event: 5.491 loading class javax/net/ssl/SSLException done
Event: 5.491 loading class javax/net/ssl/SSLPeerUnverifiedException
Event: 5.491 loading class javax/net/ssl/SSLPeerUnverifiedException done
Event: 5.491 loading class javax/naming/NamingException
Event: 5.491 loading class javax/naming/NamingException done
Event: 5.491 loading class javax/naming/InvalidNameException
Event: 5.491 loading class javax/naming/InvalidNameException done
Event: 5.491 loading class java/security/cert/CertificateParsingException
Event: 5.491 loading class java/security/cert/CertificateException
Event: 5.491 loading class java/security/cert/CertificateException done
Event: 5.491 loading class java/security/cert/CertificateParsingException done


Dynamic libraries:
0x00007ff63aa60000 - 0x00007ff63aa6a000 	D:\Program Files\Android\Android Studio\jbr\bin\java.exe
0x00007ffe00090000 - 0x00007ffe002a7000 	C:\WINDOWS\SYSTEM32\ntdll.dll
0x00007ffdfe7b0000 - 0x00007ffdfe874000 	C:\WINDOWS\System32\KERNEL32.DLL
0x00007ffdfd730000 - 0x00007ffdfdad6000 	C:\WINDOWS\System32\KERNELBASE.dll
0x00007ffdfd400000 - 0x00007ffdfd511000 	C:\WINDOWS\System32\ucrtbase.dll
0x00007ffdf0c60000 - 0x00007ffdf0c7b000 	D:\Program Files\Android\Android Studio\jbr\bin\VCRUNTIME140.dll
0x00007ffdf0c80000 - 0x00007ffdf0c97000 	D:\Program Files\Android\Android Studio\jbr\bin\jli.dll
0x00007ffdfe940000 - 0x00007ffdfeaee000 	C:\WINDOWS\System32\USER32.dll
0x00007ffdfd700000 - 0x00007ffdfd726000 	C:\WINDOWS\System32\win32u.dll
0x00007ffdfe1d0000 - 0x00007ffdfe1f9000 	C:\WINDOWS\System32\GDI32.dll
0x00007ffdfd5e0000 - 0x00007ffdfd6f8000 	C:\WINDOWS\System32\gdi32full.dll
0x00007ffdd9590000 - 0x00007ffdd9823000 	C:\WINDOWS\WinSxS\amd64_microsoft.windows.common-controls_6595b64144ccf1df_6.0.22621.2506_none_270c5ae97388e100\COMCTL32.dll
0x00007ffdfe700000 - 0x00007ffdfe7a7000 	C:\WINDOWS\System32\msvcrt.dll
0x00007ffdfdcc0000 - 0x00007ffdfdd5a000 	C:\WINDOWS\System32\msvcp_win.dll
0x00007ffdfef80000 - 0x00007ffdfefb1000 	C:\WINDOWS\System32\IMM32.DLL
0x00007ffdf8420000 - 0x00007ffdf842c000 	D:\Program Files\Android\Android Studio\jbr\bin\vcruntime140_1.dll
0x00007ffda6b10000 - 0x00007ffda6b9d000 	D:\Program Files\Android\Android Studio\jbr\bin\msvcp140.dll
0x00007ffd709d0000 - 0x00007ffd7163e000 	D:\Program Files\Android\Android Studio\jbr\bin\server\jvm.dll
0x00007ffdfe880000 - 0x00007ffdfe931000 	C:\WINDOWS\System32\ADVAPI32.dll
0x00007ffdfdde0000 - 0x00007ffdfde85000 	C:\WINDOWS\System32\sechost.dll
0x00007ffdff100000 - 0x00007ffdff217000 	C:\WINDOWS\System32\RPCRT4.dll
0x00007ffdf4930000 - 0x00007ffdf4964000 	C:\WINDOWS\SYSTEM32\WINMM.dll
0x00007ffdf8790000 - 0x00007ffdf8799000 	C:\WINDOWS\SYSTEM32\WSOCK32.dll
0x00007ffdf6cb0000 - 0x00007ffdf6cba000 	C:\WINDOWS\SYSTEM32\VERSION.dll
0x00007ffdfe530000 - 0x00007ffdfe5a1000 	C:\WINDOWS\System32\WS2_32.dll
0x00007ffdfc4b0000 - 0x00007ffdfc4c8000 	C:\WINDOWS\SYSTEM32\kernel.appcore.dll
0x00007ffdf8740000 - 0x00007ffdf874a000 	D:\Program Files\Android\Android Studio\jbr\bin\jimage.dll
0x00007ffdfad90000 - 0x00007ffdfafc3000 	C:\WINDOWS\SYSTEM32\DBGHELP.DLL
0x00007ffdff380000 - 0x00007ffdff709000 	C:\WINDOWS\System32\combase.dll
0x00007ffdfff70000 - 0x00007ffe00047000 	C:\WINDOWS\System32\OLEAUT32.dll
0x00007ffde74a0000 - 0x00007ffde74d2000 	C:\WINDOWS\SYSTEM32\dbgcore.DLL
0x00007ffdfdd60000 - 0x00007ffdfddda000 	C:\WINDOWS\System32\bcryptPrimitives.dll
0x00007ffdece00000 - 0x00007ffdece25000 	D:\Program Files\Android\Android Studio\jbr\bin\java.dll
0x00007ffdecde0000 - 0x00007ffdecdf8000 	D:\Program Files\Android\Android Studio\jbr\bin\zip.dll
0x00007ffdff710000 - 0x00007ffdfff6a000 	C:\WINDOWS\System32\SHELL32.dll
0x00007ffdfb2e0000 - 0x00007ffdfbbd6000 	C:\WINDOWS\SYSTEM32\windows.storage.dll
0x00007ffdfb1a0000 - 0x00007ffdfb2de000 	C:\WINDOWS\SYSTEM32\wintypes.dll
0x00007ffdfe040000 - 0x00007ffdfe133000 	C:\WINDOWS\System32\SHCORE.dll
0x00007ffdfe5b0000 - 0x00007ffdfe60e000 	C:\WINDOWS\System32\shlwapi.dll
0x00007ffdfd330000 - 0x00007ffdfd356000 	C:\WINDOWS\SYSTEM32\profapi.dll
0x00007ffdec860000 - 0x00007ffdec879000 	D:\Program Files\Android\Android Studio\jbr\bin\net.dll
0x00007ffdf52f0000 - 0x00007ffdf5427000 	C:\WINDOWS\SYSTEM32\WINHTTP.dll
0x00007ffdfc920000 - 0x00007ffdfc989000 	C:\WINDOWS\system32\mswsock.dll
0x00007ffdeba50000 - 0x00007ffdeba66000 	D:\Program Files\Android\Android Studio\jbr\bin\nio.dll
0x00007ffdecdd0000 - 0x00007ffdecde0000 	D:\Program Files\Android\Android Studio\jbr\bin\verify.dll
0x00007ffdea970000 - 0x00007ffdea997000 	C:\Users\Aubery\.gradle\native\68d5fa5c4cc2d200863cafc0d521ce42e7d3e7ee720ec0a83991735586a16f82\windows-amd64\native-platform.dll
0x00007ffda4250000 - 0x00007ffda4394000 	C:\Users\Aubery\.gradle\native\e376f236ea51e6404a007f0833ffe2c6e607c4080706a723a18a27aeea778392\windows-amd64\native-platform-file-events.dll
0x00007ffdf2af0000 - 0x00007ffdf2af9000 	D:\Program Files\Android\Android Studio\jbr\bin\management.dll
0x00007ffded1c0000 - 0x00007ffded1cb000 	D:\Program Files\Android\Android Studio\jbr\bin\management_ext.dll
0x00007ffdfe620000 - 0x00007ffdfe628000 	C:\WINDOWS\System32\PSAPI.DLL
0x00007ffdfcb70000 - 0x00007ffdfcb8b000 	C:\WINDOWS\SYSTEM32\CRYPTSP.dll
0x00007ffdfc410000 - 0x00007ffdfc445000 	C:\WINDOWS\system32\rsaenh.dll
0x00007ffdfc9d0000 - 0x00007ffdfc9fc000 	C:\WINDOWS\SYSTEM32\USERENV.dll
0x00007ffdfcd90000 - 0x00007ffdfcdb8000 	C:\WINDOWS\SYSTEM32\bcrypt.dll
0x00007ffdfcb30000 - 0x00007ffdfcb3c000 	C:\WINDOWS\SYSTEM32\CRYPTBASE.dll
0x00007ffdfbeb0000 - 0x00007ffdfbedd000 	C:\WINDOWS\SYSTEM32\IPHLPAPI.DLL
0x00007ffdfe610000 - 0x00007ffdfe619000 	C:\WINDOWS\System32\NSI.dll
0x00007ffdf66d0000 - 0x00007ffdf66e9000 	C:\WINDOWS\SYSTEM32\dhcpcsvc6.DLL
0x00007ffdf5610000 - 0x00007ffdf562f000 	C:\WINDOWS\SYSTEM32\dhcpcsvc.DLL
0x00007ffdfbf20000 - 0x00007ffdfc019000 	C:\WINDOWS\SYSTEM32\DNSAPI.dll
0x00007ffde8ae0000 - 0x00007ffde8ae8000 	C:\WINDOWS\system32\wshunix.dll

dbghelp: loaded successfully - version: 4.0.5 - missing functions: none
symbol engine: initialized successfully - sym options: 0x614 - pdb path: .;D:\Program Files\Android\Android Studio\jbr\bin;C:\WINDOWS\SYSTEM32;C:\WINDOWS\WinSxS\amd64_microsoft.windows.common-controls_6595b64144ccf1df_6.0.22621.2506_none_270c5ae97388e100;D:\Program Files\Android\Android Studio\jbr\bin\server;C:\Users\Aubery\.gradle\native\68d5fa5c4cc2d200863cafc0d521ce42e7d3e7ee720ec0a83991735586a16f82\windows-amd64;C:\Users\Aubery\.gradle\native\e376f236ea51e6404a007f0833ffe2c6e607c4080706a723a18a27aeea778392\windows-amd64

VM Arguments:
jvm_args: --add-opens=java.base/java.util=ALL-UNNAMED --add-opens=java.base/java.lang=ALL-UNNAMED --add-opens=java.base/java.lang.invoke=ALL-UNNAMED --add-opens=java.prefs/java.util.prefs=ALL-UNNAMED --add-opens=java.base/java.nio.charset=ALL-UNNAMED --add-opens=java.base/java.net=ALL-UNNAMED --add-opens=java.base/java.util.concurrent.atomic=ALL-UNNAMED -Xmx2048m -Dfile.encoding=UTF-8 -Duser.country=CN -Duser.language=zh -Duser.variant 
java_command: org.gradle.launcher.daemon.bootstrap.GradleDaemon 8.0
java_class_path (initial): C:\Users\Aubery\.gradle\wrapper\dists\gradle-8.0-bin\ca5e32bp14vu59qr306oxotwh\gradle-8.0\lib\gradle-launcher-8.0.jar
Launcher Type: SUN_STANDARD

[Global flags]
     intx CICompilerCount                          = 4                                         {product} {ergonomic}
     uint ConcGCThreads                            = 3                                         {product} {ergonomic}
     uint G1ConcRefinementThreads                  = 10                                        {product} {ergonomic}
   size_t G1HeapRegionSize                         = 1048576                                   {product} {ergonomic}
    uintx GCDrainStackTargetSize                   = 64                                        {product} {ergonomic}
   size_t InitialHeapSize                          = 232783872                                 {product} {ergonomic}
   size_t MarkStackSize                            = 4194304                                   {product} {ergonomic}
   size_t MaxHeapSize                              = 2147483648                                {product} {command line}
   size_t MaxNewSize                               = 1287651328                                {product} {ergonomic}
   size_t MinHeapDeltaBytes                        = 1048576                                   {product} {ergonomic}
   size_t MinHeapSize                              = 8388608                                   {product} {ergonomic}
    uintx NonNMethodCodeHeapSize                   = 5839372                                {pd product} {ergonomic}
    uintx NonProfiledCodeHeapSize                  = 122909434                              {pd product} {ergonomic}
    uintx ProfiledCodeHeapSize                     = 122909434                              {pd product} {ergonomic}
    uintx ReservedCodeCacheSize                    = 251658240                              {pd product} {ergonomic}
     bool SegmentedCodeCache                       = true                                      {product} {ergonomic}
   size_t SoftMaxHeapSize                          = 2147483648                             {manageable} {ergonomic}
     bool UseCompressedClassPointers               = true                           {product lp64_product} {ergonomic}
     bool UseCompressedOops                        = true                           {product lp64_product} {ergonomic}
     bool UseG1GC                                  = true                                      {product} {ergonomic}
     bool UseLargePagesIndividualAllocation        = false                                  {pd product} {ergonomic}

Logging:
Log output configuration:
 #0: stdout all=warning uptime,level,tags
 #1: stderr all=off uptime,level,tags

Environment Variables:
JAVA_HOME=D:\jdk\jdk-17.0.5
CLASSPATH=.;D:\jdk\jdk-17.0.5\lib\dt.jar;D:\jdk\jdk-17.0.5\lib\tools.jar;
PATH=F:\VMware\VMware Workstation\bin\;F:\Program Files (x86)\VMware\VMware Workstation\bin\;D:\jdk\jdk-17.0.5\bin;D:\apache-maven-3.9.4\bin;C:\Program Files (x86)\Common Files\Intel\Shared Libraries\redist\intel64\compiler;C:\Windows\system32;C:\Windows;C:\Windows\System32\Wbem;C:\Windows\System32\WindowsPowerShell\v1.0\;C:\Windows\System32\OpenSSH\;C:\Program Files (x86)\NVIDIA Corporation\PhysX\Common;C:\Program Files\NVIDIA Corporation\NVIDIA NvDLISR;D:\MATLAB2016\runtime\win64;D:\MATLAB2016\bin;D:\matlab\runtime\win64;D:\matlab\bin;D:\runtime\win64;D:\bin;F:\DataBase\redis;D:\polyspace\bin;D:\matlab\polyspace\bin;C:\Program Files\MySQL\MySQL Server 5.6\bin;D:\MATLAB2016\polyspace\bin;C:\Program Files\Microsoft SQL Server\Client SDK\ODBC\170\Tools\Binn\;C:\Program Files (x86)\Microsoft SQL Server\150\Tools\Binn\;C:\Program Files\Microsoft SQL Server\150\Tools\Binn\;C:\Program Files\Microsoft SQL Server\150\DTS\Binn\;C:\Program Files (x86)\Microsoft SQL Server\150\DTS\Binn\;C:\Program Files\Azure Data Studio\bin;D:\tomcat10\apache-tomcat-10.0.26\lib;D:\tomcat10\apache-tomcat-10.0.26\bin;C:\Program Files\dotnet\;C:\Windows\Microsoft.NET\Framework\v4.0.30319;D:\Users\Aubery\PycharmProjects\pythonProject\venv\Scripts;E:\P;C:\WINDOWS\system32;C:\WINDOWS;C:\WINDOWS\System32\Wbem;C:\WINDOWS\System32\WindowsPowerShell\v1.0\;C:\WINDOWS\System32\OpenSSH\;D:\Microsoft VS Code\bin;F:\Git\cmd;F:\Xshell 7\;F:\Xftp 7\;C:\Users\Aubery\AppData\Local\Microsoft\WindowsApps;C:\Program Files\Bandizip\;D:\vscode1\mingw64\bin;D:\Microsoft VS Code\bin;D:\idea202203\IntelliJ IDEA 223.4884.69\bin;C:\Program Files\Azure Data Studio\bin;C:\Users\Aubery\AppData\Local\JetBrains\Toolbox\scripts;D:\IntelliJ IDEA 2022.3.2\bin;;C:\Users\Aubery\.dotnet\tools;;F:\Program Files\JetBrains\DataGrip 2023.2.1\bin;;C:\Users\Aubery\AppData\Local\Microsoft\WindowsApps
USERNAME=Aubery
OS=Windows_NT
PROCESSOR_IDENTIFIER=AMD64 Family 25 Model 80 Stepping 0, AuthenticAMD
TMP=C:\Users\Aubery\AppData\Local\Temp
TEMP=C:\Users\Aubery\AppData\Local\Temp


JNI global refs:
JNI global refs: 26, weak refs: 2

JNI global refs memory usage: 843, weak refs: 841


---------------  S Y S T E M  ---------------

OS:
 Windows 11 , 64 bit Build 22621 (10.0.22621.2506)
OS uptime: 2 days 2:29 hours
Hyper-V role detected

CPU: total 12 (initial active 12) (12 cores per cpu, 2 threads per core) family 25 model 80 stepping 0 microcode 0x0, cx8, cmov, fxsr, ht, mmx, 3dnowpref, sse, sse2, sse3, ssse3, sse4a, sse4.1, sse4.2, popcnt, lzcnt, tsc, tscinvbit, avx, avx2, aes, erms, clmul, bmi1, bmi2, adx, sha, fma, vzeroupper, clflush, clflushopt, hv

Memory: 4k page, system-wide physical 14188M (4337M free)
TotalPageFile size 16236M (AvailPageFile size 9M)
current process WorkingSet (physical memory assigned to process): 306M, peak: 311M
current process commit charge ("private bytes"): 347M, peak: 372M

vm_info: OpenJDK 64-Bit Server VM (17.0.6+0-b2043.56-10027231) for windows-amd64 JRE (17.0.6+0-b2043.56-10027231), built on Apr 28 2023 00:43:19 by "androidbuild" with MS VC++ 16.10 / 16.11 (VS2019)

END.
