#
# There is insufficient memory for the Java Runtime Environment to continue.
# Native memory allocation (mmap) failed to map 42991616 bytes for G1 virtual space
# Possible reasons:
#   The system is out of physical RAM or swap space
#   The process is running with CompressedOops enabled, and the Java Heap may be blocking the growth of the native heap
# Possible solutions:
#   Reduce memory load on the system
#   Increase physical memory or swap space
#   Check if swap backing store is full
#   Decrease Java heap size (-Xmx/-Xms)
#   Decrease number of Java threads
#   Decrease Java thread stack sizes (-Xss)
#   Set larger code cache with -XX:ReservedCodeCacheSize=
#   JVM is running with Unscaled Compressed Oops mode in which the Java heap is
#     placed in the first 4GB address space. The Java Heap base address is the
#     maximum limit for the native heap growth. Please use -XX:HeapBaseMinAddress
#     to set the Java Heap base and to place the Java Heap above 4GB virtual address.
# This output file may be truncated or incomplete.
#
#  Out of Memory Error (os_windows.cpp:3769), pid=20996, tid=19872
#
# JRE version: OpenJDK Runtime Environment (17.0.6) (build 17.0.6+0-b2043.56-10027231)
# Java VM: OpenJDK 64-Bit Server VM (17.0.6+0-b2043.56-10027231, mixed mode, tiered, compressed oops, compressed class ptrs, g1 gc, windows-amd64)
# No core dump will be written. Minidumps are not enabled by default on client versions of Windows
#

---------------  S U M M A R Y ------------

Command Line: --add-opens=java.base/java.util=ALL-UNNAMED --add-opens=java.base/java.lang=ALL-UNNAMED --add-opens=java.base/java.lang.invoke=ALL-UNNAMED --add-opens=java.prefs/java.util.prefs=ALL-UNNAMED --add-opens=java.base/java.nio.charset=ALL-UNNAMED --add-opens=java.base/java.net=ALL-UNNAMED --add-opens=java.base/java.util.concurrent.atomic=ALL-UNNAMED -Xmx2048m -Dfile.encoding=UTF-8 -Duser.country=CN -Duser.language=zh -Duser.variant org.gradle.launcher.daemon.bootstrap.GradleDaemon 8.0

Host: AMD Ryzen 5 5600H with Radeon Graphics         , 12 cores, 13G,  Windows 11 , 64 bit Build 22621 (10.0.22621.2506)
Time: Mon Dec 25 15:20:02 2023  Windows 11 , 64 bit Build 22621 (10.0.22621.2506) elapsed time: 10.641518 seconds (0d 0h 0m 10s)

---------------  T H R E A D  ---------------

Current thread (0x000001744982e020):  VMThread "VM Thread" [stack: 0x0000006308b00000,0x0000006308c00000] [id=19872]

Stack: [0x0000006308b00000,0x0000006308c00000]
Native frames: (J=compiled Java code, j=interpreted, Vv=VM code, C=native code)
V  [jvm.dll+0x683c9a]
V  [jvm.dll+0x8427a4]
V  [jvm.dll+0x843f9e]
V  [jvm.dll+0x844603]
V  [jvm.dll+0x249b75]
V  [jvm.dll+0x680b69]
V  [jvm.dll+0x67505a]
V  [jvm.dll+0x309acb]
V  [jvm.dll+0x310f86]
V  [jvm.dll+0x3608ee]
V  [jvm.dll+0x360b1f]
V  [jvm.dll+0x2dfbf8]
V  [jvm.dll+0x2ddec4]
V  [jvm.dll+0x2dd4cc]
V  [jvm.dll+0x321f3b]
V  [jvm.dll+0x848ccb]
V  [jvm.dll+0x849a04]
V  [jvm.dll+0x849f1d]
V  [jvm.dll+0x84a2f4]
V  [jvm.dll+0x84a3c0]
V  [jvm.dll+0x7f274a]
V  [jvm.dll+0x682ad5]
C  [ucrtbase.dll+0x29363]
C  [KERNEL32.DLL+0x1257d]
C  [ntdll.dll+0x5aa58]

VM_Operation (0x000000630a3f2860): G1CollectForAllocation, mode: safepoint, requested by thread 0x000001744bca4030


---------------  P R O C E S S  ---------------

Threads class SMR info:
_java_thread_list=0x00000174541ac380, length=171, elements={
0x000001742c82d800, 0x0000017449830b40, 0x00000174498319b0, 0x000001744987f190,
0x000001744987fd40, 0x00000174498aa640, 0x00000174498aaff0, 0x00000174498abd80,
0x00000174498b0130, 0x00000174498b2f30, 0x0000017449a19010, 0x0000017449a1b4f0,
0x000001744c3f15c0, 0x000001744b3c7a50, 0x000001744ae61360, 0x000001744beea7d0,
0x000001744c1da570, 0x000001744c739130, 0x000001744ccbcda0, 0x000001744bca4030,
0x0000017449f95c70, 0x0000017449f97e20, 0x0000017449f97950, 0x0000017449f96140,
0x0000017449f96610, 0x0000017449f96ae0, 0x0000017449f982f0, 0x0000017449f94e00,
0x0000017449f952d0, 0x0000017449f97480, 0x0000017449f957a0, 0x0000017449f96fb0,
0x000001744d786d00, 0x000001744d782e70, 0x000001744d783340, 0x000001744d7871d0,
0x000001744d7854f0, 0x000001744d785020, 0x000001744d781190, 0x000001744d7841b0,
0x000001744d788040, 0x000001744d7876a0, 0x000001744d7824d0, 0x000001744d787b70,
0x000001744d781b30, 0x000001744d786360, 0x000001744ce82860, 0x000001744d785e90,
0x000001744d782000, 0x000001744d7829a0, 0x0000017450fa8260, 0x0000017450fad900,
0x0000017450fa9a70, 0x0000017450fa95a0, 0x0000017450faf5e0, 0x0000017450fa7d90,
0x0000017450faddd0, 0x0000017450fae2a0, 0x0000017450fab280, 0x0000017450fae770,
0x0000017450fa8730, 0x0000017450fab750, 0x0000017450faadb0, 0x0000017450fa8c00,
0x0000017450fa90d0, 0x0000017450fa9f40, 0x0000017450faa410, 0x0000017450fac5c0,
0x0000017450faa8e0, 0x0000017450fabc20, 0x0000017450fac0f0, 0x0000017450faec40,
0x0000017450faf110, 0x0000017450faca90, 0x0000017450facf60, 0x0000017449f987c0,
0x000001744cc45d30, 0x000001744cc46ba0, 0x000001744cc41030, 0x000001744cc46200,
0x000001744cc47070, 0x000001744cc44ec0, 0x000001744cc45390, 0x000001744cc41500,
0x000001744cc42840, 0x000001744cc45860, 0x000001744cc3f820, 0x000001744cc3fcf0,
0x000001744cc419d0, 0x000001744cc401c0, 0x000001744cc41ea0, 0x000001744cc466d0,
0x000001744cc40b60, 0x000001744cc42370, 0x000001744cc40690, 0x000001744cc431e0,
0x000001744cc436b0, 0x000001744cc449f0, 0x000001744cc42d10, 0x000001744cc43b80,
0x000001744cc44050, 0x000001744cc44520, 0x0000017451754f40, 0x00000174517592a0,
0x00000174517570f0, 0x0000017451756750, 0x00000174517575c0, 0x0000017451758900,
0x00000174517528c0, 0x00000174517545a0, 0x0000017451754a70, 0x0000017451757a90,
0x0000017451758430, 0x0000017451756280, 0x0000017451757f60, 0x0000017451753c00,
0x0000017451756c20, 0x00000174517523f0, 0x0000017451752d90, 0x0000017451755410,
0x0000017451753260, 0x0000017451758dd0, 0x0000017451755db0, 0x00000174517558e0,
0x0000017451751a50, 0x00000174517540d0, 0x0000017451751f20, 0x0000017451753730,
0x0000017450d4e760, 0x0000017450d4f5d0, 0x0000017450d49f30, 0x0000017450d50910,
0x0000017450d4f100, 0x0000017450d4faa0, 0x0000017450d4c5b0, 0x0000017450d4ff70,
0x0000017450d4ada0, 0x0000017450d4d8f0, 0x0000017450d4ca80, 0x0000017450d50de0,
0x0000017450d50440, 0x0000017450d4ddc0, 0x0000017450d4c0e0, 0x0000017450d512b0,
0x0000017450d4bc10, 0x0000017450d4cf50, 0x0000017450d4b740, 0x0000017450d4e290,
0x0000017450d4b270, 0x0000017450d4d420, 0x0000017450d4ec30, 0x0000017450d51780,
0x0000017450d4a400, 0x0000017450d4a8d0, 0x000001744f9423d0, 0x000001744f93e070,
0x000001744f941090, 0x000001744f940220, 0x000001744f943240, 0x000001744f9458c0,
0x000001744f940bc0, 0x000001744f9440b0, 0x000001744f93e540, 0x000001744f943be0,
0x000001744f9428a0, 0x000001744f941560, 0x000001744f944f20, 0x000001744f9453f0,
0x000001744f943710, 0x000001744f942d70, 0x000001744f941f00
}

Java Threads: ( => current thread )
  0x000001742c82d800 JavaThread "main" [_thread_blocked, id=11872, stack(0x0000006308500000,0x0000006308600000)]
  0x0000017449830b40 JavaThread "Reference Handler" daemon [_thread_blocked, id=25040, stack(0x0000006308c00000,0x0000006308d00000)]
  0x00000174498319b0 JavaThread "Finalizer" daemon [_thread_blocked, id=21812, stack(0x0000006308d00000,0x0000006308e00000)]
  0x000001744987f190 JavaThread "Signal Dispatcher" daemon [_thread_blocked, id=3064, stack(0x0000006308e00000,0x0000006308f00000)]
  0x000001744987fd40 JavaThread "Attach Listener" daemon [_thread_blocked, id=13508, stack(0x0000006308f00000,0x0000006309000000)]
  0x00000174498aa640 JavaThread "Service Thread" daemon [_thread_blocked, id=1652, stack(0x0000006309000000,0x0000006309100000)]
  0x00000174498aaff0 JavaThread "Monitor Deflation Thread" daemon [_thread_blocked, id=8868, stack(0x0000006309100000,0x0000006309200000)]
  0x00000174498abd80 JavaThread "C2 CompilerThread0" daemon [_thread_blocked, id=19228, stack(0x0000006309200000,0x0000006309300000)]
  0x00000174498b0130 JavaThread "C1 CompilerThread0" daemon [_thread_blocked, id=25340, stack(0x0000006309300000,0x0000006309400000)]
  0x00000174498b2f30 JavaThread "Sweeper thread" daemon [_thread_blocked, id=2216, stack(0x0000006309400000,0x0000006309500000)]
  0x0000017449a19010 JavaThread "Common-Cleaner" daemon [_thread_blocked, id=16640, stack(0x0000006309500000,0x0000006309600000)]
  0x0000017449a1b4f0 JavaThread "Notification Thread" daemon [_thread_blocked, id=7988, stack(0x0000006309600000,0x0000006309700000)]
  0x000001744c3f15c0 JavaThread "Daemon health stats" [_thread_blocked, id=15576, stack(0x0000006309d00000,0x0000006309e00000)]
  0x000001744b3c7a50 JavaThread "Incoming local TCP Connector on port 64018" [_thread_in_native, id=26128, stack(0x0000006309800000,0x0000006309900000)]
  0x000001744ae61360 JavaThread "Daemon periodic checks" [_thread_blocked, id=23596, stack(0x0000006309e00000,0x0000006309f00000)]
  0x000001744beea7d0 JavaThread "C2 CompilerThread1" daemon [_thread_blocked, id=27492, stack(0x0000006309f00000,0x000000630a000000)]
  0x000001744c1da570 JavaThread "Daemon" [_thread_blocked, id=7468, stack(0x000000630a000000,0x000000630a100000)]
  0x000001744c739130 JavaThread "Handler for socket connection from /127.0.0.1:64018 to /127.0.0.1:64019" [_thread_in_native, id=18360, stack(0x000000630a100000,0x000000630a200000)]
  0x000001744ccbcda0 JavaThread "Cancel handler" [_thread_blocked, id=17200, stack(0x000000630a200000,0x000000630a300000)]
  0x000001744bca4030 JavaThread "Daemon worker" [_thread_blocked, id=9540, stack(0x000000630a300000,0x000000630a400000)]
  0x0000017449f95c70 JavaThread "Asynchronous log dispatcher for DefaultDaemonConnection: socket connection from /127.0.0.1:64018 to /127.0.0.1:64019" [_thread_blocked, id=23512, stack(0x000000630a400000,0x000000630a500000)]
  0x0000017449f97e20 JavaThread "Stdin handler" [_thread_blocked, id=18356, stack(0x000000630a500000,0x000000630a600000)]
  0x0000017449f97950 JavaThread "Daemon client event forwarder" [_thread_blocked, id=24984, stack(0x000000630a600000,0x000000630a700000)]
  0x0000017449f96140 JavaThread "Cache worker for journal cache (C:\Users\Aubery\.gradle\caches\journal-1)" [_thread_blocked, id=16532, stack(0x000000630ae00000,0x000000630af00000)]
  0x0000017449f96610 JavaThread "File lock request listener" [_thread_in_native, id=25580, stack(0x000000630af00000,0x000000630b000000)]
  0x0000017449f96ae0 JavaThread "Cache worker for file hash cache (C:\Users\Aubery\.gradle\caches\8.0\fileHashes)" [_thread_blocked, id=20276, stack(0x000000630b000000,0x000000630b100000)]
  0x0000017449f982f0 JavaThread "File watcher server" daemon [_thread_in_native, id=1080, stack(0x000000630b200000,0x000000630b300000)]
  0x0000017449f94e00 JavaThread "File watcher consumer" daemon [_thread_blocked, id=23508, stack(0x000000630b300000,0x000000630b400000)]
  0x0000017449f952d0 JavaThread "jar transforms" [_thread_blocked, id=25244, stack(0x000000630b400000,0x000000630b500000)]
  0x0000017449f97480 JavaThread "jar transforms Thread 2" [_thread_blocked, id=5392, stack(0x000000630b500000,0x000000630b600000)]
  0x0000017449f957a0 JavaThread "jar transforms Thread 3" [_thread_blocked, id=24224, stack(0x000000630b600000,0x000000630b700000)]
  0x0000017449f96fb0 JavaThread "jar transforms Thread 4" [_thread_blocked, id=24264, stack(0x000000630b700000,0x000000630b800000)]
  0x000001744d786d00 JavaThread "jar transforms Thread 5" [_thread_blocked, id=5356, stack(0x000000630b800000,0x000000630b900000)]
  0x000001744d782e70 JavaThread "jar transforms Thread 6" [_thread_blocked, id=24076, stack(0x000000630b900000,0x000000630ba00000)]
  0x000001744d783340 JavaThread "jar transforms Thread 7" [_thread_blocked, id=6796, stack(0x000000630ba00000,0x000000630bb00000)]
  0x000001744d7871d0 JavaThread "jar transforms Thread 8" [_thread_blocked, id=7628, stack(0x000000630bb00000,0x000000630bc00000)]
  0x000001744d7854f0 JavaThread "jar transforms Thread 9" [_thread_blocked, id=12080, stack(0x000000630bc00000,0x000000630bd00000)]
  0x000001744d785020 JavaThread "jar transforms Thread 10" [_thread_blocked, id=12144, stack(0x000000630bd00000,0x000000630be00000)]
  0x000001744d781190 JavaThread "jar transforms Thread 11" [_thread_blocked, id=27536, stack(0x000000630be00000,0x000000630bf00000)]
  0x000001744d7841b0 JavaThread "jar transforms Thread 12" [_thread_blocked, id=5804, stack(0x000000630bf00000,0x000000630c000000)]
  0x000001744d788040 JavaThread "Cache worker for checksums cache (E:\AndroidStudioProjects\DormitoryMS\.gradle\8.0\checksums)" [_thread_blocked, id=7128, stack(0x000000630c000000,0x000000630c100000)]
  0x000001744d7876a0 JavaThread "Cache worker for cache directory md-rule (C:\Users\Aubery\.gradle\caches\8.0\md-rule)" [_thread_blocked, id=12512, stack(0x000000630c100000,0x000000630c200000)]
  0x000001744d7824d0 JavaThread "Cache worker for file content cache (C:\Users\Aubery\.gradle\caches\8.0\fileContent)" [_thread_blocked, id=27472, stack(0x000000630c200000,0x000000630c300000)]
  0x000001744d787b70 JavaThread "Cache worker for file hash cache (E:\AndroidStudioProjects\DormitoryMS\.gradle\8.0\fileHashes)" [_thread_blocked, id=28056, stack(0x000000630c300000,0x000000630c400000)]
  0x000001744d781b30 JavaThread "Cache worker for cache directory md-supplier (C:\Users\Aubery\.gradle\caches\8.0\md-supplier)" [_thread_blocked, id=17508, stack(0x000000630c400000,0x000000630c500000)]
  0x000001744d786360 JavaThread "Cache worker for execution history cache (C:\Users\Aubery\.gradle\caches\8.0\executionHistory)" [_thread_blocked, id=27744, stack(0x000000630c500000,0x000000630c600000)]
  0x000001744ce82860 JavaThread "C2 CompilerThread2" daemon [_thread_blocked, id=13328, stack(0x000000630b100000,0x000000630b200000)]
  0x000001744d785e90 JavaThread "Cache worker for kotlin-dsl (C:\Users\Aubery\.gradle\caches\8.0\kotlin-dsl)" [_thread_blocked, id=14664, stack(0x000000630c600000,0x000000630c700000)]
  0x000001744d782000 JavaThread "Cache worker for dependencies-accessors (E:\AndroidStudioProjects\DormitoryMS\.gradle\8.0\dependencies-accessors)" [_thread_blocked, id=7368, stack(0x000000630c700000,0x000000630c800000)]
  0x000001744d7829a0 JavaThread "Cache worker for Build Output Cleanup Cache (E:\AndroidStudioProjects\DormitoryMS\.gradle\buildOutputCleanup)" [_thread_blocked, id=144, stack(0x000000630c800000,0x000000630c900000)]
  0x0000017450fa8260 JavaThread "Unconstrained build operations" [_thread_blocked, id=21556, stack(0x000000630c900000,0x000000630ca00000)]
  0x0000017450fad900 JavaThread "Unconstrained build operations Thread 2" [_thread_blocked, id=16244, stack(0x000000630ca00000,0x000000630cb00000)]
  0x0000017450fa9a70 JavaThread "Unconstrained build operations Thread 3" [_thread_blocked, id=27400, stack(0x000000630cb00000,0x000000630cc00000)]
  0x0000017450fa95a0 JavaThread "Unconstrained build operations Thread 4" [_thread_blocked, id=22096, stack(0x000000630cc00000,0x000000630cd00000)]
  0x0000017450faf5e0 JavaThread "Unconstrained build operations Thread 5" [_thread_blocked, id=2012, stack(0x000000630cd00000,0x000000630ce00000)]
  0x0000017450fa7d90 JavaThread "Unconstrained build operations Thread 6" [_thread_blocked, id=12696, stack(0x000000630ce00000,0x000000630cf00000)]
  0x0000017450faddd0 JavaThread "Unconstrained build operations Thread 7" [_thread_blocked, id=6992, stack(0x000000630cf00000,0x000000630d000000)]
  0x0000017450fae2a0 JavaThread "Unconstrained build operations Thread 8" [_thread_blocked, id=11604, stack(0x000000630d000000,0x000000630d100000)]
  0x0000017450fab280 JavaThread "Unconstrained build operations Thread 9" [_thread_blocked, id=19760, stack(0x000000630d100000,0x000000630d200000)]
  0x0000017450fae770 JavaThread "Unconstrained build operations Thread 10" [_thread_blocked, id=27256, stack(0x000000630d200000,0x000000630d300000)]
  0x0000017450fa8730 JavaThread "Unconstrained build operations Thread 11" [_thread_blocked, id=12752, stack(0x000000630d300000,0x000000630d400000)]
  0x0000017450fab750 JavaThread "Unconstrained build operations Thread 12" [_thread_blocked, id=24464, stack(0x000000630d400000,0x000000630d500000)]
  0x0000017450faadb0 JavaThread "Unconstrained build operations Thread 13" [_thread_blocked, id=13472, stack(0x000000630d500000,0x000000630d600000)]
  0x0000017450fa8c00 JavaThread "Unconstrained build operations Thread 14" [_thread_blocked, id=19668, stack(0x000000630d600000,0x000000630d700000)]
  0x0000017450fa90d0 JavaThread "Unconstrained build operations Thread 15" [_thread_blocked, id=23336, stack(0x000000630d700000,0x000000630d800000)]
  0x0000017450fa9f40 JavaThread "Unconstrained build operations Thread 16" [_thread_blocked, id=16436, stack(0x000000630d800000,0x000000630d900000)]
  0x0000017450faa410 JavaThread "Unconstrained build operations Thread 17" [_thread_blocked, id=1552, stack(0x000000630d900000,0x000000630da00000)]
  0x0000017450fac5c0 JavaThread "Unconstrained build operations Thread 18" [_thread_blocked, id=25204, stack(0x000000630da00000,0x000000630db00000)]
  0x0000017450faa8e0 JavaThread "Unconstrained build operations Thread 19" [_thread_blocked, id=11288, stack(0x000000630db00000,0x000000630dc00000)]
  0x0000017450fabc20 JavaThread "Unconstrained build operations Thread 20" [_thread_blocked, id=20300, stack(0x000000630dc00000,0x000000630dd00000)]
  0x0000017450fac0f0 JavaThread "Unconstrained build operations Thread 21" [_thread_blocked, id=13764, stack(0x000000630dd00000,0x000000630de00000)]
  0x0000017450faec40 JavaThread "Unconstrained build operations Thread 22" [_thread_blocked, id=24388, stack(0x000000630de00000,0x000000630df00000)]
  0x0000017450faf110 JavaThread "Unconstrained build operations Thread 23" [_thread_blocked, id=28244, stack(0x000000630df00000,0x000000630e000000)]
  0x0000017450faca90 JavaThread "Unconstrained build operations Thread 24" [_thread_blocked, id=22520, stack(0x000000630e000000,0x000000630e100000)]
  0x0000017450facf60 JavaThread "Unconstrained build operations Thread 25" [_thread_blocked, id=23104, stack(0x000000630e100000,0x000000630e200000)]
  0x0000017449f987c0 JavaThread "Unconstrained build operations Thread 26" [_thread_blocked, id=11152, stack(0x000000630e200000,0x000000630e300000)]
  0x000001744cc45d30 JavaThread "Unconstrained build operations Thread 27" [_thread_blocked, id=3448, stack(0x000000630e300000,0x000000630e400000)]
  0x000001744cc46ba0 JavaThread "Unconstrained build operations Thread 28" [_thread_blocked, id=27524, stack(0x000000630e400000,0x000000630e500000)]
  0x000001744cc41030 JavaThread "Unconstrained build operations Thread 29" [_thread_blocked, id=27500, stack(0x000000630e500000,0x000000630e600000)]
  0x000001744cc46200 JavaThread "Unconstrained build operations Thread 30" [_thread_blocked, id=4492, stack(0x000000630e600000,0x000000630e700000)]
  0x000001744cc47070 JavaThread "Unconstrained build operations Thread 31" [_thread_blocked, id=6624, stack(0x000000630e700000,0x000000630e800000)]
  0x000001744cc44ec0 JavaThread "Unconstrained build operations Thread 32" [_thread_blocked, id=12388, stack(0x000000630e800000,0x000000630e900000)]
  0x000001744cc45390 JavaThread "Unconstrained build operations Thread 33" [_thread_blocked, id=13132, stack(0x000000630e900000,0x000000630ea00000)]
  0x000001744cc41500 JavaThread "Unconstrained build operations Thread 34" [_thread_blocked, id=13844, stack(0x000000630ea00000,0x000000630eb00000)]
  0x000001744cc42840 JavaThread "Unconstrained build operations Thread 35" [_thread_blocked, id=8064, stack(0x000000630eb00000,0x000000630ec00000)]
  0x000001744cc45860 JavaThread "Unconstrained build operations Thread 36" [_thread_blocked, id=7996, stack(0x000000630ec00000,0x000000630ed00000)]
  0x000001744cc3f820 JavaThread "Unconstrained build operations Thread 37" [_thread_blocked, id=12408, stack(0x000000630ed00000,0x000000630ee00000)]
  0x000001744cc3fcf0 JavaThread "Unconstrained build operations Thread 38" [_thread_blocked, id=27996, stack(0x000000630ee00000,0x000000630ef00000)]
  0x000001744cc419d0 JavaThread "Unconstrained build operations Thread 39" [_thread_blocked, id=312, stack(0x000000630ef00000,0x000000630f000000)]
  0x000001744cc401c0 JavaThread "Unconstrained build operations Thread 40" [_thread_blocked, id=28396, stack(0x000000630f000000,0x000000630f100000)]
  0x000001744cc41ea0 JavaThread "Unconstrained build operations Thread 41" [_thread_blocked, id=21600, stack(0x000000630f100000,0x000000630f200000)]
  0x000001744cc466d0 JavaThread "Unconstrained build operations Thread 42" [_thread_blocked, id=13680, stack(0x000000630f200000,0x000000630f300000)]
  0x000001744cc40b60 JavaThread "Unconstrained build operations Thread 43" [_thread_blocked, id=27976, stack(0x000000630f300000,0x000000630f400000)]
  0x000001744cc42370 JavaThread "Unconstrained build operations Thread 44" [_thread_blocked, id=15212, stack(0x000000630f400000,0x000000630f500000)]
  0x000001744cc40690 JavaThread "Unconstrained build operations Thread 45" [_thread_blocked, id=26716, stack(0x000000630f500000,0x000000630f600000)]
  0x000001744cc431e0 JavaThread "Unconstrained build operations Thread 46" [_thread_blocked, id=10756, stack(0x000000630f600000,0x000000630f700000)]
  0x000001744cc436b0 JavaThread "Unconstrained build operations Thread 47" [_thread_blocked, id=27340, stack(0x000000630f700000,0x000000630f800000)]
  0x000001744cc449f0 JavaThread "Unconstrained build operations Thread 48" [_thread_blocked, id=16968, stack(0x000000630f800000,0x000000630f900000)]
  0x000001744cc42d10 JavaThread "Unconstrained build operations Thread 49" [_thread_blocked, id=25232, stack(0x000000630f900000,0x000000630fa00000)]
  0x000001744cc43b80 JavaThread "Unconstrained build operations Thread 50" [_thread_blocked, id=16620, stack(0x000000630fa00000,0x000000630fb00000)]
  0x000001744cc44050 JavaThread "Unconstrained build operations Thread 51" [_thread_blocked, id=6876, stack(0x000000630fb00000,0x000000630fc00000)]
  0x000001744cc44520 JavaThread "Unconstrained build operations Thread 52" [_thread_blocked, id=17536, stack(0x000000630fc00000,0x000000630fd00000)]
  0x0000017451754f40 JavaThread "Unconstrained build operations Thread 53" [_thread_blocked, id=22572, stack(0x000000630fd00000,0x000000630fe00000)]
  0x00000174517592a0 JavaThread "Unconstrained build operations Thread 54" [_thread_blocked, id=23816, stack(0x000000630fe00000,0x000000630ff00000)]
  0x00000174517570f0 JavaThread "Unconstrained build operations Thread 55" [_thread_blocked, id=24368, stack(0x000000630ff00000,0x0000006310000000)]
  0x0000017451756750 JavaThread "Unconstrained build operations Thread 56" [_thread_blocked, id=5780, stack(0x0000006310000000,0x0000006310100000)]
  0x00000174517575c0 JavaThread "Unconstrained build operations Thread 57" [_thread_blocked, id=23720, stack(0x0000006310100000,0x0000006310200000)]
  0x0000017451758900 JavaThread "Unconstrained build operations Thread 58" [_thread_blocked, id=27444, stack(0x0000006310200000,0x0000006310300000)]
  0x00000174517528c0 JavaThread "Unconstrained build operations Thread 59" [_thread_blocked, id=5300, stack(0x0000006310300000,0x0000006310400000)]
  0x00000174517545a0 JavaThread "Unconstrained build operations Thread 60" [_thread_blocked, id=24688, stack(0x0000006310400000,0x0000006310500000)]
  0x0000017451754a70 JavaThread "Unconstrained build operations Thread 61" [_thread_blocked, id=15084, stack(0x0000006310500000,0x0000006310600000)]
  0x0000017451757a90 JavaThread "Unconstrained build operations Thread 62" [_thread_blocked, id=19292, stack(0x0000006310600000,0x0000006310700000)]
  0x0000017451758430 JavaThread "Unconstrained build operations Thread 63" [_thread_blocked, id=24160, stack(0x0000006310700000,0x0000006310800000)]
  0x0000017451756280 JavaThread "Unconstrained build operations Thread 64" [_thread_blocked, id=19728, stack(0x0000006310800000,0x0000006310900000)]
  0x0000017451757f60 JavaThread "Unconstrained build operations Thread 65" [_thread_blocked, id=5452, stack(0x0000006310900000,0x0000006310a00000)]
  0x0000017451753c00 JavaThread "Unconstrained build operations Thread 66" [_thread_blocked, id=27660, stack(0x0000006310a00000,0x0000006310b00000)]
  0x0000017451756c20 JavaThread "Unconstrained build operations Thread 67" [_thread_blocked, id=11436, stack(0x0000006310b00000,0x0000006310c00000)]
  0x00000174517523f0 JavaThread "Unconstrained build operations Thread 68" [_thread_blocked, id=24428, stack(0x0000006310c00000,0x0000006310d00000)]
  0x0000017451752d90 JavaThread "Unconstrained build operations Thread 69" [_thread_blocked, id=26968, stack(0x0000006310d00000,0x0000006310e00000)]
  0x0000017451755410 JavaThread "Unconstrained build operations Thread 70" [_thread_blocked, id=13248, stack(0x0000006310e00000,0x0000006310f00000)]
  0x0000017451753260 JavaThread "Unconstrained build operations Thread 71" [_thread_blocked, id=22436, stack(0x0000006310f00000,0x0000006311000000)]
  0x0000017451758dd0 JavaThread "Unconstrained build operations Thread 72" [_thread_blocked, id=5792, stack(0x0000006311000000,0x0000006311100000)]
  0x0000017451755db0 JavaThread "Unconstrained build operations Thread 73" [_thread_blocked, id=10176, stack(0x0000006311100000,0x0000006311200000)]
  0x00000174517558e0 JavaThread "Unconstrained build operations Thread 74" [_thread_blocked, id=25684, stack(0x0000006311200000,0x0000006311300000)]
  0x0000017451751a50 JavaThread "Unconstrained build operations Thread 75" [_thread_blocked, id=17368, stack(0x0000006311300000,0x0000006311400000)]
  0x00000174517540d0 JavaThread "Unconstrained build operations Thread 76" [_thread_blocked, id=21768, stack(0x0000006311400000,0x0000006311500000)]
  0x0000017451751f20 JavaThread "Unconstrained build operations Thread 77" [_thread_blocked, id=12548, stack(0x0000006311500000,0x0000006311600000)]
  0x0000017451753730 JavaThread "Unconstrained build operations Thread 78" [_thread_blocked, id=13796, stack(0x0000006311600000,0x0000006311700000)]
  0x0000017450d4e760 JavaThread "Unconstrained build operations Thread 79" [_thread_blocked, id=24204, stack(0x0000006311700000,0x0000006311800000)]
  0x0000017450d4f5d0 JavaThread "Unconstrained build operations Thread 80" [_thread_blocked, id=21524, stack(0x0000006311800000,0x0000006311900000)]
  0x0000017450d49f30 JavaThread "Unconstrained build operations Thread 81" [_thread_blocked, id=21800, stack(0x0000006311900000,0x0000006311a00000)]
  0x0000017450d50910 JavaThread "Unconstrained build operations Thread 82" [_thread_blocked, id=24524, stack(0x0000006311a00000,0x0000006311b00000)]
  0x0000017450d4f100 JavaThread "Unconstrained build operations Thread 83" [_thread_blocked, id=21212, stack(0x0000006311b00000,0x0000006311c00000)]
  0x0000017450d4faa0 JavaThread "Unconstrained build operations Thread 84" [_thread_blocked, id=6060, stack(0x0000006311c00000,0x0000006311d00000)]
  0x0000017450d4c5b0 JavaThread "Unconstrained build operations Thread 85" [_thread_blocked, id=23664, stack(0x0000006311d00000,0x0000006311e00000)]
  0x0000017450d4ff70 JavaThread "Unconstrained build operations Thread 86" [_thread_blocked, id=20880, stack(0x0000006311e00000,0x0000006311f00000)]
  0x0000017450d4ada0 JavaThread "Unconstrained build operations Thread 87" [_thread_blocked, id=24292, stack(0x0000006311f00000,0x0000006312000000)]
  0x0000017450d4d8f0 JavaThread "Unconstrained build operations Thread 88" [_thread_blocked, id=24628, stack(0x0000006312000000,0x0000006312100000)]
  0x0000017450d4ca80 JavaThread "Unconstrained build operations Thread 89" [_thread_blocked, id=12480, stack(0x0000006312100000,0x0000006312200000)]
  0x0000017450d50de0 JavaThread "Unconstrained build operations Thread 90" [_thread_blocked, id=11828, stack(0x0000006312200000,0x0000006312300000)]
  0x0000017450d50440 JavaThread "Unconstrained build operations Thread 91" [_thread_blocked, id=3932, stack(0x0000006312300000,0x0000006312400000)]
  0x0000017450d4ddc0 JavaThread "Unconstrained build operations Thread 92" [_thread_blocked, id=10572, stack(0x0000006312400000,0x0000006312500000)]
  0x0000017450d4c0e0 JavaThread "Unconstrained build operations Thread 93" [_thread_blocked, id=25648, stack(0x0000006312500000,0x0000006312600000)]
  0x0000017450d512b0 JavaThread "Unconstrained build operations Thread 94" [_thread_blocked, id=16940, stack(0x0000006312600000,0x0000006312700000)]
  0x0000017450d4bc10 JavaThread "Unconstrained build operations Thread 95" [_thread_blocked, id=26860, stack(0x0000006312700000,0x0000006312800000)]
  0x0000017450d4cf50 JavaThread "Unconstrained build operations Thread 96" [_thread_blocked, id=24844, stack(0x0000006312800000,0x0000006312900000)]
  0x0000017450d4b740 JavaThread "Unconstrained build operations Thread 97" [_thread_blocked, id=2124, stack(0x0000006312900000,0x0000006312a00000)]
  0x0000017450d4e290 JavaThread "Unconstrained build operations Thread 98" [_thread_blocked, id=1460, stack(0x0000006312a00000,0x0000006312b00000)]
  0x0000017450d4b270 JavaThread "Unconstrained build operations Thread 99" [_thread_blocked, id=26712, stack(0x0000006312b00000,0x0000006312c00000)]
  0x0000017450d4d420 JavaThread "Unconstrained build operations Thread 100" [_thread_blocked, id=3760, stack(0x0000006312c00000,0x0000006312d00000)]
  0x0000017450d4ec30 JavaThread "Unconstrained build operations Thread 101" [_thread_blocked, id=15368, stack(0x0000006312d00000,0x0000006312e00000)]
  0x0000017450d51780 JavaThread "Unconstrained build operations Thread 102" [_thread_blocked, id=26236, stack(0x0000006312e00000,0x0000006312f00000)]
  0x0000017450d4a400 JavaThread "Unconstrained build operations Thread 103" [_thread_blocked, id=12300, stack(0x0000006312f00000,0x0000006313000000)]
  0x0000017450d4a8d0 JavaThread "Unconstrained build operations Thread 104" [_thread_blocked, id=28628, stack(0x0000006313000000,0x0000006313100000)]
  0x000001744f9423d0 JavaThread "Unconstrained build operations Thread 105" [_thread_blocked, id=5296, stack(0x0000006313100000,0x0000006313200000)]
  0x000001744f93e070 JavaThread "Unconstrained build operations Thread 106" [_thread_blocked, id=26408, stack(0x0000006313200000,0x0000006313300000)]
  0x000001744f941090 JavaThread "Unconstrained build operations Thread 107" [_thread_blocked, id=22952, stack(0x0000006313300000,0x0000006313400000)]
  0x000001744f940220 JavaThread "Unconstrained build operations Thread 108" [_thread_blocked, id=21976, stack(0x0000006313400000,0x0000006313500000)]
  0x000001744f943240 JavaThread "Unconstrained build operations Thread 109" [_thread_blocked, id=6172, stack(0x0000006313500000,0x0000006313600000)]
  0x000001744f9458c0 JavaThread "Unconstrained build operations Thread 110" [_thread_blocked, id=13096, stack(0x0000006313600000,0x0000006313700000)]
  0x000001744f940bc0 JavaThread "Unconstrained build operations Thread 111" [_thread_blocked, id=14836, stack(0x0000006313700000,0x0000006313800000)]
  0x000001744f9440b0 JavaThread "Unconstrained build operations Thread 112" [_thread_blocked, id=15220, stack(0x0000006313800000,0x0000006313900000)]
  0x000001744f93e540 JavaThread "Unconstrained build operations Thread 113" [_thread_blocked, id=21884, stack(0x0000006313900000,0x0000006313a00000)]
  0x000001744f943be0 JavaThread "Unconstrained build operations Thread 114" [_thread_blocked, id=25424, stack(0x0000006313a00000,0x0000006313b00000)]
  0x000001744f9428a0 JavaThread "Unconstrained build operations Thread 115" [_thread_blocked, id=20584, stack(0x0000006313b00000,0x0000006313c00000)]
  0x000001744f941560 JavaThread "Unconstrained build operations Thread 116" [_thread_blocked, id=14188, stack(0x0000006313c00000,0x0000006313d00000)]
  0x000001744f944f20 JavaThread "Unconstrained build operations Thread 117" [_thread_blocked, id=23376, stack(0x0000006313d00000,0x0000006313e00000)]
  0x000001744f9453f0 JavaThread "Unconstrained build operations Thread 118" [_thread_blocked, id=1420, stack(0x0000006313e00000,0x0000006313f00000)]
  0x000001744f943710 JavaThread "Unconstrained build operations Thread 119" [_thread_blocked, id=11120, stack(0x0000006313f00000,0x0000006314000000)]
  0x000001744f942d70 JavaThread "Unconstrained build operations Thread 120" [_thread_blocked, id=11220, stack(0x0000006314000000,0x0000006314100000)]
  0x000001744f941f00 JavaThread "Memory manager" [_thread_blocked, id=15820, stack(0x0000006314100000,0x0000006314200000)]

Other Threads:
=>0x000001744982e020 VMThread "VM Thread" [stack: 0x0000006308b00000,0x0000006308c00000] [id=19872]
  0x0000017449a35420 WatcherThread [stack: 0x0000006309700000,0x0000006309800000] [id=13412]
  0x000001742e9db880 GCTaskThread "GC Thread#0" [stack: 0x0000006308600000,0x0000006308700000] [id=17316]
  0x0000017449aed830 GCTaskThread "GC Thread#1" [stack: 0x0000006309900000,0x0000006309a00000] [id=16348]
  0x0000017449aec810 GCTaskThread "GC Thread#2" [stack: 0x0000006309a00000,0x0000006309b00000] [id=18040]
  0x0000017449aecd70 GCTaskThread "GC Thread#3" [stack: 0x0000006309b00000,0x0000006309c00000] [id=16928]
  0x0000017449aed580 GCTaskThread "GC Thread#4" [stack: 0x0000006309c00000,0x0000006309d00000] [id=1524]
  0x0000017449aed2d0 GCTaskThread "GC Thread#5" [stack: 0x000000630a700000,0x000000630a800000] [id=8128]
  0x0000017449aec000 GCTaskThread "GC Thread#6" [stack: 0x000000630a800000,0x000000630a900000] [id=10820]
  0x0000017449aec2b0 GCTaskThread "GC Thread#7" [stack: 0x000000630a900000,0x000000630aa00000] [id=28576]
  0x000001744bca4ab0 GCTaskThread "GC Thread#8" [stack: 0x000000630aa00000,0x000000630ab00000] [id=23080]
  0x000001744bca75b0 GCTaskThread "GC Thread#9" [stack: 0x000000630ab00000,0x000000630ac00000] [id=26444]
  0x000001742e9ec7c0 ConcurrentGCThread "G1 Main Marker" [stack: 0x0000006308700000,0x0000006308800000] [id=19216]
  0x000001742e9ee1e0 ConcurrentGCThread "G1 Conc#0" [stack: 0x0000006308800000,0x0000006308900000] [id=22856]
  0x000001744bca6590 ConcurrentGCThread "G1 Conc#1" [stack: 0x000000630ac00000,0x000000630ad00000] [id=1884]
  0x000001744bca7860 ConcurrentGCThread "G1 Conc#2" [stack: 0x000000630ad00000,0x000000630ae00000] [id=15044]
  0x000001742ea3da30 ConcurrentGCThread "G1 Refine#0" [stack: 0x0000006308900000,0x0000006308a00000] [id=18496]
  0x000001742ea3e450 ConcurrentGCThread "G1 Service" [stack: 0x0000006308a00000,0x0000006308b00000] [id=25912]

Threads with active compile tasks:
C2 CompilerThread1    10708 7152   !   4       java.net.URL::<init> (543 bytes)

VM state: at safepoint (normal execution)

VM Mutex/Monitor currently owned by a thread:  ([mutex/lock_event])
[0x000001742e9811f0] Threads_lock - owner thread: 0x000001744982e020
[0x000001742e981e50] Heap_lock - owner thread: 0x000001744bca4030

Heap address: 0x0000000080000000, size: 2048 MB, Compressed Oops mode: 32-bit

CDS archive(s) not mapped
Compressed class space mapped at: 0x0000000100000000-0x0000000140000000, reserved size: 1073741824
Narrow klass base: 0x0000000000000000, Narrow klass shift: 3, Narrow klass range: 0x140000000

GC Precious Log:
 CPUs: 12 total, 12 available
 Memory: 14188M
 Large Page Support: Disabled
 NUMA Support: Disabled
 Compressed Oops: Enabled (32-bit)
 Heap Region Size: 1M
 Heap Min Capacity: 8M
 Heap Initial Capacity: 222M
 Heap Max Capacity: 2G
 Pre-touch: Disabled
 Parallel Workers: 10
 Concurrent Workers: 3
 Concurrent Refinement Workers: 10
 Periodic GC: Disabled

Heap:
 garbage-first heap   total 185344K, used 91928K [0x0000000080000000, 0x0000000100000000)
  region size 1024K, 1 young (1024K), 1 survivors (1024K)
 Metaspace       used 72830K, committed 73472K, reserved 1114112K
  class space    used 9709K, committed 9984K, reserved 1048576K

Heap Regions: E=young(eden), S=young(survivor), O=old, HS=humongous(starts), HC=humongous(continues), CS=collection set, F=free, OA=open archive, CA=closed archive, TAMS=top-at-mark-start (previous, next)
|   0|0x0000000080000000, 0x0000000080100000, 0x0000000080100000|100%|HS|  |TAMS 0x0000000080100000, 0x0000000080000000| Complete 
|   1|0x0000000080100000, 0x0000000080200000, 0x0000000080200000|100%|HC|  |TAMS 0x0000000080200000, 0x0000000080100000| Complete 
|   2|0x0000000080200000, 0x0000000080300000, 0x0000000080300000|100%|HC|  |TAMS 0x0000000080300000, 0x0000000080200000| Complete 
|   3|0x0000000080300000, 0x0000000080400000, 0x0000000080400000|100%|HC|  |TAMS 0x0000000080400000, 0x0000000080300000| Complete 
|   4|0x0000000080400000, 0x0000000080500000, 0x0000000080500000|100%| O|  |TAMS 0x0000000080500000, 0x0000000080400000| Untracked 
|   5|0x0000000080500000, 0x0000000080600000, 0x0000000080600000|100%| O|  |TAMS 0x0000000080600000, 0x0000000080500000| Untracked 
|   6|0x0000000080600000, 0x0000000080700000, 0x0000000080700000|100%| O|  |TAMS 0x0000000080700000, 0x0000000080600000| Untracked 
|   7|0x0000000080700000, 0x0000000080800000, 0x0000000080800000|100%| O|  |TAMS 0x0000000080800000, 0x0000000080700000| Untracked 
|   8|0x0000000080800000, 0x0000000080900000, 0x0000000080900000|100%| O|  |TAMS 0x0000000080900000, 0x0000000080800000| Untracked 
|   9|0x0000000080900000, 0x0000000080a00000, 0x0000000080a00000|100%| O|  |TAMS 0x0000000080a00000, 0x0000000080900000| Untracked 
|  10|0x0000000080a00000, 0x0000000080b00000, 0x0000000080b00000|100%| O|  |TAMS 0x0000000080b00000, 0x0000000080a00000| Untracked 
|  11|0x0000000080b00000, 0x0000000080c00000, 0x0000000080c00000|100%| O|  |TAMS 0x0000000080b00000, 0x0000000080b00000| Untracked 
|  12|0x0000000080c00000, 0x0000000080d00000, 0x0000000080d00000|100%| O|  |TAMS 0x0000000080d00000, 0x0000000080c00000| Untracked 
|  13|0x0000000080d00000, 0x0000000080e00000, 0x0000000080e00000|100%| O|  |TAMS 0x0000000080e00000, 0x0000000080d00000| Untracked 
|  14|0x0000000080e00000, 0x0000000080f00000, 0x0000000080f00000|100%| O|  |TAMS 0x0000000080f00000, 0x0000000080e00000| Untracked 
|  15|0x0000000080f00000, 0x0000000081000000, 0x0000000081000000|100%| O|  |TAMS 0x0000000081000000, 0x0000000080f00000| Untracked 
|  16|0x0000000081000000, 0x0000000081100000, 0x0000000081100000|100%| O|  |TAMS 0x0000000081100000, 0x0000000081000000| Untracked 
|  17|0x0000000081100000, 0x0000000081200000, 0x0000000081200000|100%| O|  |TAMS 0x0000000081200000, 0x0000000081100000| Untracked 
|  18|0x0000000081200000, 0x0000000081300000, 0x0000000081300000|100%| O|  |TAMS 0x0000000081300000, 0x0000000081200000| Untracked 
|  19|0x0000000081300000, 0x0000000081400000, 0x0000000081400000|100%|HS|  |TAMS 0x0000000081400000, 0x0000000081300000| Complete 
|  20|0x0000000081400000, 0x0000000081500000, 0x0000000081500000|100%|HC|  |TAMS 0x0000000081500000, 0x0000000081400000| Complete 
|  21|0x0000000081500000, 0x0000000081600000, 0x0000000081600000|100%|HS|  |TAMS 0x0000000081600000, 0x0000000081500000| Complete 
|  22|0x0000000081600000, 0x0000000081700000, 0x0000000081700000|100%|HC|  |TAMS 0x0000000081700000, 0x0000000081600000| Complete 
|  23|0x0000000081700000, 0x0000000081800000, 0x0000000081800000|100%|HC|  |TAMS 0x0000000081800000, 0x0000000081700000| Complete 
|  24|0x0000000081800000, 0x0000000081900000, 0x0000000081900000|100%| O|  |TAMS 0x0000000081900000, 0x0000000081800000| Untracked 
|  25|0x0000000081900000, 0x0000000081a00000, 0x0000000081a00000|100%| O|  |TAMS 0x0000000081a00000, 0x0000000081900000| Untracked 
|  26|0x0000000081a00000, 0x0000000081b00000, 0x0000000081b00000|100%| O|  |TAMS 0x0000000081b00000, 0x0000000081a00000| Untracked 
|  27|0x0000000081b00000, 0x0000000081c00000, 0x0000000081c00000|100%| O|  |TAMS 0x0000000081c00000, 0x0000000081b00000| Untracked 
|  28|0x0000000081c00000, 0x0000000081d00000, 0x0000000081d00000|100%|HS|  |TAMS 0x0000000081d00000, 0x0000000081c00000| Complete 
|  29|0x0000000081d00000, 0x0000000081e00000, 0x0000000081e00000|100%|HC|  |TAMS 0x0000000081e00000, 0x0000000081d00000| Complete 
|  30|0x0000000081e00000, 0x0000000081f00000, 0x0000000081f00000|100%|HC|  |TAMS 0x0000000081f00000, 0x0000000081e00000| Complete 
|  31|0x0000000081f00000, 0x0000000082000000, 0x0000000082000000|100%| O|  |TAMS 0x0000000082000000, 0x0000000081f00000| Untracked 
|  32|0x0000000082000000, 0x0000000082100000, 0x0000000082100000|100%| O|  |TAMS 0x0000000082000000, 0x0000000082000000| Untracked 
|  33|0x0000000082100000, 0x0000000082200000, 0x0000000082200000|100%|HS|  |TAMS 0x0000000082200000, 0x0000000082100000| Complete 
|  34|0x0000000082200000, 0x0000000082300000, 0x0000000082300000|100%|HC|  |TAMS 0x0000000082300000, 0x0000000082200000| Complete 
|  35|0x0000000082300000, 0x0000000082400000, 0x0000000082400000|100%|HC|  |TAMS 0x0000000082400000, 0x0000000082300000| Complete 
|  36|0x0000000082400000, 0x0000000082500000, 0x0000000082500000|100%|HC|  |TAMS 0x0000000082500000, 0x0000000082400000| Complete 
|  37|0x0000000082500000, 0x0000000082600000, 0x0000000082600000|100%|HC|  |TAMS 0x0000000082600000, 0x0000000082500000| Complete 
|  38|0x0000000082600000, 0x0000000082700000, 0x0000000082700000|100%|HC|  |TAMS 0x0000000082700000, 0x0000000082600000| Complete 
|  39|0x0000000082700000, 0x0000000082800000, 0x0000000082800000|100%|HC|  |TAMS 0x0000000082800000, 0x0000000082700000| Complete 
|  40|0x0000000082800000, 0x0000000082900000, 0x0000000082900000|100%|HC|  |TAMS 0x0000000082900000, 0x0000000082800000| Complete 
|  41|0x0000000082900000, 0x0000000082a00000, 0x0000000082a00000|100%|HC|  |TAMS 0x0000000082a00000, 0x0000000082900000| Complete 
|  42|0x0000000082a00000, 0x0000000082b00000, 0x0000000082b00000|100%|HC|  |TAMS 0x0000000082b00000, 0x0000000082a00000| Complete 
|  43|0x0000000082b00000, 0x0000000082c00000, 0x0000000082c00000|100%|HC|  |TAMS 0x0000000082c00000, 0x0000000082b00000| Complete 
|  44|0x0000000082c00000, 0x0000000082d00000, 0x0000000082d00000|100%|HC|  |TAMS 0x0000000082d00000, 0x0000000082c00000| Complete 
|  45|0x0000000082d00000, 0x0000000082e00000, 0x0000000082e00000|100%|HS|  |TAMS 0x0000000082e00000, 0x0000000082d00000| Complete 
|  46|0x0000000082e00000, 0x0000000082f00000, 0x0000000082f00000|100%|HC|  |TAMS 0x0000000082f00000, 0x0000000082e00000| Complete 
|  47|0x0000000082f00000, 0x0000000083000000, 0x0000000083000000|100%| O|  |TAMS 0x0000000083000000, 0x0000000082f00000| Untracked 
|  48|0x0000000083000000, 0x0000000083100000, 0x0000000083100000|100%| O|  |TAMS 0x0000000083100000, 0x0000000083000000| Untracked 
|  49|0x0000000083100000, 0x0000000083200000, 0x0000000083200000|100%| O|  |TAMS 0x0000000083200000, 0x0000000083100000| Untracked 
|  50|0x0000000083200000, 0x0000000083300000, 0x0000000083300000|100%| O|  |TAMS 0x0000000083300000, 0x0000000083200000| Untracked 
|  51|0x0000000083300000, 0x0000000083400000, 0x0000000083400000|100%| O|  |TAMS 0x0000000083400000, 0x0000000083300000| Untracked 
|  52|0x0000000083400000, 0x0000000083500000, 0x0000000083500000|100%| O|  |TAMS 0x0000000083500000, 0x0000000083400000| Untracked 
|  53|0x0000000083500000, 0x0000000083600000, 0x0000000083600000|100%| O|  |TAMS 0x0000000083600000, 0x0000000083500000| Untracked 
|  54|0x0000000083600000, 0x0000000083700000, 0x0000000083700000|100%| O|  |TAMS 0x0000000083700000, 0x0000000083600000| Untracked 
|  55|0x0000000083700000, 0x0000000083800000, 0x0000000083800000|100%| O|  |TAMS 0x0000000083800000, 0x0000000083700000| Untracked 
|  56|0x0000000083800000, 0x0000000083900000, 0x0000000083900000|100%|HS|  |TAMS 0x0000000083900000, 0x0000000083800000| Complete 
|  57|0x0000000083900000, 0x0000000083a00000, 0x0000000083a00000|100%|HC|  |TAMS 0x0000000083a00000, 0x0000000083900000| Complete 
|  58|0x0000000083a00000, 0x0000000083b00000, 0x0000000083b00000|100%|HC|  |TAMS 0x0000000083b00000, 0x0000000083a00000| Complete 
|  59|0x0000000083b00000, 0x0000000083c00000, 0x0000000083c00000|100%|HS|  |TAMS 0x0000000083c00000, 0x0000000083b00000| Complete 
|  60|0x0000000083c00000, 0x0000000083d00000, 0x0000000083d00000|100%|HC|  |TAMS 0x0000000083d00000, 0x0000000083c00000| Complete 
|  61|0x0000000083d00000, 0x0000000083e00000, 0x0000000083e00000|100%|HC|  |TAMS 0x0000000083e00000, 0x0000000083d00000| Complete 
|  62|0x0000000083e00000, 0x0000000083f00000, 0x0000000083f00000|100%| O|  |TAMS 0x0000000083f00000, 0x0000000083e00000| Untracked 
|  63|0x0000000083f00000, 0x0000000084000000, 0x0000000084000000|100%| O|  |TAMS 0x0000000084000000, 0x0000000083f00000| Untracked 
|  64|0x0000000084000000, 0x0000000084100000, 0x0000000084100000|100%| O|  |TAMS 0x0000000084100000, 0x0000000084000000| Untracked 
|  65|0x0000000084100000, 0x0000000084200000, 0x0000000084200000|100%| O|  |TAMS 0x0000000084200000, 0x0000000084100000| Untracked 
|  66|0x0000000084200000, 0x0000000084300000, 0x0000000084300000|100%| O|  |TAMS 0x0000000084300000, 0x0000000084200000| Untracked 
|  67|0x0000000084300000, 0x0000000084400000, 0x0000000084400000|100%| O|  |TAMS 0x0000000084400000, 0x0000000084300000| Untracked 
|  68|0x0000000084400000, 0x0000000084500000, 0x0000000084500000|100%| O|  |TAMS 0x0000000084500000, 0x0000000084400000| Untracked 
|  69|0x0000000084500000, 0x0000000084600000, 0x0000000084600000|100%| O|  |TAMS 0x0000000084600000, 0x0000000084500000| Untracked 
|  70|0x0000000084600000, 0x0000000084700000, 0x0000000084700000|100%|HS|  |TAMS 0x0000000084700000, 0x0000000084600000| Complete 
|  71|0x0000000084700000, 0x0000000084800000, 0x0000000084800000|100%|HS|  |TAMS 0x0000000084800000, 0x0000000084700000| Complete 
|  72|0x0000000084800000, 0x0000000084900000, 0x0000000084900000|100%| O|  |TAMS 0x0000000084900000, 0x0000000084800000| Untracked 
|  73|0x0000000084900000, 0x0000000084a00000, 0x0000000084a00000|100%| O|  |TAMS 0x0000000084a00000, 0x0000000084900000| Untracked 
|  74|0x0000000084a00000, 0x0000000084b00000, 0x0000000084b00000|100%|HS|  |TAMS 0x0000000084b00000, 0x0000000084a00000| Complete 
|  75|0x0000000084b00000, 0x0000000084c00000, 0x0000000084c00000|100%| O|  |TAMS 0x0000000084c00000, 0x0000000084b00000| Untracked 
|  76|0x0000000084c00000, 0x0000000084d00000, 0x0000000084d00000|100%| O|  |TAMS 0x0000000084d00000, 0x0000000084c00000| Untracked 
|  77|0x0000000084d00000, 0x0000000084e00000, 0x0000000084e00000|100%| O|  |TAMS 0x0000000084e00000, 0x0000000084d00000| Untracked 
|  78|0x0000000084e00000, 0x0000000084f00000, 0x0000000084f00000|100%| O|  |TAMS 0x0000000084f00000, 0x0000000084e00000| Untracked 
|  79|0x0000000084f00000, 0x0000000085000000, 0x0000000085000000|100%| O|  |TAMS 0x0000000085000000, 0x0000000084f00000| Untracked 
|  80|0x0000000085000000, 0x0000000085100000, 0x0000000085100000|100%| O|  |TAMS 0x0000000085100000, 0x0000000085000000| Untracked 
|  81|0x0000000085100000, 0x0000000085200000, 0x0000000085200000|100%| O|  |TAMS 0x0000000085200000, 0x0000000085100000| Untracked 
|  82|0x0000000085200000, 0x0000000085300000, 0x0000000085300000|100%| O|  |TAMS 0x0000000085300000, 0x0000000085200000| Untracked 
|  83|0x0000000085300000, 0x0000000085400000, 0x0000000085400000|100%| O|  |TAMS 0x0000000085300000, 0x0000000085300000| Untracked 
|  84|0x0000000085400000, 0x0000000085451000, 0x0000000085500000| 31%| O|  |TAMS 0x0000000085400000, 0x0000000085400000| Untracked 
|  85|0x0000000085500000, 0x0000000085500000, 0x0000000085600000|  0%| F|  |TAMS 0x0000000085500000, 0x0000000085500000| Untracked 
|  86|0x0000000085600000, 0x0000000085700000, 0x0000000085700000|100%| O|  |TAMS 0x0000000085700000, 0x0000000085600000| Untracked 
|  87|0x0000000085700000, 0x0000000085700000, 0x0000000085800000|  0%| F|  |TAMS 0x0000000085700000, 0x0000000085700000| Untracked 
|  88|0x0000000085800000, 0x0000000085900000, 0x0000000085900000|100%| O|  |TAMS 0x0000000085900000, 0x0000000085800000| Untracked 
|  89|0x0000000085900000, 0x0000000085a00000, 0x0000000085a00000|100%| O|  |TAMS 0x0000000085a00000, 0x0000000085900000| Untracked 
|  90|0x0000000085a00000, 0x0000000085b00000, 0x0000000085b00000|100%| O|  |TAMS 0x0000000085b00000, 0x0000000085a00000| Untracked 
|  91|0x0000000085b00000, 0x0000000085b00000, 0x0000000085c00000|  0%| F|  |TAMS 0x0000000085b00000, 0x0000000085b00000| Untracked 
|  92|0x0000000085c00000, 0x0000000085d00000, 0x0000000085d00000|100%| O|  |TAMS 0x0000000085cb1000, 0x0000000085c00000| Untracked 
|  93|0x0000000085d00000, 0x0000000085d00000, 0x0000000085e00000|  0%| F|  |TAMS 0x0000000085d00000, 0x0000000085d00000| Untracked 
|  94|0x0000000085e00000, 0x0000000085e00000, 0x0000000085f00000|  0%| F|  |TAMS 0x0000000085e00000, 0x0000000085e00000| Untracked 
|  95|0x0000000085f00000, 0x0000000085f00000, 0x0000000086000000|  0%| F|  |TAMS 0x0000000085f00000, 0x0000000085f00000| Untracked 
|  96|0x0000000086000000, 0x0000000086000000, 0x0000000086100000|  0%| F|  |TAMS 0x0000000086000000, 0x0000000086000000| Untracked 
|  97|0x0000000086100000, 0x0000000086100000, 0x0000000086200000|  0%| F|  |TAMS 0x0000000086100000, 0x0000000086100000| Untracked 
|  98|0x0000000086200000, 0x0000000086200000, 0x0000000086300000|  0%| F|  |TAMS 0x0000000086200000, 0x0000000086200000| Untracked 
|  99|0x0000000086300000, 0x0000000086300000, 0x0000000086400000|  0%| F|  |TAMS 0x0000000086300000, 0x0000000086300000| Untracked 
| 100|0x0000000086400000, 0x0000000086400000, 0x0000000086500000|  0%| F|  |TAMS 0x0000000086400000, 0x0000000086400000| Untracked 
| 101|0x0000000086500000, 0x0000000086500000, 0x0000000086600000|  0%| F|  |TAMS 0x0000000086500000, 0x0000000086500000| Untracked 
| 102|0x0000000086600000, 0x0000000086600000, 0x0000000086700000|  0%| F|  |TAMS 0x0000000086600000, 0x0000000086600000| Untracked 
| 103|0x0000000086700000, 0x0000000086700000, 0x0000000086800000|  0%| F|  |TAMS 0x0000000086700000, 0x0000000086700000| Untracked 
| 104|0x0000000086800000, 0x0000000086800000, 0x0000000086900000|  0%| F|  |TAMS 0x0000000086800000, 0x0000000086800000| Untracked 
| 105|0x0000000086900000, 0x0000000086900000, 0x0000000086a00000|  0%| F|  |TAMS 0x0000000086900000, 0x0000000086900000| Untracked 
| 106|0x0000000086a00000, 0x0000000086a00000, 0x0000000086b00000|  0%| F|  |TAMS 0x0000000086a00000, 0x0000000086a00000| Untracked 
| 107|0x0000000086b00000, 0x0000000086b00000, 0x0000000086c00000|  0%| F|  |TAMS 0x0000000086b00000, 0x0000000086b00000| Untracked 
| 108|0x0000000086c00000, 0x0000000086c00000, 0x0000000086d00000|  0%| F|  |TAMS 0x0000000086c00000, 0x0000000086c00000| Untracked 
| 109|0x0000000086d00000, 0x0000000086d00000, 0x0000000086e00000|  0%| F|  |TAMS 0x0000000086d00000, 0x0000000086d00000| Untracked 
| 110|0x0000000086e00000, 0x0000000086e00000, 0x0000000086f00000|  0%| F|  |TAMS 0x0000000086e00000, 0x0000000086e00000| Untracked 
| 111|0x0000000086f00000, 0x0000000086f00000, 0x0000000087000000|  0%| F|  |TAMS 0x0000000086f00000, 0x0000000086f00000| Untracked 
| 112|0x0000000087000000, 0x0000000087000000, 0x0000000087100000|  0%| F|  |TAMS 0x0000000087000000, 0x0000000087000000| Untracked 
| 113|0x0000000087100000, 0x0000000087100000, 0x0000000087200000|  0%| F|  |TAMS 0x0000000087100000, 0x0000000087100000| Untracked 
| 114|0x0000000087200000, 0x0000000087200000, 0x0000000087300000|  0%| F|  |TAMS 0x0000000087200000, 0x0000000087200000| Untracked 
| 115|0x0000000087300000, 0x0000000087300000, 0x0000000087400000|  0%| F|  |TAMS 0x0000000087300000, 0x0000000087300000| Untracked 
| 116|0x0000000087400000, 0x0000000087400000, 0x0000000087500000|  0%| F|  |TAMS 0x0000000087400000, 0x0000000087400000| Untracked 
| 117|0x0000000087500000, 0x0000000087500000, 0x0000000087600000|  0%| F|  |TAMS 0x0000000087500000, 0x0000000087500000| Untracked 
| 118|0x0000000087600000, 0x0000000087600000, 0x0000000087700000|  0%| F|  |TAMS 0x0000000087600000, 0x0000000087600000| Untracked 
| 119|0x0000000087700000, 0x0000000087700000, 0x0000000087800000|  0%| F|  |TAMS 0x0000000087700000, 0x0000000087700000| Untracked 
| 120|0x0000000087800000, 0x0000000087800000, 0x0000000087900000|  0%| F|  |TAMS 0x0000000087800000, 0x0000000087800000| Untracked 
| 121|0x0000000087900000, 0x0000000087900000, 0x0000000087a00000|  0%| F|  |TAMS 0x0000000087900000, 0x0000000087900000| Untracked 
| 122|0x0000000087a00000, 0x0000000087a00000, 0x0000000087b00000|  0%| F|  |TAMS 0x0000000087a00000, 0x0000000087a00000| Untracked 
| 123|0x0000000087b00000, 0x0000000087b00000, 0x0000000087c00000|  0%| F|  |TAMS 0x0000000087b00000, 0x0000000087b00000| Untracked 
| 124|0x0000000087c00000, 0x0000000087c00000, 0x0000000087d00000|  0%| F|  |TAMS 0x0000000087c00000, 0x0000000087c00000| Untracked 
| 125|0x0000000087d00000, 0x0000000087d00000, 0x0000000087e00000|  0%| F|  |TAMS 0x0000000087d00000, 0x0000000087d00000| Untracked 
| 126|0x0000000087e00000, 0x0000000087e00000, 0x0000000087f00000|  0%| F|  |TAMS 0x0000000087e00000, 0x0000000087e00000| Untracked 
| 127|0x0000000087f00000, 0x0000000087f00000, 0x0000000088000000|  0%| F|  |TAMS 0x0000000087f00000, 0x0000000087f00000| Untracked 
| 128|0x0000000088000000, 0x0000000088000000, 0x0000000088100000|  0%| F|  |TAMS 0x0000000088000000, 0x0000000088000000| Untracked 
| 129|0x0000000088100000, 0x0000000088100000, 0x0000000088200000|  0%| F|  |TAMS 0x0000000088100000, 0x0000000088100000| Untracked 
| 130|0x0000000088200000, 0x0000000088200000, 0x0000000088300000|  0%| F|  |TAMS 0x0000000088200000, 0x0000000088200000| Untracked 
| 131|0x0000000088300000, 0x0000000088300000, 0x0000000088400000|  0%| F|  |TAMS 0x0000000088300000, 0x0000000088300000| Untracked 
| 132|0x0000000088400000, 0x0000000088400000, 0x0000000088500000|  0%| F|  |TAMS 0x0000000088400000, 0x0000000088400000| Untracked 
| 133|0x0000000088500000, 0x0000000088500000, 0x0000000088600000|  0%| F|  |TAMS 0x0000000088500000, 0x0000000088500000| Untracked 
| 134|0x0000000088600000, 0x0000000088600000, 0x0000000088700000|  0%| F|  |TAMS 0x0000000088600000, 0x0000000088600000| Untracked 
| 135|0x0000000088700000, 0x0000000088700000, 0x0000000088800000|  0%| F|  |TAMS 0x0000000088700000, 0x0000000088700000| Untracked 
| 136|0x0000000088800000, 0x0000000088800000, 0x0000000088900000|  0%| F|  |TAMS 0x0000000088800000, 0x0000000088800000| Untracked 
| 137|0x0000000088900000, 0x0000000088900000, 0x0000000088a00000|  0%| F|  |TAMS 0x0000000088900000, 0x0000000088900000| Untracked 
| 138|0x0000000088a00000, 0x0000000088a00000, 0x0000000088b00000|  0%| F|  |TAMS 0x0000000088a00000, 0x0000000088a00000| Untracked 
| 139|0x0000000088b00000, 0x0000000088b00000, 0x0000000088c00000|  0%| F|  |TAMS 0x0000000088b00000, 0x0000000088b00000| Untracked 
| 140|0x0000000088c00000, 0x0000000088c00000, 0x0000000088d00000|  0%| F|  |TAMS 0x0000000088c00000, 0x0000000088c00000| Untracked 
| 141|0x0000000088d00000, 0x0000000088d00000, 0x0000000088e00000|  0%| F|  |TAMS 0x0000000088d00000, 0x0000000088d00000| Untracked 
| 142|0x0000000088e00000, 0x0000000088e00000, 0x0000000088f00000|  0%| F|  |TAMS 0x0000000088e00000, 0x0000000088e00000| Untracked 
| 143|0x0000000088f00000, 0x0000000088f00000, 0x0000000089000000|  0%| F|  |TAMS 0x0000000088f00000, 0x0000000088f00000| Untracked 
| 144|0x0000000089000000, 0x0000000089000000, 0x0000000089100000|  0%| F|  |TAMS 0x0000000089000000, 0x0000000089000000| Untracked 
| 145|0x0000000089100000, 0x0000000089100000, 0x0000000089200000|  0%| F|  |TAMS 0x0000000089100000, 0x0000000089100000| Untracked 
| 146|0x0000000089200000, 0x0000000089200000, 0x0000000089300000|  0%| F|  |TAMS 0x0000000089200000, 0x0000000089200000| Untracked 
| 147|0x0000000089300000, 0x0000000089300000, 0x0000000089400000|  0%| F|  |TAMS 0x0000000089300000, 0x0000000089300000| Untracked 
| 148|0x0000000089400000, 0x0000000089400000, 0x0000000089500000|  0%| F|  |TAMS 0x0000000089400000, 0x0000000089400000| Untracked 
| 149|0x0000000089500000, 0x0000000089500000, 0x0000000089600000|  0%| F|  |TAMS 0x0000000089500000, 0x0000000089500000| Untracked 
| 150|0x0000000089600000, 0x0000000089600000, 0x0000000089700000|  0%| F|  |TAMS 0x0000000089600000, 0x0000000089600000| Untracked 
| 151|0x0000000089700000, 0x0000000089700000, 0x0000000089800000|  0%| F|  |TAMS 0x0000000089700000, 0x0000000089700000| Untracked 
| 152|0x0000000089800000, 0x0000000089800000, 0x0000000089900000|  0%| F|  |TAMS 0x0000000089800000, 0x0000000089800000| Untracked 
| 153|0x0000000089900000, 0x0000000089900000, 0x0000000089a00000|  0%| F|  |TAMS 0x0000000089900000, 0x0000000089900000| Untracked 
| 154|0x0000000089a00000, 0x0000000089a00000, 0x0000000089b00000|  0%| F|  |TAMS 0x0000000089a00000, 0x0000000089a00000| Untracked 
| 155|0x0000000089b00000, 0x0000000089b00000, 0x0000000089c00000|  0%| F|  |TAMS 0x0000000089b00000, 0x0000000089b00000| Untracked 
| 156|0x0000000089c00000, 0x0000000089c00000, 0x0000000089d00000|  0%| F|  |TAMS 0x0000000089c00000, 0x0000000089c00000| Untracked 
| 157|0x0000000089d00000, 0x0000000089d00000, 0x0000000089e00000|  0%| F|  |TAMS 0x0000000089d00000, 0x0000000089d00000| Untracked 
| 158|0x0000000089e00000, 0x0000000089e00000, 0x0000000089f00000|  0%| F|  |TAMS 0x0000000089e00000, 0x0000000089e00000| Untracked 
| 159|0x0000000089f00000, 0x0000000089f00000, 0x000000008a000000|  0%| F|  |TAMS 0x0000000089f00000, 0x0000000089f00000| Untracked 
| 160|0x000000008a000000, 0x000000008a000000, 0x000000008a100000|  0%| F|  |TAMS 0x000000008a000000, 0x000000008a000000| Untracked 
| 161|0x000000008a100000, 0x000000008a100000, 0x000000008a200000|  0%| F|  |TAMS 0x000000008a100000, 0x000000008a100000| Untracked 
| 162|0x000000008a200000, 0x000000008a200000, 0x000000008a300000|  0%| F|  |TAMS 0x000000008a200000, 0x000000008a200000| Untracked 
| 163|0x000000008a300000, 0x000000008a300000, 0x000000008a400000|  0%| F|  |TAMS 0x000000008a300000, 0x000000008a300000| Untracked 
| 164|0x000000008a400000, 0x000000008a400000, 0x000000008a500000|  0%| F|  |TAMS 0x000000008a400000, 0x000000008a400000| Untracked 
| 165|0x000000008a500000, 0x000000008a500000, 0x000000008a600000|  0%| F|  |TAMS 0x000000008a500000, 0x000000008a500000| Untracked 
| 166|0x000000008a600000, 0x000000008a600000, 0x000000008a700000|  0%| F|  |TAMS 0x000000008a600000, 0x000000008a600000| Untracked 
| 167|0x000000008a700000, 0x000000008a700000, 0x000000008a800000|  0%| F|  |TAMS 0x000000008a700000, 0x000000008a700000| Untracked 
| 168|0x000000008a800000, 0x000000008a800000, 0x000000008a900000|  0%| F|  |TAMS 0x000000008a800000, 0x000000008a800000| Untracked 
| 169|0x000000008a900000, 0x000000008a900000, 0x000000008aa00000|  0%| F|  |TAMS 0x000000008a900000, 0x000000008a900000| Untracked 
| 170|0x000000008aa00000, 0x000000008aa00000, 0x000000008ab00000|  0%| F|  |TAMS 0x000000008aa00000, 0x000000008aa00000| Untracked 
| 171|0x000000008ab00000, 0x000000008ab00000, 0x000000008ac00000|  0%| F|  |TAMS 0x000000008ab00000, 0x000000008ab00000| Untracked 
| 172|0x000000008ac00000, 0x000000008ac00000, 0x000000008ad00000|  0%| F|  |TAMS 0x000000008ac00000, 0x000000008ac00000| Untracked 
| 173|0x000000008ad00000, 0x000000008ad00000, 0x000000008ae00000|  0%| F|  |TAMS 0x000000008ad00000, 0x000000008ad00000| Untracked 
| 174|0x000000008ae00000, 0x000000008ae00000, 0x000000008af00000|  0%| F|  |TAMS 0x000000008ae00000, 0x000000008ae00000| Untracked 
| 175|0x000000008af00000, 0x000000008af00000, 0x000000008b000000|  0%| F|  |TAMS 0x000000008af00000, 0x000000008af00000| Untracked 
| 176|0x000000008b000000, 0x000000008b000000, 0x000000008b100000|  0%| F|  |TAMS 0x000000008b000000, 0x000000008b000000| Untracked 
| 177|0x000000008b100000, 0x000000008b175000, 0x000000008b200000| 45%| S|CS|TAMS 0x000000008b100000, 0x000000008b100000| Complete 
| 178|0x000000008b200000, 0x000000008b200000, 0x000000008b300000|  0%| F|  |TAMS 0x000000008b200000, 0x000000008b200000| Untracked 
| 179|0x000000008b300000, 0x000000008b300000, 0x000000008b400000|  0%| F|  |TAMS 0x000000008b300000, 0x000000008b300000| Untracked 
| 221|0x000000008dd00000, 0x000000008dd00000, 0x000000008de00000|  0%| F|  |TAMS 0x000000008dd00000, 0x000000008dd00000| Untracked 

Card table byte_map: [0x0000017441790000,0x0000017441b90000] _byte_map_base: 0x0000017441390000

Marking Bits (Prev, Next): (CMBitMap*) 0x000001742e9dbed0, (CMBitMap*) 0x000001742e9dbe90
 Prev Bits: [0x0000017443f90000, 0x0000017445f90000)
 Next Bits: [0x0000017441f90000, 0x0000017443f90000)

Polling page: 0x000001742c8b0000

Metaspace:

Usage:
  Non-class:     61.64 MB used.
      Class:      9.48 MB used.
       Both:     71.12 MB used.

Virtual space:
  Non-class space:       64.00 MB reserved,      62.00 MB ( 97%) committed,  8 nodes.
      Class space:        1.00 GB reserved,       9.75 MB ( <1%) committed,  1 nodes.
             Both:        1.06 GB reserved,      71.75 MB (  7%) committed. 

Chunk freelists:
   Non-Class:  1.73 MB
       Class:  2.19 MB
        Both:  3.92 MB

MaxMetaspaceSize: unlimited
CompressedClassSpaceSize: 1.00 GB
Initial GC threshold: 21.00 MB
Current GC threshold: 115.12 MB
CDS: off
MetaspaceReclaimPolicy: balanced
 - commit_granule_bytes: 65536.
 - commit_granule_words: 8192.
 - virtual_space_node_default_size: 1048576.
 - enlarge_chunks_in_place: 1.
 - new_chunks_are_fully_committed: 0.
 - uncommit_free_chunks: 1.
 - use_allocation_guard: 0.
 - handle_deallocations: 1.


Internal statistics:

num_allocs_failed_limit: 3.
num_arena_births: 822.
num_arena_deaths: 0.
num_vsnodes_births: 9.
num_vsnodes_deaths: 0.
num_space_committed: 1148.
num_space_uncommitted: 0.
num_chunks_returned_to_freelist: 3.
num_chunks_taken_from_freelist: 3307.
num_chunk_merges: 3.
num_chunk_splits: 2201.
num_chunks_enlarged: 1497.
num_purges: 0.
num_inconsistent_stats: 0.

CodeHeap 'non-profiled nmethods': size=120000Kb used=3836Kb max_used=3836Kb free=116163Kb
 bounds [0x0000017439910000, 0x0000017439cd0000, 0x0000017440e40000]
CodeHeap 'profiled nmethods': size=120000Kb used=12426Kb max_used=12426Kb free=107574Kb
 bounds [0x0000017431e40000, 0x0000017432a70000, 0x0000017439370000]
CodeHeap 'non-nmethods': size=5760Kb used=2369Kb max_used=2428Kb free=3390Kb
 bounds [0x0000017439370000, 0x00000174395f0000, 0x0000017439910000]
 total_blobs=7242 nmethods=6343 adapters=811
 compilation: enabled
              stopped_count=0, restarted_count=0
 full_count=0

Compilation events (20 events):
Event: 10.561 Thread 0x00000174498b0130 nmethod 7143 0x0000017432a60990 code [0x0000017432a60b60, 0x0000017432a60ff8]
Event: 10.583 Thread 0x00000174498abd80 nmethod 7020% 0x0000017439cb6890 code [0x0000017439cb6ec0, 0x0000017439cbdfc8]
Event: 10.605 Thread 0x000001744beea7d0 nmethod 7048 0x0000017439cc2210 code [0x0000017439cc2ae0, 0x0000017439cc9448]
Event: 10.607 Thread 0x00000174498b0130 7144       1       java.util.zip.ZipFile$ZipFileInputStream::size (5 bytes)
Event: 10.607 Thread 0x00000174498b0130 nmethod 7144 0x0000017439ccd790 code [0x0000017439ccd920, 0x0000017439ccd9f8]
Event: 10.613 Thread 0x000001744beea7d0 7145       4       java.security.SecureClassLoader::getProtectionDomain (38 bytes)
Event: 10.613 Thread 0x000001744ce82860 7146       4       sun.net.www.protocol.jar.Handler::indexOfBangSlash (52 bytes)
Event: 10.613 Thread 0x00000174498abd80 7147       4       java.net.URLStreamHandler::setURL (159 bytes)
Event: 10.615 Thread 0x000001744beea7d0 nmethod 7145 0x0000017439ccda90 code [0x0000017439ccdc40, 0x0000017439ccde48]
Event: 10.617 Thread 0x00000174498abd80 nmethod 7147 0x0000017439cce010 code [0x0000017439cce1a0, 0x0000017439cce4a8]
Event: 10.617 Thread 0x000001744ce82860 nmethod 7146 0x0000017439cce810 code [0x0000017439cce9a0, 0x0000017439ccebd8]
Event: 10.626 Thread 0x00000174498b0130 7148       3       kotlin.reflect.jvm.internal.ReflectProperties::lazySoft (18 bytes)
Event: 10.626 Thread 0x00000174498b0130 nmethod 7148 0x0000017432a61190 code [0x0000017432a61340, 0x0000017432a61538]
Event: 10.626 Thread 0x00000174498b0130 7149       3       kotlin.reflect.jvm.internal.ReflectProperties$LazySoftVal::<init> (43 bytes)
Event: 10.626 Thread 0x00000174498b0130 nmethod 7149 0x0000017432a61610 code [0x0000017432a61820, 0x0000017432a62008]
Event: 10.626 Thread 0x00000174498b0130 7150       3       kotlin.reflect.jvm.internal.ReflectProperties::lazySoft (14 bytes)
Event: 10.627 Thread 0x00000174498b0130 nmethod 7150 0x0000017432a62210 code [0x0000017432a623e0, 0x0000017432a626a8]
Event: 10.627 Thread 0x00000174498b0130 7151       1       kotlin.reflect.jvm.internal.KClassImpl::getJClass (5 bytes)
Event: 10.627 Thread 0x00000174498b0130 nmethod 7151 0x0000017439ccee10 code [0x0000017439ccefa0, 0x0000017439ccf078]
Event: 10.628 Thread 0x000001744beea7d0 7152   !   4       java.net.URL::<init> (543 bytes)

GC Heap History (20 events):
Event: 9.206 GC heap after
{Heap after GC invocations=26 (full 0):
 garbage-first heap   total 144384K, used 74585K [0x0000000080000000, 0x0000000100000000)
  region size 1024K, 4 young (4096K), 4 survivors (4096K)
 Metaspace       used 56233K, committed 56896K, reserved 1105920K
  class space    used 7553K, committed 7872K, reserved 1048576K
}
Event: 9.232 GC heap before
{Heap before GC invocations=27 (full 0):
 garbage-first heap   total 144384K, used 77657K [0x0000000080000000, 0x0000000100000000)
  region size 1024K, 6 young (6144K), 4 survivors (4096K)
 Metaspace       used 56280K, committed 56960K, reserved 1105920K
  class space    used 7560K, committed 7872K, reserved 1048576K
}
Event: 9.234 GC heap after
{Heap after GC invocations=28 (full 0):
 garbage-first heap   total 144384K, used 78025K [0x0000000080000000, 0x0000000100000000)
  region size 1024K, 3 young (3072K), 3 survivors (3072K)
 Metaspace       used 56280K, committed 56960K, reserved 1105920K
  class space    used 7560K, committed 7872K, reserved 1048576K
}
Event: 9.291 GC heap before
{Heap before GC invocations=29 (full 0):
 garbage-first heap   total 144384K, used 83145K [0x0000000080000000, 0x0000000100000000)
  region size 1024K, 9 young (9216K), 3 survivors (3072K)
 Metaspace       used 56573K, committed 57152K, reserved 1105920K
  class space    used 7611K, committed 7872K, reserved 1048576K
}
Event: 9.293 GC heap after
{Heap after GC invocations=30 (full 0):
 garbage-first heap   total 144384K, used 81714K [0x0000000080000000, 0x0000000100000000)
  region size 1024K, 4 young (4096K), 4 survivors (4096K)
 Metaspace       used 56573K, committed 57152K, reserved 1105920K
  class space    used 7611K, committed 7872K, reserved 1048576K
}
Event: 9.509 GC heap before
{Heap before GC invocations=31 (full 0):
 garbage-first heap   total 144384K, used 106290K [0x0000000080000000, 0x0000000100000000)
  region size 1024K, 27 young (27648K), 4 survivors (4096K)
 Metaspace       used 59413K, committed 60032K, reserved 1105920K
  class space    used 7992K, committed 8256K, reserved 1048576K
}
Event: 9.511 GC heap after
{Heap after GC invocations=32 (full 0):
 garbage-first heap   total 144384K, used 83428K [0x0000000080000000, 0x0000000100000000)
  region size 1024K, 3 young (3072K), 3 survivors (3072K)
 Metaspace       used 59413K, committed 60032K, reserved 1105920K
  class space    used 7992K, committed 8256K, reserved 1048576K
}
Event: 9.550 GC heap before
{Heap before GC invocations=32 (full 0):
 garbage-first heap   total 144384K, used 86500K [0x0000000080000000, 0x0000000100000000)
  region size 1024K, 7 young (7168K), 3 survivors (3072K)
 Metaspace       used 60097K, committed 60736K, reserved 1105920K
  class space    used 8069K, committed 8384K, reserved 1048576K
}
Event: 9.552 GC heap after
{Heap after GC invocations=33 (full 0):
 garbage-first heap   total 144384K, used 83150K [0x0000000080000000, 0x0000000100000000)
  region size 1024K, 1 young (1024K), 1 survivors (1024K)
 Metaspace       used 60097K, committed 60736K, reserved 1105920K
  class space    used 8069K, committed 8384K, reserved 1048576K
}
Event: 9.848 GC heap before
{Heap before GC invocations=33 (full 0):
 garbage-first heap   total 144384K, used 106702K [0x0000000080000000, 0x0000000100000000)
  region size 1024K, 24 young (24576K), 1 survivors (1024K)
 Metaspace       used 63969K, committed 64576K, reserved 1105920K
  class space    used 8509K, committed 8768K, reserved 1048576K
}
Event: 9.850 GC heap after
{Heap after GC invocations=34 (full 0):
 garbage-first heap   total 144384K, used 83977K [0x0000000080000000, 0x0000000100000000)
  region size 1024K, 2 young (2048K), 2 survivors (2048K)
 Metaspace       used 63969K, committed 64576K, reserved 1105920K
  class space    used 8509K, committed 8768K, reserved 1048576K
}
Event: 10.095 GC heap before
{Heap before GC invocations=35 (full 0):
 garbage-first heap   total 147456K, used 112649K [0x0000000080000000, 0x0000000100000000)
  region size 1024K, 27 young (27648K), 2 survivors (2048K)
 Metaspace       used 67637K, committed 68352K, reserved 1114112K
  class space    used 8991K, committed 9280K, reserved 1048576K
}
Event: 10.098 GC heap after
{Heap after GC invocations=36 (full 0):
 garbage-first heap   total 147456K, used 91245K [0x0000000080000000, 0x0000000100000000)
  region size 1024K, 4 young (4096K), 4 survivors (4096K)
 Metaspace       used 67637K, committed 68352K, reserved 1114112K
  class space    used 8991K, committed 9280K, reserved 1048576K
}
Event: 10.103 GC heap before
{Heap before GC invocations=36 (full 0):
 garbage-first heap   total 147456K, used 96365K [0x0000000080000000, 0x0000000100000000)
  region size 1024K, 7 young (7168K), 4 survivors (4096K)
 Metaspace       used 67637K, committed 68352K, reserved 1114112K
  class space    used 8991K, committed 9280K, reserved 1048576K
}
Event: 10.106 GC heap after
{Heap after GC invocations=37 (full 0):
 garbage-first heap   total 147456K, used 93892K [0x0000000080000000, 0x0000000100000000)
  region size 1024K, 1 young (1024K), 1 survivors (1024K)
 Metaspace       used 67637K, committed 68352K, reserved 1114112K
  class space    used 8991K, committed 9280K, reserved 1048576K
}
Event: 10.373 GC heap before
{Heap before GC invocations=37 (full 0):
 garbage-first heap   total 147456K, used 116420K [0x0000000080000000, 0x0000000100000000)
  region size 1024K, 23 young (23552K), 1 survivors (1024K)
 Metaspace       used 69846K, committed 70528K, reserved 1114112K
  class space    used 9282K, committed 9600K, reserved 1048576K
}
Event: 10.375 GC heap after
{Heap after GC invocations=38 (full 0):
 garbage-first heap   total 147456K, used 94736K [0x0000000080000000, 0x0000000100000000)
  region size 1024K, 2 young (2048K), 2 survivors (2048K)
 Metaspace       used 69846K, committed 70528K, reserved 1114112K
  class space    used 9282K, committed 9600K, reserved 1048576K
}
Event: 10.601 GC heap before
{Heap before GC invocations=39 (full 0):
 garbage-first heap   total 158720K, used 115216K [0x0000000080000000, 0x0000000100000000)
  region size 1024K, 25 young (25600K), 2 survivors (2048K)
 Metaspace       used 72432K, committed 73024K, reserved 1114112K
  class space    used 9649K, committed 9920K, reserved 1048576K
}
Event: 10.604 GC heap after
{Heap after GC invocations=40 (full 0):
 garbage-first heap   total 158720K, used 91942K [0x0000000080000000, 0x0000000100000000)
  region size 1024K, 4 young (4096K), 4 survivors (4096K)
 Metaspace       used 72432K, committed 73024K, reserved 1114112K
  class space    used 9649K, committed 9920K, reserved 1048576K
}
Event: 10.629 GC heap before
{Heap before GC invocations=40 (full 0):
 garbage-first heap   total 158720K, used 93990K [0x0000000080000000, 0x0000000100000000)
  region size 1024K, 7 young (7168K), 4 survivors (4096K)
 Metaspace       used 72830K, committed 73472K, reserved 1114112K
  class space    used 9709K, committed 9984K, reserved 1048576K
}

Dll operation events (2 events):
Event: 0.018 Loaded shared library D:\Program Files\Android\Android Studio\jbr\bin\java.dll
Event: 0.736 Loaded shared library D:\Program Files\Android\Android Studio\jbr\bin\verify.dll

Deoptimization events (20 events):
Event: 10.433 Thread 0x000001744bca4030 Uncommon trap: trap_request=0xfffffff4 fr.pc=0x0000017439caf268 relative=0x0000000000000068
Event: 10.433 Thread 0x000001744bca4030 Uncommon trap: reason=null_check action=make_not_entrant pc=0x0000017439caf268 method=java.lang.Class.isAnnotation()Z @ 1 c2
Event: 10.433 Thread 0x000001744bca4030 DEOPT PACKING pc=0x0000017439caf268 sp=0x000000630a3f5010
Event: 10.433 Thread 0x000001744bca4030 DEOPT UNPACKING pc=0x00000174393c69a3 sp=0x000000630a3f4fa0 mode 2
Event: 10.469 Thread 0x000001744bca4030 Uncommon trap: trap_request=0xffffff45 fr.pc=0x0000017439b87e4c relative=0x000000000000030c
Event: 10.469 Thread 0x000001744bca4030 Uncommon trap: reason=unstable_if action=reinterpret pc=0x0000017439b87e4c method=org.gradle.internal.reflect.PropertyAccessorType.of(Ljava/lang/reflect/Method;)Lorg/gradle/internal/reflect/PropertyAccessorType; @ 56 c2
Event: 10.469 Thread 0x000001744bca4030 DEOPT PACKING pc=0x0000017439b87e4c sp=0x000000630a3f62a0
Event: 10.469 Thread 0x000001744bca4030 DEOPT UNPACKING pc=0x00000174393c69a3 sp=0x000000630a3f6260 mode 2
Event: 10.484 Thread 0x000001744bca4030 Uncommon trap: trap_request=0xffffff45 fr.pc=0x0000017439c9d1a8 relative=0x0000000000000128
Event: 10.484 Thread 0x000001744bca4030 Uncommon trap: reason=unstable_if action=reinterpret pc=0x0000017439c9d1a8 method=org.objectweb.asm.ByteVector.putByteArray([BII)Lorg/objectweb/asm/ByteVector; @ 20 c2
Event: 10.485 Thread 0x000001744bca4030 DEOPT PACKING pc=0x0000017439c9d1a8 sp=0x000000630a3f4700
Event: 10.485 Thread 0x000001744bca4030 DEOPT UNPACKING pc=0x00000174393c69a3 sp=0x000000630a3f46d0 mode 2
Event: 10.485 Thread 0x000001744bca4030 Uncommon trap: trap_request=0xffffff45 fr.pc=0x0000017439a51f34 relative=0x0000000000000a74
Event: 10.485 Thread 0x000001744bca4030 Uncommon trap: reason=unstable_if action=reinterpret pc=0x0000017439a51f34 method=org.objectweb.asm.Label.resolve([BI)Z @ 80 c2
Event: 10.485 Thread 0x000001744bca4030 DEOPT PACKING pc=0x0000017439a51f34 sp=0x000000630a3f4740
Event: 10.485 Thread 0x000001744bca4030 DEOPT UNPACKING pc=0x00000174393c69a3 sp=0x000000630a3f4660 mode 2
Event: 10.485 Thread 0x000001744bca4030 Uncommon trap: trap_request=0xffffff45 fr.pc=0x0000017439964118 relative=0x00000000000001f8
Event: 10.485 Thread 0x000001744bca4030 Uncommon trap: reason=unstable_if action=reinterpret pc=0x0000017439964118 method=org.objectweb.asm.Label.resolve([BI)Z @ 80 c2
Event: 10.485 Thread 0x000001744bca4030 DEOPT PACKING pc=0x0000017439964118 sp=0x000000630a3f46d0
Event: 10.485 Thread 0x000001744bca4030 DEOPT UNPACKING pc=0x00000174393c69a3 sp=0x000000630a3f4650 mode 2

Classes unloaded (0 events):
No events

Classes redefined (0 events):
No events

Internal exceptions (20 events):
Event: 8.486 Thread 0x000001744bca4030 Exception <a 'java/lang/ClassNotFoundException'{0x0000000085e7d3c0}: org/gradle/api/internal/project/DefaultProject_DecoratedBeanInfo> (0x0000000085e7d3c0) 
thrown [s\src\hotspot\share\classfile\systemDictionary.cpp, line 256]
Event: 8.486 Thread 0x000001744bca4030 Exception <a 'java/lang/ClassNotFoundException'{0x0000000085e89f18}: org/gradle/api/internal/project/DefaultProjectBeanInfo> (0x0000000085e89f18) 
thrown [s\src\hotspot\share\classfile\systemDictionary.cpp, line 256]
Event: 8.487 Thread 0x000001744bca4030 Exception <a 'java/lang/ClassNotFoundException'{0x0000000085e96a78}: org/gradle/api/internal/project/DefaultProjectCustomizer> (0x0000000085e96a78) 
thrown [s\src\hotspot\share\classfile\systemDictionary.cpp, line 256]
Event: 8.491 Thread 0x000001744bca4030 Exception <a 'java/lang/ClassNotFoundException'{0x0000000085d401f0}: org/gradle/api/internal/project/DefaultProject_DecoratedCustomizer> (0x0000000085d401f0) 
thrown [s\src\hotspot\share\classfile\systemDictionary.cpp, line 256]
Event: 8.800 Thread 0x000001744bca4030 Exception <a 'java/lang/NoSuchMethodError'{0x000000008770beb0}: 'java.lang.Object java.lang.invoke.DirectMethodHandle$Holder.newInvokeSpecial(java.lang.Object, java.lang.Object, java.lang.Object, java.lang.Object, java.lang.Object, int)'> (0x000000008770beb0) 
thrown [s\src\hotspot\share\interpreter\linkResolver.cpp, line 771]
Event: 8.800 Thread 0x000001744bca4030 Exception <a 'java/lang/NoSuchMethodError'{0x0000000087711508}: 'java.lang.Object java.lang.invoke.DirectMethodHandle$Holder.invokeSpecial(java.lang.Object, java.lang.Object, java.lang.Object, java.lang.Object, java.lang.Object, java.lang.Object, int)'> (0x0000000087711508) 
thrown [s\src\hotspot\share\interpreter\linkResolver.cpp, line 771]
Event: 8.810 Thread 0x000001744bca4030 Exception <a 'java/lang/NoSuchMethodError'{0x00000000877b0f88}: 'void java.lang.invoke.DirectMethodHandle$Holder.invokeStatic(java.lang.Object, java.lang.Object, java.lang.Object, int, java.lang.Object)'> (0x00000000877b0f88) 
thrown [s\src\hotspot\share\interpreter\linkResolver.cpp, line 771]
Event: 9.004 Thread 0x000001744bca4030 Implicit null exception at 0x0000017439c7216f to 0x0000017439c723b8
Event: 9.202 Thread 0x000001744bca4030 Implicit null exception at 0x0000017439c7438f to 0x0000017439c74a00
Event: 9.202 Thread 0x000001744bca4030 Implicit null exception at 0x0000017439c75214 to 0x0000017439c75884
Event: 9.386 Thread 0x000001744bca4030 Exception <a 'java/lang/NoSuchMethodError'{0x0000000087ed4958}: 'java.lang.Object java.lang.invoke.DirectMethodHandle$Holder.newInvokeSpecial(java.lang.Object, java.lang.Object, java.lang.Object, java.lang.Object, int)'> (0x0000000087ed4958) 
thrown [s\src\hotspot\share\interpreter\linkResolver.cpp, line 771]
Event: 9.386 Thread 0x000001744bca4030 Exception <a 'java/lang/NoSuchMethodError'{0x0000000087ed9da0}: 'java.lang.Object java.lang.invoke.DirectMethodHandle$Holder.invokeSpecial(java.lang.Object, java.lang.Object, java.lang.Object, java.lang.Object, java.lang.Object, int)'> (0x0000000087ed9da0) 
thrown [s\src\hotspot\share\interpreter\linkResolver.cpp, line 771]
Event: 9.386 Thread 0x000001744bca4030 Exception <a 'java/lang/NoSuchMethodError'{0x0000000087edf7d0}: 'java.lang.Object java.lang.invoke.Invokers$Holder.linkToTargetMethod(java.lang.Object, java.lang.Object, java.lang.Object, int, java.lang.Object)'> (0x0000000087edf7d0) 
thrown [s\src\hotspot\share\interpreter\linkResolver.cpp, line 771]
Event: 9.519 Thread 0x000001744bca4030 Exception <a 'java/lang/NoSuchMethodError'{0x000000008ddc3c08}: 'int java.lang.invoke.DirectMethodHandle$Holder.invokeInterface(java.lang.Object, java.lang.Object, java.lang.Object, java.lang.Object)'> (0x000000008ddc3c08) 
thrown [s\src\hotspot\share\interpreter\linkResolver.cpp, line 771]
Event: 9.917 Thread 0x000001744bca4030 Exception <a 'java/lang/NoSuchMethodError'{0x000000008b0058e8}: 'int java.lang.invoke.DirectMethodHandle$Holder.invokeInterface(java.lang.Object, java.lang.Object)'> (0x000000008b0058e8) 
thrown [s\src\hotspot\share\interpreter\linkResolver.cpp, line 771]
Event: 9.917 Thread 0x000001744bca4030 Exception <a 'java/lang/IncompatibleClassChangeError'{0x000000008b00a660}: Found class java.lang.Object, but interface was expected> (0x000000008b00a660) 
thrown [s\src\hotspot\share\interpreter\linkResolver.cpp, line 838]
Event: 9.948 Thread 0x000001744bca4030 Implicit null exception at 0x0000017439b37659 to 0x0000017439b377f4
Event: 10.048 Thread 0x000001744bca4030 Implicit null exception at 0x0000017439b0fe0c to 0x0000017439b0ff3e
Event: 10.121 Thread 0x000001744bca4030 Exception <a 'sun/nio/fs/WindowsException'{0x000000008ddaf0b8}> (0x000000008ddaf0b8) 
thrown [s\src\hotspot\share\prims\jni.cpp, line 517]
Event: 10.484 Thread 0x000001744bca4030 Implicit null exception at 0x0000017439c9d0c8 to 0x0000017439c9d188

VM Operations (20 events):
Event: 9.850 Executing VM operation: G1CollectForAllocation done
Event: 9.871 Executing VM operation: G1Concurrent
Event: 9.873 Executing VM operation: G1Concurrent done
Event: 9.881 Executing VM operation: G1Concurrent
Event: 9.881 Executing VM operation: G1Concurrent done
Event: 10.032 Executing VM operation: HandshakeAllThreads
Event: 10.033 Executing VM operation: HandshakeAllThreads done
Event: 10.095 Executing VM operation: G1CollectForAllocation
Event: 10.098 Executing VM operation: G1CollectForAllocation done
Event: 10.102 Executing VM operation: G1CollectForAllocation
Event: 10.106 Executing VM operation: G1CollectForAllocation done
Event: 10.373 Executing VM operation: G1CollectForAllocation
Event: 10.375 Executing VM operation: G1CollectForAllocation done
Event: 10.394 Executing VM operation: G1Concurrent
Event: 10.397 Executing VM operation: G1Concurrent done
Event: 10.406 Executing VM operation: G1Concurrent
Event: 10.406 Executing VM operation: G1Concurrent done
Event: 10.601 Executing VM operation: G1CollectForAllocation
Event: 10.604 Executing VM operation: G1CollectForAllocation done
Event: 10.629 Executing VM operation: G1CollectForAllocation

Events (20 events):
Event: 10.076 loading class java/util/Base64
Event: 10.076 loading class java/util/Base64 done
Event: 10.076 loading class java/util/Base64$Decoder
Event: 10.076 loading class java/util/Base64$Decoder done
Event: 10.076 loading class java/util/Base64$Encoder
Event: 10.076 loading class java/util/Base64$Encoder done
Event: 10.077 loading class java/util/jar/JarVerifier$VerifierStream
Event: 10.077 loading class java/util/jar/JarVerifier$VerifierStream done
Event: 10.077 loading class sun/security/util/ManifestEntryVerifier$SunProviderHolder
Event: 10.077 loading class sun/security/util/ManifestEntryVerifier$SunProviderHolder done
Event: 10.119 loading class java/security/KeyStore$ProtectionParameter
Event: 10.119 loading class java/security/KeyStore$ProtectionParameter done
Event: 10.378 loading class java/security/KeyStore
Event: 10.379 loading class java/security/KeyStore done
Event: 10.379 loading class java/security/KeyStore$1
Event: 10.379 loading class java/security/KeyStore$1 done
Event: 10.453 loading class javax/xml/stream/XMLStreamException
Event: 10.453 loading class javax/xml/stream/XMLStreamException done
Event: 10.467 loading class sun/reflect/annotation/AnnotationInvocationHandler$1
Event: 10.467 loading class sun/reflect/annotation/AnnotationInvocationHandler$1 done


Dynamic libraries:
0x00007ff63aa60000 - 0x00007ff63aa6a000 	D:\Program Files\Android\Android Studio\jbr\bin\java.exe
0x00007ffe00090000 - 0x00007ffe002a7000 	C:\WINDOWS\SYSTEM32\ntdll.dll
0x00007ffdfe7b0000 - 0x00007ffdfe874000 	C:\WINDOWS\System32\KERNEL32.DLL
0x00007ffdfd730000 - 0x00007ffdfdad6000 	C:\WINDOWS\System32\KERNELBASE.dll
0x00007ffdfd400000 - 0x00007ffdfd511000 	C:\WINDOWS\System32\ucrtbase.dll
0x00007ffdf0c60000 - 0x00007ffdf0c7b000 	D:\Program Files\Android\Android Studio\jbr\bin\VCRUNTIME140.dll
0x00007ffdf0c80000 - 0x00007ffdf0c97000 	D:\Program Files\Android\Android Studio\jbr\bin\jli.dll
0x00007ffdfe940000 - 0x00007ffdfeaee000 	C:\WINDOWS\System32\USER32.dll
0x00007ffdfd700000 - 0x00007ffdfd726000 	C:\WINDOWS\System32\win32u.dll
0x00007ffdfe1d0000 - 0x00007ffdfe1f9000 	C:\WINDOWS\System32\GDI32.dll
0x00007ffdfd5e0000 - 0x00007ffdfd6f8000 	C:\WINDOWS\System32\gdi32full.dll
0x00007ffdd9590000 - 0x00007ffdd9823000 	C:\WINDOWS\WinSxS\amd64_microsoft.windows.common-controls_6595b64144ccf1df_6.0.22621.2506_none_270c5ae97388e100\COMCTL32.dll
0x00007ffdfdcc0000 - 0x00007ffdfdd5a000 	C:\WINDOWS\System32\msvcp_win.dll
0x00007ffdfe700000 - 0x00007ffdfe7a7000 	C:\WINDOWS\System32\msvcrt.dll
0x00007ffdfef80000 - 0x00007ffdfefb1000 	C:\WINDOWS\System32\IMM32.DLL
0x00007ffdf8460000 - 0x00007ffdf846c000 	D:\Program Files\Android\Android Studio\jbr\bin\vcruntime140_1.dll
0x00007ffdb6340000 - 0x00007ffdb63cd000 	D:\Program Files\Android\Android Studio\jbr\bin\msvcp140.dll
0x00007ffd709d0000 - 0x00007ffd7163e000 	D:\Program Files\Android\Android Studio\jbr\bin\server\jvm.dll
0x00007ffdfe880000 - 0x00007ffdfe931000 	C:\WINDOWS\System32\ADVAPI32.dll
0x00007ffdfdde0000 - 0x00007ffdfde85000 	C:\WINDOWS\System32\sechost.dll
0x00007ffdff100000 - 0x00007ffdff217000 	C:\WINDOWS\System32\RPCRT4.dll
0x00007ffdf8790000 - 0x00007ffdf8799000 	C:\WINDOWS\SYSTEM32\WSOCK32.dll
0x00007ffdf4930000 - 0x00007ffdf4964000 	C:\WINDOWS\SYSTEM32\WINMM.dll
0x00007ffdfe530000 - 0x00007ffdfe5a1000 	C:\WINDOWS\System32\WS2_32.dll
0x00007ffdf6cb0000 - 0x00007ffdf6cba000 	C:\WINDOWS\SYSTEM32\VERSION.dll
0x00007ffdfc4b0000 - 0x00007ffdfc4c8000 	C:\WINDOWS\SYSTEM32\kernel.appcore.dll
0x00007ffdf8740000 - 0x00007ffdf874a000 	D:\Program Files\Android\Android Studio\jbr\bin\jimage.dll
0x00007ffdfad90000 - 0x00007ffdfafc3000 	C:\WINDOWS\SYSTEM32\DBGHELP.DLL
0x00007ffdff380000 - 0x00007ffdff709000 	C:\WINDOWS\System32\combase.dll
0x00007ffdfff70000 - 0x00007ffe00047000 	C:\WINDOWS\System32\OLEAUT32.dll
0x00007ffde74a0000 - 0x00007ffde74d2000 	C:\WINDOWS\SYSTEM32\dbgcore.DLL
0x00007ffdfdd60000 - 0x00007ffdfddda000 	C:\WINDOWS\System32\bcryptPrimitives.dll
0x00007ffdece00000 - 0x00007ffdece25000 	D:\Program Files\Android\Android Studio\jbr\bin\java.dll
0x00007ffdecde0000 - 0x00007ffdecdf8000 	D:\Program Files\Android\Android Studio\jbr\bin\zip.dll
0x00007ffdff710000 - 0x00007ffdfff6a000 	C:\WINDOWS\System32\SHELL32.dll
0x00007ffdfb2e0000 - 0x00007ffdfbbd6000 	C:\WINDOWS\SYSTEM32\windows.storage.dll
0x00007ffdfb1a0000 - 0x00007ffdfb2de000 	C:\WINDOWS\SYSTEM32\wintypes.dll
0x00007ffdfe040000 - 0x00007ffdfe133000 	C:\WINDOWS\System32\SHCORE.dll
0x00007ffdfe5b0000 - 0x00007ffdfe60e000 	C:\WINDOWS\System32\shlwapi.dll
0x00007ffdfd330000 - 0x00007ffdfd356000 	C:\WINDOWS\SYSTEM32\profapi.dll
0x00007ffdec860000 - 0x00007ffdec879000 	D:\Program Files\Android\Android Studio\jbr\bin\net.dll
0x00007ffdf52f0000 - 0x00007ffdf5427000 	C:\WINDOWS\SYSTEM32\WINHTTP.dll
0x00007ffdfc920000 - 0x00007ffdfc989000 	C:\WINDOWS\system32\mswsock.dll
0x00007ffdeba50000 - 0x00007ffdeba66000 	D:\Program Files\Android\Android Studio\jbr\bin\nio.dll
0x00007ffdecdd0000 - 0x00007ffdecde0000 	D:\Program Files\Android\Android Studio\jbr\bin\verify.dll
0x00007ffdea970000 - 0x00007ffdea997000 	C:\Users\Aubery\.gradle\native\68d5fa5c4cc2d200863cafc0d521ce42e7d3e7ee720ec0a83991735586a16f82\windows-amd64\native-platform.dll
0x00007ffda40f0000 - 0x00007ffda4234000 	C:\Users\Aubery\.gradle\native\e376f236ea51e6404a007f0833ffe2c6e607c4080706a723a18a27aeea778392\windows-amd64\native-platform-file-events.dll
0x00007ffdf2af0000 - 0x00007ffdf2af9000 	D:\Program Files\Android\Android Studio\jbr\bin\management.dll
0x00007ffded1c0000 - 0x00007ffded1cb000 	D:\Program Files\Android\Android Studio\jbr\bin\management_ext.dll
0x00007ffdfe620000 - 0x00007ffdfe628000 	C:\WINDOWS\System32\PSAPI.DLL
0x00007ffdfcb70000 - 0x00007ffdfcb8b000 	C:\WINDOWS\SYSTEM32\CRYPTSP.dll
0x00007ffdfc410000 - 0x00007ffdfc445000 	C:\WINDOWS\system32\rsaenh.dll
0x00007ffdfc9d0000 - 0x00007ffdfc9fc000 	C:\WINDOWS\SYSTEM32\USERENV.dll
0x00007ffdfcd90000 - 0x00007ffdfcdb8000 	C:\WINDOWS\SYSTEM32\bcrypt.dll
0x00007ffdfcb30000 - 0x00007ffdfcb3c000 	C:\WINDOWS\SYSTEM32\CRYPTBASE.dll
0x00007ffdfbeb0000 - 0x00007ffdfbedd000 	C:\WINDOWS\SYSTEM32\IPHLPAPI.DLL
0x00007ffdfe610000 - 0x00007ffdfe619000 	C:\WINDOWS\System32\NSI.dll
0x00007ffdf66d0000 - 0x00007ffdf66e9000 	C:\WINDOWS\SYSTEM32\dhcpcsvc6.DLL
0x00007ffdf5610000 - 0x00007ffdf562f000 	C:\WINDOWS\SYSTEM32\dhcpcsvc.DLL
0x00007ffdfbf20000 - 0x00007ffdfc019000 	C:\WINDOWS\SYSTEM32\DNSAPI.dll
0x00007ffde8ae0000 - 0x00007ffde8ae8000 	C:\WINDOWS\system32\wshunix.dll

dbghelp: loaded successfully - version: 4.0.5 - missing functions: none
symbol engine: initialized successfully - sym options: 0x614 - pdb path: .;D:\Program Files\Android\Android Studio\jbr\bin;C:\WINDOWS\SYSTEM32;C:\WINDOWS\WinSxS\amd64_microsoft.windows.common-controls_6595b64144ccf1df_6.0.22621.2506_none_270c5ae97388e100;D:\Program Files\Android\Android Studio\jbr\bin\server;C:\Users\Aubery\.gradle\native\68d5fa5c4cc2d200863cafc0d521ce42e7d3e7ee720ec0a83991735586a16f82\windows-amd64;C:\Users\Aubery\.gradle\native\e376f236ea51e6404a007f0833ffe2c6e607c4080706a723a18a27aeea778392\windows-amd64

VM Arguments:
jvm_args: --add-opens=java.base/java.util=ALL-UNNAMED --add-opens=java.base/java.lang=ALL-UNNAMED --add-opens=java.base/java.lang.invoke=ALL-UNNAMED --add-opens=java.prefs/java.util.prefs=ALL-UNNAMED --add-opens=java.base/java.nio.charset=ALL-UNNAMED --add-opens=java.base/java.net=ALL-UNNAMED --add-opens=java.base/java.util.concurrent.atomic=ALL-UNNAMED -Xmx2048m -Dfile.encoding=UTF-8 -Duser.country=CN -Duser.language=zh -Duser.variant 
java_command: org.gradle.launcher.daemon.bootstrap.GradleDaemon 8.0
java_class_path (initial): C:\Users\Aubery\.gradle\wrapper\dists\gradle-8.0-bin\ca5e32bp14vu59qr306oxotwh\gradle-8.0\lib\gradle-launcher-8.0.jar
Launcher Type: SUN_STANDARD

[Global flags]
     intx CICompilerCount                          = 4                                         {product} {ergonomic}
     uint ConcGCThreads                            = 3                                         {product} {ergonomic}
     uint G1ConcRefinementThreads                  = 10                                        {product} {ergonomic}
   size_t G1HeapRegionSize                         = 1048576                                   {product} {ergonomic}
    uintx GCDrainStackTargetSize                   = 64                                        {product} {ergonomic}
   size_t InitialHeapSize                          = 232783872                                 {product} {ergonomic}
   size_t MarkStackSize                            = 4194304                                   {product} {ergonomic}
   size_t MaxHeapSize                              = 2147483648                                {product} {command line}
   size_t MaxNewSize                               = 1287651328                                {product} {ergonomic}
   size_t MinHeapDeltaBytes                        = 1048576                                   {product} {ergonomic}
   size_t MinHeapSize                              = 8388608                                   {product} {ergonomic}
    uintx NonNMethodCodeHeapSize                   = 5839372                                {pd product} {ergonomic}
    uintx NonProfiledCodeHeapSize                  = 122909434                              {pd product} {ergonomic}
    uintx ProfiledCodeHeapSize                     = 122909434                              {pd product} {ergonomic}
    uintx ReservedCodeCacheSize                    = 251658240                              {pd product} {ergonomic}
     bool SegmentedCodeCache                       = true                                      {product} {ergonomic}
   size_t SoftMaxHeapSize                          = 2147483648                             {manageable} {ergonomic}
     bool UseCompressedClassPointers               = true                           {product lp64_product} {ergonomic}
     bool UseCompressedOops                        = true                           {product lp64_product} {ergonomic}
     bool UseG1GC                                  = true                                      {product} {ergonomic}
     bool UseLargePagesIndividualAllocation        = false                                  {pd product} {ergonomic}

Logging:
Log output configuration:
 #0: stdout all=warning uptime,level,tags
 #1: stderr all=off uptime,level,tags

Environment Variables:
JAVA_HOME=D:\jdk\jdk-17.0.5
CLASSPATH=.;D:\jdk\jdk-17.0.5\lib\dt.jar;D:\jdk\jdk-17.0.5\lib\tools.jar;
PATH=F:\VMware\VMware Workstation\bin\;F:\Program Files (x86)\VMware\VMware Workstation\bin\;D:\jdk\jdk-17.0.5\bin;D:\apache-maven-3.9.4\bin;C:\Program Files (x86)\Common Files\Intel\Shared Libraries\redist\intel64\compiler;C:\Windows\system32;C:\Windows;C:\Windows\System32\Wbem;C:\Windows\System32\WindowsPowerShell\v1.0\;C:\Windows\System32\OpenSSH\;C:\Program Files (x86)\NVIDIA Corporation\PhysX\Common;C:\Program Files\NVIDIA Corporation\NVIDIA NvDLISR;D:\MATLAB2016\runtime\win64;D:\MATLAB2016\bin;D:\matlab\runtime\win64;D:\matlab\bin;D:\runtime\win64;D:\bin;F:\DataBase\redis;D:\polyspace\bin;D:\matlab\polyspace\bin;C:\Program Files\MySQL\MySQL Server 5.6\bin;D:\MATLAB2016\polyspace\bin;C:\Program Files\Microsoft SQL Server\Client SDK\ODBC\170\Tools\Binn\;C:\Program Files (x86)\Microsoft SQL Server\150\Tools\Binn\;C:\Program Files\Microsoft SQL Server\150\Tools\Binn\;C:\Program Files\Microsoft SQL Server\150\DTS\Binn\;C:\Program Files (x86)\Microsoft SQL Server\150\DTS\Binn\;C:\Program Files\Azure Data Studio\bin;D:\tomcat10\apache-tomcat-10.0.26\lib;D:\tomcat10\apache-tomcat-10.0.26\bin;C:\Program Files\dotnet\;C:\Windows\Microsoft.NET\Framework\v4.0.30319;D:\Users\Aubery\PycharmProjects\pythonProject\venv\Scripts;E:\P;C:\WINDOWS\system32;C:\WINDOWS;C:\WINDOWS\System32\Wbem;C:\WINDOWS\System32\WindowsPowerShell\v1.0\;C:\WINDOWS\System32\OpenSSH\;D:\Microsoft VS Code\bin;F:\Git\cmd;F:\Xshell 7\;F:\Xftp 7\;C:\Users\Aubery\AppData\Local\Microsoft\WindowsApps;C:\Program Files\Bandizip\;D:\vscode1\mingw64\bin;D:\Microsoft VS Code\bin;D:\idea202203\IntelliJ IDEA 223.4884.69\bin;C:\Program Files\Azure Data Studio\bin;C:\Users\Aubery\AppData\Local\JetBrains\Toolbox\scripts;D:\IntelliJ IDEA 2022.3.2\bin;;C:\Users\Aubery\.dotnet\tools;;F:\Program Files\JetBrains\DataGrip 2023.2.1\bin;;C:\Users\Aubery\AppData\Local\Microsoft\WindowsApps
USERNAME=Aubery
OS=Windows_NT
PROCESSOR_IDENTIFIER=AMD64 Family 25 Model 80 Stepping 0, AuthenticAMD
TMP=C:\Users\Aubery\AppData\Local\Temp
TEMP=C:\Users\Aubery\AppData\Local\Temp


JNI global refs:
JNI global refs: 26, weak refs: 0

JNI global refs memory usage: 843, weak refs: 841


---------------  S Y S T E M  ---------------

OS:
 Windows 11 , 64 bit Build 22621 (10.0.22621.2506)
OS uptime: 2 days 1:23 hours
Hyper-V role detected

CPU: total 12 (initial active 12) (12 cores per cpu, 2 threads per core) family 25 model 80 stepping 0 microcode 0x0, cx8, cmov, fxsr, ht, mmx, 3dnowpref, sse, sse2, sse3, ssse3, sse4a, sse4.1, sse4.2, popcnt, lzcnt, tsc, tscinvbit, avx, avx2, aes, erms, clmul, bmi1, bmi2, adx, sha, fma, vzeroupper, clflush, clflushopt, hv

Memory: 4k page, system-wide physical 14188M (4308M free)
TotalPageFile size 16236M (AvailPageFile size 12M)
current process WorkingSet (physical memory assigned to process): 361M, peak: 380M
current process commit charge ("private bytes"): 434M, peak: 475M

vm_info: OpenJDK 64-Bit Server VM (17.0.6+0-b2043.56-10027231) for windows-amd64 JRE (17.0.6+0-b2043.56-10027231), built on Apr 28 2023 00:43:19 by "androidbuild" with MS VC++ 16.10 / 16.11 (VS2019)

END.
