#
# There is insufficient memory for the Java Runtime Environment to continue.
# Native memory allocation (mmap) failed to map 39845888 bytes for G1 virtual space
# Possible reasons:
#   The system is out of physical RAM or swap space
#   The process is running with CompressedOops enabled, and the Java Heap may be blocking the growth of the native heap
# Possible solutions:
#   Reduce memory load on the system
#   Increase physical memory or swap space
#   Check if swap backing store is full
#   Decrease Java heap size (-Xmx/-Xms)
#   Decrease number of Java threads
#   Decrease Java thread stack sizes (-Xss)
#   Set larger code cache with -XX:ReservedCodeCacheSize=
#   JVM is running with Unscaled Compressed Oops mode in which the Java heap is
#     placed in the first 4GB address space. The Java Heap base address is the
#     maximum limit for the native heap growth. Please use -XX:HeapBaseMinAddress
#     to set the Java Heap base and to place the Java Heap above 4GB virtual address.
# This output file may be truncated or incomplete.
#
#  Out of Memory Error (os_windows.cpp:3769), pid=1760, tid=12872
#
# JRE version: OpenJDK Runtime Environment (17.0.6) (build 17.0.6+0-b2043.56-10027231)
# Java VM: OpenJDK 64-Bit Server VM (17.0.6+0-b2043.56-10027231, mixed mode, tiered, compressed oops, compressed class ptrs, g1 gc, windows-amd64)
# No core dump will be written. Minidumps are not enabled by default on client versions of Windows
#

---------------  S U M M A R Y ------------

Command Line: --add-opens=java.base/java.util=ALL-UNNAMED --add-opens=java.base/java.lang=ALL-UNNAMED --add-opens=java.base/java.lang.invoke=ALL-UNNAMED --add-opens=java.prefs/java.util.prefs=ALL-UNNAMED --add-opens=java.base/java.nio.charset=ALL-UNNAMED --add-opens=java.base/java.net=ALL-UNNAMED --add-opens=java.base/java.util.concurrent.atomic=ALL-UNNAMED -Xmx2048m -Dfile.encoding=UTF-8 -Duser.country=CN -Duser.language=zh -Duser.variant org.gradle.launcher.daemon.bootstrap.GradleDaemon 8.0

Host: AMD Ryzen 5 5600H with Radeon Graphics         , 12 cores, 13G,  Windows 11 , 64 bit Build 22621 (10.0.22621.2506)
Time: Mon Dec 25 15:19:47 2023  Windows 11 , 64 bit Build 22621 (10.0.22621.2506) elapsed time: 10.117819 seconds (0d 0h 0m 10s)

---------------  T H R E A D  ---------------

Current thread (0x000001bbbd5ae3d0):  VMThread "VM Thread" [stack: 0x0000008a9a400000,0x0000008a9a500000] [id=12872]

Stack: [0x0000008a9a400000,0x0000008a9a500000]
Native frames: (J=compiled Java code, j=interpreted, Vv=VM code, C=native code)
V  [jvm.dll+0x683c9a]
V  [jvm.dll+0x8427a4]
V  [jvm.dll+0x843f9e]
V  [jvm.dll+0x844603]
V  [jvm.dll+0x249b75]
V  [jvm.dll+0x680b69]
V  [jvm.dll+0x67505a]
V  [jvm.dll+0x309acb]
V  [jvm.dll+0x310f86]
V  [jvm.dll+0x3608ee]
V  [jvm.dll+0x360b1f]
V  [jvm.dll+0x2dfbf8]
V  [jvm.dll+0x2ddec4]
V  [jvm.dll+0x2dd4cc]
V  [jvm.dll+0x321f3b]
V  [jvm.dll+0x848ccb]
V  [jvm.dll+0x849a04]
V  [jvm.dll+0x849f1d]
V  [jvm.dll+0x84a2f4]
V  [jvm.dll+0x84a3c0]
V  [jvm.dll+0x7f274a]
V  [jvm.dll+0x682ad5]
C  [ucrtbase.dll+0x29363]
C  [KERNEL32.DLL+0x1257d]
C  [ntdll.dll+0x5aa58]

VM_Operation (0x0000008a9bbf5420): G1CollectForAllocation, mode: safepoint, requested by thread 0x000001bbc07bfba0


---------------  P R O C E S S  ---------------

Threads class SMR info:
_java_thread_list=0x000001bbc4e9f9e0, length=171, elements={
0x000001bba32ff510, 0x000001bbbe031570, 0x000001bbbe0323e0, 0x000001bbbe07a1c0,
0x000001bbbe07b030, 0x000001bbbe07c9f0, 0x000001bbbe0a9020, 0x000001bbbe0a99c0,
0x000001bbbe0adf70, 0x000001bbbe0b6970, 0x000001bbbe208890, 0x000001bbbe20c1b0,
0x000001bbc09c67d0, 0x000001bbc060e060, 0x000001bbbf6c8880, 0x000001bbbf8f6860,
0x000001bbc1181430, 0x000001bbc1181900, 0x000001bbc07bfba0, 0x000001bbc0a31d60,
0x000001bbbfa880e0, 0x000001bbbfa87c10, 0x000001bbbfa88f50, 0x000001bbbfa89dc0,
0x000001bbbfa8a760, 0x000001bbc0c5ea30, 0x000001bbbfa8b100, 0x000001bbbfa87740,
0x000001bbbfa8ac30, 0x000001bbbfa885b0, 0x000001bbbfa8a290, 0x000001bbbfa88a80,
0x000001bbbfa89420, 0x000001bbbfa898f0, 0x000001bbc21bd1d0, 0x000001bbc21bd6a0,
0x000001bbc21be040, 0x000001bbc21bfd20, 0x000001bbc21c23a0, 0x000001bbc21bf850,
0x000001bbc21c1ed0, 0x000001bbc21be9e0, 0x000001bbc21c36e0, 0x000001bbc21bdb70,
0x000001bbc21be510, 0x000001bbc21beeb0, 0x000001bbc465a340, 0x000001bbc21bf380,
0x000001bbc21c4550, 0x000001bbc21bcd00, 0x000001bbc21c01f0, 0x000001bbc21c06c0,
0x000001bbc21c2d40, 0x000001bbc44cfcc0, 0x000001bbc44ce980, 0x000001bbc44d3b50,
0x000001bbc44cee50, 0x000001bbc44d0190, 0x000001bbc44d31b0, 0x000001bbc44d4020,
0x000001bbc44cd640, 0x000001bbc44cdb10, 0x000001bbc44d14d0, 0x000001bbc44cdfe0,
0x000001bbc44ce4b0, 0x000001bbc44cf320, 0x000001bbc44cc7d0, 0x000001bbc44cf7f0,
0x000001bbc44d0660, 0x000001bbc44d0b30, 0x000001bbc44d1000, 0x000001bbc44d19a0,
0x000001bbc44cd170, 0x000001bbc44d2810, 0x000001bbc44d1e70, 0x000001bbc44d2340,
0x000001bbc44ccca0, 0x000001bbc44d2ce0, 0x000001bbc44d3680, 0x000001bbbe930ec0,
0x000001bbbe932200, 0x000001bbbe9309f0, 0x000001bbbe931390, 0x000001bbbe933070,
0x000001bbbe932ba0, 0x000001bbbe930050, 0x000001bbbe934d50, 0x000001bbbe931860,
0x000001bbbe933540, 0x000001bbbe9356f0, 0x000001bbbe9326d0, 0x000001bbbe934880,
0x000001bbbe9343b0, 0x000001bbbe931d30, 0x000001bbbe933a10, 0x000001bbbe92fb80,
0x000001bbbe935220, 0x000001bbbe935bc0, 0x000001bbbe933ee0, 0x000001bbbe936090,
0x000001bbbe936560, 0x000001bbbe930520, 0x000001bbbe92ed10, 0x000001bbbe92f1e0,
0x000001bbbe92f6b0, 0x000001bbc3e52740, 0x000001bbc3e58780, 0x000001bbc3e59ac0,
0x000001bbc3e57910, 0x000001bbc3e59f90, 0x000001bbc3e55290, 0x000001bbc3e55760,
0x000001bbc3e54420, 0x000001bbc3e54dc0, 0x000001bbc3e530e0, 0x000001bbc3e56100,
0x000001bbc3e52c10, 0x000001bbc3e59120, 0x000001bbc3e535b0, 0x000001bbc3e58c50,
0x000001bbc3e53a80, 0x000001bbc3e582b0, 0x000001bbc3e548f0, 0x000001bbc3e53f50,
0x000001bbc3e55c30, 0x000001bbc3e565d0, 0x000001bbc3e595f0, 0x000001bbc3e57de0,
0x000001bbc3e56aa0, 0x000001bbc3e56f70, 0x000001bbc3e57440, 0x000001bbc2ede420,
0x000001bbc2ed8d80, 0x000001bbc2edda80, 0x000001bbc2ed6bd0, 0x000001bbc2eddf50,
0x000001bbc2ed88b0, 0x000001bbc2ed7a40, 0x000001bbc2eda590, 0x000001bbc2ed70a0,
0x000001bbc2ed9720, 0x000001bbc2ed9250, 0x000001bbc2ed7f10, 0x000001bbc2ed7570,
0x000001bbc2ed83e0, 0x000001bbc2ed9bf0, 0x000001bbc2eda0c0, 0x000001bbc2edcc10,
0x000001bbc2edaa60, 0x000001bbc2edc270, 0x000001bbc2edc740, 0x000001bbc2edaf30,
0x000001bbc2edb8d0, 0x000001bbc2edb400, 0x000001bbc2edbda0, 0x000001bbc2edd0e0,
0x000001bbc2edd5b0, 0x000001bbc2beed90, 0x000001bbc2beaf00, 0x000001bbc2be9220,
0x000001bbc2bec710, 0x000001bbc2bee3f0, 0x000001bbc2beaa30, 0x000001bbc2beda50,
0x000001bbc2beb3d0, 0x000001bbc2be96f0, 0x000001bbc2becbe0, 0x000001bbc2be8d50,
0x000001bbc2beb8a0, 0x000001bbc2bebd70, 0x000001bbc2be9bc0
}

Java Threads: ( => current thread )
  0x000001bba32ff510 JavaThread "main" [_thread_blocked, id=5360, stack(0x0000008a99e00000,0x0000008a99f00000)]
  0x000001bbbe031570 JavaThread "Reference Handler" daemon [_thread_blocked, id=27572, stack(0x0000008a9a500000,0x0000008a9a600000)]
  0x000001bbbe0323e0 JavaThread "Finalizer" daemon [_thread_blocked, id=3536, stack(0x0000008a9a600000,0x0000008a9a700000)]
  0x000001bbbe07a1c0 JavaThread "Signal Dispatcher" daemon [_thread_blocked, id=18564, stack(0x0000008a9a700000,0x0000008a9a800000)]
  0x000001bbbe07b030 JavaThread "Attach Listener" daemon [_thread_blocked, id=1776, stack(0x0000008a9a800000,0x0000008a9a900000)]
  0x000001bbbe07c9f0 JavaThread "Service Thread" daemon [_thread_blocked, id=26660, stack(0x0000008a9a900000,0x0000008a9aa00000)]
  0x000001bbbe0a9020 JavaThread "Monitor Deflation Thread" daemon [_thread_blocked, id=13644, stack(0x0000008a9aa00000,0x0000008a9ab00000)]
  0x000001bbbe0a99c0 JavaThread "C2 CompilerThread0" daemon [_thread_blocked, id=27364, stack(0x0000008a9ab00000,0x0000008a9ac00000)]
  0x000001bbbe0adf70 JavaThread "C1 CompilerThread0" daemon [_thread_blocked, id=17860, stack(0x0000008a9ac00000,0x0000008a9ad00000)]
  0x000001bbbe0b6970 JavaThread "Sweeper thread" daemon [_thread_blocked, id=28260, stack(0x0000008a9ad00000,0x0000008a9ae00000)]
  0x000001bbbe208890 JavaThread "Common-Cleaner" daemon [_thread_blocked, id=6424, stack(0x0000008a9ae00000,0x0000008a9af00000)]
  0x000001bbbe20c1b0 JavaThread "Notification Thread" daemon [_thread_blocked, id=23804, stack(0x0000008a9af00000,0x0000008a9b000000)]
  0x000001bbc09c67d0 JavaThread "Daemon health stats" [_thread_blocked, id=2460, stack(0x0000008a9b700000,0x0000008a9b800000)]
  0x000001bbc060e060 JavaThread "Incoming local TCP Connector on port 64013" [_thread_in_native, id=28412, stack(0x0000008a9b100000,0x0000008a9b200000)]
  0x000001bbbf6c8880 JavaThread "Daemon periodic checks" [_thread_blocked, id=5324, stack(0x0000008a9b200000,0x0000008a9b300000)]
  0x000001bbbf8f6860 JavaThread "Daemon" [_thread_blocked, id=25264, stack(0x0000008a9b800000,0x0000008a9b900000)]
  0x000001bbc1181430 JavaThread "Handler for socket connection from /127.0.0.1:64013 to /127.0.0.1:64014" [_thread_in_native, id=18632, stack(0x0000008a9b900000,0x0000008a9ba00000)]
  0x000001bbc1181900 JavaThread "Cancel handler" [_thread_blocked, id=8372, stack(0x0000008a9ba00000,0x0000008a9bb00000)]
  0x000001bbc07bfba0 JavaThread "Daemon worker" [_thread_blocked, id=27344, stack(0x0000008a9bb00000,0x0000008a9bc00000)]
  0x000001bbc0a31d60 JavaThread "Asynchronous log dispatcher for DefaultDaemonConnection: socket connection from /127.0.0.1:64013 to /127.0.0.1:64014" [_thread_blocked, id=2792, stack(0x0000008a9bc00000,0x0000008a9bd00000)]
  0x000001bbbfa880e0 JavaThread "Stdin handler" [_thread_blocked, id=12440, stack(0x0000008a9bd00000,0x0000008a9be00000)]
  0x000001bbbfa87c10 JavaThread "Daemon client event forwarder" [_thread_blocked, id=1976, stack(0x0000008a9be00000,0x0000008a9bf00000)]
  0x000001bbbfa88f50 JavaThread "Cache worker for journal cache (C:\Users\Aubery\.gradle\caches\journal-1)" [_thread_blocked, id=5488, stack(0x0000008a9c600000,0x0000008a9c700000)]
  0x000001bbbfa89dc0 JavaThread "File lock request listener" [_thread_in_native, id=13612, stack(0x0000008a9c700000,0x0000008a9c800000)]
  0x000001bbbfa8a760 JavaThread "Cache worker for file hash cache (C:\Users\Aubery\.gradle\caches\8.0\fileHashes)" [_thread_blocked, id=16028, stack(0x0000008a9c800000,0x0000008a9c900000)]
  0x000001bbc0c5ea30 JavaThread "C2 CompilerThread1" daemon [_thread_blocked, id=18884, stack(0x0000008a9c900000,0x0000008a9ca00000)]
  0x000001bbbfa8b100 JavaThread "File watcher server" daemon [_thread_in_native, id=17416, stack(0x0000008a9ca00000,0x0000008a9cb00000)]
  0x000001bbbfa87740 JavaThread "File watcher consumer" daemon [_thread_blocked, id=25708, stack(0x0000008a9cb00000,0x0000008a9cc00000)]
  0x000001bbbfa8ac30 JavaThread "jar transforms" [_thread_blocked, id=4308, stack(0x0000008a9cd00000,0x0000008a9ce00000)]
  0x000001bbbfa885b0 JavaThread "jar transforms Thread 2" [_thread_blocked, id=944, stack(0x0000008a9ce00000,0x0000008a9cf00000)]
  0x000001bbbfa8a290 JavaThread "jar transforms Thread 3" [_thread_blocked, id=13584, stack(0x0000008a9cf00000,0x0000008a9d000000)]
  0x000001bbbfa88a80 JavaThread "jar transforms Thread 4" [_thread_blocked, id=21668, stack(0x0000008a9d000000,0x0000008a9d100000)]
  0x000001bbbfa89420 JavaThread "jar transforms Thread 5" [_thread_blocked, id=27616, stack(0x0000008a9d100000,0x0000008a9d200000)]
  0x000001bbbfa898f0 JavaThread "jar transforms Thread 6" [_thread_blocked, id=1788, stack(0x0000008a9d200000,0x0000008a9d300000)]
  0x000001bbc21bd1d0 JavaThread "jar transforms Thread 7" [_thread_blocked, id=27084, stack(0x0000008a9d300000,0x0000008a9d400000)]
  0x000001bbc21bd6a0 JavaThread "jar transforms Thread 8" [_thread_blocked, id=23004, stack(0x0000008a9d400000,0x0000008a9d500000)]
  0x000001bbc21be040 JavaThread "jar transforms Thread 9" [_thread_blocked, id=14436, stack(0x0000008a9d500000,0x0000008a9d600000)]
  0x000001bbc21bfd20 JavaThread "jar transforms Thread 10" [_thread_blocked, id=17220, stack(0x0000008a9d600000,0x0000008a9d700000)]
  0x000001bbc21c23a0 JavaThread "jar transforms Thread 11" [_thread_blocked, id=19304, stack(0x0000008a9d700000,0x0000008a9d800000)]
  0x000001bbc21bf850 JavaThread "jar transforms Thread 12" [_thread_blocked, id=13876, stack(0x0000008a9d800000,0x0000008a9d900000)]
  0x000001bbc21c1ed0 JavaThread "Cache worker for checksums cache (E:\AndroidStudioProjects\DormitoryMS\.gradle\8.0\checksums)" [_thread_blocked, id=11200, stack(0x0000008a9d900000,0x0000008a9da00000)]
  0x000001bbc21be9e0 JavaThread "Cache worker for cache directory md-rule (C:\Users\Aubery\.gradle\caches\8.0\md-rule)" [_thread_blocked, id=17428, stack(0x0000008a9da00000,0x0000008a9db00000)]
  0x000001bbc21c36e0 JavaThread "Cache worker for file content cache (C:\Users\Aubery\.gradle\caches\8.0\fileContent)" [_thread_blocked, id=19956, stack(0x0000008a9db00000,0x0000008a9dc00000)]
  0x000001bbc21bdb70 JavaThread "Cache worker for file hash cache (E:\AndroidStudioProjects\DormitoryMS\.gradle\8.0\fileHashes)" [_thread_blocked, id=25668, stack(0x0000008a9dc00000,0x0000008a9dd00000)]
  0x000001bbc21be510 JavaThread "Cache worker for cache directory md-supplier (C:\Users\Aubery\.gradle\caches\8.0\md-supplier)" [_thread_blocked, id=8236, stack(0x0000008a9dd00000,0x0000008a9de00000)]
  0x000001bbc21beeb0 JavaThread "Cache worker for execution history cache (C:\Users\Aubery\.gradle\caches\8.0\executionHistory)" [_thread_blocked, id=12188, stack(0x0000008a9de00000,0x0000008a9df00000)]
  0x000001bbc465a340 JavaThread "C2 CompilerThread2" daemon [_thread_blocked, id=23592, stack(0x0000008a9cc00000,0x0000008a9cd00000)]
  0x000001bbc21bf380 JavaThread "Cache worker for kotlin-dsl (C:\Users\Aubery\.gradle\caches\8.0\kotlin-dsl)" [_thread_blocked, id=18396, stack(0x0000008a9df00000,0x0000008a9e000000)]
  0x000001bbc21c4550 JavaThread "Cache worker for dependencies-accessors (E:\AndroidStudioProjects\DormitoryMS\.gradle\8.0\dependencies-accessors)" [_thread_blocked, id=26388, stack(0x0000008a9e000000,0x0000008a9e100000)]
  0x000001bbc21bcd00 JavaThread "Cache worker for Build Output Cleanup Cache (E:\AndroidStudioProjects\DormitoryMS\.gradle\buildOutputCleanup)" [_thread_blocked, id=23740, stack(0x0000008a9e100000,0x0000008a9e200000)]
  0x000001bbc21c01f0 JavaThread "Unconstrained build operations" [_thread_blocked, id=22140, stack(0x0000008a9e200000,0x0000008a9e300000)]
  0x000001bbc21c06c0 JavaThread "Unconstrained build operations Thread 2" [_thread_blocked, id=26240, stack(0x0000008a9e300000,0x0000008a9e400000)]
  0x000001bbc21c2d40 JavaThread "Unconstrained build operations Thread 3" [_thread_blocked, id=13076, stack(0x0000008a9e400000,0x0000008a9e500000)]
  0x000001bbc44cfcc0 JavaThread "Unconstrained build operations Thread 4" [_thread_blocked, id=22996, stack(0x0000008a9e500000,0x0000008a9e600000)]
  0x000001bbc44ce980 JavaThread "Unconstrained build operations Thread 5" [_thread_blocked, id=27576, stack(0x0000008a9e600000,0x0000008a9e700000)]
  0x000001bbc44d3b50 JavaThread "Unconstrained build operations Thread 6" [_thread_blocked, id=18660, stack(0x0000008a9e700000,0x0000008a9e800000)]
  0x000001bbc44cee50 JavaThread "Unconstrained build operations Thread 7" [_thread_blocked, id=23280, stack(0x0000008a9e800000,0x0000008a9e900000)]
  0x000001bbc44d0190 JavaThread "Unconstrained build operations Thread 8" [_thread_blocked, id=17732, stack(0x0000008a9e900000,0x0000008a9ea00000)]
  0x000001bbc44d31b0 JavaThread "Unconstrained build operations Thread 9" [_thread_blocked, id=22032, stack(0x0000008a9ea00000,0x0000008a9eb00000)]
  0x000001bbc44d4020 JavaThread "Unconstrained build operations Thread 10" [_thread_blocked, id=9364, stack(0x0000008a9eb00000,0x0000008a9ec00000)]
  0x000001bbc44cd640 JavaThread "Unconstrained build operations Thread 11" [_thread_blocked, id=6000, stack(0x0000008a9ec00000,0x0000008a9ed00000)]
  0x000001bbc44cdb10 JavaThread "Unconstrained build operations Thread 12" [_thread_blocked, id=8072, stack(0x0000008a9ed00000,0x0000008a9ee00000)]
  0x000001bbc44d14d0 JavaThread "Unconstrained build operations Thread 13" [_thread_blocked, id=21512, stack(0x0000008a9ee00000,0x0000008a9ef00000)]
  0x000001bbc44cdfe0 JavaThread "Unconstrained build operations Thread 14" [_thread_blocked, id=13880, stack(0x0000008a9ef00000,0x0000008a9f000000)]
  0x000001bbc44ce4b0 JavaThread "Unconstrained build operations Thread 15" [_thread_blocked, id=15552, stack(0x0000008a9f000000,0x0000008a9f100000)]
  0x000001bbc44cf320 JavaThread "Unconstrained build operations Thread 16" [_thread_blocked, id=16100, stack(0x0000008a9f100000,0x0000008a9f200000)]
  0x000001bbc44cc7d0 JavaThread "Unconstrained build operations Thread 17" [_thread_blocked, id=10040, stack(0x0000008a9f200000,0x0000008a9f300000)]
  0x000001bbc44cf7f0 JavaThread "Unconstrained build operations Thread 18" [_thread_blocked, id=13544, stack(0x0000008a9f300000,0x0000008a9f400000)]
  0x000001bbc44d0660 JavaThread "Unconstrained build operations Thread 19" [_thread_blocked, id=25628, stack(0x0000008a9f400000,0x0000008a9f500000)]
  0x000001bbc44d0b30 JavaThread "Unconstrained build operations Thread 20" [_thread_blocked, id=12884, stack(0x0000008a9f500000,0x0000008a9f600000)]
  0x000001bbc44d1000 JavaThread "Unconstrained build operations Thread 21" [_thread_blocked, id=7176, stack(0x0000008a9f600000,0x0000008a9f700000)]
  0x000001bbc44d19a0 JavaThread "Unconstrained build operations Thread 22" [_thread_blocked, id=26944, stack(0x0000008a9f700000,0x0000008a9f800000)]
  0x000001bbc44cd170 JavaThread "Unconstrained build operations Thread 23" [_thread_blocked, id=23556, stack(0x0000008a9f800000,0x0000008a9f900000)]
  0x000001bbc44d2810 JavaThread "Unconstrained build operations Thread 24" [_thread_blocked, id=4048, stack(0x0000008a9f900000,0x0000008a9fa00000)]
  0x000001bbc44d1e70 JavaThread "Unconstrained build operations Thread 25" [_thread_blocked, id=22196, stack(0x0000008a9fa00000,0x0000008a9fb00000)]
  0x000001bbc44d2340 JavaThread "Unconstrained build operations Thread 26" [_thread_blocked, id=17236, stack(0x0000008a9fb00000,0x0000008a9fc00000)]
  0x000001bbc44ccca0 JavaThread "Unconstrained build operations Thread 27" [_thread_blocked, id=27748, stack(0x0000008a9fc00000,0x0000008a9fd00000)]
  0x000001bbc44d2ce0 JavaThread "Unconstrained build operations Thread 28" [_thread_blocked, id=25676, stack(0x0000008a9fd00000,0x0000008a9fe00000)]
  0x000001bbc44d3680 JavaThread "Unconstrained build operations Thread 29" [_thread_blocked, id=25316, stack(0x0000008a9fe00000,0x0000008a9ff00000)]
  0x000001bbbe930ec0 JavaThread "Unconstrained build operations Thread 30" [_thread_blocked, id=27252, stack(0x0000008a9ff00000,0x0000008aa0000000)]
  0x000001bbbe932200 JavaThread "Unconstrained build operations Thread 31" [_thread_blocked, id=17748, stack(0x0000008aa0000000,0x0000008aa0100000)]
  0x000001bbbe9309f0 JavaThread "Unconstrained build operations Thread 32" [_thread_blocked, id=26232, stack(0x0000008aa0100000,0x0000008aa0200000)]
  0x000001bbbe931390 JavaThread "Unconstrained build operations Thread 33" [_thread_blocked, id=2936, stack(0x0000008aa0200000,0x0000008aa0300000)]
  0x000001bbbe933070 JavaThread "Unconstrained build operations Thread 34" [_thread_blocked, id=28040, stack(0x0000008aa0300000,0x0000008aa0400000)]
  0x000001bbbe932ba0 JavaThread "Unconstrained build operations Thread 35" [_thread_blocked, id=9884, stack(0x0000008aa0400000,0x0000008aa0500000)]
  0x000001bbbe930050 JavaThread "Unconstrained build operations Thread 36" [_thread_blocked, id=22812, stack(0x0000008aa0500000,0x0000008aa0600000)]
  0x000001bbbe934d50 JavaThread "Unconstrained build operations Thread 37" [_thread_blocked, id=13772, stack(0x0000008aa0600000,0x0000008aa0700000)]
  0x000001bbbe931860 JavaThread "Unconstrained build operations Thread 38" [_thread_blocked, id=8492, stack(0x0000008aa0700000,0x0000008aa0800000)]
  0x000001bbbe933540 JavaThread "Unconstrained build operations Thread 39" [_thread_blocked, id=2496, stack(0x0000008aa0800000,0x0000008aa0900000)]
  0x000001bbbe9356f0 JavaThread "Unconstrained build operations Thread 40" [_thread_blocked, id=19688, stack(0x0000008aa0900000,0x0000008aa0a00000)]
  0x000001bbbe9326d0 JavaThread "Unconstrained build operations Thread 41" [_thread_blocked, id=15008, stack(0x0000008aa0a00000,0x0000008aa0b00000)]
  0x000001bbbe934880 JavaThread "Unconstrained build operations Thread 42" [_thread_blocked, id=3392, stack(0x0000008aa0b00000,0x0000008aa0c00000)]
  0x000001bbbe9343b0 JavaThread "Unconstrained build operations Thread 43" [_thread_blocked, id=23292, stack(0x0000008aa0c00000,0x0000008aa0d00000)]
  0x000001bbbe931d30 JavaThread "Unconstrained build operations Thread 44" [_thread_blocked, id=25772, stack(0x0000008aa0d00000,0x0000008aa0e00000)]
  0x000001bbbe933a10 JavaThread "Unconstrained build operations Thread 45" [_thread_blocked, id=4552, stack(0x0000008aa0e00000,0x0000008aa0f00000)]
  0x000001bbbe92fb80 JavaThread "Unconstrained build operations Thread 46" [_thread_blocked, id=15412, stack(0x0000008aa0f00000,0x0000008aa1000000)]
  0x000001bbbe935220 JavaThread "Unconstrained build operations Thread 47" [_thread_blocked, id=25704, stack(0x0000008aa1000000,0x0000008aa1100000)]
  0x000001bbbe935bc0 JavaThread "Unconstrained build operations Thread 48" [_thread_blocked, id=11352, stack(0x0000008aa1100000,0x0000008aa1200000)]
  0x000001bbbe933ee0 JavaThread "Unconstrained build operations Thread 49" [_thread_blocked, id=6716, stack(0x0000008aa1200000,0x0000008aa1300000)]
  0x000001bbbe936090 JavaThread "Unconstrained build operations Thread 50" [_thread_blocked, id=6444, stack(0x0000008aa1300000,0x0000008aa1400000)]
  0x000001bbbe936560 JavaThread "Unconstrained build operations Thread 51" [_thread_blocked, id=27844, stack(0x0000008aa1400000,0x0000008aa1500000)]
  0x000001bbbe930520 JavaThread "Unconstrained build operations Thread 52" [_thread_blocked, id=16380, stack(0x0000008aa1500000,0x0000008aa1600000)]
  0x000001bbbe92ed10 JavaThread "Unconstrained build operations Thread 53" [_thread_blocked, id=17796, stack(0x0000008aa1600000,0x0000008aa1700000)]
  0x000001bbbe92f1e0 JavaThread "Unconstrained build operations Thread 54" [_thread_blocked, id=21252, stack(0x0000008aa1700000,0x0000008aa1800000)]
  0x000001bbbe92f6b0 JavaThread "Unconstrained build operations Thread 55" [_thread_blocked, id=9992, stack(0x0000008aa1800000,0x0000008aa1900000)]
  0x000001bbc3e52740 JavaThread "Unconstrained build operations Thread 56" [_thread_blocked, id=2276, stack(0x0000008aa1900000,0x0000008aa1a00000)]
  0x000001bbc3e58780 JavaThread "Unconstrained build operations Thread 57" [_thread_blocked, id=8568, stack(0x0000008aa1a00000,0x0000008aa1b00000)]
  0x000001bbc3e59ac0 JavaThread "Unconstrained build operations Thread 58" [_thread_blocked, id=11692, stack(0x0000008aa1b00000,0x0000008aa1c00000)]
  0x000001bbc3e57910 JavaThread "Unconstrained build operations Thread 59" [_thread_blocked, id=17424, stack(0x0000008aa1c00000,0x0000008aa1d00000)]
  0x000001bbc3e59f90 JavaThread "Unconstrained build operations Thread 60" [_thread_blocked, id=18152, stack(0x0000008aa1d00000,0x0000008aa1e00000)]
  0x000001bbc3e55290 JavaThread "Unconstrained build operations Thread 61" [_thread_blocked, id=5892, stack(0x0000008aa1e00000,0x0000008aa1f00000)]
  0x000001bbc3e55760 JavaThread "Unconstrained build operations Thread 62" [_thread_blocked, id=14600, stack(0x0000008aa1f00000,0x0000008aa2000000)]
  0x000001bbc3e54420 JavaThread "Unconstrained build operations Thread 63" [_thread_blocked, id=11300, stack(0x0000008aa2000000,0x0000008aa2100000)]
  0x000001bbc3e54dc0 JavaThread "Unconstrained build operations Thread 64" [_thread_blocked, id=21872, stack(0x0000008aa2100000,0x0000008aa2200000)]
  0x000001bbc3e530e0 JavaThread "Unconstrained build operations Thread 65" [_thread_blocked, id=12064, stack(0x0000008aa2200000,0x0000008aa2300000)]
  0x000001bbc3e56100 JavaThread "Unconstrained build operations Thread 66" [_thread_blocked, id=16416, stack(0x0000008aa2300000,0x0000008aa2400000)]
  0x000001bbc3e52c10 JavaThread "Unconstrained build operations Thread 67" [_thread_blocked, id=26596, stack(0x0000008aa2400000,0x0000008aa2500000)]
  0x000001bbc3e59120 JavaThread "Unconstrained build operations Thread 68" [_thread_blocked, id=22136, stack(0x0000008aa2500000,0x0000008aa2600000)]
  0x000001bbc3e535b0 JavaThread "Unconstrained build operations Thread 69" [_thread_blocked, id=22692, stack(0x0000008aa2600000,0x0000008aa2700000)]
  0x000001bbc3e58c50 JavaThread "Unconstrained build operations Thread 70" [_thread_blocked, id=17840, stack(0x0000008aa2700000,0x0000008aa2800000)]
  0x000001bbc3e53a80 JavaThread "Unconstrained build operations Thread 71" [_thread_blocked, id=12720, stack(0x0000008aa2800000,0x0000008aa2900000)]
  0x000001bbc3e582b0 JavaThread "Unconstrained build operations Thread 72" [_thread_blocked, id=10260, stack(0x0000008aa2900000,0x0000008aa2a00000)]
  0x000001bbc3e548f0 JavaThread "Unconstrained build operations Thread 73" [_thread_blocked, id=23140, stack(0x0000008aa2a00000,0x0000008aa2b00000)]
  0x000001bbc3e53f50 JavaThread "Unconstrained build operations Thread 74" [_thread_blocked, id=9636, stack(0x0000008aa2b00000,0x0000008aa2c00000)]
  0x000001bbc3e55c30 JavaThread "Unconstrained build operations Thread 75" [_thread_blocked, id=23120, stack(0x0000008aa2c00000,0x0000008aa2d00000)]
  0x000001bbc3e565d0 JavaThread "Unconstrained build operations Thread 76" [_thread_blocked, id=6112, stack(0x0000008aa2d00000,0x0000008aa2e00000)]
  0x000001bbc3e595f0 JavaThread "Unconstrained build operations Thread 77" [_thread_blocked, id=13668, stack(0x0000008aa2e00000,0x0000008aa2f00000)]
  0x000001bbc3e57de0 JavaThread "Unconstrained build operations Thread 78" [_thread_blocked, id=16660, stack(0x0000008aa2f00000,0x0000008aa3000000)]
  0x000001bbc3e56aa0 JavaThread "Unconstrained build operations Thread 79" [_thread_blocked, id=13856, stack(0x0000008aa3000000,0x0000008aa3100000)]
  0x000001bbc3e56f70 JavaThread "Unconstrained build operations Thread 80" [_thread_blocked, id=25816, stack(0x0000008aa3100000,0x0000008aa3200000)]
  0x000001bbc3e57440 JavaThread "Unconstrained build operations Thread 81" [_thread_blocked, id=27752, stack(0x0000008aa3200000,0x0000008aa3300000)]
  0x000001bbc2ede420 JavaThread "Unconstrained build operations Thread 82" [_thread_blocked, id=292, stack(0x0000008aa3300000,0x0000008aa3400000)]
  0x000001bbc2ed8d80 JavaThread "Unconstrained build operations Thread 83" [_thread_blocked, id=25500, stack(0x0000008aa3400000,0x0000008aa3500000)]
  0x000001bbc2edda80 JavaThread "Unconstrained build operations Thread 84" [_thread_blocked, id=3560, stack(0x0000008aa3500000,0x0000008aa3600000)]
  0x000001bbc2ed6bd0 JavaThread "Unconstrained build operations Thread 85" [_thread_blocked, id=2852, stack(0x0000008aa3600000,0x0000008aa3700000)]
  0x000001bbc2eddf50 JavaThread "Unconstrained build operations Thread 86" [_thread_blocked, id=10356, stack(0x0000008aa3700000,0x0000008aa3800000)]
  0x000001bbc2ed88b0 JavaThread "Unconstrained build operations Thread 87" [_thread_blocked, id=17696, stack(0x0000008aa3800000,0x0000008aa3900000)]
  0x000001bbc2ed7a40 JavaThread "Unconstrained build operations Thread 88" [_thread_blocked, id=4988, stack(0x0000008aa3900000,0x0000008aa3a00000)]
  0x000001bbc2eda590 JavaThread "Unconstrained build operations Thread 89" [_thread_blocked, id=4920, stack(0x0000008aa3a00000,0x0000008aa3b00000)]
  0x000001bbc2ed70a0 JavaThread "Unconstrained build operations Thread 90" [_thread_blocked, id=11656, stack(0x0000008aa3b00000,0x0000008aa3c00000)]
  0x000001bbc2ed9720 JavaThread "Unconstrained build operations Thread 91" [_thread_blocked, id=10244, stack(0x0000008aa3c00000,0x0000008aa3d00000)]
  0x000001bbc2ed9250 JavaThread "Unconstrained build operations Thread 92" [_thread_blocked, id=26400, stack(0x0000008aa3d00000,0x0000008aa3e00000)]
  0x000001bbc2ed7f10 JavaThread "Unconstrained build operations Thread 93" [_thread_blocked, id=18616, stack(0x0000008aa3e00000,0x0000008aa3f00000)]
  0x000001bbc2ed7570 JavaThread "Unconstrained build operations Thread 94" [_thread_blocked, id=20112, stack(0x0000008aa3f00000,0x0000008aa4000000)]
  0x000001bbc2ed83e0 JavaThread "Unconstrained build operations Thread 95" [_thread_blocked, id=12804, stack(0x0000008aa4000000,0x0000008aa4100000)]
  0x000001bbc2ed9bf0 JavaThread "Unconstrained build operations Thread 96" [_thread_blocked, id=26908, stack(0x0000008aa4100000,0x0000008aa4200000)]
  0x000001bbc2eda0c0 JavaThread "Unconstrained build operations Thread 97" [_thread_blocked, id=17000, stack(0x0000008aa4200000,0x0000008aa4300000)]
  0x000001bbc2edcc10 JavaThread "Unconstrained build operations Thread 98" [_thread_blocked, id=12580, stack(0x0000008aa4300000,0x0000008aa4400000)]
  0x000001bbc2edaa60 JavaThread "Unconstrained build operations Thread 99" [_thread_blocked, id=26328, stack(0x0000008aa4400000,0x0000008aa4500000)]
  0x000001bbc2edc270 JavaThread "Unconstrained build operations Thread 100" [_thread_blocked, id=10532, stack(0x0000008aa4500000,0x0000008aa4600000)]
  0x000001bbc2edc740 JavaThread "Unconstrained build operations Thread 101" [_thread_blocked, id=28068, stack(0x0000008aa4600000,0x0000008aa4700000)]
  0x000001bbc2edaf30 JavaThread "Unconstrained build operations Thread 102" [_thread_blocked, id=17932, stack(0x0000008aa4700000,0x0000008aa4800000)]
  0x000001bbc2edb8d0 JavaThread "Unconstrained build operations Thread 103" [_thread_blocked, id=8432, stack(0x0000008aa4800000,0x0000008aa4900000)]
  0x000001bbc2edb400 JavaThread "Unconstrained build operations Thread 104" [_thread_blocked, id=16496, stack(0x0000008aa4900000,0x0000008aa4a00000)]
  0x000001bbc2edbda0 JavaThread "Unconstrained build operations Thread 105" [_thread_blocked, id=22672, stack(0x0000008aa4a00000,0x0000008aa4b00000)]
  0x000001bbc2edd0e0 JavaThread "Unconstrained build operations Thread 106" [_thread_blocked, id=13748, stack(0x0000008aa4b00000,0x0000008aa4c00000)]
  0x000001bbc2edd5b0 JavaThread "Unconstrained build operations Thread 107" [_thread_blocked, id=15328, stack(0x0000008aa4c00000,0x0000008aa4d00000)]
  0x000001bbc2beed90 JavaThread "Unconstrained build operations Thread 108" [_thread_blocked, id=24556, stack(0x0000008aa4d00000,0x0000008aa4e00000)]
  0x000001bbc2beaf00 JavaThread "Unconstrained build operations Thread 109" [_thread_blocked, id=24400, stack(0x0000008aa4e00000,0x0000008aa4f00000)]
  0x000001bbc2be9220 JavaThread "Unconstrained build operations Thread 110" [_thread_blocked, id=25476, stack(0x0000008aa4f00000,0x0000008aa5000000)]
  0x000001bbc2bec710 JavaThread "Unconstrained build operations Thread 111" [_thread_blocked, id=6280, stack(0x0000008aa5000000,0x0000008aa5100000)]
  0x000001bbc2bee3f0 JavaThread "Unconstrained build operations Thread 112" [_thread_blocked, id=20976, stack(0x0000008aa5100000,0x0000008aa5200000)]
  0x000001bbc2beaa30 JavaThread "Unconstrained build operations Thread 113" [_thread_blocked, id=26220, stack(0x0000008aa5200000,0x0000008aa5300000)]
  0x000001bbc2beda50 JavaThread "Unconstrained build operations Thread 114" [_thread_blocked, id=20192, stack(0x0000008aa5300000,0x0000008aa5400000)]
  0x000001bbc2beb3d0 JavaThread "Unconstrained build operations Thread 115" [_thread_blocked, id=18844, stack(0x0000008aa5400000,0x0000008aa5500000)]
  0x000001bbc2be96f0 JavaThread "Unconstrained build operations Thread 116" [_thread_blocked, id=27672, stack(0x0000008aa5500000,0x0000008aa5600000)]
  0x000001bbc2becbe0 JavaThread "Unconstrained build operations Thread 117" [_thread_blocked, id=1496, stack(0x0000008aa5600000,0x0000008aa5700000)]
  0x000001bbc2be8d50 JavaThread "Unconstrained build operations Thread 118" [_thread_blocked, id=8704, stack(0x0000008aa5700000,0x0000008aa5800000)]
  0x000001bbc2beb8a0 JavaThread "Unconstrained build operations Thread 119" [_thread_blocked, id=27628, stack(0x0000008aa5800000,0x0000008aa5900000)]
  0x000001bbc2bebd70 JavaThread "Unconstrained build operations Thread 120" [_thread_blocked, id=8480, stack(0x0000008aa5900000,0x0000008aa5a00000)]
  0x000001bbc2be9bc0 JavaThread "Memory manager" [_thread_blocked, id=10560, stack(0x0000008aa5a00000,0x0000008aa5b00000)]

Other Threads:
=>0x000001bbbd5ae3d0 VMThread "VM Thread" [stack: 0x0000008a9a400000,0x0000008a9a500000] [id=12872]
  0x000001bba3380e30 WatcherThread [stack: 0x0000008a9b000000,0x0000008a9b100000] [id=21932]
  0x000001bba3359b20 GCTaskThread "GC Thread#0" [stack: 0x0000008a99f00000,0x0000008a9a000000] [id=1772]
  0x000001bbbf3a77c0 GCTaskThread "GC Thread#1" [stack: 0x0000008a9b300000,0x0000008a9b400000] [id=2480]
  0x000001bbbf3a9b30 GCTaskThread "GC Thread#2" [stack: 0x0000008a9b400000,0x0000008a9b500000] [id=25496]
  0x000001bbbf3a9de0 GCTaskThread "GC Thread#3" [stack: 0x0000008a9b500000,0x0000008a9b600000] [id=26976]
  0x000001bbbf3aa090 GCTaskThread "GC Thread#4" [stack: 0x0000008a9b600000,0x0000008a9b700000] [id=1520]
  0x000001bbbf559050 GCTaskThread "GC Thread#5" [stack: 0x0000008a9bf00000,0x0000008a9c000000] [id=1992]
  0x000001bbc0497840 GCTaskThread "GC Thread#6" [stack: 0x0000008a9c000000,0x0000008a9c100000] [id=14764]
  0x000001bbc07c0070 GCTaskThread "GC Thread#7" [stack: 0x0000008a9c100000,0x0000008a9c200000] [id=1448]
  0x000001bbc0ab75f0 GCTaskThread "GC Thread#8" [stack: 0x0000008a9c200000,0x0000008a9c300000] [id=24824]
  0x000001bbbf45a640 GCTaskThread "GC Thread#9" [stack: 0x0000008a9c300000,0x0000008a9c400000] [id=2664]
  0x000001bba336aa60 ConcurrentGCThread "G1 Main Marker" [stack: 0x0000008a9a000000,0x0000008a9a100000] [id=2280]
  0x000001bba336d490 ConcurrentGCThread "G1 Conc#0" [stack: 0x0000008a9a100000,0x0000008a9a200000] [id=3964]
  0x000001bbc0a32230 ConcurrentGCThread "G1 Conc#1" [stack: 0x0000008a9c400000,0x0000008a9c500000] [id=23296]
  0x000001bbc09b6250 ConcurrentGCThread "G1 Conc#2" [stack: 0x0000008a9c500000,0x0000008a9c600000] [id=27380]
  0x000001bba33becf0 ConcurrentGCThread "G1 Refine#0" [stack: 0x0000008a9a200000,0x0000008a9a300000] [id=5944]
  0x000001bbbd436cd0 ConcurrentGCThread "G1 Service" [stack: 0x0000008a9a300000,0x0000008a9a400000] [id=9500]

Threads with active compile tasks:

VM state: at safepoint (normal execution)

VM Mutex/Monitor currently owned by a thread:  ([mutex/lock_event])
[0x000001bba32fbaf0] Threads_lock - owner thread: 0x000001bbbd5ae3d0
[0x000001bba32fa230] Heap_lock - owner thread: 0x000001bbc07bfba0

Heap address: 0x0000000080000000, size: 2048 MB, Compressed Oops mode: 32-bit

CDS archive(s) not mapped
Compressed class space mapped at: 0x0000000100000000-0x0000000140000000, reserved size: 1073741824
Narrow klass base: 0x0000000000000000, Narrow klass shift: 3, Narrow klass range: 0x140000000

GC Precious Log:
 CPUs: 12 total, 12 available
 Memory: 14188M
 Large Page Support: Disabled
 NUMA Support: Disabled
 Compressed Oops: Enabled (32-bit)
 Heap Region Size: 1M
 Heap Min Capacity: 8M
 Heap Initial Capacity: 222M
 Heap Max Capacity: 2G
 Pre-touch: Disabled
 Parallel Workers: 10
 Concurrent Workers: 3
 Concurrent Refinement Workers: 10
 Periodic GC: Disabled

Heap:
 garbage-first heap   total 147456K, used 90824K [0x0000000080000000, 0x0000000100000000)
  region size 1024K, 2 young (2048K), 2 survivors (2048K)
 Metaspace       used 72840K, committed 73536K, reserved 1114112K
  class space    used 9720K, committed 10048K, reserved 1048576K

Heap Regions: E=young(eden), S=young(survivor), O=old, HS=humongous(starts), HC=humongous(continues), CS=collection set, F=free, OA=open archive, CA=closed archive, TAMS=top-at-mark-start (previous, next)
|   0|0x0000000080000000, 0x0000000080100000, 0x0000000080100000|100%|HS|  |TAMS 0x0000000080100000, 0x0000000080000000| Complete 
|   1|0x0000000080100000, 0x0000000080200000, 0x0000000080200000|100%|HC|  |TAMS 0x0000000080200000, 0x0000000080100000| Complete 
|   2|0x0000000080200000, 0x0000000080300000, 0x0000000080300000|100%|HC|  |TAMS 0x0000000080300000, 0x0000000080200000| Complete 
|   3|0x0000000080300000, 0x0000000080400000, 0x0000000080400000|100%|HC|  |TAMS 0x0000000080400000, 0x0000000080300000| Complete 
|   4|0x0000000080400000, 0x0000000080500000, 0x0000000080500000|100%| O|  |TAMS 0x0000000080500000, 0x0000000080400000| Untracked 
|   5|0x0000000080500000, 0x0000000080600000, 0x0000000080600000|100%| O|  |TAMS 0x0000000080600000, 0x0000000080500000| Untracked 
|   6|0x0000000080600000, 0x0000000080700000, 0x0000000080700000|100%| O|  |TAMS 0x0000000080700000, 0x0000000080600000| Untracked 
|   7|0x0000000080700000, 0x0000000080800000, 0x0000000080800000|100%| O|  |TAMS 0x0000000080800000, 0x0000000080700000| Untracked 
|   8|0x0000000080800000, 0x0000000080900000, 0x0000000080900000|100%| O|  |TAMS 0x0000000080900000, 0x0000000080800000| Untracked 
|   9|0x0000000080900000, 0x0000000080a00000, 0x0000000080a00000|100%| O|  |TAMS 0x0000000080a00000, 0x0000000080900000| Untracked 
|  10|0x0000000080a00000, 0x0000000080b00000, 0x0000000080b00000|100%| O|  |TAMS 0x0000000080b00000, 0x0000000080a00000| Untracked 
|  11|0x0000000080b00000, 0x0000000080c00000, 0x0000000080c00000|100%| O|  |TAMS 0x0000000080c00000, 0x0000000080b00000| Untracked 
|  12|0x0000000080c00000, 0x0000000080d00000, 0x0000000080d00000|100%| O|  |TAMS 0x0000000080d00000, 0x0000000080c00000| Untracked 
|  13|0x0000000080d00000, 0x0000000080e00000, 0x0000000080e00000|100%| O|  |TAMS 0x0000000080e00000, 0x0000000080d00000| Untracked 
|  14|0x0000000080e00000, 0x0000000080f00000, 0x0000000080f00000|100%|HS|  |TAMS 0x0000000080f00000, 0x0000000080e00000| Complete 
|  15|0x0000000080f00000, 0x0000000081000000, 0x0000000081000000|100%| O|  |TAMS 0x0000000081000000, 0x0000000080f00000| Untracked 
|  16|0x0000000081000000, 0x0000000081100000, 0x0000000081100000|100%| O|  |TAMS 0x0000000081100000, 0x0000000081000000| Untracked 
|  17|0x0000000081100000, 0x0000000081200000, 0x0000000081200000|100%| O|  |TAMS 0x0000000081200000, 0x0000000081100000| Untracked 
|  18|0x0000000081200000, 0x0000000081300000, 0x0000000081300000|100%| O|  |TAMS 0x0000000081300000, 0x0000000081200000| Untracked 
|  19|0x0000000081300000, 0x0000000081400000, 0x0000000081400000|100%| O|  |TAMS 0x0000000081400000, 0x0000000081300000| Untracked 
|  20|0x0000000081400000, 0x0000000081500000, 0x0000000081500000|100%|HS|  |TAMS 0x0000000081500000, 0x0000000081400000| Complete 
|  21|0x0000000081500000, 0x0000000081600000, 0x0000000081600000|100%|HC|  |TAMS 0x0000000081600000, 0x0000000081500000| Complete 
|  22|0x0000000081600000, 0x0000000081700000, 0x0000000081700000|100%| O|  |TAMS 0x0000000081700000, 0x0000000081600000| Untracked 
|  23|0x0000000081700000, 0x0000000081800000, 0x0000000081800000|100%| O|  |TAMS 0x0000000081800000, 0x0000000081700000| Untracked 
|  24|0x0000000081800000, 0x0000000081900000, 0x0000000081900000|100%| O|  |TAMS 0x0000000081900000, 0x0000000081800000| Untracked 
|  25|0x0000000081900000, 0x0000000081a00000, 0x0000000081a00000|100%| O|  |TAMS 0x0000000081a00000, 0x0000000081900000| Untracked 
|  26|0x0000000081a00000, 0x0000000081b00000, 0x0000000081b00000|100%| O|  |TAMS 0x0000000081b00000, 0x0000000081a00000| Untracked 
|  27|0x0000000081b00000, 0x0000000081c00000, 0x0000000081c00000|100%|HS|  |TAMS 0x0000000081c00000, 0x0000000081b00000| Complete 
|  28|0x0000000081c00000, 0x0000000081d00000, 0x0000000081d00000|100%|HC|  |TAMS 0x0000000081d00000, 0x0000000081c00000| Complete 
|  29|0x0000000081d00000, 0x0000000081e00000, 0x0000000081e00000|100%|HC|  |TAMS 0x0000000081e00000, 0x0000000081d00000| Complete 
|  30|0x0000000081e00000, 0x0000000081f00000, 0x0000000081f00000|100%|HS|  |TAMS 0x0000000081f00000, 0x0000000081e00000| Complete 
|  31|0x0000000081f00000, 0x0000000082000000, 0x0000000082000000|100%|HC|  |TAMS 0x0000000082000000, 0x0000000081f00000| Complete 
|  32|0x0000000082000000, 0x0000000082100000, 0x0000000082100000|100%|HC|  |TAMS 0x0000000082100000, 0x0000000082000000| Complete 
|  33|0x0000000082100000, 0x0000000082200000, 0x0000000082200000|100%|HS|  |TAMS 0x0000000082200000, 0x0000000082100000| Complete 
|  34|0x0000000082200000, 0x0000000082300000, 0x0000000082300000|100%|HC|  |TAMS 0x0000000082300000, 0x0000000082200000| Complete 
|  35|0x0000000082300000, 0x0000000082400000, 0x0000000082400000|100%| O|  |TAMS 0x0000000082400000, 0x0000000082300000| Untracked 
|  36|0x0000000082400000, 0x0000000082400000, 0x0000000082500000|  0%| F|  |TAMS 0x0000000082400000, 0x0000000082400000| Untracked 
|  37|0x0000000082500000, 0x0000000082600000, 0x0000000082600000|100%| O|  |TAMS 0x0000000082600000, 0x0000000082500000| Untracked 
|  38|0x0000000082600000, 0x0000000082700000, 0x0000000082700000|100%| O|  |TAMS 0x0000000082700000, 0x0000000082600000| Untracked 
|  39|0x0000000082700000, 0x0000000082800000, 0x0000000082800000|100%| O|  |TAMS 0x0000000082800000, 0x0000000082700000| Untracked 
|  40|0x0000000082800000, 0x0000000082900000, 0x0000000082900000|100%| O|  |TAMS 0x0000000082800000, 0x0000000082800000| Untracked 
|  41|0x0000000082900000, 0x0000000082a00000, 0x0000000082a00000|100%| O|  |TAMS 0x0000000082a00000, 0x0000000082900000| Untracked 
|  42|0x0000000082a00000, 0x0000000082b00000, 0x0000000082b00000|100%| O|  |TAMS 0x0000000082b00000, 0x0000000082a00000| Untracked 
|  43|0x0000000082b00000, 0x0000000082c00000, 0x0000000082c00000|100%| O|  |TAMS 0x0000000082c00000, 0x0000000082b00000| Untracked 
|  44|0x0000000082c00000, 0x0000000082d00000, 0x0000000082d00000|100%| O|  |TAMS 0x0000000082d00000, 0x0000000082c00000| Untracked 
|  45|0x0000000082d00000, 0x0000000082e00000, 0x0000000082e00000|100%|HS|  |TAMS 0x0000000082e00000, 0x0000000082d00000| Complete 
|  46|0x0000000082e00000, 0x0000000082f00000, 0x0000000082f00000|100%|HC|  |TAMS 0x0000000082f00000, 0x0000000082e00000| Complete 
|  47|0x0000000082f00000, 0x0000000083000000, 0x0000000083000000|100%|HC|  |TAMS 0x0000000083000000, 0x0000000082f00000| Complete 
|  48|0x0000000083000000, 0x0000000083100000, 0x0000000083100000|100%|HC|  |TAMS 0x0000000083100000, 0x0000000083000000| Complete 
|  49|0x0000000083100000, 0x0000000083200000, 0x0000000083200000|100%|HC|  |TAMS 0x0000000083200000, 0x0000000083100000| Complete 
|  50|0x0000000083200000, 0x0000000083300000, 0x0000000083300000|100%|HC|  |TAMS 0x0000000083300000, 0x0000000083200000| Complete 
|  51|0x0000000083300000, 0x0000000083400000, 0x0000000083400000|100%|HC|  |TAMS 0x0000000083400000, 0x0000000083300000| Complete 
|  52|0x0000000083400000, 0x0000000083500000, 0x0000000083500000|100%|HC|  |TAMS 0x0000000083500000, 0x0000000083400000| Complete 
|  53|0x0000000083500000, 0x0000000083600000, 0x0000000083600000|100%|HC|  |TAMS 0x0000000083600000, 0x0000000083500000| Complete 
|  54|0x0000000083600000, 0x0000000083700000, 0x0000000083700000|100%|HC|  |TAMS 0x0000000083700000, 0x0000000083600000| Complete 
|  55|0x0000000083700000, 0x0000000083800000, 0x0000000083800000|100%|HC|  |TAMS 0x0000000083800000, 0x0000000083700000| Complete 
|  56|0x0000000083800000, 0x0000000083900000, 0x0000000083900000|100%|HC|  |TAMS 0x0000000083900000, 0x0000000083800000| Complete 
|  57|0x0000000083900000, 0x0000000083a00000, 0x0000000083a00000|100%| O|  |TAMS 0x0000000083a00000, 0x0000000083900000| Untracked 
|  58|0x0000000083a00000, 0x0000000083b00000, 0x0000000083b00000|100%| O|  |TAMS 0x0000000083b00000, 0x0000000083a00000| Untracked 
|  59|0x0000000083b00000, 0x0000000083c00000, 0x0000000083c00000|100%| O|  |TAMS 0x0000000083c00000, 0x0000000083b00000| Untracked 
|  60|0x0000000083c00000, 0x0000000083d00000, 0x0000000083d00000|100%|HS|  |TAMS 0x0000000083d00000, 0x0000000083c00000| Complete 
|  61|0x0000000083d00000, 0x0000000083e00000, 0x0000000083e00000|100%|HC|  |TAMS 0x0000000083e00000, 0x0000000083d00000| Complete 
|  62|0x0000000083e00000, 0x0000000083f00000, 0x0000000083f00000|100%|HC|  |TAMS 0x0000000083f00000, 0x0000000083e00000| Complete 
|  63|0x0000000083f00000, 0x0000000084000000, 0x0000000084000000|100%|HS|  |TAMS 0x0000000084000000, 0x0000000083f00000| Complete 
|  64|0x0000000084000000, 0x0000000084100000, 0x0000000084100000|100%|HC|  |TAMS 0x0000000084100000, 0x0000000084000000| Complete 
|  65|0x0000000084100000, 0x0000000084200000, 0x0000000084200000|100%|HC|  |TAMS 0x0000000084200000, 0x0000000084100000| Complete 
|  66|0x0000000084200000, 0x0000000084300000, 0x0000000084300000|100%| O|  |TAMS 0x0000000084300000, 0x0000000084200000| Untracked 
|  67|0x0000000084300000, 0x0000000084400000, 0x0000000084400000|100%| O|  |TAMS 0x0000000084400000, 0x0000000084300000| Untracked 
|  68|0x0000000084400000, 0x0000000084500000, 0x0000000084500000|100%| O|  |TAMS 0x0000000084500000, 0x0000000084400000| Untracked 
|  69|0x0000000084500000, 0x0000000084600000, 0x0000000084600000|100%| O|  |TAMS 0x0000000084600000, 0x0000000084500000| Untracked 
|  70|0x0000000084600000, 0x0000000084700000, 0x0000000084700000|100%| O|  |TAMS 0x0000000084700000, 0x0000000084600000| Untracked 
|  71|0x0000000084700000, 0x0000000084800000, 0x0000000084800000|100%| O|  |TAMS 0x0000000084800000, 0x0000000084700000| Untracked 
|  72|0x0000000084800000, 0x0000000084900000, 0x0000000084900000|100%| O|  |TAMS 0x0000000084900000, 0x0000000084800000| Untracked 
|  73|0x0000000084900000, 0x0000000084a00000, 0x0000000084a00000|100%| O|  |TAMS 0x0000000084a00000, 0x0000000084900000| Untracked 
|  74|0x0000000084a00000, 0x0000000084b00000, 0x0000000084b00000|100%|HS|  |TAMS 0x0000000084b00000, 0x0000000084a00000| Complete 
|  75|0x0000000084b00000, 0x0000000084c00000, 0x0000000084c00000|100%|HS|  |TAMS 0x0000000084c00000, 0x0000000084b00000| Complete 
|  76|0x0000000084c00000, 0x0000000084d00000, 0x0000000084d00000|100%| O|  |TAMS 0x0000000084d00000, 0x0000000084c00000| Untracked 
|  77|0x0000000084d00000, 0x0000000084e00000, 0x0000000084e00000|100%| O|  |TAMS 0x0000000084e00000, 0x0000000084d00000| Untracked 
|  78|0x0000000084e00000, 0x0000000084f00000, 0x0000000084f00000|100%| O|  |TAMS 0x0000000084f00000, 0x0000000084e00000| Untracked 
|  79|0x0000000084f00000, 0x0000000085000000, 0x0000000085000000|100%| O|  |TAMS 0x0000000085000000, 0x0000000084f00000| Untracked 
|  80|0x0000000085000000, 0x0000000085100000, 0x0000000085100000|100%| O|  |TAMS 0x0000000085100000, 0x0000000085000000| Untracked 
|  81|0x0000000085100000, 0x0000000085200000, 0x0000000085200000|100%| O|  |TAMS 0x0000000085200000, 0x0000000085100000| Untracked 
|  82|0x0000000085200000, 0x0000000085300000, 0x0000000085300000|100%| O|  |TAMS 0x00000000852d3800, 0x0000000085200000| Untracked 
|  83|0x0000000085300000, 0x0000000085400000, 0x0000000085400000|100%| O|  |TAMS 0x0000000085300000, 0x0000000085300000| Untracked 
|  84|0x0000000085400000, 0x0000000085500000, 0x0000000085500000|100%| O|  |TAMS 0x0000000085400000, 0x0000000085400000| Untracked 
|  85|0x0000000085500000, 0x0000000085600000, 0x0000000085600000|100%| O|  |TAMS 0x0000000085500000, 0x0000000085500000| Untracked 
|  86|0x0000000085600000, 0x00000000856d9400, 0x0000000085700000| 84%| O|  |TAMS 0x0000000085600000, 0x0000000085600000| Untracked 
|  87|0x0000000085700000, 0x0000000085700000, 0x0000000085800000|  0%| F|  |TAMS 0x0000000085700000, 0x0000000085700000| Untracked 
|  88|0x0000000085800000, 0x0000000085900000, 0x0000000085900000|100%| O|  |TAMS 0x0000000085800000, 0x0000000085800000| Untracked 
|  89|0x0000000085900000, 0x0000000085900000, 0x0000000085a00000|  0%| F|  |TAMS 0x0000000085900000, 0x0000000085900000| Untracked 
|  90|0x0000000085a00000, 0x0000000085a00000, 0x0000000085b00000|  0%| F|  |TAMS 0x0000000085a00000, 0x0000000085a00000| Untracked 
|  91|0x0000000085b00000, 0x0000000085b00000, 0x0000000085c00000|  0%| F|  |TAMS 0x0000000085b00000, 0x0000000085b00000| Untracked 
|  92|0x0000000085c00000, 0x0000000085c00000, 0x0000000085d00000|  0%| F|  |TAMS 0x0000000085c00000, 0x0000000085c00000| Untracked 
|  93|0x0000000085d00000, 0x0000000085d00000, 0x0000000085e00000|  0%| F|  |TAMS 0x0000000085d00000, 0x0000000085d00000| Untracked 
|  94|0x0000000085e00000, 0x0000000085e00000, 0x0000000085f00000|  0%| F|  |TAMS 0x0000000085e00000, 0x0000000085e00000| Untracked 
|  95|0x0000000085f00000, 0x0000000085f00000, 0x0000000086000000|  0%| F|  |TAMS 0x0000000085f00000, 0x0000000085f00000| Untracked 
|  96|0x0000000086000000, 0x0000000086000000, 0x0000000086100000|  0%| F|  |TAMS 0x0000000086000000, 0x0000000086000000| Untracked 
|  97|0x0000000086100000, 0x0000000086100000, 0x0000000086200000|  0%| F|  |TAMS 0x0000000086100000, 0x0000000086100000| Untracked 
|  98|0x0000000086200000, 0x0000000086200000, 0x0000000086300000|  0%| F|  |TAMS 0x0000000086200000, 0x0000000086200000| Untracked 
|  99|0x0000000086300000, 0x0000000086300000, 0x0000000086400000|  0%| F|  |TAMS 0x0000000086300000, 0x0000000086300000| Untracked 
| 100|0x0000000086400000, 0x0000000086400000, 0x0000000086500000|  0%| F|  |TAMS 0x0000000086400000, 0x0000000086400000| Untracked 
| 101|0x0000000086500000, 0x0000000086500000, 0x0000000086600000|  0%| F|  |TAMS 0x0000000086500000, 0x0000000086500000| Untracked 
| 102|0x0000000086600000, 0x0000000086600000, 0x0000000086700000|  0%| F|  |TAMS 0x0000000086600000, 0x0000000086600000| Untracked 
| 103|0x0000000086700000, 0x0000000086700000, 0x0000000086800000|  0%| F|  |TAMS 0x0000000086700000, 0x0000000086700000| Untracked 
| 104|0x0000000086800000, 0x0000000086800000, 0x0000000086900000|  0%| F|  |TAMS 0x0000000086800000, 0x0000000086800000| Untracked 
| 105|0x0000000086900000, 0x0000000086900000, 0x0000000086a00000|  0%| F|  |TAMS 0x0000000086900000, 0x0000000086900000| Untracked 
| 106|0x0000000086a00000, 0x0000000086a00000, 0x0000000086b00000|  0%| F|  |TAMS 0x0000000086a00000, 0x0000000086a00000| Untracked 
| 107|0x0000000086b00000, 0x0000000086b00000, 0x0000000086c00000|  0%| F|  |TAMS 0x0000000086b00000, 0x0000000086b00000| Untracked 
| 108|0x0000000086c00000, 0x0000000086c00000, 0x0000000086d00000|  0%| F|  |TAMS 0x0000000086c00000, 0x0000000086c00000| Untracked 
| 109|0x0000000086d00000, 0x0000000086d00000, 0x0000000086e00000|  0%| F|  |TAMS 0x0000000086d00000, 0x0000000086d00000| Untracked 
| 110|0x0000000086e00000, 0x0000000086e00000, 0x0000000086f00000|  0%| F|  |TAMS 0x0000000086e00000, 0x0000000086e00000| Untracked 
| 111|0x0000000086f00000, 0x0000000086fd8c58, 0x0000000087000000| 84%| S|CS|TAMS 0x0000000086f00000, 0x0000000086f00000| Complete 
| 112|0x0000000087000000, 0x0000000087100000, 0x0000000087100000|100%| S|CS|TAMS 0x0000000087000000, 0x0000000087000000| Complete 
| 113|0x0000000087100000, 0x0000000087100000, 0x0000000087200000|  0%| F|  |TAMS 0x0000000087100000, 0x0000000087100000| Untracked 
| 114|0x0000000087200000, 0x0000000087200000, 0x0000000087300000|  0%| F|  |TAMS 0x0000000087200000, 0x0000000087200000| Untracked 
| 115|0x0000000087300000, 0x0000000087300000, 0x0000000087400000|  0%| F|  |TAMS 0x0000000087300000, 0x0000000087300000| Untracked 
| 116|0x0000000087400000, 0x0000000087400000, 0x0000000087500000|  0%| F|  |TAMS 0x0000000087400000, 0x0000000087400000| Untracked 
| 117|0x0000000087500000, 0x0000000087500000, 0x0000000087600000|  0%| F|  |TAMS 0x0000000087500000, 0x0000000087500000| Untracked 
| 118|0x0000000087600000, 0x0000000087600000, 0x0000000087700000|  0%| F|  |TAMS 0x0000000087600000, 0x0000000087600000| Untracked 
| 119|0x0000000087700000, 0x0000000087700000, 0x0000000087800000|  0%| F|  |TAMS 0x0000000087700000, 0x0000000087700000| Untracked 
| 120|0x0000000087800000, 0x0000000087800000, 0x0000000087900000|  0%| F|  |TAMS 0x0000000087800000, 0x0000000087800000| Untracked 
| 121|0x0000000087900000, 0x0000000087900000, 0x0000000087a00000|  0%| F|  |TAMS 0x0000000087900000, 0x0000000087900000| Untracked 
| 122|0x0000000087a00000, 0x0000000087a00000, 0x0000000087b00000|  0%| F|  |TAMS 0x0000000087a00000, 0x0000000087a00000| Untracked 
| 123|0x0000000087b00000, 0x0000000087b00000, 0x0000000087c00000|  0%| F|  |TAMS 0x0000000087b00000, 0x0000000087b00000| Untracked 
| 124|0x0000000087c00000, 0x0000000087c00000, 0x0000000087d00000|  0%| F|  |TAMS 0x0000000087c00000, 0x0000000087c00000| Untracked 
| 125|0x0000000087d00000, 0x0000000087d00000, 0x0000000087e00000|  0%| F|  |TAMS 0x0000000087d00000, 0x0000000087d00000| Untracked 
| 126|0x0000000087e00000, 0x0000000087e00000, 0x0000000087f00000|  0%| F|  |TAMS 0x0000000087e00000, 0x0000000087e00000| Untracked 
| 127|0x0000000087f00000, 0x0000000087f00000, 0x0000000088000000|  0%| F|  |TAMS 0x0000000087f00000, 0x0000000087f00000| Untracked 
| 128|0x0000000088000000, 0x0000000088000000, 0x0000000088100000|  0%| F|  |TAMS 0x0000000088000000, 0x0000000088000000| Untracked 
| 129|0x0000000088100000, 0x0000000088100000, 0x0000000088200000|  0%| F|  |TAMS 0x0000000088100000, 0x0000000088100000| Untracked 
| 130|0x0000000088200000, 0x0000000088200000, 0x0000000088300000|  0%| F|  |TAMS 0x0000000088200000, 0x0000000088200000| Untracked 
| 131|0x0000000088300000, 0x0000000088300000, 0x0000000088400000|  0%| F|  |TAMS 0x0000000088300000, 0x0000000088300000| Untracked 
| 132|0x0000000088400000, 0x0000000088400000, 0x0000000088500000|  0%| F|  |TAMS 0x0000000088400000, 0x0000000088400000| Untracked 
| 133|0x0000000088500000, 0x0000000088500000, 0x0000000088600000|  0%| F|  |TAMS 0x0000000088500000, 0x0000000088500000| Untracked 
| 134|0x0000000088600000, 0x0000000088600000, 0x0000000088700000|  0%| F|  |TAMS 0x0000000088600000, 0x0000000088600000| Untracked 
| 173|0x000000008ad00000, 0x000000008ad00000, 0x000000008ae00000|  0%| F|  |TAMS 0x000000008ad00000, 0x000000008ad00000| Untracked 
| 174|0x000000008ae00000, 0x000000008ae00000, 0x000000008af00000|  0%| F|  |TAMS 0x000000008ae00000, 0x000000008ae00000| Untracked 
| 175|0x000000008af00000, 0x000000008af00000, 0x000000008b000000|  0%| F|  |TAMS 0x000000008af00000, 0x000000008af00000| Untracked 
| 176|0x000000008b000000, 0x000000008b000000, 0x000000008b100000|  0%| F|  |TAMS 0x000000008b000000, 0x000000008b000000| Untracked 
| 177|0x000000008b100000, 0x000000008b100000, 0x000000008b200000|  0%| F|  |TAMS 0x000000008b100000, 0x000000008b100000| Untracked 
| 178|0x000000008b200000, 0x000000008b200000, 0x000000008b300000|  0%| F|  |TAMS 0x000000008b200000, 0x000000008b200000| Untracked 
| 179|0x000000008b300000, 0x000000008b300000, 0x000000008b400000|  0%| F|  |TAMS 0x000000008b300000, 0x000000008b300000| Untracked 
| 180|0x000000008b400000, 0x000000008b400000, 0x000000008b500000|  0%| F|  |TAMS 0x000000008b400000, 0x000000008b400000| Untracked 
| 221|0x000000008dd00000, 0x000000008dd00000, 0x000000008de00000|  0%| F|  |TAMS 0x000000008dd00000, 0x000000008dd00000| Untracked 

Card table byte_map: [0x000001bbb6110000,0x000001bbb6510000] _byte_map_base: 0x000001bbb5d10000

Marking Bits (Prev, Next): (CMBitMap*) 0x000001bba335a170, (CMBitMap*) 0x000001bba335a130
 Prev Bits: [0x000001bbb8910000, 0x000001bbba910000)
 Next Bits: [0x000001bbb6910000, 0x000001bbb8910000)

Polling page: 0x000001bba2ac0000

Metaspace:

Usage:
  Non-class:     61.64 MB used.
      Class:      9.49 MB used.
       Both:     71.13 MB used.

Virtual space:
  Non-class space:       64.00 MB reserved,      62.00 MB ( 97%) committed,  8 nodes.
      Class space:        1.00 GB reserved,       9.81 MB ( <1%) committed,  1 nodes.
             Both:        1.06 GB reserved,      71.81 MB (  7%) committed. 

Chunk freelists:
   Non-Class:  1.97 MB
       Class:  2.17 MB
        Both:  4.14 MB

MaxMetaspaceSize: unlimited
CompressedClassSpaceSize: 1.00 GB
Initial GC threshold: 21.00 MB
Current GC threshold: 109.19 MB
CDS: off
MetaspaceReclaimPolicy: balanced
 - commit_granule_bytes: 65536.
 - commit_granule_words: 8192.
 - virtual_space_node_default_size: 1048576.
 - enlarge_chunks_in_place: 1.
 - new_chunks_are_fully_committed: 0.
 - uncommit_free_chunks: 1.
 - use_allocation_guard: 0.
 - handle_deallocations: 1.


Internal statistics:

num_allocs_failed_limit: 3.
num_arena_births: 820.
num_arena_deaths: 0.
num_vsnodes_births: 9.
num_vsnodes_deaths: 0.
num_space_committed: 1149.
num_space_uncommitted: 0.
num_chunks_returned_to_freelist: 3.
num_chunks_taken_from_freelist: 3317.
num_chunk_merges: 3.
num_chunk_splits: 2202.
num_chunks_enlarged: 1487.
num_purges: 0.
num_inconsistent_stats: 0.

CodeHeap 'non-profiled nmethods': size=120000Kb used=3796Kb max_used=3796Kb free=116203Kb
 bounds [0x000001bbae290000, 0x000001bbae650000, 0x000001bbb57c0000]
CodeHeap 'profiled nmethods': size=120000Kb used=12346Kb max_used=12346Kb free=107653Kb
 bounds [0x000001bba67c0000, 0x000001bba73d0000, 0x000001bbadcf0000]
CodeHeap 'non-nmethods': size=5760Kb used=2367Kb max_used=2404Kb free=3393Kb
 bounds [0x000001bbadcf0000, 0x000001bbadf60000, 0x000001bbae290000]
 total_blobs=7267 nmethods=6367 adapters=811
 compilation: enabled
              stopped_count=0, restarted_count=0
 full_count=0

Compilation events (20 events):
Event: 10.036 Thread 0x000001bbbe0adf70 7124       3       kotlin.reflect.jvm.internal.impl.name.Name::identifier (18 bytes)
Event: 10.036 Thread 0x000001bbbe0adf70 nmethod 7124 0x000001bba73cc810 code [0x000001bba73cc9e0, 0x000001bba73ccd38]
Event: 10.036 Thread 0x000001bbbe0adf70 7126       3       kotlin.reflect.jvm.internal.impl.name.FqName::<init> (18 bytes)
Event: 10.036 Thread 0x000001bbbe0adf70 nmethod 7126 0x000001bba73cce90 code [0x000001bba73cd040, 0x000001bba73cd268]
Event: 10.061 Thread 0x000001bbc0c5ea30 nmethod 7001% 0x000001bbae62d410 code [0x000001bbae62da40, 0x000001bbae634718]
Event: 10.082 Thread 0x000001bbc465a340 nmethod 7034 0x000001bbae638990 code [0x000001bbae639260, 0x000001bbae63fbc8]
Event: 10.083 Thread 0x000001bbbe0adf70 7127       1       java.util.zip.ZipFile$ZipFileInputStream::size (5 bytes)
Event: 10.083 Thread 0x000001bbbe0adf70 nmethod 7127 0x000001bbae643f10 code [0x000001bbae6440a0, 0x000001bbae644178]
Event: 10.090 Thread 0x000001bbc465a340 7128       4       sun.net.www.protocol.jar.Handler::indexOfBangSlash (52 bytes)
Event: 10.090 Thread 0x000001bbc0c5ea30 7129       4       java.net.URLStreamHandler::setURL (159 bytes)
Event: 10.093 Thread 0x000001bbc465a340 nmethod 7128 0x000001bbae644210 code [0x000001bbae6443c0, 0x000001bbae6446b8]
Event: 10.094 Thread 0x000001bbc0c5ea30 nmethod 7129 0x000001bbae644910 code [0x000001bbae644ac0, 0x000001bbae644d98]
Event: 10.105 Thread 0x000001bbbe0adf70 7130       3       kotlin.reflect.jvm.internal.ReflectProperties::lazySoft (18 bytes)
Event: 10.105 Thread 0x000001bbbe0adf70 nmethod 7130 0x000001bba73cd390 code [0x000001bba73cd540, 0x000001bba73cd738]
Event: 10.105 Thread 0x000001bbbe0adf70 7131       3       kotlin.reflect.jvm.internal.ReflectProperties$LazySoftVal::<init> (43 bytes)
Event: 10.105 Thread 0x000001bbbe0adf70 nmethod 7131 0x000001bba73cd810 code [0x000001bba73cda20, 0x000001bba73ce208]
Event: 10.105 Thread 0x000001bbbe0adf70 7132       3       kotlin.reflect.jvm.internal.ReflectProperties::lazySoft (14 bytes)
Event: 10.105 Thread 0x000001bbbe0adf70 nmethod 7132 0x000001bba73ce410 code [0x000001bba73ce5e0, 0x000001bba73ce8a8]
Event: 10.105 Thread 0x000001bbbe0adf70 7133       1       kotlin.reflect.jvm.internal.KClassImpl::getJClass (5 bytes)
Event: 10.106 Thread 0x000001bbbe0adf70 nmethod 7133 0x000001bbae645090 code [0x000001bbae645220, 0x000001bbae6452f8]

GC Heap History (20 events):
Event: 7.625 GC heap after
{Heap after GC invocations=21 (full 0):
 garbage-first heap   total 121856K, used 70484K [0x0000000080000000, 0x0000000100000000)
  region size 1024K, 1 young (1024K), 1 survivors (1024K)
 Metaspace       used 50124K, committed 50688K, reserved 1097728K
  class space    used 6607K, committed 6848K, reserved 1048576K
}
Event: 7.903 GC heap before
{Heap before GC invocations=21 (full 0):
 garbage-first heap   total 121856K, used 95060K [0x0000000080000000, 0x0000000100000000)
  region size 1024K, 25 young (25600K), 1 survivors (1024K)
 Metaspace       used 52873K, committed 53440K, reserved 1097728K
  class space    used 7088K, committed 7360K, reserved 1048576K
}
Event: 7.905 GC heap after
{Heap after GC invocations=22 (full 0):
 garbage-first heap   total 146432K, used 72176K [0x0000000080000000, 0x0000000100000000)
  region size 1024K, 2 young (2048K), 2 survivors (2048K)
 Metaspace       used 52873K, committed 53440K, reserved 1097728K
  class space    used 7088K, committed 7360K, reserved 1048576K
}
Event: 8.393 GC heap before
{Heap before GC invocations=23 (full 0):
 garbage-first heap   total 146432K, used 110064K [0x0000000080000000, 0x0000000100000000)
  region size 1024K, 39 young (39936K), 2 survivors (2048K)
 Metaspace       used 55940K, committed 56576K, reserved 1097728K
  class space    used 7542K, committed 7808K, reserved 1048576K
}
Event: 8.396 GC heap after
{Heap after GC invocations=24 (full 0):
 garbage-first heap   total 146432K, used 74669K [0x0000000080000000, 0x0000000100000000)
  region size 1024K, 5 young (5120K), 5 survivors (5120K)
 Metaspace       used 55940K, committed 56576K, reserved 1097728K
  class space    used 7542K, committed 7808K, reserved 1048576K
}
Event: 8.420 GC heap before
{Heap before GC invocations=24 (full 0):
 garbage-first heap   total 146432K, used 76717K [0x0000000080000000, 0x0000000100000000)
  region size 1024K, 7 young (7168K), 5 survivors (5120K)
 Metaspace       used 55965K, committed 56576K, reserved 1097728K
  class space    used 7543K, committed 7808K, reserved 1048576K
}
Event: 8.423 GC heap after
{Heap after GC invocations=25 (full 0):
 garbage-first heap   total 146432K, used 74750K [0x0000000080000000, 0x0000000100000000)
  region size 1024K, 1 young (1024K), 1 survivors (1024K)
 Metaspace       used 55965K, committed 56576K, reserved 1097728K
  class space    used 7543K, committed 7808K, reserved 1048576K
}
Event: 8.583 GC heap before
{Heap before GC invocations=25 (full 0):
 garbage-first heap   total 146432K, used 86014K [0x0000000080000000, 0x0000000100000000)
  region size 1024K, 13 young (13312K), 1 survivors (1024K)
 Metaspace       used 56235K, committed 56832K, reserved 1105920K
  class space    used 7568K, committed 7872K, reserved 1048576K
}
Event: 8.585 GC heap after
{Heap after GC invocations=26 (full 0):
 garbage-first heap   total 146432K, used 75442K [0x0000000080000000, 0x0000000100000000)
  region size 1024K, 2 young (2048K), 2 survivors (2048K)
 Metaspace       used 56235K, committed 56832K, reserved 1105920K
  class space    used 7568K, committed 7872K, reserved 1048576K
}
Event: 8.970 GC heap before
{Heap before GC invocations=27 (full 0):
 garbage-first heap   total 146432K, used 116402K [0x0000000080000000, 0x0000000100000000)
  region size 1024K, 38 young (38912K), 2 survivors (2048K)
 Metaspace       used 60485K, committed 61120K, reserved 1105920K
  class space    used 8116K, committed 8384K, reserved 1048576K
}
Event: 8.973 GC heap after
{Heap after GC invocations=28 (full 0):
 garbage-first heap   total 146432K, used 84108K [0x0000000080000000, 0x0000000100000000)
  region size 1024K, 5 young (5120K), 5 survivors (5120K)
 Metaspace       used 60485K, committed 61120K, reserved 1105920K
  class space    used 8116K, committed 8384K, reserved 1048576K
}
Event: 8.990 GC heap before
{Heap before GC invocations=28 (full 0):
 garbage-first heap   total 146432K, used 86156K [0x0000000080000000, 0x0000000100000000)
  region size 1024K, 7 young (7168K), 5 survivors (5120K)
 Metaspace       used 60844K, committed 61504K, reserved 1105920K
  class space    used 8153K, committed 8448K, reserved 1048576K
}
Event: 8.992 GC heap after
{Heap after GC invocations=29 (full 0):
 garbage-first heap   total 146432K, used 84015K [0x0000000080000000, 0x0000000100000000)
  region size 1024K, 1 young (1024K), 1 survivors (1024K)
 Metaspace       used 60844K, committed 61504K, reserved 1105920K
  class space    used 8153K, committed 8448K, reserved 1048576K
}
Event: 9.444 GC heap before
{Heap before GC invocations=29 (full 0):
 garbage-first heap   total 146432K, used 115759K [0x0000000080000000, 0x0000000100000000)
  region size 1024K, 32 young (32768K), 1 survivors (1024K)
 Metaspace       used 66265K, committed 66944K, reserved 1114112K
  class space    used 8850K, committed 9152K, reserved 1048576K
}
Event: 9.446 GC heap after
{Heap after GC invocations=30 (full 0):
 garbage-first heap   total 146432K, used 85508K [0x0000000080000000, 0x0000000100000000)
  region size 1024K, 2 young (2048K), 2 survivors (2048K)
 Metaspace       used 66265K, committed 66944K, reserved 1114112K
  class space    used 8850K, committed 9152K, reserved 1048576K
}
Event: 9.769 GC heap before
{Heap before GC invocations=31 (full 0):
 garbage-first heap   total 147456K, used 124420K [0x0000000080000000, 0x0000000100000000)
  region size 1024K, 34 young (34816K), 2 survivors (2048K)
 Metaspace       used 69363K, committed 70080K, reserved 1114112K
  class space    used 9238K, committed 9536K, reserved 1048576K
}
Event: 9.772 GC heap after
{Heap after GC invocations=32 (full 0):
 garbage-first heap   total 147456K, used 89326K [0x0000000080000000, 0x0000000100000000)
  region size 1024K, 5 young (5120K), 5 survivors (5120K)
 Metaspace       used 69363K, committed 70080K, reserved 1114112K
  class space    used 9238K, committed 9536K, reserved 1048576K
}
Event: 9.788 GC heap before
{Heap before GC invocations=32 (full 0):
 garbage-first heap   total 147456K, used 91374K [0x0000000080000000, 0x0000000100000000)
  region size 1024K, 7 young (7168K), 5 survivors (5120K)
 Metaspace       used 69523K, committed 70208K, reserved 1114112K
  class space    used 9260K, committed 9536K, reserved 1048576K
}
Event: 9.792 GC heap after
{Heap after GC invocations=33 (full 0):
 garbage-first heap   total 147456K, used 89573K [0x0000000080000000, 0x0000000100000000)
  region size 1024K, 1 young (1024K), 1 survivors (1024K)
 Metaspace       used 69523K, committed 70208K, reserved 1114112K
  class space    used 9260K, committed 9536K, reserved 1048576K
}
Event: 10.107 GC heap before
{Heap before GC invocations=33 (full 0):
 garbage-first heap   total 147456K, used 120293K [0x0000000080000000, 0x0000000100000000)
  region size 1024K, 31 young (31744K), 1 survivors (1024K)
 Metaspace       used 72840K, committed 73536K, reserved 1114112K
  class space    used 9720K, committed 10048K, reserved 1048576K
}

Dll operation events (2 events):
Event: 0.019 Loaded shared library D:\Program Files\Android\Android Studio\jbr\bin\java.dll
Event: 0.718 Loaded shared library D:\Program Files\Android\Android Studio\jbr\bin\verify.dll

Deoptimization events (20 events):
Event: 9.676 Thread 0x000001bbc07bfba0 Uncommon trap: trap_request=0xfffffff4 fr.pc=0x000001bbae3c6d68 relative=0x0000000000000068
Event: 9.676 Thread 0x000001bbc07bfba0 Uncommon trap: reason=null_check action=make_not_entrant pc=0x000001bbae3c6d68 method=java.lang.Class.isAnnotation()Z @ 1 c2
Event: 9.676 Thread 0x000001bbc07bfba0 DEOPT PACKING pc=0x000001bbae3c6d68 sp=0x0000008a9bbf4f50
Event: 9.676 Thread 0x000001bbc07bfba0 DEOPT UNPACKING pc=0x000001bbadd469a3 sp=0x0000008a9bbf4ee0 mode 2
Event: 9.930 Thread 0x000001bbc07bfba0 Uncommon trap: trap_request=0xffffff45 fr.pc=0x000001bbae41b1cc relative=0x000000000000030c
Event: 9.930 Thread 0x000001bbc07bfba0 Uncommon trap: reason=unstable_if action=reinterpret pc=0x000001bbae41b1cc method=org.gradle.internal.reflect.PropertyAccessorType.of(Ljava/lang/reflect/Method;)Lorg/gradle/internal/reflect/PropertyAccessorType; @ 56 c2
Event: 9.930 Thread 0x000001bbc07bfba0 DEOPT PACKING pc=0x000001bbae41b1cc sp=0x0000008a9bbf6360
Event: 9.930 Thread 0x000001bbc07bfba0 DEOPT UNPACKING pc=0x000001bbadd469a3 sp=0x0000008a9bbf6320 mode 2
Event: 9.951 Thread 0x000001bbc07bfba0 Uncommon trap: trap_request=0xffffff45 fr.pc=0x000001bbae60e3a8 relative=0x0000000000000128
Event: 9.951 Thread 0x000001bbc07bfba0 Uncommon trap: reason=unstable_if action=reinterpret pc=0x000001bbae60e3a8 method=org.objectweb.asm.ByteVector.putByteArray([BII)Lorg/objectweb/asm/ByteVector; @ 20 c2
Event: 9.951 Thread 0x000001bbc07bfba0 DEOPT PACKING pc=0x000001bbae60e3a8 sp=0x0000008a9bbf49c0
Event: 9.951 Thread 0x000001bbc07bfba0 DEOPT UNPACKING pc=0x000001bbadd469a3 sp=0x0000008a9bbf4990 mode 2
Event: 9.951 Thread 0x000001bbc07bfba0 Uncommon trap: trap_request=0xffffff45 fr.pc=0x000001bbae3ef0b4 relative=0x0000000000000a74
Event: 9.951 Thread 0x000001bbc07bfba0 Uncommon trap: reason=unstable_if action=reinterpret pc=0x000001bbae3ef0b4 method=org.objectweb.asm.Label.resolve([BI)Z @ 80 c2
Event: 9.951 Thread 0x000001bbc07bfba0 DEOPT PACKING pc=0x000001bbae3ef0b4 sp=0x0000008a9bbf4a00
Event: 9.951 Thread 0x000001bbc07bfba0 DEOPT UNPACKING pc=0x000001bbadd469a3 sp=0x0000008a9bbf4920 mode 2
Event: 9.951 Thread 0x000001bbc07bfba0 Uncommon trap: trap_request=0xffffff45 fr.pc=0x000001bbae4b7c18 relative=0x00000000000001f8
Event: 9.951 Thread 0x000001bbc07bfba0 Uncommon trap: reason=unstable_if action=reinterpret pc=0x000001bbae4b7c18 method=org.objectweb.asm.Label.resolve([BI)Z @ 80 c2
Event: 9.951 Thread 0x000001bbc07bfba0 DEOPT PACKING pc=0x000001bbae4b7c18 sp=0x0000008a9bbf4990
Event: 9.951 Thread 0x000001bbc07bfba0 DEOPT UNPACKING pc=0x000001bbadd469a3 sp=0x0000008a9bbf4910 mode 2

Classes unloaded (0 events):
No events

Classes redefined (0 events):
No events

Internal exceptions (20 events):
Event: 7.842 Thread 0x000001bbc07bfba0 Exception <a 'java/lang/ClassNotFoundException'{0x000000008649af38}: org/gradle/api/internal/project/DefaultProjectBeanInfo> (0x000000008649af38) 
thrown [s\src\hotspot\share\classfile\systemDictionary.cpp, line 256]
Event: 7.842 Thread 0x000001bbc07bfba0 Exception <a 'java/lang/ClassNotFoundException'{0x00000000864a7a98}: org/gradle/api/internal/project/DefaultProjectCustomizer> (0x00000000864a7a98) 
thrown [s\src\hotspot\share\classfile\systemDictionary.cpp, line 256]
Event: 7.845 Thread 0x000001bbc07bfba0 Exception <a 'java/lang/ClassNotFoundException'{0x0000000086351240}: org/gradle/api/internal/project/DefaultProject_DecoratedCustomizer> (0x0000000086351240) 
thrown [s\src\hotspot\share\classfile\systemDictionary.cpp, line 256]
Event: 8.128 Thread 0x000001bbc07bfba0 Exception <a 'java/lang/NoSuchMethodError'{0x0000000087d28da8}: 'java.lang.Object java.lang.invoke.DirectMethodHandle$Holder.newInvokeSpecial(java.lang.Object, java.lang.Object, java.lang.Object, java.lang.Object, java.lang.Object, int)'> (0x0000000087d28da8) 
thrown [s\src\hotspot\share\interpreter\linkResolver.cpp, line 771]
Event: 8.128 Thread 0x000001bbc07bfba0 Exception <a 'java/lang/NoSuchMethodError'{0x0000000087d2e400}: 'java.lang.Object java.lang.invoke.DirectMethodHandle$Holder.invokeSpecial(java.lang.Object, java.lang.Object, java.lang.Object, java.lang.Object, java.lang.Object, java.lang.Object, int)'> (0x0000000087d2e400) 
thrown [s\src\hotspot\share\interpreter\linkResolver.cpp, line 771]
Event: 8.144 Thread 0x000001bbc07bfba0 Exception <a 'java/lang/NoSuchMethodError'{0x0000000087dce088}: 'void java.lang.invoke.DirectMethodHandle$Holder.invokeStatic(java.lang.Object, java.lang.Object, java.lang.Object, int, java.lang.Object)'> (0x0000000087dce088) 
thrown [s\src\hotspot\share\interpreter\linkResolver.cpp, line 771]
Event: 8.350 Thread 0x000001bbc07bfba0 Implicit null exception at 0x000001bbae3025ef to 0x000001bbae302830
Event: 8.581 Thread 0x000001bbc07bfba0 Implicit null exception at 0x000001bbae506592 to 0x000001bbae506bd8
Event: 8.581 Thread 0x000001bbc07bfba0 Implicit null exception at 0x000001bbae507414 to 0x000001bbae507a38
Event: 8.762 Thread 0x000001bbc07bfba0 Exception <a 'java/lang/NoSuchMethodError'{0x0000000087a20c10}: 'java.lang.Object java.lang.invoke.DirectMethodHandle$Holder.newInvokeSpecial(java.lang.Object, java.lang.Object, java.lang.Object, java.lang.Object, int)'> (0x0000000087a20c10) 
thrown [s\src\hotspot\share\interpreter\linkResolver.cpp, line 771]
Event: 8.762 Thread 0x000001bbc07bfba0 Exception <a 'java/lang/NoSuchMethodError'{0x0000000087a26058}: 'java.lang.Object java.lang.invoke.DirectMethodHandle$Holder.invokeSpecial(java.lang.Object, java.lang.Object, java.lang.Object, java.lang.Object, java.lang.Object, int)'> (0x0000000087a26058) 
thrown [s\src\hotspot\share\interpreter\linkResolver.cpp, line 771]
Event: 8.762 Thread 0x000001bbc07bfba0 Exception <a 'java/lang/NoSuchMethodError'{0x0000000087a2add8}: 'java.lang.Object java.lang.invoke.Invokers$Holder.linkToTargetMethod(java.lang.Object, java.lang.Object, java.lang.Object, int, java.lang.Object)'> (0x0000000087a2add8) 
thrown [s\src\hotspot\share\interpreter\linkResolver.cpp, line 771]
Event: 8.906 Thread 0x000001bbc07bfba0 Exception <a 'java/lang/NoSuchMethodError'{0x0000000086d23440}: 'int java.lang.invoke.DirectMethodHandle$Holder.invokeInterface(java.lang.Object, java.lang.Object, java.lang.Object, java.lang.Object)'> (0x0000000086d23440) 
thrown [s\src\hotspot\share\interpreter\linkResolver.cpp, line 771]
Event: 9.328 Thread 0x000001bbc07bfba0 Exception <a 'java/lang/NoSuchMethodError'{0x0000000087658540}: 'int java.lang.invoke.DirectMethodHandle$Holder.invokeInterface(java.lang.Object, java.lang.Object)'> (0x0000000087658540) 
thrown [s\src\hotspot\share\interpreter\linkResolver.cpp, line 771]
Event: 9.328 Thread 0x000001bbc07bfba0 Exception <a 'java/lang/IncompatibleClassChangeError'{0x000000008765d2b8}: Found class java.lang.Object, but interface was expected> (0x000000008765d2b8) 
thrown [s\src\hotspot\share\interpreter\linkResolver.cpp, line 838]
Event: 9.369 Thread 0x000001bbc07bfba0 Implicit null exception at 0x000001bbae4ef454 to 0x000001bbae4ef5fc
Event: 9.369 Thread 0x000001bbc07bfba0 Implicit null exception at 0x000001bbae4d8cad to 0x000001bbae4da870
Event: 9.493 Thread 0x000001bbc07bfba0 Implicit null exception at 0x000001bbae48ab0c to 0x000001bbae48ac3e
Event: 9.567 Thread 0x000001bbc07bfba0 Exception <a 'sun/nio/fs/WindowsException'{0x0000000087fea968}> (0x0000000087fea968) 
thrown [s\src\hotspot\share\prims\jni.cpp, line 517]
Event: 9.951 Thread 0x000001bbc07bfba0 Implicit null exception at 0x000001bbae60e2c8 to 0x000001bbae60e388

VM Operations (20 events):
Event: 8.901 Executing VM operation: HandshakeAllThreads done
Event: 8.905 Executing VM operation: HandshakeAllThreads
Event: 8.905 Executing VM operation: HandshakeAllThreads done
Event: 8.970 Executing VM operation: G1CollectForAllocation
Event: 8.973 Executing VM operation: G1CollectForAllocation done
Event: 8.990 Executing VM operation: G1CollectForAllocation
Event: 8.992 Executing VM operation: G1CollectForAllocation done
Event: 9.444 Executing VM operation: G1CollectForAllocation
Event: 9.446 Executing VM operation: G1CollectForAllocation done
Event: 9.466 Executing VM operation: G1Concurrent
Event: 9.469 Executing VM operation: G1Concurrent done
Event: 9.476 Executing VM operation: G1Concurrent
Event: 9.476 Executing VM operation: G1Concurrent done
Event: 9.478 Executing VM operation: HandshakeAllThreads
Event: 9.478 Executing VM operation: HandshakeAllThreads done
Event: 9.769 Executing VM operation: G1CollectForAllocation
Event: 9.772 Executing VM operation: G1CollectForAllocation done
Event: 9.788 Executing VM operation: G1CollectForAllocation
Event: 9.792 Executing VM operation: G1CollectForAllocation done
Event: 10.107 Executing VM operation: G1CollectForAllocation

Events (20 events):
Event: 9.518 loading class sun/security/provider/DSA$SHA256withDSA
Event: 9.518 loading class sun/security/provider/DSA$SHA256withDSA done
Event: 9.525 loading class java/util/Base64
Event: 9.525 loading class java/util/Base64 done
Event: 9.525 loading class java/util/Base64$Decoder
Event: 9.525 loading class java/util/Base64$Decoder done
Event: 9.525 loading class java/util/Base64$Encoder
Event: 9.525 loading class java/util/Base64$Encoder done
Event: 9.526 loading class java/util/jar/JarVerifier$VerifierStream
Event: 9.526 loading class java/util/jar/JarVerifier$VerifierStream done
Event: 9.526 loading class sun/security/util/ManifestEntryVerifier$SunProviderHolder
Event: 9.526 loading class sun/security/util/ManifestEntryVerifier$SunProviderHolder done
Event: 9.827 loading class java/security/KeyStore
Event: 9.827 loading class java/security/KeyStore done
Event: 9.827 loading class java/security/KeyStore$1
Event: 9.827 loading class java/security/KeyStore$1 done
Event: 9.915 loading class javax/xml/stream/XMLStreamException
Event: 9.915 loading class javax/xml/stream/XMLStreamException done
Event: 9.928 loading class sun/reflect/annotation/AnnotationInvocationHandler$1
Event: 9.928 loading class sun/reflect/annotation/AnnotationInvocationHandler$1 done


Dynamic libraries:
0x00007ff63aa60000 - 0x00007ff63aa6a000 	D:\Program Files\Android\Android Studio\jbr\bin\java.exe
0x00007ffe00090000 - 0x00007ffe002a7000 	C:\WINDOWS\SYSTEM32\ntdll.dll
0x00007ffdfe7b0000 - 0x00007ffdfe874000 	C:\WINDOWS\System32\KERNEL32.DLL
0x00007ffdfd730000 - 0x00007ffdfdad6000 	C:\WINDOWS\System32\KERNELBASE.dll
0x00007ffdfd400000 - 0x00007ffdfd511000 	C:\WINDOWS\System32\ucrtbase.dll
0x00007ffdf0c60000 - 0x00007ffdf0c7b000 	D:\Program Files\Android\Android Studio\jbr\bin\VCRUNTIME140.dll
0x00007ffdf0c80000 - 0x00007ffdf0c97000 	D:\Program Files\Android\Android Studio\jbr\bin\jli.dll
0x00007ffdfe940000 - 0x00007ffdfeaee000 	C:\WINDOWS\System32\USER32.dll
0x00007ffdfd700000 - 0x00007ffdfd726000 	C:\WINDOWS\System32\win32u.dll
0x00007ffdfe1d0000 - 0x00007ffdfe1f9000 	C:\WINDOWS\System32\GDI32.dll
0x00007ffdfd5e0000 - 0x00007ffdfd6f8000 	C:\WINDOWS\System32\gdi32full.dll
0x00007ffdd9590000 - 0x00007ffdd9823000 	C:\WINDOWS\WinSxS\amd64_microsoft.windows.common-controls_6595b64144ccf1df_6.0.22621.2506_none_270c5ae97388e100\COMCTL32.dll
0x00007ffdfdcc0000 - 0x00007ffdfdd5a000 	C:\WINDOWS\System32\msvcp_win.dll
0x00007ffdfe700000 - 0x00007ffdfe7a7000 	C:\WINDOWS\System32\msvcrt.dll
0x00007ffdfef80000 - 0x00007ffdfefb1000 	C:\WINDOWS\System32\IMM32.DLL
0x00007ffdf8460000 - 0x00007ffdf846c000 	D:\Program Files\Android\Android Studio\jbr\bin\vcruntime140_1.dll
0x00007ffdb6340000 - 0x00007ffdb63cd000 	D:\Program Files\Android\Android Studio\jbr\bin\msvcp140.dll
0x00007ffd709d0000 - 0x00007ffd7163e000 	D:\Program Files\Android\Android Studio\jbr\bin\server\jvm.dll
0x00007ffdfe880000 - 0x00007ffdfe931000 	C:\WINDOWS\System32\ADVAPI32.dll
0x00007ffdfdde0000 - 0x00007ffdfde85000 	C:\WINDOWS\System32\sechost.dll
0x00007ffdff100000 - 0x00007ffdff217000 	C:\WINDOWS\System32\RPCRT4.dll
0x00007ffdf8790000 - 0x00007ffdf8799000 	C:\WINDOWS\SYSTEM32\WSOCK32.dll
0x00007ffdf4930000 - 0x00007ffdf4964000 	C:\WINDOWS\SYSTEM32\WINMM.dll
0x00007ffdf6cb0000 - 0x00007ffdf6cba000 	C:\WINDOWS\SYSTEM32\VERSION.dll
0x00007ffdfe530000 - 0x00007ffdfe5a1000 	C:\WINDOWS\System32\WS2_32.dll
0x00007ffdfc4b0000 - 0x00007ffdfc4c8000 	C:\WINDOWS\SYSTEM32\kernel.appcore.dll
0x00007ffdf8740000 - 0x00007ffdf874a000 	D:\Program Files\Android\Android Studio\jbr\bin\jimage.dll
0x00007ffdfad90000 - 0x00007ffdfafc3000 	C:\WINDOWS\SYSTEM32\DBGHELP.DLL
0x00007ffdff380000 - 0x00007ffdff709000 	C:\WINDOWS\System32\combase.dll
0x00007ffdfff70000 - 0x00007ffe00047000 	C:\WINDOWS\System32\OLEAUT32.dll
0x00007ffde74a0000 - 0x00007ffde74d2000 	C:\WINDOWS\SYSTEM32\dbgcore.DLL
0x00007ffdfdd60000 - 0x00007ffdfddda000 	C:\WINDOWS\System32\bcryptPrimitives.dll
0x00007ffdece00000 - 0x00007ffdece25000 	D:\Program Files\Android\Android Studio\jbr\bin\java.dll
0x00007ffdecde0000 - 0x00007ffdecdf8000 	D:\Program Files\Android\Android Studio\jbr\bin\zip.dll
0x00007ffdff710000 - 0x00007ffdfff6a000 	C:\WINDOWS\System32\SHELL32.dll
0x00007ffdfb2e0000 - 0x00007ffdfbbd6000 	C:\WINDOWS\SYSTEM32\windows.storage.dll
0x00007ffdfb1a0000 - 0x00007ffdfb2de000 	C:\WINDOWS\SYSTEM32\wintypes.dll
0x00007ffdfe040000 - 0x00007ffdfe133000 	C:\WINDOWS\System32\SHCORE.dll
0x00007ffdfe5b0000 - 0x00007ffdfe60e000 	C:\WINDOWS\System32\shlwapi.dll
0x00007ffdfd330000 - 0x00007ffdfd356000 	C:\WINDOWS\SYSTEM32\profapi.dll
0x00007ffdec860000 - 0x00007ffdec879000 	D:\Program Files\Android\Android Studio\jbr\bin\net.dll
0x00007ffdf52f0000 - 0x00007ffdf5427000 	C:\WINDOWS\SYSTEM32\WINHTTP.dll
0x00007ffdfc920000 - 0x00007ffdfc989000 	C:\WINDOWS\system32\mswsock.dll
0x00007ffdeba50000 - 0x00007ffdeba66000 	D:\Program Files\Android\Android Studio\jbr\bin\nio.dll
0x00007ffdecdd0000 - 0x00007ffdecde0000 	D:\Program Files\Android\Android Studio\jbr\bin\verify.dll
0x00007ffdea970000 - 0x00007ffdea997000 	C:\Users\Aubery\.gradle\native\68d5fa5c4cc2d200863cafc0d521ce42e7d3e7ee720ec0a83991735586a16f82\windows-amd64\native-platform.dll
0x00007ffda40f0000 - 0x00007ffda4234000 	C:\Users\Aubery\.gradle\native\e376f236ea51e6404a007f0833ffe2c6e607c4080706a723a18a27aeea778392\windows-amd64\native-platform-file-events.dll
0x00007ffdf2af0000 - 0x00007ffdf2af9000 	D:\Program Files\Android\Android Studio\jbr\bin\management.dll
0x00007ffded1c0000 - 0x00007ffded1cb000 	D:\Program Files\Android\Android Studio\jbr\bin\management_ext.dll
0x00007ffdfe620000 - 0x00007ffdfe628000 	C:\WINDOWS\System32\PSAPI.DLL
0x00007ffdfcb70000 - 0x00007ffdfcb8b000 	C:\WINDOWS\SYSTEM32\CRYPTSP.dll
0x00007ffdfc410000 - 0x00007ffdfc445000 	C:\WINDOWS\system32\rsaenh.dll
0x00007ffdfc9d0000 - 0x00007ffdfc9fc000 	C:\WINDOWS\SYSTEM32\USERENV.dll
0x00007ffdfcd90000 - 0x00007ffdfcdb8000 	C:\WINDOWS\SYSTEM32\bcrypt.dll
0x00007ffdfcb30000 - 0x00007ffdfcb3c000 	C:\WINDOWS\SYSTEM32\CRYPTBASE.dll
0x00007ffdfbeb0000 - 0x00007ffdfbedd000 	C:\WINDOWS\SYSTEM32\IPHLPAPI.DLL
0x00007ffdfe610000 - 0x00007ffdfe619000 	C:\WINDOWS\System32\NSI.dll
0x00007ffdf66d0000 - 0x00007ffdf66e9000 	C:\WINDOWS\SYSTEM32\dhcpcsvc6.DLL
0x00007ffdf5610000 - 0x00007ffdf562f000 	C:\WINDOWS\SYSTEM32\dhcpcsvc.DLL
0x00007ffdfbf20000 - 0x00007ffdfc019000 	C:\WINDOWS\SYSTEM32\DNSAPI.dll
0x00007ffde8ae0000 - 0x00007ffde8ae8000 	C:\WINDOWS\system32\wshunix.dll

dbghelp: loaded successfully - version: 4.0.5 - missing functions: none
symbol engine: initialized successfully - sym options: 0x614 - pdb path: .;D:\Program Files\Android\Android Studio\jbr\bin;C:\WINDOWS\SYSTEM32;C:\WINDOWS\WinSxS\amd64_microsoft.windows.common-controls_6595b64144ccf1df_6.0.22621.2506_none_270c5ae97388e100;D:\Program Files\Android\Android Studio\jbr\bin\server;C:\Users\Aubery\.gradle\native\68d5fa5c4cc2d200863cafc0d521ce42e7d3e7ee720ec0a83991735586a16f82\windows-amd64;C:\Users\Aubery\.gradle\native\e376f236ea51e6404a007f0833ffe2c6e607c4080706a723a18a27aeea778392\windows-amd64

VM Arguments:
jvm_args: --add-opens=java.base/java.util=ALL-UNNAMED --add-opens=java.base/java.lang=ALL-UNNAMED --add-opens=java.base/java.lang.invoke=ALL-UNNAMED --add-opens=java.prefs/java.util.prefs=ALL-UNNAMED --add-opens=java.base/java.nio.charset=ALL-UNNAMED --add-opens=java.base/java.net=ALL-UNNAMED --add-opens=java.base/java.util.concurrent.atomic=ALL-UNNAMED -Xmx2048m -Dfile.encoding=UTF-8 -Duser.country=CN -Duser.language=zh -Duser.variant 
java_command: org.gradle.launcher.daemon.bootstrap.GradleDaemon 8.0
java_class_path (initial): C:\Users\Aubery\.gradle\wrapper\dists\gradle-8.0-bin\ca5e32bp14vu59qr306oxotwh\gradle-8.0\lib\gradle-launcher-8.0.jar
Launcher Type: SUN_STANDARD

[Global flags]
     intx CICompilerCount                          = 4                                         {product} {ergonomic}
     uint ConcGCThreads                            = 3                                         {product} {ergonomic}
     uint G1ConcRefinementThreads                  = 10                                        {product} {ergonomic}
   size_t G1HeapRegionSize                         = 1048576                                   {product} {ergonomic}
    uintx GCDrainStackTargetSize                   = 64                                        {product} {ergonomic}
   size_t InitialHeapSize                          = 232783872                                 {product} {ergonomic}
   size_t MarkStackSize                            = 4194304                                   {product} {ergonomic}
   size_t MaxHeapSize                              = 2147483648                                {product} {command line}
   size_t MaxNewSize                               = 1287651328                                {product} {ergonomic}
   size_t MinHeapDeltaBytes                        = 1048576                                   {product} {ergonomic}
   size_t MinHeapSize                              = 8388608                                   {product} {ergonomic}
    uintx NonNMethodCodeHeapSize                   = 5839372                                {pd product} {ergonomic}
    uintx NonProfiledCodeHeapSize                  = 122909434                              {pd product} {ergonomic}
    uintx ProfiledCodeHeapSize                     = 122909434                              {pd product} {ergonomic}
    uintx ReservedCodeCacheSize                    = 251658240                              {pd product} {ergonomic}
     bool SegmentedCodeCache                       = true                                      {product} {ergonomic}
   size_t SoftMaxHeapSize                          = 2147483648                             {manageable} {ergonomic}
     bool UseCompressedClassPointers               = true                           {product lp64_product} {ergonomic}
     bool UseCompressedOops                        = true                           {product lp64_product} {ergonomic}
     bool UseG1GC                                  = true                                      {product} {ergonomic}
     bool UseLargePagesIndividualAllocation        = false                                  {pd product} {ergonomic}

Logging:
Log output configuration:
 #0: stdout all=warning uptime,level,tags
 #1: stderr all=off uptime,level,tags

Environment Variables:
JAVA_HOME=D:\jdk\jdk-17.0.5
CLASSPATH=.;D:\jdk\jdk-17.0.5\lib\dt.jar;D:\jdk\jdk-17.0.5\lib\tools.jar;
PATH=F:\VMware\VMware Workstation\bin\;F:\Program Files (x86)\VMware\VMware Workstation\bin\;D:\jdk\jdk-17.0.5\bin;D:\apache-maven-3.9.4\bin;C:\Program Files (x86)\Common Files\Intel\Shared Libraries\redist\intel64\compiler;C:\Windows\system32;C:\Windows;C:\Windows\System32\Wbem;C:\Windows\System32\WindowsPowerShell\v1.0\;C:\Windows\System32\OpenSSH\;C:\Program Files (x86)\NVIDIA Corporation\PhysX\Common;C:\Program Files\NVIDIA Corporation\NVIDIA NvDLISR;D:\MATLAB2016\runtime\win64;D:\MATLAB2016\bin;D:\matlab\runtime\win64;D:\matlab\bin;D:\runtime\win64;D:\bin;F:\DataBase\redis;D:\polyspace\bin;D:\matlab\polyspace\bin;C:\Program Files\MySQL\MySQL Server 5.6\bin;D:\MATLAB2016\polyspace\bin;C:\Program Files\Microsoft SQL Server\Client SDK\ODBC\170\Tools\Binn\;C:\Program Files (x86)\Microsoft SQL Server\150\Tools\Binn\;C:\Program Files\Microsoft SQL Server\150\Tools\Binn\;C:\Program Files\Microsoft SQL Server\150\DTS\Binn\;C:\Program Files (x86)\Microsoft SQL Server\150\DTS\Binn\;C:\Program Files\Azure Data Studio\bin;D:\tomcat10\apache-tomcat-10.0.26\lib;D:\tomcat10\apache-tomcat-10.0.26\bin;C:\Program Files\dotnet\;C:\Windows\Microsoft.NET\Framework\v4.0.30319;D:\Users\Aubery\PycharmProjects\pythonProject\venv\Scripts;E:\P;C:\WINDOWS\system32;C:\WINDOWS;C:\WINDOWS\System32\Wbem;C:\WINDOWS\System32\WindowsPowerShell\v1.0\;C:\WINDOWS\System32\OpenSSH\;D:\Microsoft VS Code\bin;F:\Git\cmd;F:\Xshell 7\;F:\Xftp 7\;C:\Users\Aubery\AppData\Local\Microsoft\WindowsApps;C:\Program Files\Bandizip\;D:\vscode1\mingw64\bin;D:\Microsoft VS Code\bin;D:\idea202203\IntelliJ IDEA 223.4884.69\bin;C:\Program Files\Azure Data Studio\bin;C:\Users\Aubery\AppData\Local\JetBrains\Toolbox\scripts;D:\IntelliJ IDEA 2022.3.2\bin;;C:\Users\Aubery\.dotnet\tools;;F:\Program Files\JetBrains\DataGrip 2023.2.1\bin;;C:\Users\Aubery\AppData\Local\Microsoft\WindowsApps
USERNAME=Aubery
OS=Windows_NT
PROCESSOR_IDENTIFIER=AMD64 Family 25 Model 80 Stepping 0, AuthenticAMD
TMP=C:\Users\Aubery\AppData\Local\Temp
TEMP=C:\Users\Aubery\AppData\Local\Temp


JNI global refs:
JNI global refs: 25, weak refs: 0

JNI global refs memory usage: 843, weak refs: 841


---------------  S Y S T E M  ---------------

OS:
 Windows 11 , 64 bit Build 22621 (10.0.22621.2506)
OS uptime: 2 days 1:23 hours
Hyper-V role detected

CPU: total 12 (initial active 12) (12 cores per cpu, 2 threads per core) family 25 model 80 stepping 0 microcode 0x0, cx8, cmov, fxsr, ht, mmx, 3dnowpref, sse, sse2, sse3, ssse3, sse4a, sse4.1, sse4.2, popcnt, lzcnt, tsc, tscinvbit, avx, avx2, aes, erms, clmul, bmi1, bmi2, adx, sha, fma, vzeroupper, clflush, clflushopt, hv

Memory: 4k page, system-wide physical 14188M (4305M free)
TotalPageFile size 16236M (AvailPageFile size 26M)
current process WorkingSet (physical memory assigned to process): 364M, peak: 376M
current process commit charge ("private bytes"): 408M, peak: 446M

vm_info: OpenJDK 64-Bit Server VM (17.0.6+0-b2043.56-10027231) for windows-amd64 JRE (17.0.6+0-b2043.56-10027231), built on Apr 28 2023 00:43:19 by "androidbuild" with MS VC++ 16.10 / 16.11 (VS2019)

END.
