#
# There is insufficient memory for the Java Runtime Environment to continue.
# Native memory allocation (malloc) failed to allocate 2653568 bytes for Chunk::new
# Possible reasons:
#   The system is out of physical RAM or swap space
#   The process is running with CompressedOops enabled, and the Java Heap may be blocking the growth of the native heap
# Possible solutions:
#   Reduce memory load on the system
#   Increase physical memory or swap space
#   Check if swap backing store is full
#   Decrease Java heap size (-Xmx/-Xms)
#   Decrease number of Java threads
#   Decrease Java thread stack sizes (-Xss)
#   Set larger code cache with -XX:ReservedCodeCacheSize=
#   JVM is running with Unscaled Compressed Oops mode in which the Java heap is
#     placed in the first 4GB address space. The Java Heap base address is the
#     maximum limit for the native heap growth. Please use -XX:HeapBaseMinAddress
#     to set the Java Heap base and to place the Java Heap above 4GB virtual address.
# This output file may be truncated or incomplete.
#
#  Out of Memory Error (arena.cpp:189), pid=23684, tid=23040
#
# JRE version: OpenJDK Runtime Environment (17.0.6) (build 17.0.6+0-b2043.56-10027231)
# Java VM: OpenJDK 64-Bit Server VM (17.0.6+0-b2043.56-10027231, mixed mode, tiered, compressed oops, compressed class ptrs, g1 gc, windows-amd64)
# No core dump will be written. Minidumps are not enabled by default on client versions of Windows
#

---------------  S U M M A R Y ------------

Command Line: --add-opens=java.base/java.util=ALL-UNNAMED --add-opens=java.base/java.lang=ALL-UNNAMED --add-opens=java.base/java.lang.invoke=ALL-UNNAMED --add-opens=java.prefs/java.util.prefs=ALL-UNNAMED --add-opens=java.base/java.nio.charset=ALL-UNNAMED --add-opens=java.base/java.net=ALL-UNNAMED --add-opens=java.base/java.util.concurrent.atomic=ALL-UNNAMED -Xmx2048m -Dfile.encoding=UTF-8 -Duser.country=CN -Duser.language=zh -Duser.variant org.gradle.launcher.daemon.bootstrap.GradleDaemon 8.0

Host: AMD Ryzen 5 5600H with Radeon Graphics         , 12 cores, 13G,  Windows 11 , 64 bit Build 22621 (10.0.22621.2506)
Time: Mon Dec 25 15:20:31 2023  Windows 11 , 64 bit Build 22621 (10.0.22621.2506) elapsed time: 11.889872 seconds (0d 0h 0m 11s)

---------------  T H R E A D  ---------------

Current thread (0x00000206f3deeda0):  JavaThread "C2 CompilerThread2" daemon [_thread_in_native, id=23040, stack(0x000000e1b6a00000,0x000000e1b6b00000)]


Current CompileTask:
C2:  11890 8048       4       org.gradle.internal.instantiation.generator.AbstractClassGenerator::inspectType (560 bytes)

Stack: [0x000000e1b6a00000,0x000000e1b6b00000]
Native frames: (J=compiled Java code, j=interpreted, Vv=VM code, C=native code)
V  [jvm.dll+0x683c9a]
V  [jvm.dll+0x8427a4]
V  [jvm.dll+0x843f9e]
V  [jvm.dll+0x844603]
V  [jvm.dll+0x249b75]
V  [jvm.dll+0xabcac]
V  [jvm.dll+0xac27c]
V  [jvm.dll+0x368857]
V  [jvm.dll+0x332f31]
V  [jvm.dll+0x3323da]
V  [jvm.dll+0x21c201]
V  [jvm.dll+0x21b621]
V  [jvm.dll+0x1a4fdd]
V  [jvm.dll+0x22b098]
V  [jvm.dll+0x229159]
V  [jvm.dll+0x7f81ec]
V  [jvm.dll+0x7f274a]
V  [jvm.dll+0x682ad5]
C  [ucrtbase.dll+0x29363]
C  [KERNEL32.DLL+0x1257d]
C  [ntdll.dll+0x5aa58]


---------------  P R O C E S S  ---------------

Threads class SMR info:
_java_thread_list=0x00000206f0a6e920, length=171, elements={
0x00000206d2e00320, 0x00000206edc2fa30, 0x00000206edc308a0, 0x00000206edc7dee0,
0x00000206edc7fc00, 0x00000206edca1000, 0x00000206edca19b0, 0x00000206edca2690,
0x00000206edca3080, 0x00000206edcaba80, 0x00000206ede27030, 0x00000206ede29510,
0x00000206ef6599e0, 0x00000206eef1bb10, 0x00000206ef18ec90, 0x00000206f0c9b030,
0x00000206ef157f00, 0x00000206f018eb80, 0x00000206f0549010, 0x00000206ef1c49b0,
0x00000206f033fd50, 0x00000206f033d6d0, 0x00000206f0340220, 0x00000206f03406f0,
0x00000206f033cd30, 0x00000206f033f3b0, 0x00000206f033dba0, 0x00000206f033e070,
0x00000206f033e540, 0x00000206f033ea10, 0x00000206f033d200, 0x00000206f033eee0,
0x00000206f033f880, 0x00000206f1f68060, 0x00000206f1f68ed0, 0x00000206f1f67b90,
0x00000206f1f6abb0, 0x00000206f1f65040, 0x00000206f1f6a6e0, 0x00000206f1f66d20,
0x00000206f1f69870, 0x00000206f1f6b080, 0x00000206f1f671f0, 0x00000206f1f6c890,
0x00000206f1f69d40, 0x00000206f3bfc410, 0x00000206f1f66380, 0x00000206f305c6a0,
0x00000206f305ae90, 0x00000206f305b830, 0x00000206f305bd00, 0x00000206f3059b50,
0x00000206f305d040, 0x00000206f305fb90, 0x00000206f305d510, 0x00000206f3059680,
0x00000206f305d9e0, 0x00000206f305a020, 0x00000206f305f6c0, 0x00000206f3058340,
0x00000206f305ed20, 0x00000206f305a4f0, 0x00000206f305e380, 0x00000206f305f1f0,
0x00000206f3058810, 0x00000206f3058ce0, 0x00000206f305a9c0, 0x00000206f305b360,
0x00000206f305deb0, 0x00000206f305e850, 0x00000206ee0a7b40, 0x00000206ee0a5e60,
0x00000206ee0a8e80, 0x00000206ee0a5990, 0x00000206ee0a4650, 0x00000206ee0a1630,
0x00000206ee0a6330, 0x00000206ee0a6800, 0x00000206ee0a8010, 0x00000206ee0a4180,
0x00000206ee0a4ff0, 0x00000206ee0a2e40, 0x00000206ee0a6cd0, 0x00000206ee0a7670,
0x00000206ee0a71a0, 0x00000206ee0a1b00, 0x00000206ee0a4b20, 0x00000206ee0a24a0,
0x00000206ee0a1fd0, 0x00000206ee0a54c0, 0x00000206ee0a84e0, 0x00000206ee0a2970,
0x00000206ee0a3310, 0x00000206ee0a89b0, 0x00000206ee0a37e0, 0x00000206ee0a3cb0,
0x00000206ef356db0, 0x00000206ef35c920, 0x00000206ef358f60, 0x00000206ef3550d0,
0x00000206ef3555a0, 0x00000206ef35c450, 0x00000206ef35a2a0, 0x00000206ef359900,
0x00000206ef359dd0, 0x00000206ef357280, 0x00000206ef35a770, 0x00000206ef355a70,
0x00000206ef35bf80, 0x00000206ef35ac40, 0x00000206ef359430, 0x00000206ef35b110,
0x00000206ef35bab0, 0x00000206ef355f40, 0x00000206ef3568e0, 0x00000206ef357750,
0x00000206ef357c20, 0x00000206ef356410, 0x00000206ef3580f0, 0x00000206ef35b5e0,
0x00000206ef3585c0, 0x00000206ef358a90, 0x00000206f5288e00, 0x00000206f528dfd0,
0x00000206f5289c70, 0x00000206f528d630, 0x00000206f528afb0, 0x00000206f528e4a0,
0x00000206f528a140, 0x00000206f52892d0, 0x00000206f52897a0, 0x00000206f528fcb0,
0x00000206f528a610, 0x00000206f528f310, 0x00000206f528e970, 0x00000206f528aae0,
0x00000206f528b480, 0x00000206f528b950, 0x00000206f5288930, 0x00000206f528c7c0,
0x00000206f528be20, 0x00000206f528c2f0, 0x00000206f528cc90, 0x00000206f5290180,
0x00000206f528ee40, 0x00000206f528d160, 0x00000206f528f7e0, 0x00000206f51a75f0,
0x00000206f51a7120, 0x00000206f51a7ac0, 0x00000206f51a4f70, 0x00000206f51a62b0,
0x00000206f51a6c50, 0x00000206f51a7f90, 0x00000206f51a4aa0, 0x00000206f51a5440,
0x00000206f51a6780, 0x00000206f51a5910, 0x00000206f51a5de0, 0x00000206f51a45d0,
0x00000206f528db00, 0x00000206f07ccf40, 0x00000206f07c8710, 0x00000206f07c8240,
0x00000206f07c8be0, 0x00000206f07c90b0, 0x00000206f07c9f20, 0x00000206f07cca70,
0x00000206f07ca3f0, 0x00000206f3deeda0, 0x00000206f07c6f00
}

Java Threads: ( => current thread )
  0x00000206d2e00320 JavaThread "main" [_thread_blocked, id=17100, stack(0x000000e1b3e00000,0x000000e1b3f00000)]
  0x00000206edc2fa30 JavaThread "Reference Handler" daemon [_thread_blocked, id=9912, stack(0x000000e1b4500000,0x000000e1b4600000)]
  0x00000206edc308a0 JavaThread "Finalizer" daemon [_thread_blocked, id=24600, stack(0x000000e1b4600000,0x000000e1b4700000)]
  0x00000206edc7dee0 JavaThread "Signal Dispatcher" daemon [_thread_blocked, id=19300, stack(0x000000e1b4700000,0x000000e1b4800000)]
  0x00000206edc7fc00 JavaThread "Attach Listener" daemon [_thread_blocked, id=19028, stack(0x000000e1b4800000,0x000000e1b4900000)]
  0x00000206edca1000 JavaThread "Service Thread" daemon [_thread_blocked, id=4368, stack(0x000000e1b4900000,0x000000e1b4a00000)]
  0x00000206edca19b0 JavaThread "Monitor Deflation Thread" daemon [_thread_blocked, id=4908, stack(0x000000e1b4a00000,0x000000e1b4b00000)]
  0x00000206edca2690 JavaThread "C2 CompilerThread0" daemon [_thread_in_native, id=26960, stack(0x000000e1b4b00000,0x000000e1b4c00000)]
  0x00000206edca3080 JavaThread "C1 CompilerThread0" daemon [_thread_blocked, id=27652, stack(0x000000e1b4c00000,0x000000e1b4d00000)]
  0x00000206edcaba80 JavaThread "Sweeper thread" daemon [_thread_blocked, id=28324, stack(0x000000e1b4d00000,0x000000e1b4e00000)]
  0x00000206ede27030 JavaThread "Common-Cleaner" daemon [_thread_blocked, id=20648, stack(0x000000e1b4e00000,0x000000e1b4f00000)]
  0x00000206ede29510 JavaThread "Notification Thread" daemon [_thread_blocked, id=23940, stack(0x000000e1b4f00000,0x000000e1b5000000)]
  0x00000206ef6599e0 JavaThread "Daemon health stats" [_thread_blocked, id=26756, stack(0x000000e1b5600000,0x000000e1b5700000)]
  0x00000206eef1bb10 JavaThread "Incoming local TCP Connector on port 64025" [_thread_in_native, id=19116, stack(0x000000e1b5100000,0x000000e1b5200000)]
  0x00000206ef18ec90 JavaThread "Daemon periodic checks" [_thread_blocked, id=26916, stack(0x000000e1b5700000,0x000000e1b5800000)]
  0x00000206f0c9b030 JavaThread "Daemon" [_thread_blocked, id=5180, stack(0x000000e1b5800000,0x000000e1b5900000)]
  0x00000206ef157f00 JavaThread "Handler for socket connection from /127.0.0.1:64025 to /127.0.0.1:64026" [_thread_in_native, id=28024, stack(0x000000e1b5900000,0x000000e1b5a00000)]
  0x00000206f018eb80 JavaThread "Cancel handler" [_thread_blocked, id=21368, stack(0x000000e1b5b00000,0x000000e1b5c00000)]
  0x00000206f0549010 JavaThread "Daemon worker" [_thread_in_vm, id=26296, stack(0x000000e1b5c00000,0x000000e1b5d00000)]
  0x00000206ef1c49b0 JavaThread "Asynchronous log dispatcher for DefaultDaemonConnection: socket connection from /127.0.0.1:64025 to /127.0.0.1:64026" [_thread_blocked, id=12972, stack(0x000000e1b5d00000,0x000000e1b5e00000)]
  0x00000206f033fd50 JavaThread "Stdin handler" [_thread_blocked, id=15252, stack(0x000000e1b5e00000,0x000000e1b5f00000)]
  0x00000206f033d6d0 JavaThread "Daemon client event forwarder" [_thread_blocked, id=19124, stack(0x000000e1b5f00000,0x000000e1b6000000)]
  0x00000206f0340220 JavaThread "Cache worker for journal cache (C:\Users\Aubery\.gradle\caches\journal-1)" [_thread_blocked, id=14296, stack(0x000000e1b5a00000,0x000000e1b5b00000)]
  0x00000206f03406f0 JavaThread "File lock request listener" [_thread_in_native, id=27588, stack(0x000000e1b6700000,0x000000e1b6800000)]
  0x00000206f033cd30 JavaThread "Cache worker for file hash cache (C:\Users\Aubery\.gradle\caches\8.0\fileHashes)" [_thread_blocked, id=22900, stack(0x000000e1b6800000,0x000000e1b6900000)]
  0x00000206f033f3b0 JavaThread "File watcher server" daemon [_thread_in_native, id=11776, stack(0x000000e1b6b00000,0x000000e1b6c00000)]
  0x00000206f033dba0 JavaThread "File watcher consumer" daemon [_thread_blocked, id=4452, stack(0x000000e1b6c00000,0x000000e1b6d00000)]
  0x00000206f033e070 JavaThread "jar transforms" [_thread_blocked, id=2668, stack(0x000000e1b6d00000,0x000000e1b6e00000)]
  0x00000206f033e540 JavaThread "jar transforms Thread 2" [_thread_blocked, id=18808, stack(0x000000e1b6e00000,0x000000e1b6f00000)]
  0x00000206f033ea10 JavaThread "jar transforms Thread 3" [_thread_blocked, id=3952, stack(0x000000e1b6f00000,0x000000e1b7000000)]
  0x00000206f033d200 JavaThread "jar transforms Thread 4" [_thread_blocked, id=28452, stack(0x000000e1b7000000,0x000000e1b7100000)]
  0x00000206f033eee0 JavaThread "jar transforms Thread 5" [_thread_blocked, id=15684, stack(0x000000e1b7100000,0x000000e1b7200000)]
  0x00000206f033f880 JavaThread "jar transforms Thread 6" [_thread_blocked, id=1748, stack(0x000000e1b7200000,0x000000e1b7300000)]
  0x00000206f1f68060 JavaThread "jar transforms Thread 7" [_thread_blocked, id=26004, stack(0x000000e1b7300000,0x000000e1b7400000)]
  0x00000206f1f68ed0 JavaThread "jar transforms Thread 8" [_thread_blocked, id=20220, stack(0x000000e1b7400000,0x000000e1b7500000)]
  0x00000206f1f67b90 JavaThread "jar transforms Thread 9" [_thread_blocked, id=24008, stack(0x000000e1b7500000,0x000000e1b7600000)]
  0x00000206f1f6abb0 JavaThread "jar transforms Thread 10" [_thread_blocked, id=10104, stack(0x000000e1b7600000,0x000000e1b7700000)]
  0x00000206f1f65040 JavaThread "jar transforms Thread 11" [_thread_blocked, id=9456, stack(0x000000e1b7700000,0x000000e1b7800000)]
  0x00000206f1f6a6e0 JavaThread "jar transforms Thread 12" [_thread_blocked, id=15812, stack(0x000000e1b7800000,0x000000e1b7900000)]
  0x00000206f1f66d20 JavaThread "Cache worker for checksums cache (E:\AndroidStudioProjects\DormitoryMS\.gradle\8.0\checksums)" [_thread_blocked, id=27124, stack(0x000000e1b7900000,0x000000e1b7a00000)]
  0x00000206f1f69870 JavaThread "Cache worker for cache directory md-rule (C:\Users\Aubery\.gradle\caches\8.0\md-rule)" [_thread_blocked, id=28172, stack(0x000000e1b7a00000,0x000000e1b7b00000)]
  0x00000206f1f6b080 JavaThread "Cache worker for file content cache (C:\Users\Aubery\.gradle\caches\8.0\fileContent)" [_thread_blocked, id=27368, stack(0x000000e1b7b00000,0x000000e1b7c00000)]
  0x00000206f1f671f0 JavaThread "Cache worker for file hash cache (E:\AndroidStudioProjects\DormitoryMS\.gradle\8.0\fileHashes)" [_thread_blocked, id=23800, stack(0x000000e1b7c00000,0x000000e1b7d00000)]
  0x00000206f1f6c890 JavaThread "Cache worker for cache directory md-supplier (C:\Users\Aubery\.gradle\caches\8.0\md-supplier)" [_thread_blocked, id=24152, stack(0x000000e1b7d00000,0x000000e1b7e00000)]
  0x00000206f1f69d40 JavaThread "Cache worker for execution history cache (C:\Users\Aubery\.gradle\caches\8.0\executionHistory)" [_thread_blocked, id=25532, stack(0x000000e1b7e00000,0x000000e1b7f00000)]
  0x00000206f3bfc410 JavaThread "C2 CompilerThread1" daemon [_thread_blocked, id=1712, stack(0x000000e1b6900000,0x000000e1b6a00000)]
  0x00000206f1f66380 JavaThread "Cache worker for kotlin-dsl (C:\Users\Aubery\.gradle\caches\8.0\kotlin-dsl)" [_thread_blocked, id=15240, stack(0x000000e1b7f00000,0x000000e1b8000000)]
  0x00000206f305c6a0 JavaThread "Cache worker for dependencies-accessors (E:\AndroidStudioProjects\DormitoryMS\.gradle\8.0\dependencies-accessors)" [_thread_blocked, id=12736, stack(0x000000e1b8000000,0x000000e1b8100000)]
  0x00000206f305ae90 JavaThread "Cache worker for Build Output Cleanup Cache (E:\AndroidStudioProjects\DormitoryMS\.gradle\buildOutputCleanup)" [_thread_blocked, id=16048, stack(0x000000e1b8100000,0x000000e1b8200000)]
  0x00000206f305b830 JavaThread "Unconstrained build operations" [_thread_blocked, id=23848, stack(0x000000e1b8200000,0x000000e1b8300000)]
  0x00000206f305bd00 JavaThread "Unconstrained build operations Thread 2" [_thread_blocked, id=14724, stack(0x000000e1b8300000,0x000000e1b8400000)]
  0x00000206f3059b50 JavaThread "Unconstrained build operations Thread 3" [_thread_blocked, id=17736, stack(0x000000e1b8400000,0x000000e1b8500000)]
  0x00000206f305d040 JavaThread "Unconstrained build operations Thread 4" [_thread_blocked, id=13684, stack(0x000000e1b8500000,0x000000e1b8600000)]
  0x00000206f305fb90 JavaThread "Unconstrained build operations Thread 5" [_thread_blocked, id=21696, stack(0x000000e1b8600000,0x000000e1b8700000)]
  0x00000206f305d510 JavaThread "Unconstrained build operations Thread 6" [_thread_blocked, id=15996, stack(0x000000e1b8700000,0x000000e1b8800000)]
  0x00000206f3059680 JavaThread "Unconstrained build operations Thread 7" [_thread_blocked, id=27800, stack(0x000000e1b8800000,0x000000e1b8900000)]
  0x00000206f305d9e0 JavaThread "Unconstrained build operations Thread 8" [_thread_blocked, id=16148, stack(0x000000e1b8900000,0x000000e1b8a00000)]
  0x00000206f305a020 JavaThread "Unconstrained build operations Thread 9" [_thread_blocked, id=23836, stack(0x000000e1b8a00000,0x000000e1b8b00000)]
  0x00000206f305f6c0 JavaThread "Unconstrained build operations Thread 10" [_thread_blocked, id=16832, stack(0x000000e1b8b00000,0x000000e1b8c00000)]
  0x00000206f3058340 JavaThread "Unconstrained build operations Thread 11" [_thread_blocked, id=5948, stack(0x000000e1b8c00000,0x000000e1b8d00000)]
  0x00000206f305ed20 JavaThread "Unconstrained build operations Thread 12" [_thread_blocked, id=24228, stack(0x000000e1b8d00000,0x000000e1b8e00000)]
  0x00000206f305a4f0 JavaThread "Unconstrained build operations Thread 13" [_thread_blocked, id=12912, stack(0x000000e1b8e00000,0x000000e1b8f00000)]
  0x00000206f305e380 JavaThread "Unconstrained build operations Thread 14" [_thread_blocked, id=16096, stack(0x000000e1b8f00000,0x000000e1b9000000)]
  0x00000206f305f1f0 JavaThread "Unconstrained build operations Thread 15" [_thread_blocked, id=27664, stack(0x000000e1b9000000,0x000000e1b9100000)]
  0x00000206f3058810 JavaThread "Unconstrained build operations Thread 16" [_thread_blocked, id=1412, stack(0x000000e1b9100000,0x000000e1b9200000)]
  0x00000206f3058ce0 JavaThread "Unconstrained build operations Thread 17" [_thread_blocked, id=16116, stack(0x000000e1b9200000,0x000000e1b9300000)]
  0x00000206f305a9c0 JavaThread "Unconstrained build operations Thread 18" [_thread_blocked, id=19092, stack(0x000000e1b9300000,0x000000e1b9400000)]
  0x00000206f305b360 JavaThread "Unconstrained build operations Thread 19" [_thread_blocked, id=25420, stack(0x000000e1b9400000,0x000000e1b9500000)]
  0x00000206f305deb0 JavaThread "Unconstrained build operations Thread 20" [_thread_blocked, id=19992, stack(0x000000e1b9500000,0x000000e1b9600000)]
  0x00000206f305e850 JavaThread "Unconstrained build operations Thread 21" [_thread_blocked, id=28456, stack(0x000000e1b9600000,0x000000e1b9700000)]
  0x00000206ee0a7b40 JavaThread "Unconstrained build operations Thread 22" [_thread_blocked, id=14704, stack(0x000000e1b9700000,0x000000e1b9800000)]
  0x00000206ee0a5e60 JavaThread "Unconstrained build operations Thread 23" [_thread_blocked, id=24440, stack(0x000000e1b9800000,0x000000e1b9900000)]
  0x00000206ee0a8e80 JavaThread "Unconstrained build operations Thread 24" [_thread_blocked, id=3128, stack(0x000000e1b9900000,0x000000e1b9a00000)]
  0x00000206ee0a5990 JavaThread "Unconstrained build operations Thread 25" [_thread_blocked, id=6328, stack(0x000000e1b9a00000,0x000000e1b9b00000)]
  0x00000206ee0a4650 JavaThread "Unconstrained build operations Thread 26" [_thread_blocked, id=16612, stack(0x000000e1b9b00000,0x000000e1b9c00000)]
  0x00000206ee0a1630 JavaThread "Unconstrained build operations Thread 27" [_thread_blocked, id=24248, stack(0x000000e1b9c00000,0x000000e1b9d00000)]
  0x00000206ee0a6330 JavaThread "Unconstrained build operations Thread 28" [_thread_blocked, id=17244, stack(0x000000e1b9d00000,0x000000e1b9e00000)]
  0x00000206ee0a6800 JavaThread "Unconstrained build operations Thread 29" [_thread_blocked, id=6512, stack(0x000000e1b9e00000,0x000000e1b9f00000)]
  0x00000206ee0a8010 JavaThread "Unconstrained build operations Thread 30" [_thread_blocked, id=11036, stack(0x000000e1b9f00000,0x000000e1ba000000)]
  0x00000206ee0a4180 JavaThread "Unconstrained build operations Thread 31" [_thread_blocked, id=17484, stack(0x000000e1ba000000,0x000000e1ba100000)]
  0x00000206ee0a4ff0 JavaThread "Unconstrained build operations Thread 32" [_thread_blocked, id=4548, stack(0x000000e1ba100000,0x000000e1ba200000)]
  0x00000206ee0a2e40 JavaThread "Unconstrained build operations Thread 33" [_thread_blocked, id=17372, stack(0x000000e1ba200000,0x000000e1ba300000)]
  0x00000206ee0a6cd0 JavaThread "Unconstrained build operations Thread 34" [_thread_blocked, id=15320, stack(0x000000e1ba300000,0x000000e1ba400000)]
  0x00000206ee0a7670 JavaThread "Unconstrained build operations Thread 35" [_thread_blocked, id=14196, stack(0x000000e1ba400000,0x000000e1ba500000)]
  0x00000206ee0a71a0 JavaThread "Unconstrained build operations Thread 36" [_thread_blocked, id=13560, stack(0x000000e1ba500000,0x000000e1ba600000)]
  0x00000206ee0a1b00 JavaThread "Unconstrained build operations Thread 37" [_thread_blocked, id=17148, stack(0x000000e1ba600000,0x000000e1ba700000)]
  0x00000206ee0a4b20 JavaThread "Unconstrained build operations Thread 38" [_thread_blocked, id=27384, stack(0x000000e1ba700000,0x000000e1ba800000)]
  0x00000206ee0a24a0 JavaThread "Unconstrained build operations Thread 39" [_thread_blocked, id=17604, stack(0x000000e1ba800000,0x000000e1ba900000)]
  0x00000206ee0a1fd0 JavaThread "Unconstrained build operations Thread 40" [_thread_blocked, id=11588, stack(0x000000e1ba900000,0x000000e1baa00000)]
  0x00000206ee0a54c0 JavaThread "Unconstrained build operations Thread 41" [_thread_blocked, id=8096, stack(0x000000e1baa00000,0x000000e1bab00000)]
  0x00000206ee0a84e0 JavaThread "Unconstrained build operations Thread 42" [_thread_blocked, id=10764, stack(0x000000e1bab00000,0x000000e1bac00000)]
  0x00000206ee0a2970 JavaThread "Unconstrained build operations Thread 43" [_thread_blocked, id=3976, stack(0x000000e1bac00000,0x000000e1bad00000)]
  0x00000206ee0a3310 JavaThread "Unconstrained build operations Thread 44" [_thread_blocked, id=27244, stack(0x000000e1bad00000,0x000000e1bae00000)]
  0x00000206ee0a89b0 JavaThread "Unconstrained build operations Thread 45" [_thread_blocked, id=16716, stack(0x000000e1bae00000,0x000000e1baf00000)]
  0x00000206ee0a37e0 JavaThread "Unconstrained build operations Thread 46" [_thread_blocked, id=21948, stack(0x000000e1baf00000,0x000000e1bb000000)]
  0x00000206ee0a3cb0 JavaThread "Unconstrained build operations Thread 47" [_thread_blocked, id=16964, stack(0x000000e1bb000000,0x000000e1bb100000)]
  0x00000206ef356db0 JavaThread "Unconstrained build operations Thread 48" [_thread_blocked, id=3192, stack(0x000000e1bb100000,0x000000e1bb200000)]
  0x00000206ef35c920 JavaThread "Unconstrained build operations Thread 49" [_thread_blocked, id=10408, stack(0x000000e1bb200000,0x000000e1bb300000)]
  0x00000206ef358f60 JavaThread "Unconstrained build operations Thread 50" [_thread_blocked, id=13916, stack(0x000000e1bb300000,0x000000e1bb400000)]
  0x00000206ef3550d0 JavaThread "Unconstrained build operations Thread 51" [_thread_blocked, id=23132, stack(0x000000e1bb400000,0x000000e1bb500000)]
  0x00000206ef3555a0 JavaThread "Unconstrained build operations Thread 52" [_thread_blocked, id=1812, stack(0x000000e1bb500000,0x000000e1bb600000)]
  0x00000206ef35c450 JavaThread "Unconstrained build operations Thread 53" [_thread_blocked, id=17772, stack(0x000000e1bb600000,0x000000e1bb700000)]
  0x00000206ef35a2a0 JavaThread "Unconstrained build operations Thread 54" [_thread_blocked, id=6564, stack(0x000000e1bb700000,0x000000e1bb800000)]
  0x00000206ef359900 JavaThread "Unconstrained build operations Thread 55" [_thread_blocked, id=15180, stack(0x000000e1bb800000,0x000000e1bb900000)]
  0x00000206ef359dd0 JavaThread "Unconstrained build operations Thread 56" [_thread_blocked, id=25756, stack(0x000000e1bb900000,0x000000e1bba00000)]
  0x00000206ef357280 JavaThread "Unconstrained build operations Thread 57" [_thread_blocked, id=3512, stack(0x000000e1bba00000,0x000000e1bbb00000)]
  0x00000206ef35a770 JavaThread "Unconstrained build operations Thread 58" [_thread_blocked, id=25216, stack(0x000000e1bbb00000,0x000000e1bbc00000)]
  0x00000206ef355a70 JavaThread "Unconstrained build operations Thread 59" [_thread_blocked, id=24392, stack(0x000000e1bbc00000,0x000000e1bbd00000)]
  0x00000206ef35bf80 JavaThread "Unconstrained build operations Thread 60" [_thread_blocked, id=3852, stack(0x000000e1bbd00000,0x000000e1bbe00000)]
  0x00000206ef35ac40 JavaThread "Unconstrained build operations Thread 61" [_thread_blocked, id=14132, stack(0x000000e1bbe00000,0x000000e1bbf00000)]
  0x00000206ef359430 JavaThread "Unconstrained build operations Thread 62" [_thread_blocked, id=17560, stack(0x000000e1bbf00000,0x000000e1bc000000)]
  0x00000206ef35b110 JavaThread "Unconstrained build operations Thread 63" [_thread_blocked, id=15040, stack(0x000000e1bc000000,0x000000e1bc100000)]
  0x00000206ef35bab0 JavaThread "Unconstrained build operations Thread 64" [_thread_blocked, id=4636, stack(0x000000e1bc100000,0x000000e1bc200000)]
  0x00000206ef355f40 JavaThread "Unconstrained build operations Thread 65" [_thread_blocked, id=9520, stack(0x000000e1bc200000,0x000000e1bc300000)]
  0x00000206ef3568e0 JavaThread "Unconstrained build operations Thread 66" [_thread_blocked, id=24044, stack(0x000000e1bc300000,0x000000e1bc400000)]
  0x00000206ef357750 JavaThread "Unconstrained build operations Thread 67" [_thread_blocked, id=18596, stack(0x000000e1bc400000,0x000000e1bc500000)]
  0x00000206ef357c20 JavaThread "Unconstrained build operations Thread 68" [_thread_blocked, id=11992, stack(0x000000e1bc500000,0x000000e1bc600000)]
  0x00000206ef356410 JavaThread "Unconstrained build operations Thread 69" [_thread_blocked, id=24748, stack(0x000000e1bc600000,0x000000e1bc700000)]
  0x00000206ef3580f0 JavaThread "Unconstrained build operations Thread 70" [_thread_blocked, id=15980, stack(0x000000e1bc700000,0x000000e1bc800000)]
  0x00000206ef35b5e0 JavaThread "Unconstrained build operations Thread 71" [_thread_blocked, id=23380, stack(0x000000e1bc800000,0x000000e1bc900000)]
  0x00000206ef3585c0 JavaThread "Unconstrained build operations Thread 72" [_thread_blocked, id=1768, stack(0x000000e1bc900000,0x000000e1bca00000)]
  0x00000206ef358a90 JavaThread "Unconstrained build operations Thread 73" [_thread_blocked, id=21792, stack(0x000000e1bca00000,0x000000e1bcb00000)]
  0x00000206f5288e00 JavaThread "Unconstrained build operations Thread 74" [_thread_blocked, id=10044, stack(0x000000e1bcb00000,0x000000e1bcc00000)]
  0x00000206f528dfd0 JavaThread "Unconstrained build operations Thread 75" [_thread_blocked, id=19364, stack(0x000000e1bcc00000,0x000000e1bcd00000)]
  0x00000206f5289c70 JavaThread "Unconstrained build operations Thread 76" [_thread_blocked, id=24768, stack(0x000000e1bcd00000,0x000000e1bce00000)]
  0x00000206f528d630 JavaThread "Unconstrained build operations Thread 77" [_thread_blocked, id=4276, stack(0x000000e1bce00000,0x000000e1bcf00000)]
  0x00000206f528afb0 JavaThread "Unconstrained build operations Thread 78" [_thread_blocked, id=28088, stack(0x000000e1bcf00000,0x000000e1bd000000)]
  0x00000206f528e4a0 JavaThread "Unconstrained build operations Thread 79" [_thread_blocked, id=3324, stack(0x000000e1bd000000,0x000000e1bd100000)]
  0x00000206f528a140 JavaThread "Unconstrained build operations Thread 80" [_thread_blocked, id=13136, stack(0x000000e1bd100000,0x000000e1bd200000)]
  0x00000206f52892d0 JavaThread "Unconstrained build operations Thread 81" [_thread_blocked, id=14772, stack(0x000000e1bd200000,0x000000e1bd300000)]
  0x00000206f52897a0 JavaThread "Unconstrained build operations Thread 82" [_thread_blocked, id=12012, stack(0x000000e1bd300000,0x000000e1bd400000)]
  0x00000206f528fcb0 JavaThread "Unconstrained build operations Thread 83" [_thread_blocked, id=16396, stack(0x000000e1bd400000,0x000000e1bd500000)]
  0x00000206f528a610 JavaThread "Unconstrained build operations Thread 84" [_thread_blocked, id=23748, stack(0x000000e1bd500000,0x000000e1bd600000)]
  0x00000206f528f310 JavaThread "Unconstrained build operations Thread 85" [_thread_blocked, id=11860, stack(0x000000e1bd600000,0x000000e1bd700000)]
  0x00000206f528e970 JavaThread "Unconstrained build operations Thread 86" [_thread_blocked, id=20668, stack(0x000000e1bd700000,0x000000e1bd800000)]
  0x00000206f528aae0 JavaThread "Unconstrained build operations Thread 87" [_thread_blocked, id=16684, stack(0x000000e1bd800000,0x000000e1bd900000)]
  0x00000206f528b480 JavaThread "Unconstrained build operations Thread 88" [_thread_blocked, id=8068, stack(0x000000e1bd900000,0x000000e1bda00000)]
  0x00000206f528b950 JavaThread "Unconstrained build operations Thread 89" [_thread_blocked, id=20400, stack(0x000000e1bda00000,0x000000e1bdb00000)]
  0x00000206f5288930 JavaThread "Unconstrained build operations Thread 90" [_thread_blocked, id=9360, stack(0x000000e1bdb00000,0x000000e1bdc00000)]
  0x00000206f528c7c0 JavaThread "Unconstrained build operations Thread 91" [_thread_blocked, id=22872, stack(0x000000e1bdc00000,0x000000e1bdd00000)]
  0x00000206f528be20 JavaThread "Unconstrained build operations Thread 92" [_thread_blocked, id=8052, stack(0x000000e1bdd00000,0x000000e1bde00000)]
  0x00000206f528c2f0 JavaThread "Unconstrained build operations Thread 93" [_thread_blocked, id=14164, stack(0x000000e1bde00000,0x000000e1bdf00000)]
  0x00000206f528cc90 JavaThread "Unconstrained build operations Thread 94" [_thread_blocked, id=25112, stack(0x000000e1bdf00000,0x000000e1be000000)]
  0x00000206f5290180 JavaThread "Unconstrained build operations Thread 95" [_thread_blocked, id=13020, stack(0x000000e1be000000,0x000000e1be100000)]
  0x00000206f528ee40 JavaThread "Unconstrained build operations Thread 96" [_thread_blocked, id=15692, stack(0x000000e1be100000,0x000000e1be200000)]
  0x00000206f528d160 JavaThread "Unconstrained build operations Thread 97" [_thread_blocked, id=18672, stack(0x000000e1be200000,0x000000e1be300000)]
  0x00000206f528f7e0 JavaThread "Unconstrained build operations Thread 98" [_thread_blocked, id=22184, stack(0x000000e1be300000,0x000000e1be400000)]
  0x00000206f51a75f0 JavaThread "Unconstrained build operations Thread 99" [_thread_blocked, id=5576, stack(0x000000e1be400000,0x000000e1be500000)]
  0x00000206f51a7120 JavaThread "Unconstrained build operations Thread 100" [_thread_blocked, id=16104, stack(0x000000e1be500000,0x000000e1be600000)]
  0x00000206f51a7ac0 JavaThread "Unconstrained build operations Thread 101" [_thread_blocked, id=3488, stack(0x000000e1be600000,0x000000e1be700000)]
  0x00000206f51a4f70 JavaThread "Unconstrained build operations Thread 102" [_thread_blocked, id=11208, stack(0x000000e1be700000,0x000000e1be800000)]
  0x00000206f51a62b0 JavaThread "Unconstrained build operations Thread 103" [_thread_blocked, id=13928, stack(0x000000e1be800000,0x000000e1be900000)]
  0x00000206f51a6c50 JavaThread "Unconstrained build operations Thread 104" [_thread_blocked, id=22780, stack(0x000000e1be900000,0x000000e1bea00000)]
  0x00000206f51a7f90 JavaThread "Unconstrained build operations Thread 105" [_thread_blocked, id=8908, stack(0x000000e1bea00000,0x000000e1beb00000)]
  0x00000206f51a4aa0 JavaThread "Unconstrained build operations Thread 106" [_thread_blocked, id=8108, stack(0x000000e1beb00000,0x000000e1bec00000)]
  0x00000206f51a5440 JavaThread "Unconstrained build operations Thread 107" [_thread_blocked, id=25152, stack(0x000000e1bec00000,0x000000e1bed00000)]
  0x00000206f51a6780 JavaThread "Unconstrained build operations Thread 108" [_thread_blocked, id=2000, stack(0x000000e1bed00000,0x000000e1bee00000)]
  0x00000206f51a5910 JavaThread "Unconstrained build operations Thread 109" [_thread_blocked, id=11240, stack(0x000000e1bee00000,0x000000e1bef00000)]
  0x00000206f51a5de0 JavaThread "Unconstrained build operations Thread 110" [_thread_blocked, id=20744, stack(0x000000e1bef00000,0x000000e1bf000000)]
  0x00000206f51a45d0 JavaThread "Unconstrained build operations Thread 111" [_thread_blocked, id=8356, stack(0x000000e1bf000000,0x000000e1bf100000)]
  0x00000206f528db00 JavaThread "Unconstrained build operations Thread 112" [_thread_blocked, id=23960, stack(0x000000e1bf100000,0x000000e1bf200000)]
  0x00000206f07ccf40 JavaThread "Unconstrained build operations Thread 113" [_thread_blocked, id=23360, stack(0x000000e1bf200000,0x000000e1bf300000)]
  0x00000206f07c8710 JavaThread "Unconstrained build operations Thread 114" [_thread_blocked, id=22864, stack(0x000000e1bf300000,0x000000e1bf400000)]
  0x00000206f07c8240 JavaThread "Unconstrained build operations Thread 115" [_thread_blocked, id=14028, stack(0x000000e1bf400000,0x000000e1bf500000)]
  0x00000206f07c8be0 JavaThread "Unconstrained build operations Thread 116" [_thread_blocked, id=13692, stack(0x000000e1bf500000,0x000000e1bf600000)]
  0x00000206f07c90b0 JavaThread "Unconstrained build operations Thread 117" [_thread_blocked, id=22616, stack(0x000000e1bf600000,0x000000e1bf700000)]
  0x00000206f07c9f20 JavaThread "Unconstrained build operations Thread 118" [_thread_blocked, id=10252, stack(0x000000e1bf700000,0x000000e1bf800000)]
  0x00000206f07cca70 JavaThread "Unconstrained build operations Thread 119" [_thread_blocked, id=24620, stack(0x000000e1bf800000,0x000000e1bf900000)]
  0x00000206f07ca3f0 JavaThread "Unconstrained build operations Thread 120" [_thread_blocked, id=5728, stack(0x000000e1bf900000,0x000000e1bfa00000)]
=>0x00000206f3deeda0 JavaThread "C2 CompilerThread2" daemon [_thread_in_native, id=23040, stack(0x000000e1b6a00000,0x000000e1b6b00000)]
  0x00000206f07c6f00 JavaThread "Memory manager" [_thread_blocked, id=26520, stack(0x000000e1bfa00000,0x000000e1bfb00000)]

Other Threads:
  0x00000206ed0ae7f0 VMThread "VM Thread" [stack: 0x000000e1b4400000,0x000000e1b4500000] [id=7760]
  0x00000206ede24d00 WatcherThread [stack: 0x000000e1b5000000,0x000000e1b5100000] [id=22496]
  0x00000206d2e5a9c0 GCTaskThread "GC Thread#0" [stack: 0x000000e1b3f00000,0x000000e1b4000000] [id=21568]
  0x00000206ee9261d0 GCTaskThread "GC Thread#1" [stack: 0x000000e1b5200000,0x000000e1b5300000] [id=23952]
  0x00000206eec15fe0 GCTaskThread "GC Thread#2" [stack: 0x000000e1b5300000,0x000000e1b5400000] [id=23272]
  0x00000206eeb52310 GCTaskThread "GC Thread#3" [stack: 0x000000e1b5400000,0x000000e1b5500000] [id=1288]
  0x00000206eeb525c0 GCTaskThread "GC Thread#4" [stack: 0x000000e1b5500000,0x000000e1b5600000] [id=18300]
  0x00000206f088d8f0 GCTaskThread "GC Thread#5" [stack: 0x000000e1b6000000,0x000000e1b6100000] [id=11912]
  0x00000206f088ebc0 GCTaskThread "GC Thread#6" [stack: 0x000000e1b6100000,0x000000e1b6200000] [id=23264]
  0x00000206f088dba0 GCTaskThread "GC Thread#7" [stack: 0x000000e1b6200000,0x000000e1b6300000] [id=16004]
  0x00000206f088e660 GCTaskThread "GC Thread#8" [stack: 0x000000e1b6300000,0x000000e1b6400000] [id=28484]
  0x00000206f088de50 GCTaskThread "GC Thread#9" [stack: 0x000000e1b6400000,0x000000e1b6500000] [id=15840]
  0x00000206d2e6b900 ConcurrentGCThread "G1 Main Marker" [stack: 0x000000e1b4000000,0x000000e1b4100000] [id=16160]
  0x00000206d2e6e340 ConcurrentGCThread "G1 Conc#0" [stack: 0x000000e1b4100000,0x000000e1b4200000] [id=27456]
  0x00000206f088ee70 ConcurrentGCThread "G1 Conc#1" [stack: 0x000000e1b6500000,0x000000e1b6600000] [id=22940]
  0x00000206f088e910 ConcurrentGCThread "G1 Conc#2" [stack: 0x000000e1b6600000,0x000000e1b6700000] [id=24240]
  0x00000206d2ebe760 ConcurrentGCThread "G1 Refine#0" [stack: 0x000000e1b4200000,0x000000e1b4300000] [id=15184]
  0x00000206ecf363f0 ConcurrentGCThread "G1 Service" [stack: 0x000000e1b4300000,0x000000e1b4400000] [id=7548]

Threads with active compile tasks:
C1 CompilerThread0    11963 8246       3       org.gradle.api.internal.artifacts.ivyservice.resolveengine.graph.builder.SelectorState::update (95 bytes)
C2 CompilerThread2    11963 8048       4       org.gradle.internal.instantiation.generator.AbstractClassGenerator::inspectType (560 bytes)

VM state: not at safepoint (normal execution)

VM Mutex/Monitor currently owned by a thread: None

Heap address: 0x0000000080000000, size: 2048 MB, Compressed Oops mode: 32-bit

CDS archive(s) not mapped
Compressed class space mapped at: 0x0000000100000000-0x0000000140000000, reserved size: 1073741824
Narrow klass base: 0x0000000000000000, Narrow klass shift: 3, Narrow klass range: 0x140000000

GC Precious Log:
 CPUs: 12 total, 12 available
 Memory: 14188M
 Large Page Support: Disabled
 NUMA Support: Disabled
 Compressed Oops: Enabled (32-bit)
 Heap Region Size: 1M
 Heap Min Capacity: 8M
 Heap Initial Capacity: 222M
 Heap Max Capacity: 2G
 Pre-touch: Disabled
 Parallel Workers: 10
 Concurrent Workers: 3
 Concurrent Refinement Workers: 10
 Periodic GC: Disabled

Heap:
 garbage-first heap   total 162816K, used 130061K [0x0000000080000000, 0x0000000100000000)
  region size 1024K, 37 young (37888K), 2 survivors (2048K)
 Metaspace       used 85439K, committed 86080K, reserved 1130496K
  class space    used 11502K, committed 11776K, reserved 1048576K

Heap Regions: E=young(eden), S=young(survivor), O=old, HS=humongous(starts), HC=humongous(continues), CS=collection set, F=free, OA=open archive, CA=closed archive, TAMS=top-at-mark-start (previous, next)
|   0|0x0000000080000000, 0x0000000080100000, 0x0000000080100000|100%|HS|  |TAMS 0x0000000080100000, 0x0000000080000000| Complete 
|   1|0x0000000080100000, 0x0000000080200000, 0x0000000080200000|100%|HC|  |TAMS 0x0000000080200000, 0x0000000080100000| Complete 
|   2|0x0000000080200000, 0x0000000080300000, 0x0000000080300000|100%|HC|  |TAMS 0x0000000080300000, 0x0000000080200000| Complete 
|   3|0x0000000080300000, 0x0000000080400000, 0x0000000080400000|100%|HC|  |TAMS 0x0000000080400000, 0x0000000080300000| Complete 
|   4|0x0000000080400000, 0x0000000080500000, 0x0000000080500000|100%| O|  |TAMS 0x0000000080500000, 0x0000000080400000| Untracked 
|   5|0x0000000080500000, 0x0000000080600000, 0x0000000080600000|100%| O|  |TAMS 0x0000000080600000, 0x0000000080500000| Untracked 
|   6|0x0000000080600000, 0x0000000080700000, 0x0000000080700000|100%| O|  |TAMS 0x0000000080700000, 0x0000000080600000| Untracked 
|   7|0x0000000080700000, 0x0000000080800000, 0x0000000080800000|100%| O|  |TAMS 0x0000000080800000, 0x0000000080700000| Untracked 
|   8|0x0000000080800000, 0x0000000080900000, 0x0000000080900000|100%| O|  |TAMS 0x0000000080900000, 0x0000000080800000| Untracked 
|   9|0x0000000080900000, 0x0000000080a00000, 0x0000000080a00000|100%| O|  |TAMS 0x0000000080a00000, 0x0000000080900000| Untracked 
|  10|0x0000000080a00000, 0x0000000080b00000, 0x0000000080b00000|100%| O|  |TAMS 0x0000000080b00000, 0x0000000080a00000| Untracked 
|  11|0x0000000080b00000, 0x0000000080c00000, 0x0000000080c00000|100%| O|  |TAMS 0x0000000080c00000, 0x0000000080b00000| Untracked 
|  12|0x0000000080c00000, 0x0000000080d00000, 0x0000000080d00000|100%| O|  |TAMS 0x0000000080d00000, 0x0000000080c00000| Untracked 
|  13|0x0000000080d00000, 0x0000000080e00000, 0x0000000080e00000|100%| O|  |TAMS 0x0000000080e00000, 0x0000000080d00000| Untracked 
|  14|0x0000000080e00000, 0x0000000080f00000, 0x0000000080f00000|100%| O|  |TAMS 0x0000000080f00000, 0x0000000080e00000| Untracked 
|  15|0x0000000080f00000, 0x0000000081000000, 0x0000000081000000|100%| O|  |TAMS 0x0000000081000000, 0x0000000080f00000| Untracked 
|  16|0x0000000081000000, 0x0000000081100000, 0x0000000081100000|100%| O|  |TAMS 0x0000000081100000, 0x0000000081000000| Untracked 
|  17|0x0000000081100000, 0x0000000081200000, 0x0000000081200000|100%| O|  |TAMS 0x0000000081200000, 0x0000000081100000| Untracked 
|  18|0x0000000081200000, 0x0000000081300000, 0x0000000081300000|100%| O|  |TAMS 0x0000000081300000, 0x0000000081200000| Untracked 
|  19|0x0000000081300000, 0x0000000081400000, 0x0000000081400000|100%|HS|  |TAMS 0x0000000081400000, 0x0000000081300000| Complete 
|  20|0x0000000081400000, 0x0000000081500000, 0x0000000081500000|100%|HC|  |TAMS 0x0000000081500000, 0x0000000081400000| Complete 
|  21|0x0000000081500000, 0x0000000081600000, 0x0000000081600000|100%|HS|  |TAMS 0x0000000081600000, 0x0000000081500000| Complete 
|  22|0x0000000081600000, 0x0000000081700000, 0x0000000081700000|100%|HC|  |TAMS 0x0000000081700000, 0x0000000081600000| Complete 
|  23|0x0000000081700000, 0x0000000081800000, 0x0000000081800000|100%|HC|  |TAMS 0x0000000081800000, 0x0000000081700000| Complete 
|  24|0x0000000081800000, 0x0000000081900000, 0x0000000081900000|100%| O|  |TAMS 0x0000000081900000, 0x0000000081800000| Untracked 
|  25|0x0000000081900000, 0x0000000081a00000, 0x0000000081a00000|100%| O|  |TAMS 0x0000000081a00000, 0x0000000081900000| Untracked 
|  26|0x0000000081a00000, 0x0000000081b00000, 0x0000000081b00000|100%| O|  |TAMS 0x0000000081b00000, 0x0000000081a00000| Untracked 
|  27|0x0000000081b00000, 0x0000000081c00000, 0x0000000081c00000|100%|HS|  |TAMS 0x0000000081c00000, 0x0000000081b00000| Complete 
|  28|0x0000000081c00000, 0x0000000081d00000, 0x0000000081d00000|100%|HC|  |TAMS 0x0000000081d00000, 0x0000000081c00000| Complete 
|  29|0x0000000081d00000, 0x0000000081e00000, 0x0000000081e00000|100%|HC|  |TAMS 0x0000000081e00000, 0x0000000081d00000| Complete 
|  30|0x0000000081e00000, 0x0000000081f00000, 0x0000000081f00000|100%| O|  |TAMS 0x0000000081f00000, 0x0000000081e00000| Untracked 
|  31|0x0000000081f00000, 0x0000000082000000, 0x0000000082000000|100%| O|  |TAMS 0x0000000082000000, 0x0000000081f00000| Untracked 
|  32|0x0000000082000000, 0x0000000082100000, 0x0000000082100000|100%| O|  |TAMS 0x0000000082100000, 0x0000000082000000| Untracked 
|  33|0x0000000082100000, 0x0000000082200000, 0x0000000082200000|100%|HS|  |TAMS 0x0000000082200000, 0x0000000082100000| Complete 
|  34|0x0000000082200000, 0x0000000082300000, 0x0000000082300000|100%|HC|  |TAMS 0x0000000082300000, 0x0000000082200000| Complete 
|  35|0x0000000082300000, 0x0000000082400000, 0x0000000082400000|100%| O|  |TAMS 0x0000000082400000, 0x0000000082300000| Untracked 
|  36|0x0000000082400000, 0x0000000082500000, 0x0000000082500000|100%| O|  |TAMS 0x0000000082500000, 0x0000000082400000| Complete 
|  37|0x0000000082500000, 0x0000000082600000, 0x0000000082600000|100%|HS|  |TAMS 0x0000000082600000, 0x0000000082500000| Complete 
|  38|0x0000000082600000, 0x0000000082700000, 0x0000000082700000|100%| O|  |TAMS 0x0000000082700000, 0x0000000082600000| Untracked 
|  39|0x0000000082700000, 0x0000000082800000, 0x0000000082800000|100%| O|  |TAMS 0x0000000082800000, 0x0000000082700000| Untracked 
|  40|0x0000000082800000, 0x0000000082900000, 0x0000000082900000|100%| O|  |TAMS 0x0000000082900000, 0x0000000082800000| Untracked 
|  41|0x0000000082900000, 0x0000000082a00000, 0x0000000082a00000|100%| O|  |TAMS 0x0000000082a00000, 0x0000000082900000| Untracked 
|  42|0x0000000082a00000, 0x0000000082b00000, 0x0000000082b00000|100%|HS|  |TAMS 0x0000000082b00000, 0x0000000082a00000| Complete 
|  43|0x0000000082b00000, 0x0000000082c00000, 0x0000000082c00000|100%|HC|  |TAMS 0x0000000082c00000, 0x0000000082b00000| Complete 
|  44|0x0000000082c00000, 0x0000000082d00000, 0x0000000082d00000|100%|HC|  |TAMS 0x0000000082d00000, 0x0000000082c00000| Complete 
|  45|0x0000000082d00000, 0x0000000082e00000, 0x0000000082e00000|100%|HS|  |TAMS 0x0000000082d00000, 0x0000000082d00000| Complete 
|  46|0x0000000082e00000, 0x0000000082f00000, 0x0000000082f00000|100%|HS|  |TAMS 0x0000000082f00000, 0x0000000082e00000| Complete 
|  47|0x0000000082f00000, 0x0000000083000000, 0x0000000083000000|100%|HC|  |TAMS 0x0000000083000000, 0x0000000082f00000| Complete 
|  48|0x0000000083000000, 0x0000000083100000, 0x0000000083100000|100%|HC|  |TAMS 0x0000000083100000, 0x0000000083000000| Complete 
|  49|0x0000000083100000, 0x0000000083200000, 0x0000000083200000|100%|HC|  |TAMS 0x0000000083200000, 0x0000000083100000| Complete 
|  50|0x0000000083200000, 0x0000000083300000, 0x0000000083300000|100%|HC|  |TAMS 0x0000000083300000, 0x0000000083200000| Complete 
|  51|0x0000000083300000, 0x0000000083400000, 0x0000000083400000|100%|HC|  |TAMS 0x0000000083400000, 0x0000000083300000| Complete 
|  52|0x0000000083400000, 0x0000000083500000, 0x0000000083500000|100%|HC|  |TAMS 0x0000000083500000, 0x0000000083400000| Complete 
|  53|0x0000000083500000, 0x0000000083600000, 0x0000000083600000|100%|HC|  |TAMS 0x0000000083600000, 0x0000000083500000| Complete 
|  54|0x0000000083600000, 0x0000000083700000, 0x0000000083700000|100%|HC|  |TAMS 0x0000000083700000, 0x0000000083600000| Complete 
|  55|0x0000000083700000, 0x0000000083800000, 0x0000000083800000|100%|HC|  |TAMS 0x0000000083800000, 0x0000000083700000| Complete 
|  56|0x0000000083800000, 0x0000000083900000, 0x0000000083900000|100%|HC|  |TAMS 0x0000000083900000, 0x0000000083800000| Complete 
|  57|0x0000000083900000, 0x0000000083a00000, 0x0000000083a00000|100%|HC|  |TAMS 0x0000000083a00000, 0x0000000083900000| Complete 
|  58|0x0000000083a00000, 0x0000000083b00000, 0x0000000083b00000|100%| O|  |TAMS 0x0000000083b00000, 0x0000000083a00000| Untracked 
|  59|0x0000000083b00000, 0x0000000083c00000, 0x0000000083c00000|100%|HS|  |TAMS 0x0000000083c00000, 0x0000000083b00000| Complete 
|  60|0x0000000083c00000, 0x0000000083d00000, 0x0000000083d00000|100%|HC|  |TAMS 0x0000000083d00000, 0x0000000083c00000| Complete 
|  61|0x0000000083d00000, 0x0000000083e00000, 0x0000000083e00000|100%|HC|  |TAMS 0x0000000083e00000, 0x0000000083d00000| Complete 
|  62|0x0000000083e00000, 0x0000000083f00000, 0x0000000083f00000|100%| O|  |TAMS 0x0000000083f00000, 0x0000000083e00000| Untracked 
|  63|0x0000000083f00000, 0x0000000084000000, 0x0000000084000000|100%| O|  |TAMS 0x0000000084000000, 0x0000000083f00000| Untracked 
|  64|0x0000000084000000, 0x0000000084100000, 0x0000000084100000|100%| O|  |TAMS 0x0000000084100000, 0x0000000084000000| Untracked 
|  65|0x0000000084100000, 0x0000000084200000, 0x0000000084200000|100%| O|  |TAMS 0x0000000084200000, 0x0000000084100000| Untracked 
|  66|0x0000000084200000, 0x0000000084300000, 0x0000000084300000|100%| O|  |TAMS 0x0000000084300000, 0x0000000084200000| Untracked 
|  67|0x0000000084300000, 0x0000000084400000, 0x0000000084400000|100%| O|  |TAMS 0x0000000084400000, 0x0000000084300000| Untracked 
|  68|0x0000000084400000, 0x0000000084500000, 0x0000000084500000|100%| O|  |TAMS 0x0000000084500000, 0x0000000084400000| Untracked 
|  69|0x0000000084500000, 0x0000000084600000, 0x0000000084600000|100%| O|  |TAMS 0x0000000084600000, 0x0000000084500000| Untracked 
|  70|0x0000000084600000, 0x0000000084700000, 0x0000000084700000|100%| O|  |TAMS 0x0000000084700000, 0x0000000084600000| Untracked 
|  71|0x0000000084700000, 0x0000000084800000, 0x0000000084800000|100%|HS|  |TAMS 0x0000000084800000, 0x0000000084700000| Complete 
|  72|0x0000000084800000, 0x0000000084900000, 0x0000000084900000|100%|HS|  |TAMS 0x0000000084900000, 0x0000000084800000| Complete 
|  73|0x0000000084900000, 0x0000000084a00000, 0x0000000084a00000|100%| O|  |TAMS 0x0000000084a00000, 0x0000000084900000| Untracked 
|  74|0x0000000084a00000, 0x0000000084b00000, 0x0000000084b00000|100%| O|  |TAMS 0x0000000084b00000, 0x0000000084a00000| Untracked 
|  75|0x0000000084b00000, 0x0000000084c00000, 0x0000000084c00000|100%| O|  |TAMS 0x0000000084c00000, 0x0000000084b00000| Untracked 
|  76|0x0000000084c00000, 0x0000000084d00000, 0x0000000084d00000|100%| O|  |TAMS 0x0000000084d00000, 0x0000000084c00000| Untracked 
|  77|0x0000000084d00000, 0x0000000084e00000, 0x0000000084e00000|100%| O|  |TAMS 0x0000000084e00000, 0x0000000084d00000| Untracked 
|  78|0x0000000084e00000, 0x0000000084f00000, 0x0000000084f00000|100%| O|  |TAMS 0x0000000084f00000, 0x0000000084e00000| Untracked 
|  79|0x0000000084f00000, 0x0000000085000000, 0x0000000085000000|100%| O|  |TAMS 0x0000000085000000, 0x0000000084f00000| Untracked 
|  80|0x0000000085000000, 0x0000000085100000, 0x0000000085100000|100%| O|  |TAMS 0x0000000085100000, 0x0000000085000000| Untracked 
|  81|0x0000000085100000, 0x0000000085200000, 0x0000000085200000|100%| O|  |TAMS 0x0000000085200000, 0x0000000085100000| Untracked 
|  82|0x0000000085200000, 0x0000000085300000, 0x0000000085300000|100%| O|  |TAMS 0x0000000085300000, 0x0000000085200000| Untracked 
|  83|0x0000000085300000, 0x0000000085400000, 0x0000000085400000|100%| O|  |TAMS 0x0000000085400000, 0x0000000085300000| Untracked 
|  84|0x0000000085400000, 0x0000000085500000, 0x0000000085500000|100%| O|  |TAMS 0x0000000085500000, 0x0000000085400000| Untracked 
|  85|0x0000000085500000, 0x0000000085600000, 0x0000000085600000|100%| O|  |TAMS 0x0000000085600000, 0x0000000085500000| Untracked 
|  86|0x0000000085600000, 0x0000000085700000, 0x0000000085700000|100%| O|  |TAMS 0x0000000085700000, 0x0000000085600000| Untracked 
|  87|0x0000000085700000, 0x0000000085800000, 0x0000000085800000|100%| O|  |TAMS 0x0000000085800000, 0x0000000085700000| Untracked 
|  88|0x0000000085800000, 0x0000000085900000, 0x0000000085900000|100%| O|  |TAMS 0x0000000085900000, 0x0000000085800000| Untracked 
|  89|0x0000000085900000, 0x0000000085a00000, 0x0000000085a00000|100%| O|  |TAMS 0x0000000085a00000, 0x0000000085900000| Untracked 
|  90|0x0000000085a00000, 0x0000000085b00000, 0x0000000085b00000|100%| O|  |TAMS 0x0000000085b00000, 0x0000000085a00000| Untracked 
|  91|0x0000000085b00000, 0x0000000085b0fa00, 0x0000000085c00000|  6%| O|  |TAMS 0x0000000085b0fa00, 0x0000000085b00000| Untracked 
|  92|0x0000000085c00000, 0x0000000085c00000, 0x0000000085d00000|  0%| F|  |TAMS 0x0000000085c00000, 0x0000000085c00000| Untracked 
|  93|0x0000000085d00000, 0x0000000085d00000, 0x0000000085e00000|  0%| F|  |TAMS 0x0000000085d00000, 0x0000000085d00000| Untracked 
|  94|0x0000000085e00000, 0x0000000085e00000, 0x0000000085f00000|  0%| F|  |TAMS 0x0000000085e00000, 0x0000000085e00000| Untracked 
|  95|0x0000000085f00000, 0x0000000085f00000, 0x0000000086000000|  0%| F|  |TAMS 0x0000000085f00000, 0x0000000085f00000| Untracked 
|  96|0x0000000086000000, 0x0000000086000000, 0x0000000086100000|  0%| F|  |TAMS 0x0000000086000000, 0x0000000086000000| Untracked 
|  97|0x0000000086100000, 0x0000000086100000, 0x0000000086200000|  0%| F|  |TAMS 0x0000000086100000, 0x0000000086100000| Untracked 
|  98|0x0000000086200000, 0x0000000086200000, 0x0000000086300000|  0%| F|  |TAMS 0x0000000086200000, 0x0000000086200000| Untracked 
|  99|0x0000000086300000, 0x0000000086300000, 0x0000000086400000|  0%| F|  |TAMS 0x0000000086300000, 0x0000000086300000| Untracked 
| 100|0x0000000086400000, 0x0000000086400000, 0x0000000086500000|  0%| F|  |TAMS 0x0000000086400000, 0x0000000086400000| Untracked 
| 101|0x0000000086500000, 0x0000000086500000, 0x0000000086600000|  0%| F|  |TAMS 0x0000000086500000, 0x0000000086500000| Untracked 
| 102|0x0000000086600000, 0x0000000086600000, 0x0000000086700000|  0%| F|  |TAMS 0x0000000086600000, 0x0000000086600000| Untracked 
| 103|0x0000000086700000, 0x0000000086700000, 0x0000000086800000|  0%| F|  |TAMS 0x0000000086700000, 0x0000000086700000| Untracked 
| 104|0x0000000086800000, 0x0000000086800000, 0x0000000086900000|  0%| F|  |TAMS 0x0000000086800000, 0x0000000086800000| Untracked 
| 105|0x0000000086900000, 0x0000000086900000, 0x0000000086a00000|  0%| F|  |TAMS 0x0000000086900000, 0x0000000086900000| Untracked 
| 106|0x0000000086a00000, 0x0000000086a00000, 0x0000000086b00000|  0%| F|  |TAMS 0x0000000086a00000, 0x0000000086a00000| Untracked 
| 107|0x0000000086b00000, 0x0000000086b00000, 0x0000000086c00000|  0%| F|  |TAMS 0x0000000086b00000, 0x0000000086b00000| Untracked 
| 108|0x0000000086c00000, 0x0000000086c00000, 0x0000000086d00000|  0%| F|  |TAMS 0x0000000086c00000, 0x0000000086c00000| Untracked 
| 109|0x0000000086d00000, 0x0000000086d00000, 0x0000000086e00000|  0%| F|  |TAMS 0x0000000086d00000, 0x0000000086d00000| Untracked 
| 110|0x0000000086e00000, 0x0000000086e00000, 0x0000000086f00000|  0%| F|  |TAMS 0x0000000086e00000, 0x0000000086e00000| Untracked 
| 111|0x0000000086f00000, 0x0000000086f00000, 0x0000000087000000|  0%| F|  |TAMS 0x0000000086f00000, 0x0000000086f00000| Untracked 
| 112|0x0000000087000000, 0x0000000087000000, 0x0000000087100000|  0%| F|  |TAMS 0x0000000087000000, 0x0000000087000000| Untracked 
| 113|0x0000000087100000, 0x0000000087100000, 0x0000000087200000|  0%| F|  |TAMS 0x0000000087100000, 0x0000000087100000| Untracked 
| 114|0x0000000087200000, 0x0000000087200000, 0x0000000087300000|  0%| F|  |TAMS 0x0000000087200000, 0x0000000087200000| Untracked 
| 115|0x0000000087300000, 0x0000000087300000, 0x0000000087400000|  0%| F|  |TAMS 0x0000000087300000, 0x0000000087300000| Untracked 
| 116|0x0000000087400000, 0x0000000087400000, 0x0000000087500000|  0%| F|  |TAMS 0x0000000087400000, 0x0000000087400000| Untracked 
| 117|0x0000000087500000, 0x00000000875f3c18, 0x0000000087600000| 95%| S|CS|TAMS 0x0000000087500000, 0x0000000087500000| Complete 
| 118|0x0000000087600000, 0x0000000087700000, 0x0000000087700000|100%| S|CS|TAMS 0x0000000087600000, 0x0000000087600000| Complete 
| 119|0x0000000087700000, 0x0000000087700000, 0x0000000087800000|  0%| F|  |TAMS 0x0000000087700000, 0x0000000087700000| Untracked 
| 120|0x0000000087800000, 0x0000000087800000, 0x0000000087900000|  0%| F|  |TAMS 0x0000000087800000, 0x0000000087800000| Untracked 
| 121|0x0000000087900000, 0x0000000087900000, 0x0000000087a00000|  0%| F|  |TAMS 0x0000000087900000, 0x0000000087900000| Untracked 
| 122|0x0000000087a00000, 0x0000000087a00000, 0x0000000087b00000|  0%| F|  |TAMS 0x0000000087a00000, 0x0000000087a00000| Untracked 
| 123|0x0000000087b00000, 0x0000000087c00000, 0x0000000087c00000|100%| E|  |TAMS 0x0000000087b00000, 0x0000000087b00000| Complete 
| 124|0x0000000087c00000, 0x0000000087d00000, 0x0000000087d00000|100%| E|CS|TAMS 0x0000000087c00000, 0x0000000087c00000| Complete 
| 125|0x0000000087d00000, 0x0000000087e00000, 0x0000000087e00000|100%| E|CS|TAMS 0x0000000087d00000, 0x0000000087d00000| Complete 
| 126|0x0000000087e00000, 0x0000000087f00000, 0x0000000087f00000|100%| E|CS|TAMS 0x0000000087e00000, 0x0000000087e00000| Complete 
| 127|0x0000000087f00000, 0x0000000088000000, 0x0000000088000000|100%| E|CS|TAMS 0x0000000087f00000, 0x0000000087f00000| Complete 
| 128|0x0000000088000000, 0x0000000088100000, 0x0000000088100000|100%| E|CS|TAMS 0x0000000088000000, 0x0000000088000000| Complete 
| 129|0x0000000088100000, 0x0000000088200000, 0x0000000088200000|100%| E|CS|TAMS 0x0000000088100000, 0x0000000088100000| Complete 
| 130|0x0000000088200000, 0x0000000088300000, 0x0000000088300000|100%| E|CS|TAMS 0x0000000088200000, 0x0000000088200000| Complete 
| 131|0x0000000088300000, 0x0000000088400000, 0x0000000088400000|100%| E|CS|TAMS 0x0000000088300000, 0x0000000088300000| Complete 
| 132|0x0000000088400000, 0x0000000088500000, 0x0000000088500000|100%| E|CS|TAMS 0x0000000088400000, 0x0000000088400000| Complete 
| 133|0x0000000088500000, 0x0000000088600000, 0x0000000088600000|100%| E|CS|TAMS 0x0000000088500000, 0x0000000088500000| Complete 
| 134|0x0000000088600000, 0x0000000088700000, 0x0000000088700000|100%| E|CS|TAMS 0x0000000088600000, 0x0000000088600000| Complete 
| 135|0x0000000088700000, 0x0000000088800000, 0x0000000088800000|100%| E|CS|TAMS 0x0000000088700000, 0x0000000088700000| Complete 
| 136|0x0000000088800000, 0x0000000088900000, 0x0000000088900000|100%| E|CS|TAMS 0x0000000088800000, 0x0000000088800000| Complete 
| 137|0x0000000088900000, 0x0000000088a00000, 0x0000000088a00000|100%| E|CS|TAMS 0x0000000088900000, 0x0000000088900000| Complete 
| 138|0x0000000088a00000, 0x0000000088b00000, 0x0000000088b00000|100%| E|CS|TAMS 0x0000000088a00000, 0x0000000088a00000| Complete 
| 139|0x0000000088b00000, 0x0000000088c00000, 0x0000000088c00000|100%| E|CS|TAMS 0x0000000088b00000, 0x0000000088b00000| Complete 
| 140|0x0000000088c00000, 0x0000000088d00000, 0x0000000088d00000|100%| E|CS|TAMS 0x0000000088c00000, 0x0000000088c00000| Complete 
| 141|0x0000000088d00000, 0x0000000088e00000, 0x0000000088e00000|100%| E|CS|TAMS 0x0000000088d00000, 0x0000000088d00000| Complete 
| 142|0x0000000088e00000, 0x0000000088f00000, 0x0000000088f00000|100%| E|CS|TAMS 0x0000000088e00000, 0x0000000088e00000| Complete 
| 143|0x0000000088f00000, 0x0000000089000000, 0x0000000089000000|100%| E|CS|TAMS 0x0000000088f00000, 0x0000000088f00000| Complete 
| 144|0x0000000089000000, 0x0000000089100000, 0x0000000089100000|100%| E|CS|TAMS 0x0000000089000000, 0x0000000089000000| Complete 
| 145|0x0000000089100000, 0x0000000089200000, 0x0000000089200000|100%| E|CS|TAMS 0x0000000089100000, 0x0000000089100000| Complete 
| 146|0x0000000089200000, 0x0000000089300000, 0x0000000089300000|100%| E|CS|TAMS 0x0000000089200000, 0x0000000089200000| Complete 
| 147|0x0000000089300000, 0x0000000089400000, 0x0000000089400000|100%| E|CS|TAMS 0x0000000089300000, 0x0000000089300000| Complete 
| 148|0x0000000089400000, 0x0000000089500000, 0x0000000089500000|100%| E|CS|TAMS 0x0000000089400000, 0x0000000089400000| Complete 
| 149|0x0000000089500000, 0x0000000089600000, 0x0000000089600000|100%| E|CS|TAMS 0x0000000089500000, 0x0000000089500000| Complete 
| 172|0x000000008ac00000, 0x000000008ad00000, 0x000000008ad00000|100%| E|CS|TAMS 0x000000008ac00000, 0x000000008ac00000| Complete 
| 173|0x000000008ad00000, 0x000000008ae00000, 0x000000008ae00000|100%| E|CS|TAMS 0x000000008ad00000, 0x000000008ad00000| Complete 
| 174|0x000000008ae00000, 0x000000008af00000, 0x000000008af00000|100%| E|CS|TAMS 0x000000008ae00000, 0x000000008ae00000| Complete 
| 175|0x000000008af00000, 0x000000008b000000, 0x000000008b000000|100%| E|CS|TAMS 0x000000008af00000, 0x000000008af00000| Complete 
| 176|0x000000008b000000, 0x000000008b100000, 0x000000008b100000|100%| E|CS|TAMS 0x000000008b000000, 0x000000008b000000| Complete 
| 177|0x000000008b100000, 0x000000008b200000, 0x000000008b200000|100%| E|CS|TAMS 0x000000008b100000, 0x000000008b100000| Complete 
| 178|0x000000008b200000, 0x000000008b300000, 0x000000008b300000|100%| E|CS|TAMS 0x000000008b200000, 0x000000008b200000| Complete 
| 179|0x000000008b300000, 0x000000008b400000, 0x000000008b400000|100%| E|CS|TAMS 0x000000008b300000, 0x000000008b300000| Complete 
| 221|0x000000008dd00000, 0x000000008de00000, 0x000000008de00000|100%| E|CS|TAMS 0x000000008dd00000, 0x000000008dd00000| Complete 

Card table byte_map: [0x00000206e5c10000,0x00000206e6010000] _byte_map_base: 0x00000206e5810000

Marking Bits (Prev, Next): (CMBitMap*) 0x00000206d2e5b010, (CMBitMap*) 0x00000206d2e5afd0
 Prev Bits: [0x00000206e8410000, 0x00000206ea410000)
 Next Bits: [0x00000206e6410000, 0x00000206e8410000)

Polling page: 0x00000206d25c0000

Metaspace:

Usage:
  Non-class:     72.26 MB used.
      Class:     11.23 MB used.
       Both:     83.50 MB used.

Virtual space:
  Non-class space:       80.00 MB reserved,      72.62 MB ( 91%) committed,  10 nodes.
      Class space:        1.00 GB reserved,      11.50 MB (  1%) committed,  1 nodes.
             Both:        1.08 GB reserved,      84.12 MB (  8%) committed. 

Chunk freelists:
   Non-Class:  3.23 MB
       Class:  449.00 KB
        Both:  3.67 MB

MaxMetaspaceSize: unlimited
CompressedClassSpaceSize: 1.00 GB
Initial GC threshold: 21.00 MB
Current GC threshold: 133.75 MB
CDS: off
MetaspaceReclaimPolicy: balanced
 - commit_granule_bytes: 65536.
 - commit_granule_words: 8192.
 - virtual_space_node_default_size: 1048576.
 - enlarge_chunks_in_place: 1.
 - new_chunks_are_fully_committed: 0.
 - uncommit_free_chunks: 1.
 - use_allocation_guard: 0.
 - handle_deallocations: 1.


Internal statistics:

num_allocs_failed_limit: 3.
num_arena_births: 864.
num_arena_deaths: 0.
num_vsnodes_births: 11.
num_vsnodes_deaths: 0.
num_space_committed: 1345.
num_space_uncommitted: 0.
num_chunks_returned_to_freelist: 3.
num_chunks_taken_from_freelist: 3866.
num_chunk_merges: 3.
num_chunk_splits: 2612.
num_chunks_enlarged: 1828.
num_purges: 0.
num_inconsistent_stats: 0.

CodeHeap 'non-profiled nmethods': size=120000Kb used=4526Kb max_used=4526Kb free=115474Kb
 bounds [0x00000206ddd90000, 0x00000206de200000, 0x00000206e52c0000]
CodeHeap 'profiled nmethods': size=120000Kb used=14662Kb max_used=14662Kb free=105338Kb
 bounds [0x00000206d62c0000, 0x00000206d7120000, 0x00000206dd7f0000]
CodeHeap 'non-nmethods': size=5760Kb used=2386Kb max_used=2422Kb free=3373Kb
 bounds [0x00000206dd7f0000, 0x00000206dda60000, 0x00000206ddd90000]
 total_blobs=8455 nmethods=7537 adapters=830
 compilation: enabled
              stopped_count=0, restarted_count=0
 full_count=0

Compilation events (20 events):
Event: 11.826 Thread 0x00000206edca3080 nmethod 8089 0x00000206d7099910 code [0x00000206d7099b40, 0x00000206d709a408]
Event: 11.826 Thread 0x00000206edca3080 8090       1       java.util.Collections$SingletonSet::size (2 bytes)
Event: 11.826 Thread 0x00000206edca3080 nmethod 8090 0x00000206de1e7a90 code [0x00000206de1e7c20, 0x00000206de1e7cf8]
Event: 11.836 Thread 0x00000206edca3080 8091       3       java.math.BigInteger::bitLength (140 bytes)
Event: 11.836 Thread 0x00000206edca3080 nmethod 8091 0x00000206d709a790 code [0x00000206d709a980, 0x00000206d709aed8]
Event: 11.836 Thread 0x00000206edca3080 8092       3       java.lang.CharacterDataLatin1::digit (32 bytes)
Event: 11.836 Thread 0x00000206edca3080 nmethod 8092 0x00000206d709b110 code [0x00000206d709b2c0, 0x00000206d709b518]
Event: 11.842 Thread 0x00000206edca3080 8093       3       kotlin.jvm.internal.CallableReference::<init> (32 bytes)
Event: 11.843 Thread 0x00000206edca3080 nmethod 8093 0x00000206d709b610 code [0x00000206d709b7c0, 0x00000206d709ba98]
Event: 11.877 Thread 0x00000206f3bfc410 8094       4       com.google.protobuf.CodedInputStream$ArrayDecoder::readRawVarint32 (215 bytes)
Event: 11.877 Thread 0x00000206edca3080 8095       3       com.google.protobuf.CodedInputStream$ArrayDecoder::readBytes (93 bytes)
Event: 11.878 Thread 0x00000206edca3080 nmethod 8095 0x00000206d709bb90 code [0x00000206d709bdc0, 0x00000206d709c568]
Event: 11.878 Thread 0x00000206edca3080 8104   !   3       com.google.protobuf.DescriptorProtos$EnumValueDescriptorProto::<init> (284 bytes)
Event: 11.878 Thread 0x00000206edca2690 8106       4       com.google.protobuf.CodedInputStream$ArrayDecoder::readTag (41 bytes)
Event: 11.879 Thread 0x00000206edca3080 nmethod 8104 0x00000206d709c790 code [0x00000206d709cb60, 0x00000206d709e528]
Event: 11.879 Thread 0x00000206edca3080 8100       3       com.google.protobuf.CodedInputStream$ArrayDecoder::readInt32 (5 bytes)
Event: 11.880 Thread 0x00000206edca3080 nmethod 8100 0x00000206d709f210 code [0x00000206d709f3a0, 0x00000206d709f4e8]
Event: 11.880 Thread 0x00000206edca3080 8096       3       com.google.protobuf.ByteString::copyFrom (29 bytes)
Event: 11.880 Thread 0x00000206edca3080 nmethod 8096 0x00000206d709f590 code [0x00000206d709f780, 0x00000206d709fcc8]
Event: 11.880 Thread 0x00000206edca3080 8097       3       com.google.protobuf.ByteString::checkRange (137 bytes)

GC Heap History (20 events):
Event: 9.142 GC heap before
{Heap before GC invocations=25 (full 0):
 garbage-first heap   total 121856K, used 98114K [0x0000000080000000, 0x0000000100000000)
  region size 1024K, 27 young (27648K), 1 survivors (1024K)
 Metaspace       used 55977K, committed 56576K, reserved 1105920K
  class space    used 7543K, committed 7808K, reserved 1048576K
}
Event: 9.144 GC heap after
{Heap after GC invocations=26 (full 0):
 garbage-first heap   total 121856K, used 73318K [0x0000000080000000, 0x0000000100000000)
  region size 1024K, 3 young (3072K), 3 survivors (3072K)
 Metaspace       used 55977K, committed 56576K, reserved 1105920K
  class space    used 7543K, committed 7808K, reserved 1048576K
}
Event: 9.438 GC heap before
{Heap before GC invocations=27 (full 0):
 garbage-first heap   total 133120K, used 103014K [0x0000000080000000, 0x0000000100000000)
  region size 1024K, 29 young (29696K), 3 survivors (3072K)
 Metaspace       used 56643K, committed 57280K, reserved 1105920K
  class space    used 7626K, committed 7936K, reserved 1048576K
}
Event: 9.441 GC heap after
{Heap after GC invocations=28 (full 0):
 garbage-first heap   total 133120K, used 81562K [0x0000000080000000, 0x0000000100000000)
  region size 1024K, 4 young (4096K), 4 survivors (4096K)
 Metaspace       used 56643K, committed 57280K, reserved 1105920K
  class space    used 7626K, committed 7936K, reserved 1048576K
}
Event: 9.455 GC heap before
{Heap before GC invocations=28 (full 0):
 garbage-first heap   total 133120K, used 82586K [0x0000000080000000, 0x0000000100000000)
  region size 1024K, 6 young (6144K), 4 survivors (4096K)
 Metaspace       used 56830K, committed 57472K, reserved 1105920K
  class space    used 7649K, committed 7936K, reserved 1048576K
}
Event: 9.457 GC heap after
{Heap after GC invocations=29 (full 0):
 garbage-first heap   total 159744K, used 82141K [0x0000000080000000, 0x0000000100000000)
  region size 1024K, 1 young (1024K), 1 survivors (1024K)
 Metaspace       used 56830K, committed 57472K, reserved 1105920K
  class space    used 7649K, committed 7936K, reserved 1048576K
}
Event: 9.845 GC heap before
{Heap before GC invocations=29 (full 0):
 garbage-first heap   total 159744K, used 123101K [0x0000000080000000, 0x0000000100000000)
  region size 1024K, 41 young (41984K), 1 survivors (1024K)
 Metaspace       used 63130K, committed 63744K, reserved 1105920K
  class space    used 8391K, committed 8640K, reserved 1048576K
}
Event: 9.847 GC heap after
{Heap after GC invocations=30 (full 0):
 garbage-first heap   total 159744K, used 83476K [0x0000000080000000, 0x0000000100000000)
  region size 1024K, 2 young (2048K), 2 survivors (2048K)
 Metaspace       used 63130K, committed 63744K, reserved 1105920K
  class space    used 8391K, committed 8640K, reserved 1048576K
}
Event: 10.317 GC heap before
{Heap before GC invocations=31 (full 0):
 garbage-first heap   total 159744K, used 133652K [0x0000000080000000, 0x0000000100000000)
  region size 1024K, 45 young (46080K), 2 survivors (2048K)
 Metaspace       used 68676K, committed 69312K, reserved 1114112K
  class space    used 9138K, committed 9408K, reserved 1048576K
}
Event: 10.321 GC heap after
{Heap after GC invocations=32 (full 0):
 garbage-first heap   total 159744K, used 87777K [0x0000000080000000, 0x0000000100000000)
  region size 1024K, 6 young (6144K), 6 survivors (6144K)
 Metaspace       used 68676K, committed 69312K, reserved 1114112K
  class space    used 9138K, committed 9408K, reserved 1048576K
}
Event: 10.332 GC heap before
{Heap before GC invocations=32 (full 0):
 garbage-first heap   total 159744K, used 87777K [0x0000000080000000, 0x0000000100000000)
  region size 1024K, 7 young (7168K), 6 survivors (6144K)
 Metaspace       used 68783K, committed 69504K, reserved 1114112K
  class space    used 9154K, committed 9472K, reserved 1048576K
}
Event: 10.336 GC heap after
{Heap after GC invocations=33 (full 0):
 garbage-first heap   total 159744K, used 87924K [0x0000000080000000, 0x0000000100000000)
  region size 1024K, 1 young (1024K), 1 survivors (1024K)
 Metaspace       used 68783K, committed 69504K, reserved 1114112K
  class space    used 9154K, committed 9472K, reserved 1048576K
}
Event: 10.745 GC heap before
{Heap before GC invocations=33 (full 0):
 garbage-first heap   total 159744K, used 126836K [0x0000000080000000, 0x0000000100000000)
  region size 1024K, 39 young (39936K), 1 survivors (1024K)
 Metaspace       used 72791K, committed 73408K, reserved 1114112K
  class space    used 9707K, committed 9984K, reserved 1048576K
}
Event: 10.748 GC heap after
{Heap after GC invocations=34 (full 0):
 garbage-first heap   total 159744K, used 89755K [0x0000000080000000, 0x0000000100000000)
  region size 1024K, 3 young (3072K), 3 survivors (3072K)
 Metaspace       used 72791K, committed 73408K, reserved 1114112K
  class space    used 9707K, committed 9984K, reserved 1048576K
}
Event: 11.202 GC heap before
{Heap before GC invocations=35 (full 0):
 garbage-first heap   total 159744K, used 127643K [0x0000000080000000, 0x0000000100000000)
  region size 1024K, 41 young (41984K), 3 survivors (3072K)
 Metaspace       used 76750K, committed 77440K, reserved 1122304K
  class space    used 10203K, committed 10496K, reserved 1048576K
}
Event: 11.206 GC heap after
{Heap after GC invocations=36 (full 0):
 garbage-first heap   total 159744K, used 92638K [0x0000000080000000, 0x0000000100000000)
  region size 1024K, 6 young (6144K), 6 survivors (6144K)
 Metaspace       used 76750K, committed 77440K, reserved 1122304K
  class space    used 10203K, committed 10496K, reserved 1048576K
}
Event: 11.224 GC heap before
{Heap before GC invocations=36 (full 0):
 garbage-first heap   total 159744K, used 93662K [0x0000000080000000, 0x0000000100000000)
  region size 1024K, 7 young (7168K), 6 survivors (6144K)
 Metaspace       used 76896K, committed 77568K, reserved 1122304K
  class space    used 10220K, committed 10496K, reserved 1048576K
}
Event: 11.227 GC heap after
{Heap after GC invocations=37 (full 0):
 garbage-first heap   total 159744K, used 92818K [0x0000000080000000, 0x0000000100000000)
  region size 1024K, 1 young (1024K), 1 survivors (1024K)
 Metaspace       used 76896K, committed 77568K, reserved 1122304K
  class space    used 10220K, committed 10496K, reserved 1048576K
}
Event: 11.623 GC heap before
{Heap before GC invocations=37 (full 0):
 garbage-first heap   total 159744K, used 130706K [0x0000000080000000, 0x0000000100000000)
  region size 1024K, 37 young (37888K), 1 survivors (1024K)
 Metaspace       used 81241K, committed 81920K, reserved 1122304K
  class space    used 11003K, committed 11328K, reserved 1048576K
}
Event: 11.625 GC heap after
{Heap after GC invocations=38 (full 0):
 garbage-first heap   total 159744K, used 94221K [0x0000000080000000, 0x0000000100000000)
  region size 1024K, 2 young (2048K), 2 survivors (2048K)
 Metaspace       used 81241K, committed 81920K, reserved 1122304K
  class space    used 11003K, committed 11328K, reserved 1048576K
}

Dll operation events (2 events):
Event: 0.019 Loaded shared library D:\Program Files\Android\Android Studio\jbr\bin\java.dll
Event: 0.713 Loaded shared library D:\Program Files\Android\Android Studio\jbr\bin\verify.dll

Deoptimization events (20 events):
Event: 11.682 Thread 0x00000206f0549010 DEOPT PACKING pc=0x00000206dde5f6c8 sp=0x000000e1b5cf82e0
Event: 11.682 Thread 0x00000206f0549010 DEOPT UNPACKING pc=0x00000206dd8469a3 sp=0x000000e1b5cf8260 mode 2
Event: 11.690 Thread 0x00000206f0549010 Uncommon trap: trap_request=0xffffffde fr.pc=0x00000206dde9498c relative=0x000000000000040c
Event: 11.690 Thread 0x00000206f0549010 Uncommon trap: reason=class_check action=maybe_recompile pc=0x00000206dde9498c method=org.gradle.internal.instantiation.generator.AbstractClassGenerator$InjectionAnnotationValidator.validateMethod(Ljava/lang/reflect/Method;Lorg/gradle/internal/reflect/Pro
Event: 11.690 Thread 0x00000206f0549010 DEOPT PACKING pc=0x00000206dde9498c sp=0x000000e1b5cf79a0
Event: 11.690 Thread 0x00000206f0549010 DEOPT UNPACKING pc=0x00000206dd8469a3 sp=0x000000e1b5cf7948 mode 2
Event: 11.692 Thread 0x00000206f0549010 Uncommon trap: trap_request=0xffffffde fr.pc=0x00000206dde9498c relative=0x000000000000040c
Event: 11.692 Thread 0x00000206f0549010 Uncommon trap: reason=class_check action=maybe_recompile pc=0x00000206dde9498c method=org.gradle.internal.instantiation.generator.AbstractClassGenerator$InjectionAnnotationValidator.validateMethod(Ljava/lang/reflect/Method;Lorg/gradle/internal/reflect/Pro
Event: 11.692 Thread 0x00000206f0549010 DEOPT PACKING pc=0x00000206dde9498c sp=0x000000e1b5cf79a0
Event: 11.692 Thread 0x00000206f0549010 DEOPT UNPACKING pc=0x00000206dd8469a3 sp=0x000000e1b5cf7948 mode 2
Event: 11.697 Thread 0x00000206f0549010 Uncommon trap: trap_request=0xffffffde fr.pc=0x00000206dde9498c relative=0x000000000000040c
Event: 11.697 Thread 0x00000206f0549010 Uncommon trap: reason=class_check action=maybe_recompile pc=0x00000206dde9498c method=org.gradle.internal.instantiation.generator.AbstractClassGenerator$InjectionAnnotationValidator.validateMethod(Ljava/lang/reflect/Method;Lorg/gradle/internal/reflect/Pro
Event: 11.697 Thread 0x00000206f0549010 DEOPT PACKING pc=0x00000206dde9498c sp=0x000000e1b5cf7b30
Event: 11.697 Thread 0x00000206f0549010 DEOPT UNPACKING pc=0x00000206dd8469a3 sp=0x000000e1b5cf7ad8 mode 2
Event: 11.786 Thread 0x00000206f0549010 DEOPT PACKING pc=0x00000206d6da9413 sp=0x000000e1b5cf7ec0
Event: 11.786 Thread 0x00000206f0549010 DEOPT UNPACKING pc=0x00000206dd847143 sp=0x000000e1b5cf7460 mode 0
Event: 11.818 Thread 0x00000206f0549010 Uncommon trap: trap_request=0xffffff45 fr.pc=0x00000206de12b36c relative=0x00000000000003ac
Event: 11.818 Thread 0x00000206f0549010 Uncommon trap: reason=unstable_if action=reinterpret pc=0x00000206de12b36c method=java.lang.StringConcatHelper.simpleConcat(Ljava/lang/Object;Ljava/lang/Object;)Ljava/lang/String; @ 30 c2
Event: 11.818 Thread 0x00000206f0549010 DEOPT PACKING pc=0x00000206de12b36c sp=0x000000e1b5cf83d0
Event: 11.818 Thread 0x00000206f0549010 DEOPT UNPACKING pc=0x00000206dd8469a3 sp=0x000000e1b5cf8388 mode 2

Classes unloaded (0 events):
No events

Classes redefined (0 events):
No events

Internal exceptions (20 events):
Event: 9.124 Thread 0x00000206f0549010 Implicit null exception at 0x00000206dddc35ef to 0x00000206dddc3838
Event: 9.505 Thread 0x00000206f0549010 Exception <a 'java/lang/NoSuchMethodError'{0x000000008ac961d8}: 'java.lang.Object java.lang.invoke.DirectMethodHandle$Holder.newInvokeSpecial(java.lang.Object, java.lang.Object, java.lang.Object, java.lang.Object, int)'> (0x000000008ac961d8) 
thrown [s\src\hotspot\share\interpreter\linkResolver.cpp, line 771]
Event: 9.506 Thread 0x00000206f0549010 Exception <a 'java/lang/NoSuchMethodError'{0x000000008ac9b620}: 'java.lang.Object java.lang.invoke.DirectMethodHandle$Holder.invokeSpecial(java.lang.Object, java.lang.Object, java.lang.Object, java.lang.Object, java.lang.Object, int)'> (0x000000008ac9b620) 
thrown [s\src\hotspot\share\interpreter\linkResolver.cpp, line 771]
Event: 9.506 Thread 0x00000206f0549010 Exception <a 'java/lang/NoSuchMethodError'{0x000000008aca03a0}: 'java.lang.Object java.lang.invoke.Invokers$Holder.linkToTargetMethod(java.lang.Object, java.lang.Object, java.lang.Object, int, java.lang.Object)'> (0x000000008aca03a0) 
thrown [s\src\hotspot\share\interpreter\linkResolver.cpp, line 771]
Event: 9.638 Thread 0x00000206f0549010 Exception <a 'java/lang/NoSuchMethodError'{0x000000008869c3f8}: 'int java.lang.invoke.DirectMethodHandle$Holder.invokeInterface(java.lang.Object, java.lang.Object, java.lang.Object, java.lang.Object)'> (0x000000008869c3f8) 
thrown [s\src\hotspot\share\interpreter\linkResolver.cpp, line 771]
Event: 10.011 Thread 0x00000206f0549010 Exception <a 'java/lang/NoSuchMethodError'{0x00000000891ccd18}: 'int java.lang.invoke.DirectMethodHandle$Holder.invokeInterface(java.lang.Object, java.lang.Object)'> (0x00000000891ccd18) 
thrown [s\src\hotspot\share\interpreter\linkResolver.cpp, line 771]
Event: 10.011 Thread 0x00000206f0549010 Exception <a 'java/lang/IncompatibleClassChangeError'{0x00000000891d1a90}: Found class java.lang.Object, but interface was expected> (0x00000000891d1a90) 
thrown [s\src\hotspot\share\interpreter\linkResolver.cpp, line 838]
Event: 10.044 Thread 0x00000206f0549010 Implicit null exception at 0x00000206de098254 to 0x00000206de0983fc
Event: 10.044 Thread 0x00000206f0549010 Implicit null exception at 0x00000206ddfedfc9 to 0x00000206ddfee854
Event: 10.162 Thread 0x00000206f0549010 Implicit null exception at 0x00000206ddfac70c to 0x00000206ddfac83e
Event: 10.230 Thread 0x00000206f0549010 Exception <a 'sun/nio/fs/WindowsException'{0x0000000087862848}> (0x0000000087862848) 
thrown [s\src\hotspot\share\prims\jni.cpp, line 517]
Event: 10.586 Thread 0x00000206f0549010 Implicit null exception at 0x00000206de108fc8 to 0x00000206de109088
Event: 11.655 Thread 0x00000206f0549010 Exception <a 'java/lang/NoSuchMethodError'{0x000000008b2c43a8}: 'int java.lang.invoke.DirectMethodHandle$Holder.invokeSpecialIFC(java.lang.Object, java.lang.Object, java.lang.Object, java.lang.Object, java.lang.Object)'> (0x000000008b2c43a8) 
thrown [s\src\hotspot\share\interpreter\linkResolver.cpp, line 771]
Event: 11.794 Thread 0x00000206f0549010 Exception <a 'java/lang/ClassNotFoundException'{0x0000000088e17aa0}: com/android/build/gradle/internal/api/ApkVariantOutputImpl_DecoratedBeanInfo> (0x0000000088e17aa0) 
thrown [s\src\hotspot\share\classfile\systemDictionary.cpp, line 256]
Event: 11.795 Thread 0x00000206f0549010 Exception <a 'java/lang/ClassNotFoundException'{0x0000000088e25480}: com/android/build/gradle/internal/api/ApkVariantOutputImplBeanInfo> (0x0000000088e25480) 
thrown [s\src\hotspot\share\classfile\systemDictionary.cpp, line 256]
Event: 11.795 Thread 0x00000206f0549010 Exception <a 'java/lang/ClassNotFoundException'{0x0000000088e32e70}: com/android/build/gradle/internal/api/BaseVariantOutputImplBeanInfo> (0x0000000088e32e70) 
thrown [s\src\hotspot\share\classfile\systemDictionary.cpp, line 256]
Event: 11.795 Thread 0x00000206f0549010 Exception <a 'java/lang/ClassNotFoundException'{0x0000000088e40838}: com/android/build/gradle/internal/api/BaseVariantOutputImplCustomizer> (0x0000000088e40838) 
thrown [s\src\hotspot\share\classfile\systemDictionary.cpp, line 256]
Event: 11.796 Thread 0x00000206f0549010 Exception <a 'java/lang/ClassNotFoundException'{0x0000000088e61100}: com/android/build/gradle/internal/api/ApkVariantOutputImplCustomizer> (0x0000000088e61100) 
thrown [s\src\hotspot\share\classfile\systemDictionary.cpp, line 256]
Event: 11.797 Thread 0x00000206f0549010 Exception <a 'java/lang/ClassNotFoundException'{0x0000000088e7ca10}: com/android/build/gradle/internal/api/ApkVariantOutputImpl_DecoratedCustomizer> (0x0000000088e7ca10) 
thrown [s\src\hotspot\share\classfile\systemDictionary.cpp, line 256]
Event: 11.804 Thread 0x00000206f0549010 Exception <a 'java/lang/NoClassDefFoundError'{0x0000000088d63098}: org/jetbrains/kotlin/gradle/plugin/KotlinBasePluginWrapper> (0x0000000088d63098) 
thrown [s\src\hotspot\share\classfile\systemDictionary.cpp, line 245]

VM Operations (20 events):
Event: 10.776 Executing VM operation: G1Concurrent
Event: 10.776 Executing VM operation: G1Concurrent done
Event: 11.091 Executing VM operation: HandshakeAllThreads
Event: 11.091 Executing VM operation: HandshakeAllThreads done
Event: 11.099 Executing VM operation: ICBufferFull
Event: 11.100 Executing VM operation: ICBufferFull done
Event: 11.151 Executing VM operation: HandshakeAllThreads
Event: 11.151 Executing VM operation: HandshakeAllThreads done
Event: 11.202 Executing VM operation: G1CollectForAllocation
Event: 11.207 Executing VM operation: G1CollectForAllocation done
Event: 11.224 Executing VM operation: G1CollectForAllocation
Event: 11.227 Executing VM operation: G1CollectForAllocation done
Event: 11.623 Executing VM operation: G1CollectForAllocation
Event: 11.625 Executing VM operation: G1CollectForAllocation done
Event: 11.644 Executing VM operation: G1Concurrent
Event: 11.647 Executing VM operation: G1Concurrent done
Event: 11.655 Executing VM operation: G1Concurrent
Event: 11.656 Executing VM operation: G1Concurrent done
Event: 11.835 Executing VM operation: HandshakeAllThreads
Event: 11.835 Executing VM operation: HandshakeAllThreads done

Events (20 events):
Event: 10.573 loading class sun/reflect/annotation/AnnotationInvocationHandler$1 done
Event: 10.932 loading class java/util/ArrayList$SubList$1
Event: 10.932 loading class java/util/ArrayList$SubList$1 done
Event: 11.071 loading class jdk/internal/loader/URLClassPath$FileLoader
Event: 11.071 loading class jdk/internal/loader/URLClassPath$FileLoader done
Event: 11.074 loading class jdk/internal/loader/URLClassPath$FileLoader$1
Event: 11.074 loading class jdk/internal/loader/URLClassPath$FileLoader$1 done
Event: 11.094 Thread 0x00000206edcaba80 flushing nmethod 0x00000206d631e890
Event: 11.096 Thread 0x00000206edcaba80 flushing nmethod 0x00000206d6573d90
Event: 11.097 Thread 0x00000206edcaba80 flushing nmethod 0x00000206d6654890
Event: 11.102 Thread 0x00000206edcaba80 flushing nmethod 0x00000206d6a87090
Event: 11.104 Thread 0x00000206edcaba80 flushing nmethod 0x00000206d6bd2790
Event: 11.348 loading class sun/reflect/generics/repository/FieldRepository
Event: 11.348 loading class sun/reflect/generics/repository/FieldRepository done
Event: 11.405 loading class java/util/regex/Pattern$Caret
Event: 11.405 loading class java/util/regex/Pattern$Caret done
Event: 11.835 loading class java/util/Stack
Event: 11.835 loading class java/util/Stack done
Event: 11.861 loading class java/lang/AbstractMethodError
Event: 11.861 loading class java/lang/AbstractMethodError done


Dynamic libraries:
0x00007ff63aa60000 - 0x00007ff63aa6a000 	D:\Program Files\Android\Android Studio\jbr\bin\java.exe
0x00007ffe00090000 - 0x00007ffe002a7000 	C:\WINDOWS\SYSTEM32\ntdll.dll
0x00007ffdfe7b0000 - 0x00007ffdfe874000 	C:\WINDOWS\System32\KERNEL32.DLL
0x00007ffdfd730000 - 0x00007ffdfdad6000 	C:\WINDOWS\System32\KERNELBASE.dll
0x00007ffdfd400000 - 0x00007ffdfd511000 	C:\WINDOWS\System32\ucrtbase.dll
0x00007ffdf0c80000 - 0x00007ffdf0c97000 	D:\Program Files\Android\Android Studio\jbr\bin\jli.dll
0x00007ffdf0c60000 - 0x00007ffdf0c7b000 	D:\Program Files\Android\Android Studio\jbr\bin\VCRUNTIME140.dll
0x00007ffdfe940000 - 0x00007ffdfeaee000 	C:\WINDOWS\System32\USER32.dll
0x00007ffdfd700000 - 0x00007ffdfd726000 	C:\WINDOWS\System32\win32u.dll
0x00007ffdfe1d0000 - 0x00007ffdfe1f9000 	C:\WINDOWS\System32\GDI32.dll
0x00007ffdfd5e0000 - 0x00007ffdfd6f8000 	C:\WINDOWS\System32\gdi32full.dll
0x00007ffdd9590000 - 0x00007ffdd9823000 	C:\WINDOWS\WinSxS\amd64_microsoft.windows.common-controls_6595b64144ccf1df_6.0.22621.2506_none_270c5ae97388e100\COMCTL32.dll
0x00007ffdfe700000 - 0x00007ffdfe7a7000 	C:\WINDOWS\System32\msvcrt.dll
0x00007ffdfdcc0000 - 0x00007ffdfdd5a000 	C:\WINDOWS\System32\msvcp_win.dll
0x00007ffdfef80000 - 0x00007ffdfefb1000 	C:\WINDOWS\System32\IMM32.DLL
0x00007ffdf8460000 - 0x00007ffdf846c000 	D:\Program Files\Android\Android Studio\jbr\bin\vcruntime140_1.dll
0x00007ffdb6340000 - 0x00007ffdb63cd000 	D:\Program Files\Android\Android Studio\jbr\bin\msvcp140.dll
0x00007ffd709d0000 - 0x00007ffd7163e000 	D:\Program Files\Android\Android Studio\jbr\bin\server\jvm.dll
0x00007ffdfe880000 - 0x00007ffdfe931000 	C:\WINDOWS\System32\ADVAPI32.dll
0x00007ffdfdde0000 - 0x00007ffdfde85000 	C:\WINDOWS\System32\sechost.dll
0x00007ffdff100000 - 0x00007ffdff217000 	C:\WINDOWS\System32\RPCRT4.dll
0x00007ffdf8790000 - 0x00007ffdf8799000 	C:\WINDOWS\SYSTEM32\WSOCK32.dll
0x00007ffdf6cb0000 - 0x00007ffdf6cba000 	C:\WINDOWS\SYSTEM32\VERSION.dll
0x00007ffdf4930000 - 0x00007ffdf4964000 	C:\WINDOWS\SYSTEM32\WINMM.dll
0x00007ffdfe530000 - 0x00007ffdfe5a1000 	C:\WINDOWS\System32\WS2_32.dll
0x00007ffdfc4b0000 - 0x00007ffdfc4c8000 	C:\WINDOWS\SYSTEM32\kernel.appcore.dll
0x00007ffdf8740000 - 0x00007ffdf874a000 	D:\Program Files\Android\Android Studio\jbr\bin\jimage.dll
0x00007ffdfad90000 - 0x00007ffdfafc3000 	C:\WINDOWS\SYSTEM32\DBGHELP.DLL
0x00007ffdff380000 - 0x00007ffdff709000 	C:\WINDOWS\System32\combase.dll
0x00007ffdfff70000 - 0x00007ffe00047000 	C:\WINDOWS\System32\OLEAUT32.dll
0x00007ffde74a0000 - 0x00007ffde74d2000 	C:\WINDOWS\SYSTEM32\dbgcore.DLL
0x00007ffdfdd60000 - 0x00007ffdfddda000 	C:\WINDOWS\System32\bcryptPrimitives.dll
0x00007ffdece00000 - 0x00007ffdece25000 	D:\Program Files\Android\Android Studio\jbr\bin\java.dll
0x00007ffdecde0000 - 0x00007ffdecdf8000 	D:\Program Files\Android\Android Studio\jbr\bin\zip.dll
0x00007ffdff710000 - 0x00007ffdfff6a000 	C:\WINDOWS\System32\SHELL32.dll
0x00007ffdfb2e0000 - 0x00007ffdfbbd6000 	C:\WINDOWS\SYSTEM32\windows.storage.dll
0x00007ffdfb1a0000 - 0x00007ffdfb2de000 	C:\WINDOWS\SYSTEM32\wintypes.dll
0x00007ffdfe040000 - 0x00007ffdfe133000 	C:\WINDOWS\System32\SHCORE.dll
0x00007ffdfe5b0000 - 0x00007ffdfe60e000 	C:\WINDOWS\System32\shlwapi.dll
0x00007ffdfd330000 - 0x00007ffdfd356000 	C:\WINDOWS\SYSTEM32\profapi.dll
0x00007ffdec860000 - 0x00007ffdec879000 	D:\Program Files\Android\Android Studio\jbr\bin\net.dll
0x00007ffdf52f0000 - 0x00007ffdf5427000 	C:\WINDOWS\SYSTEM32\WINHTTP.dll
0x00007ffdfc920000 - 0x00007ffdfc989000 	C:\WINDOWS\system32\mswsock.dll
0x00007ffdeba50000 - 0x00007ffdeba66000 	D:\Program Files\Android\Android Studio\jbr\bin\nio.dll
0x00007ffdecdd0000 - 0x00007ffdecde0000 	D:\Program Files\Android\Android Studio\jbr\bin\verify.dll
0x00007ffdea970000 - 0x00007ffdea997000 	C:\Users\Aubery\.gradle\native\68d5fa5c4cc2d200863cafc0d521ce42e7d3e7ee720ec0a83991735586a16f82\windows-amd64\native-platform.dll
0x00007ffda40f0000 - 0x00007ffda4234000 	C:\Users\Aubery\.gradle\native\e376f236ea51e6404a007f0833ffe2c6e607c4080706a723a18a27aeea778392\windows-amd64\native-platform-file-events.dll
0x00007ffdf2af0000 - 0x00007ffdf2af9000 	D:\Program Files\Android\Android Studio\jbr\bin\management.dll
0x00007ffded1c0000 - 0x00007ffded1cb000 	D:\Program Files\Android\Android Studio\jbr\bin\management_ext.dll
0x00007ffdfe620000 - 0x00007ffdfe628000 	C:\WINDOWS\System32\PSAPI.DLL
0x00007ffdfcb70000 - 0x00007ffdfcb8b000 	C:\WINDOWS\SYSTEM32\CRYPTSP.dll
0x00007ffdfc410000 - 0x00007ffdfc445000 	C:\WINDOWS\system32\rsaenh.dll
0x00007ffdfc9d0000 - 0x00007ffdfc9fc000 	C:\WINDOWS\SYSTEM32\USERENV.dll
0x00007ffdfcd90000 - 0x00007ffdfcdb8000 	C:\WINDOWS\SYSTEM32\bcrypt.dll
0x00007ffdfcb30000 - 0x00007ffdfcb3c000 	C:\WINDOWS\SYSTEM32\CRYPTBASE.dll
0x00007ffdfbeb0000 - 0x00007ffdfbedd000 	C:\WINDOWS\SYSTEM32\IPHLPAPI.DLL
0x00007ffdfe610000 - 0x00007ffdfe619000 	C:\WINDOWS\System32\NSI.dll
0x00007ffdf66d0000 - 0x00007ffdf66e9000 	C:\WINDOWS\SYSTEM32\dhcpcsvc6.DLL
0x00007ffdf5610000 - 0x00007ffdf562f000 	C:\WINDOWS\SYSTEM32\dhcpcsvc.DLL
0x00007ffdfbf20000 - 0x00007ffdfc019000 	C:\WINDOWS\SYSTEM32\DNSAPI.dll
0x00007ffde8ae0000 - 0x00007ffde8ae8000 	C:\WINDOWS\system32\wshunix.dll

dbghelp: loaded successfully - version: 4.0.5 - missing functions: none
symbol engine: initialized successfully - sym options: 0x614 - pdb path: .;D:\Program Files\Android\Android Studio\jbr\bin;C:\WINDOWS\SYSTEM32;C:\WINDOWS\WinSxS\amd64_microsoft.windows.common-controls_6595b64144ccf1df_6.0.22621.2506_none_270c5ae97388e100;D:\Program Files\Android\Android Studio\jbr\bin\server;C:\Users\Aubery\.gradle\native\68d5fa5c4cc2d200863cafc0d521ce42e7d3e7ee720ec0a83991735586a16f82\windows-amd64;C:\Users\Aubery\.gradle\native\e376f236ea51e6404a007f0833ffe2c6e607c4080706a723a18a27aeea778392\windows-amd64

VM Arguments:
jvm_args: --add-opens=java.base/java.util=ALL-UNNAMED --add-opens=java.base/java.lang=ALL-UNNAMED --add-opens=java.base/java.lang.invoke=ALL-UNNAMED --add-opens=java.prefs/java.util.prefs=ALL-UNNAMED --add-opens=java.base/java.nio.charset=ALL-UNNAMED --add-opens=java.base/java.net=ALL-UNNAMED --add-opens=java.base/java.util.concurrent.atomic=ALL-UNNAMED -Xmx2048m -Dfile.encoding=UTF-8 -Duser.country=CN -Duser.language=zh -Duser.variant 
java_command: org.gradle.launcher.daemon.bootstrap.GradleDaemon 8.0
java_class_path (initial): C:\Users\Aubery\.gradle\wrapper\dists\gradle-8.0-bin\ca5e32bp14vu59qr306oxotwh\gradle-8.0\lib\gradle-launcher-8.0.jar
Launcher Type: SUN_STANDARD

[Global flags]
     intx CICompilerCount                          = 4                                         {product} {ergonomic}
     uint ConcGCThreads                            = 3                                         {product} {ergonomic}
     uint G1ConcRefinementThreads                  = 10                                        {product} {ergonomic}
   size_t G1HeapRegionSize                         = 1048576                                   {product} {ergonomic}
    uintx GCDrainStackTargetSize                   = 64                                        {product} {ergonomic}
   size_t InitialHeapSize                          = 232783872                                 {product} {ergonomic}
   size_t MarkStackSize                            = 4194304                                   {product} {ergonomic}
   size_t MaxHeapSize                              = 2147483648                                {product} {command line}
   size_t MaxNewSize                               = 1287651328                                {product} {ergonomic}
   size_t MinHeapDeltaBytes                        = 1048576                                   {product} {ergonomic}
   size_t MinHeapSize                              = 8388608                                   {product} {ergonomic}
    uintx NonNMethodCodeHeapSize                   = 5839372                                {pd product} {ergonomic}
    uintx NonProfiledCodeHeapSize                  = 122909434                              {pd product} {ergonomic}
    uintx ProfiledCodeHeapSize                     = 122909434                              {pd product} {ergonomic}
    uintx ReservedCodeCacheSize                    = 251658240                              {pd product} {ergonomic}
     bool SegmentedCodeCache                       = true                                      {product} {ergonomic}
   size_t SoftMaxHeapSize                          = 2147483648                             {manageable} {ergonomic}
     bool UseCompressedClassPointers               = true                           {product lp64_product} {ergonomic}
     bool UseCompressedOops                        = true                           {product lp64_product} {ergonomic}
     bool UseG1GC                                  = true                                      {product} {ergonomic}
     bool UseLargePagesIndividualAllocation        = false                                  {pd product} {ergonomic}

Logging:
Log output configuration:
 #0: stdout all=warning uptime,level,tags
 #1: stderr all=off uptime,level,tags

Environment Variables:
JAVA_HOME=D:\jdk\jdk-17.0.5
CLASSPATH=.;D:\jdk\jdk-17.0.5\lib\dt.jar;D:\jdk\jdk-17.0.5\lib\tools.jar;
PATH=F:\VMware\VMware Workstation\bin\;F:\Program Files (x86)\VMware\VMware Workstation\bin\;D:\jdk\jdk-17.0.5\bin;D:\apache-maven-3.9.4\bin;C:\Program Files (x86)\Common Files\Intel\Shared Libraries\redist\intel64\compiler;C:\Windows\system32;C:\Windows;C:\Windows\System32\Wbem;C:\Windows\System32\WindowsPowerShell\v1.0\;C:\Windows\System32\OpenSSH\;C:\Program Files (x86)\NVIDIA Corporation\PhysX\Common;C:\Program Files\NVIDIA Corporation\NVIDIA NvDLISR;D:\MATLAB2016\runtime\win64;D:\MATLAB2016\bin;D:\matlab\runtime\win64;D:\matlab\bin;D:\runtime\win64;D:\bin;F:\DataBase\redis;D:\polyspace\bin;D:\matlab\polyspace\bin;C:\Program Files\MySQL\MySQL Server 5.6\bin;D:\MATLAB2016\polyspace\bin;C:\Program Files\Microsoft SQL Server\Client SDK\ODBC\170\Tools\Binn\;C:\Program Files (x86)\Microsoft SQL Server\150\Tools\Binn\;C:\Program Files\Microsoft SQL Server\150\Tools\Binn\;C:\Program Files\Microsoft SQL Server\150\DTS\Binn\;C:\Program Files (x86)\Microsoft SQL Server\150\DTS\Binn\;C:\Program Files\Azure Data Studio\bin;D:\tomcat10\apache-tomcat-10.0.26\lib;D:\tomcat10\apache-tomcat-10.0.26\bin;C:\Program Files\dotnet\;C:\Windows\Microsoft.NET\Framework\v4.0.30319;D:\Users\Aubery\PycharmProjects\pythonProject\venv\Scripts;E:\P;C:\WINDOWS\system32;C:\WINDOWS;C:\WINDOWS\System32\Wbem;C:\WINDOWS\System32\WindowsPowerShell\v1.0\;C:\WINDOWS\System32\OpenSSH\;D:\Microsoft VS Code\bin;F:\Git\cmd;F:\Xshell 7\;F:\Xftp 7\;C:\Users\Aubery\AppData\Local\Microsoft\WindowsApps;C:\Program Files\Bandizip\;D:\vscode1\mingw64\bin;D:\Microsoft VS Code\bin;D:\idea202203\IntelliJ IDEA 223.4884.69\bin;C:\Program Files\Azure Data Studio\bin;C:\Users\Aubery\AppData\Local\JetBrains\Toolbox\scripts;D:\IntelliJ IDEA 2022.3.2\bin;;C:\Users\Aubery\.dotnet\tools;;F:\Program Files\JetBrains\DataGrip 2023.2.1\bin;;C:\Users\Aubery\AppData\Local\Microsoft\WindowsApps
USERNAME=Aubery
OS=Windows_NT
PROCESSOR_IDENTIFIER=AMD64 Family 25 Model 80 Stepping 0, AuthenticAMD
TMP=C:\Users\Aubery\AppData\Local\Temp
TEMP=C:\Users\Aubery\AppData\Local\Temp


JNI global refs:
JNI global refs: 30, weak refs: 5

JNI global refs memory usage: 843, weak refs: 841


---------------  S Y S T E M  ---------------

OS:
 Windows 11 , 64 bit Build 22621 (10.0.22621.2506)
OS uptime: 2 days 1:23 hours
Hyper-V role detected

CPU: total 12 (initial active 12) (12 cores per cpu, 2 threads per core) family 25 model 80 stepping 0 microcode 0x0, cx8, cmov, fxsr, ht, mmx, 3dnowpref, sse, sse2, sse3, ssse3, sse4a, sse4.1, sse4.2, popcnt, lzcnt, tsc, tscinvbit, avx, avx2, aes, erms, clmul, bmi1, bmi2, adx, sha, fma, vzeroupper, clflush, clflushopt, hv

Memory: 4k page, system-wide physical 14188M (4283M free)
TotalPageFile size 16236M (AvailPageFile size 5M)
current process WorkingSet (physical memory assigned to process): 399M, peak: 399M
current process commit charge ("private bytes"): 442M, peak: 442M

vm_info: OpenJDK 64-Bit Server VM (17.0.6+0-b2043.56-10027231) for windows-amd64 JRE (17.0.6+0-b2043.56-10027231), built on Apr 28 2023 00:43:19 by "androidbuild" with MS VC++ 16.10 / 16.11 (VS2019)

END.
