#
# There is insufficient memory for the Java Runtime Environment to continue.
# Native memory allocation (mmap) failed to map 27262976 bytes for G1 virtual space
# Possible reasons:
#   The system is out of physical RAM or swap space
#   The process is running with CompressedOops enabled, and the Java Heap may be blocking the growth of the native heap
# Possible solutions:
#   Reduce memory load on the system
#   Increase physical memory or swap space
#   Check if swap backing store is full
#   Decrease Java heap size (-Xmx/-Xms)
#   Decrease number of Java threads
#   Decrease Java thread stack sizes (-Xss)
#   Set larger code cache with -XX:ReservedCodeCacheSize=
#   JVM is running with Unscaled Compressed Oops mode in which the Java heap is
#     placed in the first 4GB address space. The Java Heap base address is the
#     maximum limit for the native heap growth. Please use -XX:HeapBaseMinAddress
#     to set the Java Heap base and to place the Java Heap above 4GB virtual address.
# This output file may be truncated or incomplete.
#
#  Out of Memory Error (os_windows.cpp:3769), pid=27056, tid=8972
#
# JRE version: OpenJDK Runtime Environment (17.0.6) (build 17.0.6+0-b2043.56-10027231)
# Java VM: OpenJDK 64-Bit Server VM (17.0.6+0-b2043.56-10027231, mixed mode, tiered, compressed oops, compressed class ptrs, g1 gc, windows-amd64)
# No core dump will be written. Minidumps are not enabled by default on client versions of Windows
#

---------------  S U M M A R Y ------------

Command Line: --add-opens=java.base/java.util=ALL-UNNAMED --add-opens=java.base/java.lang=ALL-UNNAMED --add-opens=java.base/java.lang.invoke=ALL-UNNAMED --add-opens=java.prefs/java.util.prefs=ALL-UNNAMED --add-opens=java.base/java.nio.charset=ALL-UNNAMED --add-opens=java.base/java.net=ALL-UNNAMED --add-opens=java.base/java.util.concurrent.atomic=ALL-UNNAMED -Xmx2048m -Dfile.encoding=UTF-8 -Duser.country=CN -Duser.language=zh -Duser.variant org.gradle.launcher.daemon.bootstrap.GradleDaemon 8.0

Host: AMD Ryzen 5 5600H with Radeon Graphics         , 12 cores, 13G,  Windows 11 , 64 bit Build 22621 (10.0.22621.2506)
Time: Mon Dec 25 15:19:16 2023  Windows 11 , 64 bit Build 22621 (10.0.22621.2506) elapsed time: 8.349726 seconds (0d 0h 0m 8s)

---------------  T H R E A D  ---------------

Current thread (0x00000237c09234a0):  VMThread "VM Thread" [stack: 0x000000ee56a00000,0x000000ee56b00000] [id=8972]

Stack: [0x000000ee56a00000,0x000000ee56b00000]
Native frames: (J=compiled Java code, j=interpreted, Vv=VM code, C=native code)
V  [jvm.dll+0x683c9a]
V  [jvm.dll+0x8427a4]
V  [jvm.dll+0x843f9e]
V  [jvm.dll+0x844603]
V  [jvm.dll+0x249b75]
V  [jvm.dll+0x680b69]
V  [jvm.dll+0x67505a]
V  [jvm.dll+0x309acb]
V  [jvm.dll+0x310f86]
V  [jvm.dll+0x3608ee]
V  [jvm.dll+0x360b1f]
V  [jvm.dll+0x2dfbf8]
V  [jvm.dll+0x2ddec4]
V  [jvm.dll+0x2dd4cc]
V  [jvm.dll+0x321f3b]
V  [jvm.dll+0x848ccb]
V  [jvm.dll+0x849a04]
V  [jvm.dll+0x849f1d]
V  [jvm.dll+0x84a2f4]
V  [jvm.dll+0x84a3c0]
V  [jvm.dll+0x7f274a]
V  [jvm.dll+0x682ad5]
C  [ucrtbase.dll+0x29363]
C  [KERNEL32.DLL+0x1257d]
C  [ntdll.dll+0x5aa58]

VM_Operation (0x000000ee58ffe3d0): G1CollectForAllocation, mode: safepoint, requested by thread 0x00000237c3948560


---------------  P R O C E S S  ---------------

Threads class SMR info:
_java_thread_list=0x00000237c8cc3f70, length=170, elements={
0x00000237a66607d0, 0x00000237c1413920, 0x00000237c14146a0, 0x00000237c142e5d0,
0x00000237c142f250, 0x00000237c14a7040, 0x00000237c14a79f0, 0x00000237c14abbd0,
0x00000237c14b4680, 0x00000237c14b5070, 0x00000237c1616b00, 0x00000237c1616fd0,
0x00000237c29be060, 0x00000237c4051d00, 0x00000237c3dd5780, 0x00000237c4269ef0,
0x00000237c2e6e030, 0x00000237c2bfefc0, 0x00000237c3e035f0, 0x00000237c246a900,
0x00000237c400e040, 0x00000237c39498a0, 0x00000237c3949d70, 0x00000237c3948f00,
0x00000237c3948560, 0x00000237c394a240, 0x00000237c39493d0, 0x00000237c394a710,
0x00000237c394abe0, 0x00000237c3947bc0, 0x00000237c3948a30, 0x00000237c39476f0,
0x00000237c3947220, 0x00000237c3948090, 0x00000237c6a5dcd0, 0x00000237c6a60cf0,
0x00000237c6a5f4e0, 0x00000237c6a5e1a0, 0x00000237c6a61b60, 0x00000237c6a5b650,
0x00000237c6a5a7e0, 0x00000237c6a5e670, 0x00000237c6a5f010, 0x00000237c6a5bb20,
0x00000237c6a5bff0, 0x00000237c6a5a310, 0x00000237c6a611c0, 0x00000237c6a5acb0,
0x00000237c2f2a0d0, 0x00000237c50a05c0, 0x00000237c6a61690, 0x00000237c6a5b180,
0x00000237c6edcc60, 0x00000237c6ede940, 0x00000237c6ee0fc0, 0x00000237c6edf2e0,
0x00000237c6edfc80, 0x00000237c6ee3170, 0x00000237c6eddad0, 0x00000237c6ee3640,
0x00000237c6edbdf0, 0x00000237c6ee2300, 0x00000237c6edc790, 0x00000237c6ee1960,
0x00000237c6edc2c0, 0x00000237c6ee0150, 0x00000237c6edd130, 0x00000237c6ee1490,
0x00000237c6edd600, 0x00000237c6eddfa0, 0x00000237c6ee27d0, 0x00000237c6edee10,
0x00000237c6ee0af0, 0x00000237c6ede470, 0x00000237c6edf7b0, 0x00000237c6ee1e30,
0x00000237c6ee0620, 0x00000237c6ee2ca0, 0x00000237c72e13d0, 0x00000237c72e0090,
0x00000237c72e3f20, 0x00000237c72df220, 0x00000237c72e3580, 0x00000237c72e2710,
0x00000237c72e18a0, 0x00000237c72e0560, 0x00000237c72df6f0, 0x00000237c72e3a50,
0x00000237c72e43f0, 0x00000237c72e0f00, 0x00000237c72e1d70, 0x00000237c72dfbc0,
0x00000237c72e0a30, 0x00000237c72e2be0, 0x00000237c72e48c0, 0x00000237c72e30b0,
0x00000237c72e5260, 0x00000237c72e2240, 0x00000237c72e4d90, 0x00000237c72ded50,
0x00000237c72e5730, 0x00000237c72ddee0, 0x00000237c72de3b0, 0x00000237c72de880,
0x00000237c17f6bd0, 0x00000237c17fa590, 0x00000237c17f9720, 0x00000237c17f9bf0,
0x00000237c17f7f10, 0x00000237c17fa0c0, 0x00000237c17faa60, 0x00000237c17fc270,
0x00000237c17f88b0, 0x00000237c17fd5b0, 0x00000237c17f9250, 0x00000237c17fd0e0,
0x00000237c17fda80, 0x00000237c17fcc10, 0x00000237c17f6230, 0x00000237c17f8d80,
0x00000237c17faf30, 0x00000237c17fb400, 0x00000237c17fbda0, 0x00000237c17fb8d0,
0x00000237c17f6700, 0x00000237c17fc740, 0x00000237c17f70a0, 0x00000237c17f83e0,
0x00000237c17f7570, 0x00000237c17f7a40, 0x00000237c7300e30, 0x00000237c72fffc0,
0x00000237c7300960, 0x00000237c72ff150, 0x00000237c7301300, 0x00000237c72fde10,
0x00000237c7302fe0, 0x00000237c7304cc0, 0x00000237c72ffaf0, 0x00000237c73017d0,
0x00000237c7301ca0, 0x00000237c7305190, 0x00000237c7302170, 0x00000237c7302640,
0x00000237c72fe2e0, 0x00000237c72fe7b0, 0x00000237c7302b10, 0x00000237c73034b0,
0x00000237c7305660, 0x00000237c7303e50, 0x00000237c7304320, 0x00000237c7303980,
0x00000237c72ff620, 0x00000237c72fec80, 0x00000237c7300490, 0x00000237c73047f0,
0x00000237c7633870, 0x00000237c762dd00, 0x00000237c7632530, 0x00000237c762d360,
0x00000237c7632ed0, 0x00000237c762feb0, 0x00000237c7631b90, 0x00000237c762c9c0,
0x00000237c762c4f0, 0x00000237c762eb70, 0x00000237c762d830, 0x00000237c762e6a0,
0x00000237c7632a00, 0x00000237c762f040
}

Java Threads: ( => current thread )
  0x00000237a66607d0 JavaThread "main" [_thread_blocked, id=896, stack(0x000000ee56400000,0x000000ee56500000)]
  0x00000237c1413920 JavaThread "Reference Handler" daemon [_thread_blocked, id=6744, stack(0x000000ee56b00000,0x000000ee56c00000)]
  0x00000237c14146a0 JavaThread "Finalizer" daemon [_thread_blocked, id=10960, stack(0x000000ee56c00000,0x000000ee56d00000)]
  0x00000237c142e5d0 JavaThread "Signal Dispatcher" daemon [_thread_blocked, id=12472, stack(0x000000ee56d00000,0x000000ee56e00000)]
  0x00000237c142f250 JavaThread "Attach Listener" daemon [_thread_blocked, id=17532, stack(0x000000ee56e00000,0x000000ee56f00000)]
  0x00000237c14a7040 JavaThread "Service Thread" daemon [_thread_blocked, id=21876, stack(0x000000ee56f00000,0x000000ee57000000)]
  0x00000237c14a79f0 JavaThread "Monitor Deflation Thread" daemon [_thread_blocked, id=5624, stack(0x000000ee57000000,0x000000ee57100000)]
  0x00000237c14abbd0 JavaThread "C2 CompilerThread0" daemon [_thread_blocked, id=8148, stack(0x000000ee57100000,0x000000ee57200000)]
  0x00000237c14b4680 JavaThread "C1 CompilerThread0" daemon [_thread_blocked, id=26580, stack(0x000000ee57200000,0x000000ee57300000)]
  0x00000237c14b5070 JavaThread "Sweeper thread" daemon [_thread_blocked, id=6500, stack(0x000000ee57300000,0x000000ee57400000)]
  0x00000237c1616b00 JavaThread "Common-Cleaner" daemon [_thread_blocked, id=10588, stack(0x000000ee57400000,0x000000ee57500000)]
  0x00000237c1616fd0 JavaThread "Notification Thread" daemon [_thread_blocked, id=20580, stack(0x000000ee57500000,0x000000ee57600000)]
  0x00000237c29be060 JavaThread "Daemon health stats" [_thread_blocked, id=18352, stack(0x000000ee57c00000,0x000000ee57d00000)]
  0x00000237c4051d00 JavaThread "Incoming local TCP Connector on port 64001" [_thread_in_native, id=17084, stack(0x000000ee57700000,0x000000ee57800000)]
  0x00000237c3dd5780 JavaThread "Daemon periodic checks" [_thread_blocked, id=12312, stack(0x000000ee57d00000,0x000000ee57e00000)]
  0x00000237c4269ef0 JavaThread "Daemon" [_thread_blocked, id=20520, stack(0x000000ee57f00000,0x000000ee58000000)]
  0x00000237c2e6e030 JavaThread "Handler for socket connection from /127.0.0.1:64001 to /127.0.0.1:64002" [_thread_in_native, id=18544, stack(0x000000ee58000000,0x000000ee58100000)]
  0x00000237c2bfefc0 JavaThread "Cancel handler" [_thread_blocked, id=25380, stack(0x000000ee58100000,0x000000ee58200000)]
  0x00000237c3e035f0 JavaThread "Daemon worker" [_thread_blocked, id=5608, stack(0x000000ee58200000,0x000000ee58300000)]
  0x00000237c246a900 JavaThread "Asynchronous log dispatcher for DefaultDaemonConnection: socket connection from /127.0.0.1:64001 to /127.0.0.1:64002" [_thread_blocked, id=23388, stack(0x000000ee58300000,0x000000ee58400000)]
  0x00000237c400e040 JavaThread "Stdin handler" [_thread_blocked, id=7228, stack(0x000000ee58400000,0x000000ee58500000)]
  0x00000237c39498a0 JavaThread "Daemon client event forwarder" [_thread_blocked, id=3276, stack(0x000000ee58500000,0x000000ee58600000)]
  0x00000237c3949d70 JavaThread "Cache worker for journal cache (C:\Users\Aubery\.gradle\caches\journal-1)" [_thread_blocked, id=17060, stack(0x000000ee58d00000,0x000000ee58e00000)]
  0x00000237c3948f00 JavaThread "File lock request listener" [_thread_in_native, id=9908, stack(0x000000ee58e00000,0x000000ee58f00000)]
  0x00000237c3948560 JavaThread "Cache worker for file hash cache (C:\Users\Aubery\.gradle\caches\8.0\fileHashes)" [_thread_blocked, id=10152, stack(0x000000ee58f00000,0x000000ee59000000)]
  0x00000237c394a240 JavaThread "File watcher server" daemon [_thread_in_native, id=21040, stack(0x000000ee59100000,0x000000ee59200000)]
  0x00000237c39493d0 JavaThread "File watcher consumer" daemon [_thread_blocked, id=15260, stack(0x000000ee59200000,0x000000ee59300000)]
  0x00000237c394a710 JavaThread "jar transforms" [_thread_blocked, id=3612, stack(0x000000ee59300000,0x000000ee59400000)]
  0x00000237c394abe0 JavaThread "jar transforms Thread 2" [_thread_blocked, id=26456, stack(0x000000ee59400000,0x000000ee59500000)]
  0x00000237c3947bc0 JavaThread "jar transforms Thread 3" [_thread_blocked, id=2372, stack(0x000000ee59500000,0x000000ee59600000)]
  0x00000237c3948a30 JavaThread "jar transforms Thread 4" [_thread_blocked, id=11568, stack(0x000000ee59600000,0x000000ee59700000)]
  0x00000237c39476f0 JavaThread "jar transforms Thread 5" [_thread_blocked, id=21496, stack(0x000000ee59700000,0x000000ee59800000)]
  0x00000237c3947220 JavaThread "jar transforms Thread 6" [_thread_blocked, id=24412, stack(0x000000ee59800000,0x000000ee59900000)]
  0x00000237c3948090 JavaThread "jar transforms Thread 7" [_thread_blocked, id=23268, stack(0x000000ee59900000,0x000000ee59a00000)]
  0x00000237c6a5dcd0 JavaThread "jar transforms Thread 8" [_thread_blocked, id=12416, stack(0x000000ee59a00000,0x000000ee59b00000)]
  0x00000237c6a60cf0 JavaThread "jar transforms Thread 9" [_thread_blocked, id=12096, stack(0x000000ee59b00000,0x000000ee59c00000)]
  0x00000237c6a5f4e0 JavaThread "jar transforms Thread 10" [_thread_blocked, id=9056, stack(0x000000ee59c00000,0x000000ee59d00000)]
  0x00000237c6a5e1a0 JavaThread "jar transforms Thread 11" [_thread_blocked, id=4712, stack(0x000000ee59d00000,0x000000ee59e00000)]
  0x00000237c6a61b60 JavaThread "jar transforms Thread 12" [_thread_blocked, id=25584, stack(0x000000ee59e00000,0x000000ee59f00000)]
  0x00000237c6a5b650 JavaThread "Cache worker for checksums cache (E:\AndroidStudioProjects\DormitoryMS\.gradle\8.0\checksums)" [_thread_blocked, id=18512, stack(0x000000ee59f00000,0x000000ee5a000000)]
  0x00000237c6a5a7e0 JavaThread "Cache worker for cache directory md-rule (C:\Users\Aubery\.gradle\caches\8.0\md-rule)" [_thread_blocked, id=7160, stack(0x000000ee5a000000,0x000000ee5a100000)]
  0x00000237c6a5e670 JavaThread "Cache worker for file content cache (C:\Users\Aubery\.gradle\caches\8.0\fileContent)" [_thread_blocked, id=13404, stack(0x000000ee5a100000,0x000000ee5a200000)]
  0x00000237c6a5f010 JavaThread "Cache worker for file hash cache (E:\AndroidStudioProjects\DormitoryMS\.gradle\8.0\fileHashes)" [_thread_blocked, id=11544, stack(0x000000ee5a200000,0x000000ee5a300000)]
  0x00000237c6a5bb20 JavaThread "Cache worker for cache directory md-supplier (C:\Users\Aubery\.gradle\caches\8.0\md-supplier)" [_thread_blocked, id=24756, stack(0x000000ee5a300000,0x000000ee5a400000)]
  0x00000237c6a5bff0 JavaThread "Cache worker for execution history cache (C:\Users\Aubery\.gradle\caches\8.0\executionHistory)" [_thread_blocked, id=13532, stack(0x000000ee5a400000,0x000000ee5a500000)]
  0x00000237c6a5a310 JavaThread "Cache worker for kotlin-dsl (C:\Users\Aubery\.gradle\caches\8.0\kotlin-dsl)" [_thread_blocked, id=4764, stack(0x000000ee5a500000,0x000000ee5a600000)]
  0x00000237c6a611c0 JavaThread "Cache worker for dependencies-accessors (E:\AndroidStudioProjects\DormitoryMS\.gradle\8.0\dependencies-accessors)" [_thread_blocked, id=7120, stack(0x000000ee5a600000,0x000000ee5a700000)]
  0x00000237c6a5acb0 JavaThread "Cache worker for Build Output Cleanup Cache (E:\AndroidStudioProjects\DormitoryMS\.gradle\buildOutputCleanup)" [_thread_blocked, id=1808, stack(0x000000ee5a700000,0x000000ee5a800000)]
  0x00000237c2f2a0d0 JavaThread "C2 CompilerThread1" daemon [_thread_blocked, id=17652, stack(0x000000ee57e00000,0x000000ee57f00000)]
  0x00000237c50a05c0 JavaThread "C2 CompilerThread2" daemon [_thread_blocked, id=6656, stack(0x000000ee59000000,0x000000ee59100000)]
  0x00000237c6a61690 JavaThread "Unconstrained build operations" [_thread_blocked, id=9496, stack(0x000000ee5a900000,0x000000ee5aa00000)]
  0x00000237c6a5b180 JavaThread "Unconstrained build operations Thread 2" [_thread_blocked, id=12076, stack(0x000000ee5aa00000,0x000000ee5ab00000)]
  0x00000237c6edcc60 JavaThread "Unconstrained build operations Thread 3" [_thread_blocked, id=16752, stack(0x000000ee5ab00000,0x000000ee5ac00000)]
  0x00000237c6ede940 JavaThread "Unconstrained build operations Thread 4" [_thread_blocked, id=7352, stack(0x000000ee5ac00000,0x000000ee5ad00000)]
  0x00000237c6ee0fc0 JavaThread "Unconstrained build operations Thread 5" [_thread_blocked, id=24424, stack(0x000000ee5ad00000,0x000000ee5ae00000)]
  0x00000237c6edf2e0 JavaThread "Unconstrained build operations Thread 6" [_thread_blocked, id=6552, stack(0x000000ee5ae00000,0x000000ee5af00000)]
  0x00000237c6edfc80 JavaThread "Unconstrained build operations Thread 7" [_thread_blocked, id=10488, stack(0x000000ee5af00000,0x000000ee5b000000)]
  0x00000237c6ee3170 JavaThread "Unconstrained build operations Thread 8" [_thread_blocked, id=26072, stack(0x000000ee5b000000,0x000000ee5b100000)]
  0x00000237c6eddad0 JavaThread "Unconstrained build operations Thread 9" [_thread_blocked, id=23944, stack(0x000000ee5b100000,0x000000ee5b200000)]
  0x00000237c6ee3640 JavaThread "Unconstrained build operations Thread 10" [_thread_blocked, id=8196, stack(0x000000ee5b200000,0x000000ee5b300000)]
  0x00000237c6edbdf0 JavaThread "Unconstrained build operations Thread 11" [_thread_blocked, id=26840, stack(0x000000ee5b300000,0x000000ee5b400000)]
  0x00000237c6ee2300 JavaThread "Unconstrained build operations Thread 12" [_thread_blocked, id=17192, stack(0x000000ee5b400000,0x000000ee5b500000)]
  0x00000237c6edc790 JavaThread "Unconstrained build operations Thread 13" [_thread_blocked, id=15128, stack(0x000000ee5b500000,0x000000ee5b600000)]
  0x00000237c6ee1960 JavaThread "Unconstrained build operations Thread 14" [_thread_blocked, id=17892, stack(0x000000ee5b600000,0x000000ee5b700000)]
  0x00000237c6edc2c0 JavaThread "Unconstrained build operations Thread 15" [_thread_blocked, id=18184, stack(0x000000ee5b700000,0x000000ee5b800000)]
  0x00000237c6ee0150 JavaThread "Unconstrained build operations Thread 16" [_thread_blocked, id=12400, stack(0x000000ee5b800000,0x000000ee5b900000)]
  0x00000237c6edd130 JavaThread "Unconstrained build operations Thread 17" [_thread_blocked, id=7516, stack(0x000000ee5b900000,0x000000ee5ba00000)]
  0x00000237c6ee1490 JavaThread "Unconstrained build operations Thread 18" [_thread_blocked, id=14840, stack(0x000000ee5ba00000,0x000000ee5bb00000)]
  0x00000237c6edd600 JavaThread "Unconstrained build operations Thread 19" [_thread_blocked, id=1280, stack(0x000000ee5bb00000,0x000000ee5bc00000)]
  0x00000237c6eddfa0 JavaThread "Unconstrained build operations Thread 20" [_thread_blocked, id=27908, stack(0x000000ee5bc00000,0x000000ee5bd00000)]
  0x00000237c6ee27d0 JavaThread "Unconstrained build operations Thread 21" [_thread_blocked, id=20660, stack(0x000000ee5bd00000,0x000000ee5be00000)]
  0x00000237c6edee10 JavaThread "Unconstrained build operations Thread 22" [_thread_blocked, id=26568, stack(0x000000ee5be00000,0x000000ee5bf00000)]
  0x00000237c6ee0af0 JavaThread "Unconstrained build operations Thread 23" [_thread_blocked, id=24596, stack(0x000000ee5bf00000,0x000000ee5c000000)]
  0x00000237c6ede470 JavaThread "Unconstrained build operations Thread 24" [_thread_blocked, id=8600, stack(0x000000ee5c000000,0x000000ee5c100000)]
  0x00000237c6edf7b0 JavaThread "Unconstrained build operations Thread 25" [_thread_blocked, id=12852, stack(0x000000ee5c100000,0x000000ee5c200000)]
  0x00000237c6ee1e30 JavaThread "Unconstrained build operations Thread 26" [_thread_blocked, id=22036, stack(0x000000ee5c200000,0x000000ee5c300000)]
  0x00000237c6ee0620 JavaThread "Unconstrained build operations Thread 27" [_thread_blocked, id=4004, stack(0x000000ee5c300000,0x000000ee5c400000)]
  0x00000237c6ee2ca0 JavaThread "Unconstrained build operations Thread 28" [_thread_blocked, id=1752, stack(0x000000ee5c400000,0x000000ee5c500000)]
  0x00000237c72e13d0 JavaThread "Unconstrained build operations Thread 29" [_thread_blocked, id=15720, stack(0x000000ee5c500000,0x000000ee5c600000)]
  0x00000237c72e0090 JavaThread "Unconstrained build operations Thread 30" [_thread_blocked, id=11000, stack(0x000000ee5c600000,0x000000ee5c700000)]
  0x00000237c72e3f20 JavaThread "Unconstrained build operations Thread 31" [_thread_blocked, id=24812, stack(0x000000ee5c700000,0x000000ee5c800000)]
  0x00000237c72df220 JavaThread "Unconstrained build operations Thread 32" [_thread_blocked, id=24452, stack(0x000000ee5c800000,0x000000ee5c900000)]
  0x00000237c72e3580 JavaThread "Unconstrained build operations Thread 33" [_thread_blocked, id=20908, stack(0x000000ee5c900000,0x000000ee5ca00000)]
  0x00000237c72e2710 JavaThread "Unconstrained build operations Thread 34" [_thread_blocked, id=24344, stack(0x000000ee5ca00000,0x000000ee5cb00000)]
  0x00000237c72e18a0 JavaThread "Unconstrained build operations Thread 35" [_thread_blocked, id=21896, stack(0x000000ee5cb00000,0x000000ee5cc00000)]
  0x00000237c72e0560 JavaThread "Unconstrained build operations Thread 36" [_thread_blocked, id=26956, stack(0x000000ee5cc00000,0x000000ee5cd00000)]
  0x00000237c72df6f0 JavaThread "Unconstrained build operations Thread 37" [_thread_blocked, id=19840, stack(0x000000ee5cd00000,0x000000ee5ce00000)]
  0x00000237c72e3a50 JavaThread "Unconstrained build operations Thread 38" [_thread_blocked, id=1952, stack(0x000000ee5ce00000,0x000000ee5cf00000)]
  0x00000237c72e43f0 JavaThread "Unconstrained build operations Thread 39" [_thread_blocked, id=12456, stack(0x000000ee5cf00000,0x000000ee5d000000)]
  0x00000237c72e0f00 JavaThread "Unconstrained build operations Thread 40" [_thread_blocked, id=14812, stack(0x000000ee5d000000,0x000000ee5d100000)]
  0x00000237c72e1d70 JavaThread "Unconstrained build operations Thread 41" [_thread_blocked, id=26700, stack(0x000000ee5d100000,0x000000ee5d200000)]
  0x00000237c72dfbc0 JavaThread "Unconstrained build operations Thread 42" [_thread_blocked, id=9212, stack(0x000000ee5d200000,0x000000ee5d300000)]
  0x00000237c72e0a30 JavaThread "Unconstrained build operations Thread 43" [_thread_blocked, id=14160, stack(0x000000ee5d300000,0x000000ee5d400000)]
  0x00000237c72e2be0 JavaThread "Unconstrained build operations Thread 44" [_thread_blocked, id=26800, stack(0x000000ee5d400000,0x000000ee5d500000)]
  0x00000237c72e48c0 JavaThread "Unconstrained build operations Thread 45" [_thread_blocked, id=13376, stack(0x000000ee5d500000,0x000000ee5d600000)]
  0x00000237c72e30b0 JavaThread "Unconstrained build operations Thread 46" [_thread_blocked, id=17820, stack(0x000000ee5d600000,0x000000ee5d700000)]
  0x00000237c72e5260 JavaThread "Unconstrained build operations Thread 47" [_thread_blocked, id=9044, stack(0x000000ee5d700000,0x000000ee5d800000)]
  0x00000237c72e2240 JavaThread "Unconstrained build operations Thread 48" [_thread_blocked, id=13936, stack(0x000000ee5d800000,0x000000ee5d900000)]
  0x00000237c72e4d90 JavaThread "Unconstrained build operations Thread 49" [_thread_blocked, id=25744, stack(0x000000ee5d900000,0x000000ee5da00000)]
  0x00000237c72ded50 JavaThread "Unconstrained build operations Thread 50" [_thread_blocked, id=23092, stack(0x000000ee5da00000,0x000000ee5db00000)]
  0x00000237c72e5730 JavaThread "Unconstrained build operations Thread 51" [_thread_blocked, id=7976, stack(0x000000ee5db00000,0x000000ee5dc00000)]
  0x00000237c72ddee0 JavaThread "Unconstrained build operations Thread 52" [_thread_blocked, id=26132, stack(0x000000ee5dc00000,0x000000ee5dd00000)]
  0x00000237c72de3b0 JavaThread "Unconstrained build operations Thread 53" [_thread_blocked, id=18060, stack(0x000000ee5dd00000,0x000000ee5de00000)]
  0x00000237c72de880 JavaThread "Unconstrained build operations Thread 54" [_thread_blocked, id=22560, stack(0x000000ee5de00000,0x000000ee5df00000)]
  0x00000237c17f6bd0 JavaThread "Unconstrained build operations Thread 55" [_thread_blocked, id=10696, stack(0x000000ee5df00000,0x000000ee5e000000)]
  0x00000237c17fa590 JavaThread "Unconstrained build operations Thread 56" [_thread_blocked, id=11552, stack(0x000000ee5e000000,0x000000ee5e100000)]
  0x00000237c17f9720 JavaThread "Unconstrained build operations Thread 57" [_thread_blocked, id=2656, stack(0x000000ee5e100000,0x000000ee5e200000)]
  0x00000237c17f9bf0 JavaThread "Unconstrained build operations Thread 58" [_thread_blocked, id=1740, stack(0x000000ee5e200000,0x000000ee5e300000)]
  0x00000237c17f7f10 JavaThread "Unconstrained build operations Thread 59" [_thread_blocked, id=20860, stack(0x000000ee5e300000,0x000000ee5e400000)]
  0x00000237c17fa0c0 JavaThread "Unconstrained build operations Thread 60" [_thread_blocked, id=24880, stack(0x000000ee5e400000,0x000000ee5e500000)]
  0x00000237c17faa60 JavaThread "Unconstrained build operations Thread 61" [_thread_blocked, id=28568, stack(0x000000ee5e500000,0x000000ee5e600000)]
  0x00000237c17fc270 JavaThread "Unconstrained build operations Thread 62" [_thread_blocked, id=20428, stack(0x000000ee5e600000,0x000000ee5e700000)]
  0x00000237c17f88b0 JavaThread "Unconstrained build operations Thread 63" [_thread_blocked, id=27552, stack(0x000000ee5e700000,0x000000ee5e800000)]
  0x00000237c17fd5b0 JavaThread "Unconstrained build operations Thread 64" [_thread_blocked, id=20000, stack(0x000000ee5e800000,0x000000ee5e900000)]
  0x00000237c17f9250 JavaThread "Unconstrained build operations Thread 65" [_thread_blocked, id=28032, stack(0x000000ee5e900000,0x000000ee5ea00000)]
  0x00000237c17fd0e0 JavaThread "Unconstrained build operations Thread 66" [_thread_blocked, id=18712, stack(0x000000ee5ea00000,0x000000ee5eb00000)]
  0x00000237c17fda80 JavaThread "Unconstrained build operations Thread 67" [_thread_blocked, id=27224, stack(0x000000ee5eb00000,0x000000ee5ec00000)]
  0x00000237c17fcc10 JavaThread "Unconstrained build operations Thread 68" [_thread_blocked, id=4828, stack(0x000000ee5ec00000,0x000000ee5ed00000)]
  0x00000237c17f6230 JavaThread "Unconstrained build operations Thread 69" [_thread_blocked, id=25260, stack(0x000000ee5ed00000,0x000000ee5ee00000)]
  0x00000237c17f8d80 JavaThread "Unconstrained build operations Thread 70" [_thread_blocked, id=22876, stack(0x000000ee5ee00000,0x000000ee5ef00000)]
  0x00000237c17faf30 JavaThread "Unconstrained build operations Thread 71" [_thread_blocked, id=20752, stack(0x000000ee5ef00000,0x000000ee5f000000)]
  0x00000237c17fb400 JavaThread "Unconstrained build operations Thread 72" [_thread_blocked, id=2732, stack(0x000000ee5f000000,0x000000ee5f100000)]
  0x00000237c17fbda0 JavaThread "Unconstrained build operations Thread 73" [_thread_blocked, id=25384, stack(0x000000ee5f100000,0x000000ee5f200000)]
  0x00000237c17fb8d0 JavaThread "Unconstrained build operations Thread 74" [_thread_blocked, id=25852, stack(0x000000ee5f200000,0x000000ee5f300000)]
  0x00000237c17f6700 JavaThread "Unconstrained build operations Thread 75" [_thread_blocked, id=3508, stack(0x000000ee5f300000,0x000000ee5f400000)]
  0x00000237c17fc740 JavaThread "Unconstrained build operations Thread 76" [_thread_blocked, id=23912, stack(0x000000ee5f400000,0x000000ee5f500000)]
  0x00000237c17f70a0 JavaThread "Unconstrained build operations Thread 77" [_thread_blocked, id=3020, stack(0x000000ee5f500000,0x000000ee5f600000)]
  0x00000237c17f83e0 JavaThread "Unconstrained build operations Thread 78" [_thread_blocked, id=14356, stack(0x000000ee5f600000,0x000000ee5f700000)]
  0x00000237c17f7570 JavaThread "Unconstrained build operations Thread 79" [_thread_blocked, id=26024, stack(0x000000ee5f700000,0x000000ee5f800000)]
  0x00000237c17f7a40 JavaThread "Unconstrained build operations Thread 80" [_thread_blocked, id=9284, stack(0x000000ee5f800000,0x000000ee5f900000)]
  0x00000237c7300e30 JavaThread "Unconstrained build operations Thread 81" [_thread_blocked, id=19024, stack(0x000000ee5f900000,0x000000ee5fa00000)]
  0x00000237c72fffc0 JavaThread "Unconstrained build operations Thread 82" [_thread_blocked, id=13380, stack(0x000000ee5fa00000,0x000000ee5fb00000)]
  0x00000237c7300960 JavaThread "Unconstrained build operations Thread 83" [_thread_blocked, id=19712, stack(0x000000ee5fb00000,0x000000ee5fc00000)]
  0x00000237c72ff150 JavaThread "Unconstrained build operations Thread 84" [_thread_blocked, id=13000, stack(0x000000ee5fc00000,0x000000ee5fd00000)]
  0x00000237c7301300 JavaThread "Unconstrained build operations Thread 85" [_thread_blocked, id=15828, stack(0x000000ee5fd00000,0x000000ee5fe00000)]
  0x00000237c72fde10 JavaThread "Unconstrained build operations Thread 86" [_thread_blocked, id=19212, stack(0x000000ee5fe00000,0x000000ee5ff00000)]
  0x00000237c7302fe0 JavaThread "Unconstrained build operations Thread 87" [_thread_blocked, id=21964, stack(0x000000ee5ff00000,0x000000ee60000000)]
  0x00000237c7304cc0 JavaThread "Unconstrained build operations Thread 88" [_thread_blocked, id=5572, stack(0x000000ee60000000,0x000000ee60100000)]
  0x00000237c72ffaf0 JavaThread "Unconstrained build operations Thread 89" [_thread_blocked, id=21500, stack(0x000000ee60100000,0x000000ee60200000)]
  0x00000237c73017d0 JavaThread "Unconstrained build operations Thread 90" [_thread_blocked, id=7132, stack(0x000000ee60200000,0x000000ee60300000)]
  0x00000237c7301ca0 JavaThread "Unconstrained build operations Thread 91" [_thread_blocked, id=18116, stack(0x000000ee60300000,0x000000ee60400000)]
  0x00000237c7305190 JavaThread "Unconstrained build operations Thread 92" [_thread_blocked, id=9132, stack(0x000000ee60400000,0x000000ee60500000)]
  0x00000237c7302170 JavaThread "Unconstrained build operations Thread 93" [_thread_blocked, id=24096, stack(0x000000ee60500000,0x000000ee60600000)]
  0x00000237c7302640 JavaThread "Unconstrained build operations Thread 94" [_thread_blocked, id=19112, stack(0x000000ee60600000,0x000000ee60700000)]
  0x00000237c72fe2e0 JavaThread "Unconstrained build operations Thread 95" [_thread_blocked, id=19876, stack(0x000000ee60700000,0x000000ee60800000)]
  0x00000237c72fe7b0 JavaThread "Unconstrained build operations Thread 96" [_thread_blocked, id=22920, stack(0x000000ee60800000,0x000000ee60900000)]
  0x00000237c7302b10 JavaThread "Unconstrained build operations Thread 97" [_thread_blocked, id=26064, stack(0x000000ee60900000,0x000000ee60a00000)]
  0x00000237c73034b0 JavaThread "Unconstrained build operations Thread 98" [_thread_blocked, id=4648, stack(0x000000ee60a00000,0x000000ee60b00000)]
  0x00000237c7305660 JavaThread "Unconstrained build operations Thread 99" [_thread_blocked, id=24448, stack(0x000000ee60b00000,0x000000ee60c00000)]
  0x00000237c7303e50 JavaThread "Unconstrained build operations Thread 100" [_thread_blocked, id=11748, stack(0x000000ee60c00000,0x000000ee60d00000)]
  0x00000237c7304320 JavaThread "Unconstrained build operations Thread 101" [_thread_blocked, id=24916, stack(0x000000ee60d00000,0x000000ee60e00000)]
  0x00000237c7303980 JavaThread "Unconstrained build operations Thread 102" [_thread_blocked, id=11768, stack(0x000000ee60e00000,0x000000ee60f00000)]
  0x00000237c72ff620 JavaThread "Unconstrained build operations Thread 103" [_thread_blocked, id=26988, stack(0x000000ee60f00000,0x000000ee61000000)]
  0x00000237c72fec80 JavaThread "Unconstrained build operations Thread 104" [_thread_blocked, id=27984, stack(0x000000ee61000000,0x000000ee61100000)]
  0x00000237c7300490 JavaThread "Unconstrained build operations Thread 105" [_thread_blocked, id=19796, stack(0x000000ee61100000,0x000000ee61200000)]
  0x00000237c73047f0 JavaThread "Unconstrained build operations Thread 106" [_thread_blocked, id=22248, stack(0x000000ee61200000,0x000000ee61300000)]
  0x00000237c7633870 JavaThread "Unconstrained build operations Thread 107" [_thread_blocked, id=5760, stack(0x000000ee61300000,0x000000ee61400000)]
  0x00000237c762dd00 JavaThread "Unconstrained build operations Thread 108" [_thread_blocked, id=27424, stack(0x000000ee61400000,0x000000ee61500000)]
  0x00000237c7632530 JavaThread "Unconstrained build operations Thread 109" [_thread_blocked, id=14008, stack(0x000000ee61500000,0x000000ee61600000)]
  0x00000237c762d360 JavaThread "Unconstrained build operations Thread 110" [_thread_blocked, id=15612, stack(0x000000ee61600000,0x000000ee61700000)]
  0x00000237c7632ed0 JavaThread "Unconstrained build operations Thread 111" [_thread_blocked, id=12616, stack(0x000000ee61700000,0x000000ee61800000)]
  0x00000237c762feb0 JavaThread "Unconstrained build operations Thread 112" [_thread_blocked, id=17264, stack(0x000000ee61800000,0x000000ee61900000)]
  0x00000237c7631b90 JavaThread "Unconstrained build operations Thread 113" [_thread_blocked, id=7248, stack(0x000000ee61900000,0x000000ee61a00000)]
  0x00000237c762c9c0 JavaThread "Unconstrained build operations Thread 114" [_thread_blocked, id=9996, stack(0x000000ee61a00000,0x000000ee61b00000)]
  0x00000237c762c4f0 JavaThread "Unconstrained build operations Thread 115" [_thread_blocked, id=9176, stack(0x000000ee61b00000,0x000000ee61c00000)]
  0x00000237c762eb70 JavaThread "Unconstrained build operations Thread 116" [_thread_blocked, id=22252, stack(0x000000ee61c00000,0x000000ee61d00000)]
  0x00000237c762d830 JavaThread "Unconstrained build operations Thread 117" [_thread_blocked, id=26300, stack(0x000000ee61d00000,0x000000ee61e00000)]
  0x00000237c762e6a0 JavaThread "Unconstrained build operations Thread 118" [_thread_blocked, id=21448, stack(0x000000ee61e00000,0x000000ee61f00000)]
  0x00000237c7632a00 JavaThread "Unconstrained build operations Thread 119" [_thread_blocked, id=26420, stack(0x000000ee61f00000,0x000000ee62000000)]
  0x00000237c762f040 JavaThread "Unconstrained build operations Thread 120" [_thread_blocked, id=22084, stack(0x000000ee62000000,0x000000ee62100000)]

Other Threads:
=>0x00000237c09234a0 VMThread "VM Thread" [stack: 0x000000ee56a00000,0x000000ee56b00000] [id=8972]
  0x00000237a66d3720 WatcherThread [stack: 0x000000ee57600000,0x000000ee57700000] [id=4268]
  0x00000237a66bbd90 GCTaskThread "GC Thread#0" [stack: 0x000000ee56500000,0x000000ee56600000] [id=18944]
  0x00000237c1bbd290 GCTaskThread "GC Thread#1" [stack: 0x000000ee57800000,0x000000ee57900000] [id=23416]
  0x00000237c257bd20 GCTaskThread "GC Thread#2" [stack: 0x000000ee57900000,0x000000ee57a00000] [id=17960]
  0x00000237c230f5f0 GCTaskThread "GC Thread#3" [stack: 0x000000ee57a00000,0x000000ee57b00000] [id=16072]
  0x00000237c230f8a0 GCTaskThread "GC Thread#4" [stack: 0x000000ee57b00000,0x000000ee57c00000] [id=11236]
  0x00000237c3a01470 GCTaskThread "GC Thread#5" [stack: 0x000000ee58600000,0x000000ee58700000] [id=24260]
  0x00000237c3a01720 GCTaskThread "GC Thread#6" [stack: 0x000000ee58700000,0x000000ee58800000] [id=22680]
  0x00000237c3a909b0 GCTaskThread "GC Thread#7" [stack: 0x000000ee58800000,0x000000ee58900000] [id=15836]
  0x00000237c3a90c60 GCTaskThread "GC Thread#8" [stack: 0x000000ee58900000,0x000000ee58a00000] [id=20368]
  0x00000237c3a90f10 GCTaskThread "GC Thread#9" [stack: 0x000000ee58a00000,0x000000ee58b00000] [id=5640]
  0x00000237a66cccd0 ConcurrentGCThread "G1 Main Marker" [stack: 0x000000ee56600000,0x000000ee56700000] [id=15740]
  0x00000237a66cde80 ConcurrentGCThread "G1 Conc#0" [stack: 0x000000ee56700000,0x000000ee56800000] [id=15788]
  0x00000237c2cb5e60 ConcurrentGCThread "G1 Conc#1" [stack: 0x000000ee58b00000,0x000000ee58c00000] [id=20616]
  0x00000237c3f0d8c0 ConcurrentGCThread "G1 Conc#2" [stack: 0x000000ee58c00000,0x000000ee58d00000] [id=28212]
  0x00000237c07d2570 ConcurrentGCThread "G1 Refine#0" [stack: 0x000000ee56800000,0x000000ee56900000] [id=25192]
  0x00000237c07d2f90 ConcurrentGCThread "G1 Service" [stack: 0x000000ee56900000,0x000000ee56a00000] [id=25964]

Threads with active compile tasks:
C1 CompilerThread0     8430 6480       3       org.gradle.internal.fingerprint.classpath.impl.ClasspathFingerprintingStrategy$ClasspathFingerprintingVisitor$1::<init> (20 bytes)

VM state: at safepoint (normal execution)

VM Mutex/Monitor currently owned by a thread:  ([mutex/lock_event])
[0x00000237a665cc90] Threads_lock - owner thread: 0x00000237c09234a0
[0x00000237a665ba90] Heap_lock - owner thread: 0x00000237c3948560

Heap address: 0x0000000080000000, size: 2048 MB, Compressed Oops mode: 32-bit

CDS archive(s) not mapped
Compressed class space mapped at: 0x0000000100000000-0x0000000140000000, reserved size: 1073741824
Narrow klass base: 0x0000000000000000, Narrow klass shift: 3, Narrow klass range: 0x140000000

GC Precious Log:
 CPUs: 12 total, 12 available
 Memory: 14188M
 Large Page Support: Disabled
 NUMA Support: Disabled
 Compressed Oops: Enabled (32-bit)
 Heap Region Size: 1M
 Heap Min Capacity: 8M
 Heap Initial Capacity: 222M
 Heap Max Capacity: 2G
 Pre-touch: Disabled
 Parallel Workers: 10
 Concurrent Workers: 3
 Concurrent Refinement Workers: 10
 Periodic GC: Disabled

Heap:
 garbage-first heap   total 132096K, used 78469K [0x0000000080000000, 0x0000000100000000)
  region size 1024K, 3 young (3072K), 3 survivors (3072K)
 Metaspace       used 62760K, committed 63424K, reserved 1105920K
  class space    used 8381K, committed 8704K, reserved 1048576K

Heap Regions: E=young(eden), S=young(survivor), O=old, HS=humongous(starts), HC=humongous(continues), CS=collection set, F=free, OA=open archive, CA=closed archive, TAMS=top-at-mark-start (previous, next)
|   0|0x0000000080000000, 0x0000000080100000, 0x0000000080100000|100%|HS|  |TAMS 0x0000000080100000, 0x0000000080000000| Complete 
|   1|0x0000000080100000, 0x0000000080200000, 0x0000000080200000|100%|HC|  |TAMS 0x0000000080200000, 0x0000000080100000| Complete 
|   2|0x0000000080200000, 0x0000000080300000, 0x0000000080300000|100%|HC|  |TAMS 0x0000000080300000, 0x0000000080200000| Complete 
|   3|0x0000000080300000, 0x0000000080400000, 0x0000000080400000|100%|HC|  |TAMS 0x0000000080400000, 0x0000000080300000| Complete 
|   4|0x0000000080400000, 0x0000000080500000, 0x0000000080500000|100%| O|  |TAMS 0x0000000080500000, 0x0000000080400000| Untracked 
|   5|0x0000000080500000, 0x0000000080600000, 0x0000000080600000|100%| O|  |TAMS 0x0000000080600000, 0x0000000080500000| Untracked 
|   6|0x0000000080600000, 0x0000000080700000, 0x0000000080700000|100%| O|  |TAMS 0x0000000080700000, 0x0000000080600000| Untracked 
|   7|0x0000000080700000, 0x0000000080800000, 0x0000000080800000|100%| O|  |TAMS 0x0000000080800000, 0x0000000080700000| Untracked 
|   8|0x0000000080800000, 0x0000000080900000, 0x0000000080900000|100%| O|  |TAMS 0x0000000080900000, 0x0000000080800000| Untracked 
|   9|0x0000000080900000, 0x0000000080a00000, 0x0000000080a00000|100%| O|  |TAMS 0x0000000080a00000, 0x0000000080900000| Untracked 
|  10|0x0000000080a00000, 0x0000000080b00000, 0x0000000080b00000|100%| O|  |TAMS 0x0000000080b00000, 0x0000000080a00000| Untracked 
|  11|0x0000000080b00000, 0x0000000080b59800, 0x0000000080c00000| 34%| O|  |TAMS 0x0000000080b59800, 0x0000000080b00000| Untracked 
|  12|0x0000000080c00000, 0x0000000080d00000, 0x0000000080d00000|100%| O|  |TAMS 0x0000000080d00000, 0x0000000080c00000| Untracked 
|  13|0x0000000080d00000, 0x0000000080e00000, 0x0000000080e00000|100%| O|  |TAMS 0x0000000080e00000, 0x0000000080d00000| Untracked 
|  14|0x0000000080e00000, 0x0000000080f00000, 0x0000000080f00000|100%| O|  |TAMS 0x0000000080f00000, 0x0000000080e00000| Untracked 
|  15|0x0000000080f00000, 0x0000000081000000, 0x0000000081000000|100%| O|  |TAMS 0x0000000081000000, 0x0000000080f00000| Untracked 
|  16|0x0000000081000000, 0x0000000081100000, 0x0000000081100000|100%| O|  |TAMS 0x0000000081100000, 0x0000000081000000| Untracked 
|  17|0x0000000081100000, 0x0000000081200000, 0x0000000081200000|100%| O|  |TAMS 0x0000000081200000, 0x0000000081100000| Untracked 
|  18|0x0000000081200000, 0x0000000081300000, 0x0000000081300000|100%| O|  |TAMS 0x0000000081300000, 0x0000000081200000| Untracked 
|  19|0x0000000081300000, 0x0000000081400000, 0x0000000081400000|100%|HS|  |TAMS 0x0000000081400000, 0x0000000081300000| Complete 
|  20|0x0000000081400000, 0x0000000081500000, 0x0000000081500000|100%|HC|  |TAMS 0x0000000081500000, 0x0000000081400000| Complete 
|  21|0x0000000081500000, 0x0000000081600000, 0x0000000081600000|100%|HS|  |TAMS 0x0000000081600000, 0x0000000081500000| Complete 
|  22|0x0000000081600000, 0x0000000081700000, 0x0000000081700000|100%|HC|  |TAMS 0x0000000081700000, 0x0000000081600000| Complete 
|  23|0x0000000081700000, 0x0000000081800000, 0x0000000081800000|100%|HC|  |TAMS 0x0000000081800000, 0x0000000081700000| Complete 
|  24|0x0000000081800000, 0x0000000081900000, 0x0000000081900000|100%| O|  |TAMS 0x0000000081900000, 0x0000000081800000| Untracked 
|  25|0x0000000081900000, 0x0000000081a00000, 0x0000000081a00000|100%| O|  |TAMS 0x0000000081a00000, 0x0000000081900000| Untracked 
|  26|0x0000000081a00000, 0x0000000081b00000, 0x0000000081b00000|100%| O|  |TAMS 0x0000000081b00000, 0x0000000081a00000| Untracked 
|  27|0x0000000081b00000, 0x0000000081c00000, 0x0000000081c00000|100%|HS|  |TAMS 0x0000000081c00000, 0x0000000081b00000| Complete 
|  28|0x0000000081c00000, 0x0000000081d00000, 0x0000000081d00000|100%|HC|  |TAMS 0x0000000081d00000, 0x0000000081c00000| Complete 
|  29|0x0000000081d00000, 0x0000000081e00000, 0x0000000081e00000|100%|HC|  |TAMS 0x0000000081e00000, 0x0000000081d00000| Complete 
|  30|0x0000000081e00000, 0x0000000081f00000, 0x0000000081f00000|100%| O|  |TAMS 0x0000000081f00000, 0x0000000081e00000| Untracked 
|  31|0x0000000081f00000, 0x0000000082000000, 0x0000000082000000|100%| O|  |TAMS 0x0000000082000000, 0x0000000081f00000| Untracked 
|  32|0x0000000082000000, 0x0000000082100000, 0x0000000082100000|100%| O|  |TAMS 0x0000000082100000, 0x0000000082000000| Untracked 
|  33|0x0000000082100000, 0x0000000082200000, 0x0000000082200000|100%|HS|  |TAMS 0x0000000082200000, 0x0000000082100000| Complete 
|  34|0x0000000082200000, 0x0000000082300000, 0x0000000082300000|100%|HC|  |TAMS 0x0000000082300000, 0x0000000082200000| Complete 
|  35|0x0000000082300000, 0x0000000082400000, 0x0000000082400000|100%| O|  |TAMS 0x0000000082400000, 0x0000000082300000| Untracked 
|  36|0x0000000082400000, 0x0000000082500000, 0x0000000082500000|100%| O|  |TAMS 0x0000000082500000, 0x0000000082400000| Untracked 
|  37|0x0000000082500000, 0x0000000082600000, 0x0000000082600000|100%| O|  |TAMS 0x0000000082600000, 0x0000000082500000| Untracked 
|  38|0x0000000082600000, 0x0000000082700000, 0x0000000082700000|100%| O|  |TAMS 0x0000000082700000, 0x0000000082600000| Untracked 
|  39|0x0000000082700000, 0x0000000082800000, 0x0000000082800000|100%| O|  |TAMS 0x0000000082800000, 0x0000000082700000| Untracked 
|  40|0x0000000082800000, 0x0000000082900000, 0x0000000082900000|100%| O|  |TAMS 0x0000000082900000, 0x0000000082800000| Untracked 
|  41|0x0000000082900000, 0x0000000082a00000, 0x0000000082a00000|100%| O|  |TAMS 0x0000000082a00000, 0x0000000082900000| Untracked 
|  42|0x0000000082a00000, 0x0000000082b00000, 0x0000000082b00000|100%|HS|  |TAMS 0x0000000082b00000, 0x0000000082a00000| Complete 
|  43|0x0000000082b00000, 0x0000000082c00000, 0x0000000082c00000|100%|HC|  |TAMS 0x0000000082c00000, 0x0000000082b00000| Complete 
|  44|0x0000000082c00000, 0x0000000082d00000, 0x0000000082d00000|100%|HC|  |TAMS 0x0000000082d00000, 0x0000000082c00000| Complete 
|  45|0x0000000082d00000, 0x0000000082e00000, 0x0000000082e00000|100%|HS|  |TAMS 0x0000000082e00000, 0x0000000082d00000| Complete 
|  46|0x0000000082e00000, 0x0000000082f00000, 0x0000000082f00000|100%|HC|  |TAMS 0x0000000082f00000, 0x0000000082e00000| Complete 
|  47|0x0000000082f00000, 0x0000000083000000, 0x0000000083000000|100%|HC|  |TAMS 0x0000000083000000, 0x0000000082f00000| Complete 
|  48|0x0000000083000000, 0x0000000083100000, 0x0000000083100000|100%|HC|  |TAMS 0x0000000083100000, 0x0000000083000000| Complete 
|  49|0x0000000083100000, 0x0000000083200000, 0x0000000083200000|100%|HC|  |TAMS 0x0000000083200000, 0x0000000083100000| Complete 
|  50|0x0000000083200000, 0x0000000083300000, 0x0000000083300000|100%|HC|  |TAMS 0x0000000083300000, 0x0000000083200000| Complete 
|  51|0x0000000083300000, 0x0000000083400000, 0x0000000083400000|100%|HC|  |TAMS 0x0000000083400000, 0x0000000083300000| Complete 
|  52|0x0000000083400000, 0x0000000083500000, 0x0000000083500000|100%|HC|  |TAMS 0x0000000083500000, 0x0000000083400000| Complete 
|  53|0x0000000083500000, 0x0000000083600000, 0x0000000083600000|100%|HC|  |TAMS 0x0000000083600000, 0x0000000083500000| Complete 
|  54|0x0000000083600000, 0x0000000083700000, 0x0000000083700000|100%|HC|  |TAMS 0x0000000083700000, 0x0000000083600000| Complete 
|  55|0x0000000083700000, 0x0000000083800000, 0x0000000083800000|100%|HC|  |TAMS 0x0000000083800000, 0x0000000083700000| Complete 
|  56|0x0000000083800000, 0x0000000083900000, 0x0000000083900000|100%|HC|  |TAMS 0x0000000083900000, 0x0000000083800000| Complete 
|  57|0x0000000083900000, 0x0000000083a00000, 0x0000000083a00000|100%| O|  |TAMS 0x0000000083a00000, 0x0000000083900000| Untracked 
|  58|0x0000000083a00000, 0x0000000083b00000, 0x0000000083b00000|100%| O|  |TAMS 0x0000000083b00000, 0x0000000083a00000| Untracked 
|  59|0x0000000083b00000, 0x0000000083c00000, 0x0000000083c00000|100%|HS|  |TAMS 0x0000000083c00000, 0x0000000083b00000| Complete 
|  60|0x0000000083c00000, 0x0000000083d00000, 0x0000000083d00000|100%|HC|  |TAMS 0x0000000083d00000, 0x0000000083c00000| Complete 
|  61|0x0000000083d00000, 0x0000000083e00000, 0x0000000083e00000|100%|HC|  |TAMS 0x0000000083e00000, 0x0000000083d00000| Complete 
|  62|0x0000000083e00000, 0x0000000083f00000, 0x0000000083f00000|100%| O|  |TAMS 0x0000000083f00000, 0x0000000083e00000| Untracked 
|  63|0x0000000083f00000, 0x0000000084000000, 0x0000000084000000|100%| O|  |TAMS 0x0000000084000000, 0x0000000083f00000| Untracked 
|  64|0x0000000084000000, 0x0000000084100000, 0x0000000084100000|100%| O|  |TAMS 0x0000000084100000, 0x0000000084000000| Untracked 
|  65|0x0000000084100000, 0x0000000084200000, 0x0000000084200000|100%| O|  |TAMS 0x0000000084200000, 0x0000000084100000| Untracked 
|  66|0x0000000084200000, 0x0000000084300000, 0x0000000084300000|100%| O|  |TAMS 0x0000000084300000, 0x0000000084200000| Untracked 
|  67|0x0000000084300000, 0x0000000084400000, 0x0000000084400000|100%| O|  |TAMS 0x0000000084400000, 0x0000000084300000| Untracked 
|  68|0x0000000084400000, 0x0000000084500000, 0x0000000084500000|100%| O|  |TAMS 0x0000000084500000, 0x0000000084400000| Untracked 
|  69|0x0000000084500000, 0x0000000084600000, 0x0000000084600000|100%| O|  |TAMS 0x0000000084600000, 0x0000000084500000| Untracked 
|  70|0x0000000084600000, 0x0000000084700000, 0x0000000084700000|100%| O|  |TAMS 0x0000000084686600, 0x0000000084600000| Untracked 
|  71|0x0000000084700000, 0x0000000084800000, 0x0000000084800000|100%| O|  |TAMS 0x0000000084700000, 0x0000000084700000| Untracked 
|  72|0x0000000084800000, 0x0000000084900000, 0x0000000084900000|100%| O|  |TAMS 0x0000000084800000, 0x0000000084800000| Untracked 
|  73|0x0000000084900000, 0x0000000084a00000, 0x0000000084a00000|100%| O|  |TAMS 0x0000000084900000, 0x0000000084900000| Untracked 
|  74|0x0000000084a00000, 0x0000000084b00000, 0x0000000084b00000|100%| O|  |TAMS 0x0000000084a00000, 0x0000000084a00000| Untracked 
|  75|0x0000000084b00000, 0x0000000084b17e00, 0x0000000084c00000|  9%| O|  |TAMS 0x0000000084b00000, 0x0000000084b00000| Untracked 
|  76|0x0000000084c00000, 0x0000000084c00000, 0x0000000084d00000|  0%| F|  |TAMS 0x0000000084c00000, 0x0000000084c00000| Untracked 
|  77|0x0000000084d00000, 0x0000000084d00000, 0x0000000084e00000|  0%| F|  |TAMS 0x0000000084d00000, 0x0000000084d00000| Untracked 
|  78|0x0000000084e00000, 0x0000000084e00000, 0x0000000084f00000|  0%| F|  |TAMS 0x0000000084e00000, 0x0000000084e00000| Untracked 
|  79|0x0000000084f00000, 0x0000000084f00000, 0x0000000085000000|  0%| F|  |TAMS 0x0000000084f00000, 0x0000000084f00000| Untracked 
|  80|0x0000000085000000, 0x0000000085000000, 0x0000000085100000|  0%| F|  |TAMS 0x0000000085000000, 0x0000000085000000| Untracked 
|  81|0x0000000085100000, 0x0000000085100000, 0x0000000085200000|  0%| F|  |TAMS 0x0000000085100000, 0x0000000085100000| Untracked 
|  82|0x0000000085200000, 0x0000000085200000, 0x0000000085300000|  0%| F|  |TAMS 0x0000000085200000, 0x0000000085200000| Untracked 
|  83|0x0000000085300000, 0x0000000085300000, 0x0000000085400000|  0%| F|  |TAMS 0x0000000085300000, 0x0000000085300000| Untracked 
|  84|0x0000000085400000, 0x0000000085400000, 0x0000000085500000|  0%| F|  |TAMS 0x0000000085400000, 0x0000000085400000| Untracked 
|  85|0x0000000085500000, 0x0000000085500000, 0x0000000085600000|  0%| F|  |TAMS 0x0000000085500000, 0x0000000085500000| Untracked 
|  86|0x0000000085600000, 0x0000000085600000, 0x0000000085700000|  0%| F|  |TAMS 0x0000000085600000, 0x0000000085600000| Untracked 
|  87|0x0000000085700000, 0x0000000085700000, 0x0000000085800000|  0%| F|  |TAMS 0x0000000085700000, 0x0000000085700000| Untracked 
|  88|0x0000000085800000, 0x0000000085800000, 0x0000000085900000|  0%| F|  |TAMS 0x0000000085800000, 0x0000000085800000| Untracked 
|  89|0x0000000085900000, 0x0000000085900000, 0x0000000085a00000|  0%| F|  |TAMS 0x0000000085900000, 0x0000000085900000| Untracked 
|  90|0x0000000085a00000, 0x0000000085a00000, 0x0000000085b00000|  0%| F|  |TAMS 0x0000000085a00000, 0x0000000085a00000| Untracked 
|  91|0x0000000085b00000, 0x0000000085b00000, 0x0000000085c00000|  0%| F|  |TAMS 0x0000000085b00000, 0x0000000085b00000| Untracked 
|  92|0x0000000085c00000, 0x0000000085c00000, 0x0000000085d00000|  0%| F|  |TAMS 0x0000000085c00000, 0x0000000085c00000| Untracked 
|  93|0x0000000085d00000, 0x0000000085d00000, 0x0000000085e00000|  0%| F|  |TAMS 0x0000000085d00000, 0x0000000085d00000| Untracked 
|  94|0x0000000085e00000, 0x0000000085e00000, 0x0000000085f00000|  0%| F|  |TAMS 0x0000000085e00000, 0x0000000085e00000| Untracked 
|  95|0x0000000085f00000, 0x0000000085f00000, 0x0000000086000000|  0%| F|  |TAMS 0x0000000085f00000, 0x0000000085f00000| Untracked 
|  96|0x0000000086000000, 0x0000000086000000, 0x0000000086100000|  0%| F|  |TAMS 0x0000000086000000, 0x0000000086000000| Untracked 
|  97|0x0000000086100000, 0x0000000086100000, 0x0000000086200000|  0%| F|  |TAMS 0x0000000086100000, 0x0000000086100000| Untracked 
|  98|0x0000000086200000, 0x0000000086200000, 0x0000000086300000|  0%| F|  |TAMS 0x0000000086200000, 0x0000000086200000| Untracked 
|  99|0x0000000086300000, 0x0000000086300000, 0x0000000086400000|  0%| F|  |TAMS 0x0000000086300000, 0x0000000086300000| Untracked 
| 100|0x0000000086400000, 0x0000000086400000, 0x0000000086500000|  0%| F|  |TAMS 0x0000000086400000, 0x0000000086400000| Untracked 
| 101|0x0000000086500000, 0x0000000086500000, 0x0000000086600000|  0%| F|  |TAMS 0x0000000086500000, 0x0000000086500000| Untracked 
| 102|0x0000000086600000, 0x0000000086600000, 0x0000000086700000|  0%| F|  |TAMS 0x0000000086600000, 0x0000000086600000| Untracked 
| 103|0x0000000086700000, 0x00000000867300f0, 0x0000000086800000| 18%| S|CS|TAMS 0x0000000086700000, 0x0000000086700000| Complete 
| 104|0x0000000086800000, 0x0000000086900000, 0x0000000086900000|100%| S|CS|TAMS 0x0000000086800000, 0x0000000086800000| Complete 
| 105|0x0000000086900000, 0x0000000086a00000, 0x0000000086a00000|100%| S|CS|TAMS 0x0000000086900000, 0x0000000086900000| Complete 
| 106|0x0000000086a00000, 0x0000000086a00000, 0x0000000086b00000|  0%| F|  |TAMS 0x0000000086a00000, 0x0000000086a00000| Untracked 
| 107|0x0000000086b00000, 0x0000000086b00000, 0x0000000086c00000|  0%| F|  |TAMS 0x0000000086b00000, 0x0000000086b00000| Untracked 
| 108|0x0000000086c00000, 0x0000000086c00000, 0x0000000086d00000|  0%| F|  |TAMS 0x0000000086c00000, 0x0000000086c00000| Untracked 
| 109|0x0000000086d00000, 0x0000000086d00000, 0x0000000086e00000|  0%| F|  |TAMS 0x0000000086d00000, 0x0000000086d00000| Untracked 
| 110|0x0000000086e00000, 0x0000000086e00000, 0x0000000086f00000|  0%| F|  |TAMS 0x0000000086e00000, 0x0000000086e00000| Untracked 
| 111|0x0000000086f00000, 0x0000000086f00000, 0x0000000087000000|  0%| F|  |TAMS 0x0000000086f00000, 0x0000000086f00000| Untracked 
| 112|0x0000000087000000, 0x0000000087000000, 0x0000000087100000|  0%| F|  |TAMS 0x0000000087000000, 0x0000000087000000| Untracked 
| 113|0x0000000087100000, 0x0000000087100000, 0x0000000087200000|  0%| F|  |TAMS 0x0000000087100000, 0x0000000087100000| Untracked 
| 114|0x0000000087200000, 0x0000000087200000, 0x0000000087300000|  0%| F|  |TAMS 0x0000000087200000, 0x0000000087200000| Untracked 
| 115|0x0000000087300000, 0x0000000087300000, 0x0000000087400000|  0%| F|  |TAMS 0x0000000087300000, 0x0000000087300000| Untracked 
| 116|0x0000000087400000, 0x0000000087400000, 0x0000000087500000|  0%| F|  |TAMS 0x0000000087400000, 0x0000000087400000| Untracked 
| 117|0x0000000087500000, 0x0000000087500000, 0x0000000087600000|  0%| F|  |TAMS 0x0000000087500000, 0x0000000087500000| Untracked 
| 118|0x0000000087600000, 0x0000000087600000, 0x0000000087700000|  0%| F|  |TAMS 0x0000000087600000, 0x0000000087600000| Untracked 
| 119|0x0000000087700000, 0x0000000087700000, 0x0000000087800000|  0%| F|  |TAMS 0x0000000087700000, 0x0000000087700000| Untracked 
| 172|0x000000008ac00000, 0x000000008ac00000, 0x000000008ad00000|  0%| F|  |TAMS 0x000000008ac00000, 0x000000008ac00000| Untracked 
| 173|0x000000008ad00000, 0x000000008ad00000, 0x000000008ae00000|  0%| F|  |TAMS 0x000000008ad00000, 0x000000008ad00000| Untracked 
| 174|0x000000008ae00000, 0x000000008ae00000, 0x000000008af00000|  0%| F|  |TAMS 0x000000008ae00000, 0x000000008ae00000| Untracked 
| 175|0x000000008af00000, 0x000000008af00000, 0x000000008b000000|  0%| F|  |TAMS 0x000000008af00000, 0x000000008af00000| Untracked 
| 176|0x000000008b000000, 0x000000008b000000, 0x000000008b100000|  0%| F|  |TAMS 0x000000008b000000, 0x000000008b000000| Untracked 
| 177|0x000000008b100000, 0x000000008b100000, 0x000000008b200000|  0%| F|  |TAMS 0x000000008b100000, 0x000000008b100000| Untracked 
| 178|0x000000008b200000, 0x000000008b200000, 0x000000008b300000|  0%| F|  |TAMS 0x000000008b200000, 0x000000008b200000| Untracked 
| 179|0x000000008b300000, 0x000000008b300000, 0x000000008b400000|  0%| F|  |TAMS 0x000000008b300000, 0x000000008b300000| Untracked 
| 221|0x000000008dd00000, 0x000000008dd00000, 0x000000008de00000|  0%| F|  |TAMS 0x000000008dd00000, 0x000000008dd00000| Untracked 

Card table byte_map: [0x00000237b9490000,0x00000237b9890000] _byte_map_base: 0x00000237b9090000

Marking Bits (Prev, Next): (CMBitMap*) 0x00000237a66bc3a0, (CMBitMap*) 0x00000237a66bc3e0
 Prev Bits: [0x00000237b9c90000, 0x00000237bbc90000)
 Next Bits: [0x00000237bbc90000, 0x00000237bdc90000)

Polling page: 0x00000237a5e20000

Metaspace:

Usage:
  Non-class:     53.10 MB used.
      Class:      8.19 MB used.
       Both:     61.29 MB used.

Virtual space:
  Non-class space:       56.00 MB reserved,      53.44 MB ( 95%) committed,  7 nodes.
      Class space:        1.00 GB reserved,       8.50 MB ( <1%) committed,  1 nodes.
             Both:        1.05 GB reserved,      61.94 MB (  6%) committed. 

Chunk freelists:
   Non-Class:  2.58 MB
       Class:  3.48 MB
        Both:  6.06 MB

MaxMetaspaceSize: unlimited
CompressedClassSpaceSize: 1.00 GB
Initial GC threshold: 21.00 MB
Current GC threshold: 100.62 MB
CDS: off
MetaspaceReclaimPolicy: balanced
 - commit_granule_bytes: 65536.
 - commit_granule_words: 8192.
 - virtual_space_node_default_size: 1048576.
 - enlarge_chunks_in_place: 1.
 - new_chunks_are_fully_committed: 0.
 - uncommit_free_chunks: 1.
 - use_allocation_guard: 0.
 - handle_deallocations: 1.


Internal statistics:

num_allocs_failed_limit: 3.
num_arena_births: 694.
num_arena_deaths: 0.
num_vsnodes_births: 8.
num_vsnodes_deaths: 0.
num_space_committed: 991.
num_space_uncommitted: 0.
num_chunks_returned_to_freelist: 3.
num_chunks_taken_from_freelist: 2683.
num_chunk_merges: 3.
num_chunk_splits: 1737.
num_chunks_enlarged: 1142.
num_purges: 0.
num_inconsistent_stats: 0.

CodeHeap 'non-profiled nmethods': size=120000Kb used=3257Kb max_used=3538Kb free=116743Kb
 bounds [0x00000237b15f0000, 0x00000237b1970000, 0x00000237b8b20000]
CodeHeap 'profiled nmethods': size=120000Kb used=10749Kb max_used=10974Kb free=109251Kb
 bounds [0x00000237a9b20000, 0x00000237aa5e0000, 0x00000237b1050000]
CodeHeap 'non-nmethods': size=5760Kb used=2364Kb max_used=2402Kb free=3395Kb
 bounds [0x00000237b1050000, 0x00000237b12c0000, 0x00000237b15f0000]
 total_blobs=6573 nmethods=5681 adapters=803
 compilation: enabled
              stopped_count=0, restarted_count=0
 full_count=0

Compilation events (20 events):
Event: 8.335 Thread 0x00000237c14b4680 nmethod 6470 0x00000237a9ea8c90 code [0x00000237a9ea8e60, 0x00000237a9ea9208]
Event: 8.335 Thread 0x00000237c14b4680 6471       3       com.google.common.util.concurrent.AbstractFuture::clearListeners (39 bytes)
Event: 8.335 Thread 0x00000237c14b4680 nmethod 6471 0x00000237a9ea8710 code [0x00000237a9ea88c0, 0x00000237a9ea8b28]
Event: 8.335 Thread 0x00000237c14b4680 6472       3       org.gradle.internal.serialize.HashCodeSerializer::read (6 bytes)
Event: 8.335 Thread 0x00000237c14b4680 nmethod 6472 0x00000237a9ea7d90 code [0x00000237a9ea7f60, 0x00000237a9ea8328]
Event: 8.335 Thread 0x00000237c14b4680 6473       3       org.gradle.internal.serialize.kryo.KryoBackedEncoder::writeBytes (11 bytes)
Event: 8.335 Thread 0x00000237c14b4680 nmethod 6473 0x00000237a9cf1910 code [0x00000237a9cf1ac0, 0x00000237a9cf1c28]
Event: 8.335 Thread 0x00000237c14b4680 6474       3       com.esotericsoftware.kryo.io.Output::writeBytes (90 bytes)
Event: 8.336 Thread 0x00000237c2f2a0d0 6476       4       java.nio.ByteBuffer::clear (7 bytes)
Event: 8.336 Thread 0x00000237c14b4680 nmethod 6474 0x00000237a9cf0f90 code [0x00000237a9cf1180, 0x00000237a9cf1728]
Event: 8.336 Thread 0x00000237c14b4680 6475       3       org.gradle.internal.serialize.HashCodeSerializer::write (10 bytes)
Event: 8.336 Thread 0x00000237c14b4680 nmethod 6475 0x00000237a9cf0590 code [0x00000237a9cf0780, 0x00000237a9cf0d68]
Event: 8.336 Thread 0x00000237c14b4680 6477       3       org.gradle.internal.snapshot.RelativePathTracker::isRoot (10 bytes)
Event: 8.336 Thread 0x00000237c14b4680 nmethod 6477 0x00000237a9cf0110 code [0x00000237a9cf02c0, 0x00000237a9cf0488]
Event: 8.336 Thread 0x00000237c2f2a0d0 nmethod 6476 0x00000237b1731a10 code [0x00000237b1731b80, 0x00000237b1731c18]
Event: 8.337 Thread 0x00000237c14b4680 6478       3       com.google.common.base.Stopwatch::elapsedNanos (32 bytes)
Event: 8.337 Thread 0x00000237c14b4680 nmethod 6478 0x00000237a9cefc10 code [0x00000237a9cefdc0, 0x00000237a9cf0028]
Event: 8.337 Thread 0x00000237c14b4680 6479       3       org.gradle.internal.fingerprint.classpath.impl.ClasspathFingerprintingStrategy$ClasspathFingerprintingVisitor::visitEntry (20 bytes)
Event: 8.337 Thread 0x00000237c14b4680 nmethod 6479 0x00000237a9cef510 code [0x00000237a9cef6e0, 0x00000237a9cefae8]
Event: 8.337 Thread 0x00000237c14b4680 6480       3       org.gradle.internal.fingerprint.classpath.impl.ClasspathFingerprintingStrategy$ClasspathFingerprintingVisitor$1::<init> (20 bytes)

GC Heap History (20 events):
Event: 4.936 GC heap after
{Heap after GC invocations=10 (full 0):
 garbage-first heap   total 101376K, used 49728K [0x0000000080000000, 0x0000000100000000)
  region size 1024K, 3 young (3072K), 3 survivors (3072K)
 Metaspace       used 34045K, committed 34432K, reserved 1081344K
  class space    used 4738K, committed 4928K, reserved 1048576K
}
Event: 5.361 GC heap before
{Heap before GC invocations=11 (full 0):
 garbage-first heap   total 101376K, used 76352K [0x0000000080000000, 0x0000000100000000)
  region size 1024K, 30 young (30720K), 3 survivors (3072K)
 Metaspace       used 41222K, committed 41600K, reserved 1089536K
  class space    used 5534K, committed 5696K, reserved 1048576K
}
Event: 5.365 GC heap after
{Heap after GC invocations=12 (full 0):
 garbage-first heap   total 101376K, used 54112K [0x0000000080000000, 0x0000000100000000)
  region size 1024K, 4 young (4096K), 4 survivors (4096K)
 Metaspace       used 41222K, committed 41600K, reserved 1089536K
  class space    used 5534K, committed 5696K, reserved 1048576K
}
Event: 5.521 GC heap before
{Heap before GC invocations=12 (full 0):
 garbage-first heap   total 101376K, used 77664K [0x0000000080000000, 0x0000000100000000)
  region size 1024K, 28 young (28672K), 4 survivors (4096K)
 Metaspace       used 42158K, committed 42560K, reserved 1089536K
  class space    used 5621K, committed 5824K, reserved 1048576K
}
Event: 5.525 GC heap after
{Heap after GC invocations=13 (full 0):
 garbage-first heap   total 101376K, used 56831K [0x0000000080000000, 0x0000000100000000)
  region size 1024K, 3 young (3072K), 3 survivors (3072K)
 Metaspace       used 42158K, committed 42560K, reserved 1089536K
  class space    used 5621K, committed 5824K, reserved 1048576K
}
Event: 5.931 GC heap before
{Heap before GC invocations=14 (full 0):
 garbage-first heap   total 104448K, used 82431K [0x0000000080000000, 0x0000000100000000)
  region size 1024K, 25 young (25600K), 3 survivors (3072K)
 Metaspace       used 45843K, committed 46272K, reserved 1089536K
  class space    used 6063K, committed 6272K, reserved 1048576K
}
Event: 5.933 GC heap after
{Heap after GC invocations=15 (full 0):
 garbage-first heap   total 104448K, used 58134K [0x0000000080000000, 0x0000000100000000)
  region size 1024K, 2 young (2048K), 2 survivors (2048K)
 Metaspace       used 45843K, committed 46272K, reserved 1089536K
  class space    used 6063K, committed 6272K, reserved 1048576K
}
Event: 6.124 GC heap before
{Heap before GC invocations=15 (full 0):
 garbage-first heap   total 104448K, used 66326K [0x0000000080000000, 0x0000000100000000)
  region size 1024K, 12 young (12288K), 2 survivors (2048K)
 Metaspace       used 46653K, committed 47104K, reserved 1089536K
  class space    used 6188K, committed 6400K, reserved 1048576K
}
Event: 6.126 GC heap after
{Heap after GC invocations=16 (full 0):
 garbage-first heap   total 104448K, used 59365K [0x0000000080000000, 0x0000000100000000)
  region size 1024K, 3 young (3072K), 3 survivors (3072K)
 Metaspace       used 46653K, committed 47104K, reserved 1089536K
  class space    used 6188K, committed 6400K, reserved 1048576K
}
Event: 6.328 GC heap before
{Heap before GC invocations=17 (full 0):
 garbage-first heap   total 107520K, used 82917K [0x0000000080000000, 0x0000000100000000)
  region size 1024K, 22 young (22528K), 3 survivors (3072K)
 Metaspace       used 47993K, committed 48448K, reserved 1097728K
  class space    used 6353K, committed 6528K, reserved 1048576K
}
Event: 6.332 GC heap after
{Heap after GC invocations=18 (full 0):
 garbage-first heap   total 107520K, used 69114K [0x0000000080000000, 0x0000000100000000)
  region size 1024K, 4 young (4096K), 4 survivors (4096K)
 Metaspace       used 47993K, committed 48448K, reserved 1097728K
  class space    used 6353K, committed 6528K, reserved 1048576K
}
Event: 6.539 GC heap before
{Heap before GC invocations=19 (full 0):
 garbage-first heap   total 121856K, used 86522K [0x0000000080000000, 0x0000000100000000)
  region size 1024K, 21 young (21504K), 4 survivors (4096K)
 Metaspace       used 49661K, committed 50176K, reserved 1097728K
  class space    used 6503K, committed 6720K, reserved 1048576K
}
Event: 6.541 GC heap after
{Heap after GC invocations=20 (full 0):
 garbage-first heap   total 121856K, used 69470K [0x0000000080000000, 0x0000000100000000)
  region size 1024K, 1 young (1024K), 1 survivors (1024K)
 Metaspace       used 49661K, committed 50176K, reserved 1097728K
  class space    used 6503K, committed 6720K, reserved 1048576K
}
Event: 6.879 GC heap before
{Heap before GC invocations=20 (full 0):
 garbage-first heap   total 121856K, used 94046K [0x0000000080000000, 0x0000000100000000)
  region size 1024K, 26 young (26624K), 1 survivors (1024K)
 Metaspace       used 52389K, committed 52928K, reserved 1097728K
  class space    used 6993K, committed 7232K, reserved 1048576K
}
Event: 6.882 GC heap after
{Heap after GC invocations=21 (full 0):
 garbage-first heap   total 121856K, used 71620K [0x0000000080000000, 0x0000000100000000)
  region size 1024K, 3 young (3072K), 3 survivors (3072K)
 Metaspace       used 52389K, committed 52928K, reserved 1097728K
  class space    used 6993K, committed 7232K, reserved 1048576K
}
Event: 7.235 GC heap before
{Heap before GC invocations=22 (full 0):
 garbage-first heap   total 124928K, used 96196K [0x0000000080000000, 0x0000000100000000)
  region size 1024K, 27 young (27648K), 3 survivors (3072K)
 Metaspace       used 55525K, committed 56064K, reserved 1097728K
  class space    used 7503K, committed 7744K, reserved 1048576K
}
Event: 7.238 GC heap after
{Heap after GC invocations=23 (full 0):
 garbage-first heap   total 124928K, used 72957K [0x0000000080000000, 0x0000000100000000)
  region size 1024K, 2 young (2048K), 2 survivors (2048K)
 Metaspace       used 55525K, committed 56064K, reserved 1097728K
  class space    used 7503K, committed 7744K, reserved 1048576K
}
Event: 7.781 GC heap before
{Heap before GC invocations=23 (full 0):
 garbage-first heap   total 124928K, used 99581K [0x0000000080000000, 0x0000000100000000)
  region size 1024K, 28 young (28672K), 2 survivors (2048K)
 Metaspace       used 60980K, committed 61632K, reserved 1105920K
  class space    used 8184K, committed 8512K, reserved 1048576K
}
Event: 7.785 GC heap after
{Heap after GC invocations=24 (full 0):
 garbage-first heap   total 124928K, used 76353K [0x0000000080000000, 0x0000000100000000)
  region size 1024K, 4 young (4096K), 4 survivors (4096K)
 Metaspace       used 60980K, committed 61632K, reserved 1105920K
  class space    used 8184K, committed 8512K, reserved 1048576K
}
Event: 8.338 GC heap before
{Heap before GC invocations=25 (full 0):
 garbage-first heap   total 132096K, used 98881K [0x0000000080000000, 0x0000000100000000)
  region size 1024K, 27 young (27648K), 4 survivors (4096K)
 Metaspace       used 62760K, committed 63424K, reserved 1105920K
  class space    used 8381K, committed 8704K, reserved 1048576K
}

Dll operation events (2 events):
Event: 0.022 Loaded shared library D:\Program Files\Android\Android Studio\jbr\bin\java.dll
Event: 0.704 Loaded shared library D:\Program Files\Android\Android Studio\jbr\bin\verify.dll

Deoptimization events (20 events):
Event: 8.225 Thread 0x00000237c3e035f0 Uncommon trap: trap_request=0xffffff3d fr.pc=0x00000237b17a1238 relative=0x0000000000000cb8
Event: 8.225 Thread 0x00000237c3e035f0 Uncommon trap: reason=unstable_fused_if action=reinterpret pc=0x00000237b17a1238 method=org.objectweb.asm.ByteVector.putUTF8(Ljava/lang/String;)Lorg/objectweb/asm/ByteVector; @ 93 c2
Event: 8.225 Thread 0x00000237c3e035f0 DEOPT PACKING pc=0x00000237b17a1238 sp=0x000000ee582f7f80
Event: 8.225 Thread 0x00000237c3e035f0 DEOPT UNPACKING pc=0x00000237b10a69a3 sp=0x000000ee582f7ed8 mode 2
Event: 8.225 Thread 0x00000237c3e035f0 Uncommon trap: trap_request=0xffffffdc fr.pc=0x00000237b1777420 relative=0x0000000000000280
Event: 8.225 Thread 0x00000237c3e035f0 Uncommon trap: reason=class_check action=make_not_entrant pc=0x00000237b1777420 method=java.util.ArrayList.toArray([Ljava/lang/Object;)[Ljava/lang/Object; @ 21 c2
Event: 8.225 Thread 0x00000237c3e035f0 DEOPT PACKING pc=0x00000237b1777420 sp=0x000000ee582f8210
Event: 8.225 Thread 0x00000237c3e035f0 DEOPT UNPACKING pc=0x00000237b10a69a3 sp=0x000000ee582f81e0 mode 2
Event: 8.228 Thread 0x00000237c3e035f0 Uncommon trap: trap_request=0xffffff3d fr.pc=0x00000237b1784dd0 relative=0x0000000000000210
Event: 8.228 Thread 0x00000237c3e035f0 Uncommon trap: reason=unstable_fused_if action=reinterpret pc=0x00000237b1784dd0 method=org.objectweb.asm.ByteVector.putUTF8(Ljava/lang/String;)Lorg/objectweb/asm/ByteVector; @ 93 c2
Event: 8.228 Thread 0x00000237c3e035f0 DEOPT PACKING pc=0x00000237b1784dd0 sp=0x000000ee582f7490
Event: 8.228 Thread 0x00000237c3e035f0 DEOPT UNPACKING pc=0x00000237b10a69a3 sp=0x000000ee582f7410 mode 2
Event: 8.246 Thread 0x00000237c3e035f0 Uncommon trap: trap_request=0xffffff45 fr.pc=0x00000237b17c5270 relative=0x0000000000000250
Event: 8.246 Thread 0x00000237c3e035f0 Uncommon trap: reason=unstable_if action=reinterpret pc=0x00000237b17c5270 method=java.util.HashMap.getNode(Ljava/lang/Object;)Ljava/util/HashMap$Node; @ 57 c2
Event: 8.246 Thread 0x00000237c3e035f0 DEOPT PACKING pc=0x00000237b17c5270 sp=0x000000ee582f7f30
Event: 8.246 Thread 0x00000237c3e035f0 DEOPT UNPACKING pc=0x00000237b10a69a3 sp=0x000000ee582f7ea0 mode 2
Event: 8.246 Thread 0x00000237c3e035f0 Uncommon trap: trap_request=0xffffff45 fr.pc=0x00000237b17d1d54 relative=0x00000000000006f4
Event: 8.246 Thread 0x00000237c3e035f0 Uncommon trap: reason=unstable_if action=reinterpret pc=0x00000237b17d1d54 method=java.util.HashMap.putVal(ILjava/lang/Object;Ljava/lang/Object;ZZ)Ljava/lang/Object; @ 85 c2
Event: 8.246 Thread 0x00000237c3e035f0 DEOPT PACKING pc=0x00000237b17d1d54 sp=0x000000ee582f7eb0
Event: 8.246 Thread 0x00000237c3e035f0 DEOPT UNPACKING pc=0x00000237b10a69a3 sp=0x000000ee582f7e38 mode 2

Classes unloaded (0 events):
No events

Classes redefined (0 events):
No events

Internal exceptions (20 events):
Event: 6.621 Thread 0x00000237c3e035f0 Exception <a 'java/lang/NoSuchMethodError'{0x000000008afc9340}: 'int java.lang.invoke.DirectMethodHandle$Holder.invokeStaticInit(java.lang.Object, java.lang.Object, java.lang.Object, java.lang.Object, java.lang.Object)'> (0x000000008afc9340) 
thrown [s\src\hotspot\share\interpreter\linkResolver.cpp, line 771]
Event: 6.685 Thread 0x00000237c3e035f0 Exception <a 'java/lang/NoSuchMethodError'{0x0000000086a1ff30}: 'void java.lang.invoke.DirectMethodHandle$Holder.invokeInterface(java.lang.Object, java.lang.Object)'> (0x0000000086a1ff30) 
thrown [s\src\hotspot\share\interpreter\linkResolver.cpp, line 771]
Event: 6.685 Thread 0x00000237c3e035f0 Exception <a 'java/lang/IncompatibleClassChangeError'{0x0000000086a2b4c8}: Found class java.lang.Object, but interface was expected> (0x0000000086a2b4c8) 
thrown [s\src\hotspot\share\interpreter\linkResolver.cpp, line 838]
Event: 6.749 Thread 0x00000237c3e035f0 Exception <a 'java/lang/ClassNotFoundException'{0x00000000867968e0}: org/jetbrains/plugins/gradle/model/web/WebConfigurationBeanInfo> (0x00000000867968e0) 
thrown [s\src\hotspot\share\classfile\systemDictionary.cpp, line 256]
Event: 6.749 Thread 0x00000237c3e035f0 Exception <a 'java/lang/ClassNotFoundException'{0x000000008679ec68}: org/jetbrains/plugins/gradle/model/web/WebConfigurationCustomizer> (0x000000008679ec68) 
thrown [s\src\hotspot\share\classfile\systemDictionary.cpp, line 256]
Event: 6.751 Thread 0x00000237c3e035f0 Exception <a 'java/lang/ClassNotFoundException'{0x00000000867bd460}: org/jetbrains/plugins/gradle/model/scala/ScalaModelBeanInfo> (0x00000000867bd460) 
thrown [s\src\hotspot\share\classfile\systemDictionary.cpp, line 256]
Event: 6.751 Thread 0x00000237c3e035f0 Exception <a 'java/lang/ClassNotFoundException'{0x00000000867c5768}: org/jetbrains/plugins/gradle/model/scala/ScalaModelCustomizer> (0x00000000867c5768) 
thrown [s\src\hotspot\share\classfile\systemDictionary.cpp, line 256]
Event: 6.754 Thread 0x00000237c3e035f0 Exception <a 'java/lang/ClassNotFoundException'{0x00000000867f6848}: org/jetbrains/plugins/gradle/model/DependencyAccessorsModelBeanInfo> (0x00000000867f6848) 
thrown [s\src\hotspot\share\classfile\systemDictionary.cpp, line 256]
Event: 6.755 Thread 0x00000237c3e035f0 Exception <a 'java/lang/ClassNotFoundException'{0x00000000867fee70}: org/jetbrains/plugins/gradle/model/DependencyAccessorsModelCustomizer> (0x00000000867fee70) 
thrown [s\src\hotspot\share\classfile\systemDictionary.cpp, line 256]
Event: 6.869 Thread 0x00000237c3e035f0 Exception <a 'java/lang/ClassNotFoundException'{0x0000000085e5fbb0}: org/gradle/api/internal/project/DefaultProject_DecoratedBeanInfo> (0x0000000085e5fbb0) 
thrown [s\src\hotspot\share\classfile\systemDictionary.cpp, line 256]
Event: 6.869 Thread 0x00000237c3e035f0 Exception <a 'java/lang/ClassNotFoundException'{0x0000000085e6c708}: org/gradle/api/internal/project/DefaultProjectBeanInfo> (0x0000000085e6c708) 
thrown [s\src\hotspot\share\classfile\systemDictionary.cpp, line 256]
Event: 6.869 Thread 0x00000237c3e035f0 Exception <a 'java/lang/ClassNotFoundException'{0x0000000085e79268}: org/gradle/api/internal/project/DefaultProjectCustomizer> (0x0000000085e79268) 
thrown [s\src\hotspot\share\classfile\systemDictionary.cpp, line 256]
Event: 6.872 Thread 0x00000237c3e035f0 Exception <a 'java/lang/ClassNotFoundException'{0x0000000085d22d88}: org/gradle/api/internal/project/DefaultProject_DecoratedCustomizer> (0x0000000085d22d88) 
thrown [s\src\hotspot\share\classfile\systemDictionary.cpp, line 256]
Event: 7.200 Thread 0x00000237c3e035f0 Exception <a 'java/lang/NoSuchMethodError'{0x00000000864d0cb0}: 'java.lang.Object java.lang.invoke.DirectMethodHandle$Holder.newInvokeSpecial(java.lang.Object, java.lang.Object, java.lang.Object, java.lang.Object, java.lang.Object, int)'> (0x00000000864d0cb0) 
thrown [s\src\hotspot\share\interpreter\linkResolver.cpp, line 771]
Event: 7.200 Thread 0x00000237c3e035f0 Exception <a 'java/lang/NoSuchMethodError'{0x00000000864d6368}: 'java.lang.Object java.lang.invoke.DirectMethodHandle$Holder.invokeSpecial(java.lang.Object, java.lang.Object, java.lang.Object, java.lang.Object, java.lang.Object, java.lang.Object, int)'> (0x00000000864d6368) 
thrown [s\src\hotspot\share\interpreter\linkResolver.cpp, line 771]
Event: 7.210 Thread 0x00000237c3e035f0 Exception <a 'java/lang/NoSuchMethodError'{0x0000000086377940}: 'void java.lang.invoke.DirectMethodHandle$Holder.invokeStatic(java.lang.Object, java.lang.Object, java.lang.Object, int, java.lang.Object)'> (0x0000000086377940) 
thrown [s\src\hotspot\share\interpreter\linkResolver.cpp, line 771]
Event: 7.402 Thread 0x00000237c3e035f0 Implicit null exception at 0x00000237b19639ef to 0x00000237b1963c30
Event: 7.406 Thread 0x00000237c3e035f0 Implicit null exception at 0x00000237b16e3872 to 0x00000237b16e3e5c
Event: 7.427 Thread 0x00000237c3e035f0 Exception <a 'sun/nio/fs/WindowsException'{0x00000000870c1e20}> (0x00000000870c1e20) 
thrown [s\src\hotspot\share\prims\jni.cpp, line 517]
Event: 7.926 Thread 0x00000237c3e035f0 Implicit null exception at 0x00000237b16f0fe8 to 0x00000237b16f1168

VM Operations (20 events):
Event: 7.367 Executing VM operation: HandshakeAllThreads done
Event: 7.428 Executing VM operation: HandshakeAllThreads
Event: 7.428 Executing VM operation: HandshakeAllThreads done
Event: 7.431 Executing VM operation: HandshakeAllThreads
Event: 7.431 Executing VM operation: HandshakeAllThreads done
Event: 7.432 Executing VM operation: HandshakeAllThreads
Event: 7.432 Executing VM operation: HandshakeAllThreads done
Event: 7.463 Executing VM operation: HandshakeAllThreads
Event: 7.463 Executing VM operation: HandshakeAllThreads done
Event: 7.581 Executing VM operation: HandshakeAllThreads
Event: 7.581 Executing VM operation: HandshakeAllThreads done
Event: 7.780 Executing VM operation: G1CollectForAllocation
Event: 7.786 Executing VM operation: G1CollectForAllocation done
Event: 7.803 Executing VM operation: G1Concurrent
Event: 7.805 Executing VM operation: G1Concurrent done
Event: 7.813 Executing VM operation: G1Concurrent
Event: 7.813 Executing VM operation: G1Concurrent done
Event: 8.330 Executing VM operation: ICBufferFull
Event: 8.330 Executing VM operation: ICBufferFull done
Event: 8.337 Executing VM operation: G1CollectForAllocation

Events (20 events):
Event: 8.116 Thread 0x00000237c7304320 Thread added: 0x00000237c7304320
Event: 8.116 Thread 0x00000237c7303980 Thread added: 0x00000237c7303980
Event: 8.116 Thread 0x00000237c72ff620 Thread added: 0x00000237c72ff620
Event: 8.117 Thread 0x00000237c72fec80 Thread added: 0x00000237c72fec80
Event: 8.117 Thread 0x00000237c7300490 Thread added: 0x00000237c7300490
Event: 8.118 Thread 0x00000237c73047f0 Thread added: 0x00000237c73047f0
Event: 8.118 Thread 0x00000237c7633870 Thread added: 0x00000237c7633870
Event: 8.118 Thread 0x00000237c762dd00 Thread added: 0x00000237c762dd00
Event: 8.118 Thread 0x00000237c7632530 Thread added: 0x00000237c7632530
Event: 8.119 Thread 0x00000237c762d360 Thread added: 0x00000237c762d360
Event: 8.119 Thread 0x00000237c7632ed0 Thread added: 0x00000237c7632ed0
Event: 8.119 Thread 0x00000237c762feb0 Thread added: 0x00000237c762feb0
Event: 8.119 Thread 0x00000237c7631b90 Thread added: 0x00000237c7631b90
Event: 8.123 Thread 0x00000237c762c9c0 Thread added: 0x00000237c762c9c0
Event: 8.124 Thread 0x00000237c762c4f0 Thread added: 0x00000237c762c4f0
Event: 8.125 Thread 0x00000237c762eb70 Thread added: 0x00000237c762eb70
Event: 8.125 Thread 0x00000237c762d830 Thread added: 0x00000237c762d830
Event: 8.125 Thread 0x00000237c762e6a0 Thread added: 0x00000237c762e6a0
Event: 8.125 Thread 0x00000237c7632a00 Thread added: 0x00000237c7632a00
Event: 8.125 Thread 0x00000237c762f040 Thread added: 0x00000237c762f040


Dynamic libraries:
0x00007ff63aa60000 - 0x00007ff63aa6a000 	D:\Program Files\Android\Android Studio\jbr\bin\java.exe
0x00007ffe00090000 - 0x00007ffe002a7000 	C:\WINDOWS\SYSTEM32\ntdll.dll
0x00007ffdfe7b0000 - 0x00007ffdfe874000 	C:\WINDOWS\System32\KERNEL32.DLL
0x00007ffdfd730000 - 0x00007ffdfdad6000 	C:\WINDOWS\System32\KERNELBASE.dll
0x00007ffdfd400000 - 0x00007ffdfd511000 	C:\WINDOWS\System32\ucrtbase.dll
0x00007ffdf0c80000 - 0x00007ffdf0c97000 	D:\Program Files\Android\Android Studio\jbr\bin\jli.dll
0x00007ffdf0c60000 - 0x00007ffdf0c7b000 	D:\Program Files\Android\Android Studio\jbr\bin\VCRUNTIME140.dll
0x00007ffdfe940000 - 0x00007ffdfeaee000 	C:\WINDOWS\System32\USER32.dll
0x00007ffdfd700000 - 0x00007ffdfd726000 	C:\WINDOWS\System32\win32u.dll
0x00007ffdfe1d0000 - 0x00007ffdfe1f9000 	C:\WINDOWS\System32\GDI32.dll
0x00007ffdfd5e0000 - 0x00007ffdfd6f8000 	C:\WINDOWS\System32\gdi32full.dll
0x00007ffdd9590000 - 0x00007ffdd9823000 	C:\WINDOWS\WinSxS\amd64_microsoft.windows.common-controls_6595b64144ccf1df_6.0.22621.2506_none_270c5ae97388e100\COMCTL32.dll
0x00007ffdfdcc0000 - 0x00007ffdfdd5a000 	C:\WINDOWS\System32\msvcp_win.dll
0x00007ffdfe700000 - 0x00007ffdfe7a7000 	C:\WINDOWS\System32\msvcrt.dll
0x00007ffdfef80000 - 0x00007ffdfefb1000 	C:\WINDOWS\System32\IMM32.DLL
0x00007ffdf8460000 - 0x00007ffdf846c000 	D:\Program Files\Android\Android Studio\jbr\bin\vcruntime140_1.dll
0x00007ffdb6340000 - 0x00007ffdb63cd000 	D:\Program Files\Android\Android Studio\jbr\bin\msvcp140.dll
0x00007ffd709d0000 - 0x00007ffd7163e000 	D:\Program Files\Android\Android Studio\jbr\bin\server\jvm.dll
0x00007ffdfe880000 - 0x00007ffdfe931000 	C:\WINDOWS\System32\ADVAPI32.dll
0x00007ffdfdde0000 - 0x00007ffdfde85000 	C:\WINDOWS\System32\sechost.dll
0x00007ffdff100000 - 0x00007ffdff217000 	C:\WINDOWS\System32\RPCRT4.dll
0x00007ffdf8790000 - 0x00007ffdf8799000 	C:\WINDOWS\SYSTEM32\WSOCK32.dll
0x00007ffdf4930000 - 0x00007ffdf4964000 	C:\WINDOWS\SYSTEM32\WINMM.dll
0x00007ffdf6cb0000 - 0x00007ffdf6cba000 	C:\WINDOWS\SYSTEM32\VERSION.dll
0x00007ffdfe530000 - 0x00007ffdfe5a1000 	C:\WINDOWS\System32\WS2_32.dll
0x00007ffdfc4b0000 - 0x00007ffdfc4c8000 	C:\WINDOWS\SYSTEM32\kernel.appcore.dll
0x00007ffdf8740000 - 0x00007ffdf874a000 	D:\Program Files\Android\Android Studio\jbr\bin\jimage.dll
0x00007ffdfad90000 - 0x00007ffdfafc3000 	C:\WINDOWS\SYSTEM32\DBGHELP.DLL
0x00007ffdff380000 - 0x00007ffdff709000 	C:\WINDOWS\System32\combase.dll
0x00007ffdfff70000 - 0x00007ffe00047000 	C:\WINDOWS\System32\OLEAUT32.dll
0x00007ffde74a0000 - 0x00007ffde74d2000 	C:\WINDOWS\SYSTEM32\dbgcore.DLL
0x00007ffdfdd60000 - 0x00007ffdfddda000 	C:\WINDOWS\System32\bcryptPrimitives.dll
0x00007ffdece00000 - 0x00007ffdece25000 	D:\Program Files\Android\Android Studio\jbr\bin\java.dll
0x00007ffdecde0000 - 0x00007ffdecdf8000 	D:\Program Files\Android\Android Studio\jbr\bin\zip.dll
0x00007ffdff710000 - 0x00007ffdfff6a000 	C:\WINDOWS\System32\SHELL32.dll
0x00007ffdfb2e0000 - 0x00007ffdfbbd6000 	C:\WINDOWS\SYSTEM32\windows.storage.dll
0x00007ffdfb1a0000 - 0x00007ffdfb2de000 	C:\WINDOWS\SYSTEM32\wintypes.dll
0x00007ffdfe040000 - 0x00007ffdfe133000 	C:\WINDOWS\System32\SHCORE.dll
0x00007ffdfe5b0000 - 0x00007ffdfe60e000 	C:\WINDOWS\System32\shlwapi.dll
0x00007ffdfd330000 - 0x00007ffdfd356000 	C:\WINDOWS\SYSTEM32\profapi.dll
0x00007ffdec860000 - 0x00007ffdec879000 	D:\Program Files\Android\Android Studio\jbr\bin\net.dll
0x00007ffdf52f0000 - 0x00007ffdf5427000 	C:\WINDOWS\SYSTEM32\WINHTTP.dll
0x00007ffdfc920000 - 0x00007ffdfc989000 	C:\WINDOWS\system32\mswsock.dll
0x00007ffdeba50000 - 0x00007ffdeba66000 	D:\Program Files\Android\Android Studio\jbr\bin\nio.dll
0x00007ffdecdd0000 - 0x00007ffdecde0000 	D:\Program Files\Android\Android Studio\jbr\bin\verify.dll
0x00007ffdea970000 - 0x00007ffdea997000 	C:\Users\Aubery\.gradle\native\68d5fa5c4cc2d200863cafc0d521ce42e7d3e7ee720ec0a83991735586a16f82\windows-amd64\native-platform.dll
0x00007ffda40f0000 - 0x00007ffda4234000 	C:\Users\Aubery\.gradle\native\e376f236ea51e6404a007f0833ffe2c6e607c4080706a723a18a27aeea778392\windows-amd64\native-platform-file-events.dll
0x00007ffdf2af0000 - 0x00007ffdf2af9000 	D:\Program Files\Android\Android Studio\jbr\bin\management.dll
0x00007ffded1c0000 - 0x00007ffded1cb000 	D:\Program Files\Android\Android Studio\jbr\bin\management_ext.dll
0x00007ffdfe620000 - 0x00007ffdfe628000 	C:\WINDOWS\System32\PSAPI.DLL
0x00007ffdfcb70000 - 0x00007ffdfcb8b000 	C:\WINDOWS\SYSTEM32\CRYPTSP.dll
0x00007ffdfc410000 - 0x00007ffdfc445000 	C:\WINDOWS\system32\rsaenh.dll
0x00007ffdfc9d0000 - 0x00007ffdfc9fc000 	C:\WINDOWS\SYSTEM32\USERENV.dll
0x00007ffdfcd90000 - 0x00007ffdfcdb8000 	C:\WINDOWS\SYSTEM32\bcrypt.dll
0x00007ffdfcb30000 - 0x00007ffdfcb3c000 	C:\WINDOWS\SYSTEM32\CRYPTBASE.dll
0x00007ffdfbeb0000 - 0x00007ffdfbedd000 	C:\WINDOWS\SYSTEM32\IPHLPAPI.DLL
0x00007ffdfe610000 - 0x00007ffdfe619000 	C:\WINDOWS\System32\NSI.dll
0x00007ffdf66d0000 - 0x00007ffdf66e9000 	C:\WINDOWS\SYSTEM32\dhcpcsvc6.DLL
0x00007ffdf5610000 - 0x00007ffdf562f000 	C:\WINDOWS\SYSTEM32\dhcpcsvc.DLL
0x00007ffdfbf20000 - 0x00007ffdfc019000 	C:\WINDOWS\SYSTEM32\DNSAPI.dll
0x00007ffde8ae0000 - 0x00007ffde8ae8000 	C:\WINDOWS\system32\wshunix.dll
0x00007ffdf6b70000 - 0x00007ffdf6b7a000 	C:\Windows\System32\rasadhlp.dll
0x00007ffdf3f70000 - 0x00007ffdf3ff3000 	C:\WINDOWS\System32\fwpuclnt.dll

dbghelp: loaded successfully - version: 4.0.5 - missing functions: none
symbol engine: initialized successfully - sym options: 0x614 - pdb path: .;D:\Program Files\Android\Android Studio\jbr\bin;C:\WINDOWS\SYSTEM32;C:\WINDOWS\WinSxS\amd64_microsoft.windows.common-controls_6595b64144ccf1df_6.0.22621.2506_none_270c5ae97388e100;D:\Program Files\Android\Android Studio\jbr\bin\server;C:\Users\Aubery\.gradle\native\68d5fa5c4cc2d200863cafc0d521ce42e7d3e7ee720ec0a83991735586a16f82\windows-amd64;C:\Users\Aubery\.gradle\native\e376f236ea51e6404a007f0833ffe2c6e607c4080706a723a18a27aeea778392\windows-amd64

VM Arguments:
jvm_args: --add-opens=java.base/java.util=ALL-UNNAMED --add-opens=java.base/java.lang=ALL-UNNAMED --add-opens=java.base/java.lang.invoke=ALL-UNNAMED --add-opens=java.prefs/java.util.prefs=ALL-UNNAMED --add-opens=java.base/java.nio.charset=ALL-UNNAMED --add-opens=java.base/java.net=ALL-UNNAMED --add-opens=java.base/java.util.concurrent.atomic=ALL-UNNAMED -Xmx2048m -Dfile.encoding=UTF-8 -Duser.country=CN -Duser.language=zh -Duser.variant 
java_command: org.gradle.launcher.daemon.bootstrap.GradleDaemon 8.0
java_class_path (initial): C:\Users\Aubery\.gradle\wrapper\dists\gradle-8.0-bin\ca5e32bp14vu59qr306oxotwh\gradle-8.0\lib\gradle-launcher-8.0.jar
Launcher Type: SUN_STANDARD

[Global flags]
     intx CICompilerCount                          = 4                                         {product} {ergonomic}
     uint ConcGCThreads                            = 3                                         {product} {ergonomic}
     uint G1ConcRefinementThreads                  = 10                                        {product} {ergonomic}
   size_t G1HeapRegionSize                         = 1048576                                   {product} {ergonomic}
    uintx GCDrainStackTargetSize                   = 64                                        {product} {ergonomic}
   size_t InitialHeapSize                          = 232783872                                 {product} {ergonomic}
   size_t MarkStackSize                            = 4194304                                   {product} {ergonomic}
   size_t MaxHeapSize                              = 2147483648                                {product} {command line}
   size_t MaxNewSize                               = 1287651328                                {product} {ergonomic}
   size_t MinHeapDeltaBytes                        = 1048576                                   {product} {ergonomic}
   size_t MinHeapSize                              = 8388608                                   {product} {ergonomic}
    uintx NonNMethodCodeHeapSize                   = 5839372                                {pd product} {ergonomic}
    uintx NonProfiledCodeHeapSize                  = 122909434                              {pd product} {ergonomic}
    uintx ProfiledCodeHeapSize                     = 122909434                              {pd product} {ergonomic}
    uintx ReservedCodeCacheSize                    = 251658240                              {pd product} {ergonomic}
     bool SegmentedCodeCache                       = true                                      {product} {ergonomic}
   size_t SoftMaxHeapSize                          = 2147483648                             {manageable} {ergonomic}
     bool UseCompressedClassPointers               = true                           {product lp64_product} {ergonomic}
     bool UseCompressedOops                        = true                           {product lp64_product} {ergonomic}
     bool UseG1GC                                  = true                                      {product} {ergonomic}
     bool UseLargePagesIndividualAllocation        = false                                  {pd product} {ergonomic}

Logging:
Log output configuration:
 #0: stdout all=warning uptime,level,tags
 #1: stderr all=off uptime,level,tags

Environment Variables:
JAVA_HOME=D:\jdk\jdk-17.0.5
CLASSPATH=.;D:\jdk\jdk-17.0.5\lib\dt.jar;D:\jdk\jdk-17.0.5\lib\tools.jar;
PATH=F:\VMware\VMware Workstation\bin\;F:\Program Files (x86)\VMware\VMware Workstation\bin\;D:\jdk\jdk-17.0.5\bin;D:\apache-maven-3.9.4\bin;C:\Program Files (x86)\Common Files\Intel\Shared Libraries\redist\intel64\compiler;C:\Windows\system32;C:\Windows;C:\Windows\System32\Wbem;C:\Windows\System32\WindowsPowerShell\v1.0\;C:\Windows\System32\OpenSSH\;C:\Program Files (x86)\NVIDIA Corporation\PhysX\Common;C:\Program Files\NVIDIA Corporation\NVIDIA NvDLISR;D:\MATLAB2016\runtime\win64;D:\MATLAB2016\bin;D:\matlab\runtime\win64;D:\matlab\bin;D:\runtime\win64;D:\bin;F:\DataBase\redis;D:\polyspace\bin;D:\matlab\polyspace\bin;C:\Program Files\MySQL\MySQL Server 5.6\bin;D:\MATLAB2016\polyspace\bin;C:\Program Files\Microsoft SQL Server\Client SDK\ODBC\170\Tools\Binn\;C:\Program Files (x86)\Microsoft SQL Server\150\Tools\Binn\;C:\Program Files\Microsoft SQL Server\150\Tools\Binn\;C:\Program Files\Microsoft SQL Server\150\DTS\Binn\;C:\Program Files (x86)\Microsoft SQL Server\150\DTS\Binn\;C:\Program Files\Azure Data Studio\bin;D:\tomcat10\apache-tomcat-10.0.26\lib;D:\tomcat10\apache-tomcat-10.0.26\bin;C:\Program Files\dotnet\;C:\Windows\Microsoft.NET\Framework\v4.0.30319;D:\Users\Aubery\PycharmProjects\pythonProject\venv\Scripts;E:\P;C:\WINDOWS\system32;C:\WINDOWS;C:\WINDOWS\System32\Wbem;C:\WINDOWS\System32\WindowsPowerShell\v1.0\;C:\WINDOWS\System32\OpenSSH\;D:\Microsoft VS Code\bin;F:\Git\cmd;F:\Xshell 7\;F:\Xftp 7\;C:\Users\Aubery\AppData\Local\Microsoft\WindowsApps;C:\Program Files\Bandizip\;D:\vscode1\mingw64\bin;D:\Microsoft VS Code\bin;D:\idea202203\IntelliJ IDEA 223.4884.69\bin;C:\Program Files\Azure Data Studio\bin;C:\Users\Aubery\AppData\Local\JetBrains\Toolbox\scripts;D:\IntelliJ IDEA 2022.3.2\bin;;C:\Users\Aubery\.dotnet\tools;;F:\Program Files\JetBrains\DataGrip 2023.2.1\bin;;C:\Users\Aubery\AppData\Local\Microsoft\WindowsApps
USERNAME=Aubery
OS=Windows_NT
PROCESSOR_IDENTIFIER=AMD64 Family 25 Model 80 Stepping 0, AuthenticAMD
TMP=C:\Users\Aubery\AppData\Local\Temp
TEMP=C:\Users\Aubery\AppData\Local\Temp


JNI global refs:
JNI global refs: 28, weak refs: 0

JNI global refs memory usage: 843, weak refs: 841


---------------  S Y S T E M  ---------------

OS:
 Windows 11 , 64 bit Build 22621 (10.0.22621.2506)
OS uptime: 2 days 1:22 hours
Hyper-V role detected

CPU: total 12 (initial active 12) (12 cores per cpu, 2 threads per core) family 25 model 80 stepping 0 microcode 0x0, cx8, cmov, fxsr, ht, mmx, 3dnowpref, sse, sse2, sse3, ssse3, sse4a, sse4.1, sse4.2, popcnt, lzcnt, tsc, tscinvbit, avx, avx2, aes, erms, clmul, bmi1, bmi2, adx, sha, fma, vzeroupper, clflush, clflushopt, hv

Memory: 4k page, system-wide physical 14188M (4351M free)
TotalPageFile size 16236M (AvailPageFile size 26M)
current process WorkingSet (physical memory assigned to process): 349M, peak: 349M
current process commit charge ("private bytes"): 391M, peak: 417M

vm_info: OpenJDK 64-Bit Server VM (17.0.6+0-b2043.56-10027231) for windows-amd64 JRE (17.0.6+0-b2043.56-10027231), built on Apr 28 2023 00:43:19 by "androidbuild" with MS VC++ 16.10 / 16.11 (VS2019)

END.
