#
# There is insufficient memory for the Java Runtime Environment to continue.
# Native memory allocation (mmap) failed to map 41943040 bytes for G1 virtual space
# Possible reasons:
#   The system is out of physical RAM or swap space
#   The process is running with CompressedOops enabled, and the Java Heap may be blocking the growth of the native heap
# Possible solutions:
#   Reduce memory load on the system
#   Increase physical memory or swap space
#   Check if swap backing store is full
#   Decrease Java heap size (-Xmx/-Xms)
#   Decrease number of Java threads
#   Decrease Java thread stack sizes (-Xss)
#   Set larger code cache with -XX:ReservedCodeCacheSize=
#   JVM is running with Unscaled Compressed Oops mode in which the Java heap is
#     placed in the first 4GB address space. The Java Heap base address is the
#     maximum limit for the native heap growth. Please use -XX:HeapBaseMinAddress
#     to set the Java Heap base and to place the Java Heap above 4GB virtual address.
# This output file may be truncated or incomplete.
#
#  Out of Memory Error (os_windows.cpp:3769), pid=6768, tid=27136
#
# JRE version: OpenJDK Runtime Environment (17.0.6) (build 17.0.6+0-b2043.56-10027231)
# Java VM: OpenJDK 64-Bit Server VM (17.0.6+0-b2043.56-10027231, mixed mode, tiered, compressed oops, compressed class ptrs, g1 gc, windows-amd64)
# No core dump will be written. Minidumps are not enabled by default on client versions of Windows
#

---------------  S U M M A R Y ------------

Command Line: --add-opens=java.base/java.util=ALL-UNNAMED --add-opens=java.base/java.lang=ALL-UNNAMED --add-opens=java.base/java.lang.invoke=ALL-UNNAMED --add-opens=java.prefs/java.util.prefs=ALL-UNNAMED --add-opens=java.base/java.nio.charset=ALL-UNNAMED --add-opens=java.base/java.net=ALL-UNNAMED --add-opens=java.base/java.util.concurrent.atomic=ALL-UNNAMED -Xmx2048m -Dfile.encoding=UTF-8 -Duser.country=CN -Duser.language=zh -Duser.variant org.gradle.launcher.daemon.bootstrap.GradleDaemon 8.0

Host: AMD Ryzen 5 5600H with Radeon Graphics         , 12 cores, 13G,  Windows 11 , 64 bit Build 22621 (10.0.22621.2506)
Time: Mon Dec 25 15:20:15 2023  Windows 11 , 64 bit Build 22621 (10.0.22621.2506) elapsed time: 9.554880 seconds (0d 0h 0m 9s)

---------------  T H R E A D  ---------------

Current thread (0x000001cda26b5a80):  VMThread "VM Thread" [stack: 0x0000001dbb000000,0x0000001dbb100000] [id=27136]

Stack: [0x0000001dbb000000,0x0000001dbb100000]
Native frames: (J=compiled Java code, j=interpreted, Vv=VM code, C=native code)
V  [jvm.dll+0x683c9a]
V  [jvm.dll+0x8427a4]
V  [jvm.dll+0x843f9e]
V  [jvm.dll+0x844603]
V  [jvm.dll+0x249b75]
V  [jvm.dll+0x680b69]
V  [jvm.dll+0x67505a]
V  [jvm.dll+0x309acb]
V  [jvm.dll+0x310f86]
V  [jvm.dll+0x3608ee]
V  [jvm.dll+0x360b1f]
V  [jvm.dll+0x2dfbf8]
V  [jvm.dll+0x2ddec4]
V  [jvm.dll+0x2dd4cc]
V  [jvm.dll+0x321f3b]
V  [jvm.dll+0x848ccb]
V  [jvm.dll+0x849a04]
V  [jvm.dll+0x849f1d]
V  [jvm.dll+0x84a2f4]
V  [jvm.dll+0x84a3c0]
V  [jvm.dll+0x7f274a]
V  [jvm.dll+0x682ad5]
C  [ucrtbase.dll+0x29363]
C  [KERNEL32.DLL+0x1257d]
C  [ntdll.dll+0x5aa58]

VM_Operation (0x0000001dbc7f19e0): G1CollectForAllocation, mode: safepoint, requested by thread 0x000001cda5cd7040


---------------  P R O C E S S  ---------------

Threads class SMR info:
_java_thread_list=0x000001cdaa939170, length=171, elements={
0x000001cd8840f6d0, 0x000001cda3060020, 0x000001cda3014090, 0x000001cda3038760,
0x000001cda30394e0, 0x000001cda30a67d0, 0x000001cda30a7180, 0x000001cda30a7e60,
0x000001cda30abe00, 0x000001cda30b4c00, 0x000001cda3240020, 0x000001cda3244570,
0x000001cda48357c0, 0x000001cda422c4c0, 0x000001cda45355d0, 0x000001cda5ab34e0,
0x000001cda4360260, 0x000001cda559b450, 0x000001cda5cd7040, 0x000001cda555b2b0,
0x000001cda5b1c020, 0x000001cda3d6e620, 0x000001cda4251050, 0x000001cda3d6fe30,
0x000001cda3d6f490, 0x000001cda3d70ca0, 0x000001cda3d6f960, 0x000001cda3d6e150,
0x000001cda4251a70, 0x000001cda3d6dc80, 0x000001cda3d70300, 0x000001cda3d6eaf0,
0x000001cda3d6efc0, 0x000001cda3d707d0, 0x000001cda3d71170, 0x000001cda914b250,
0x000001cda914dda0, 0x000001cda9150420, 0x000001cda914fa80, 0x000001cda914c590,
0x000001cda914b720, 0x000001cda914d400, 0x000001cda914bbf0, 0x000001cda9149a40,
0x000001cda914a8b0, 0x000001cda914e270, 0x000001cda914a3e0, 0x000001cda914f5b0,
0x000001cda914cf30, 0x000001cda91490a0, 0x000001cda91508f0, 0x000001cda914ad80,
0x000001cda3d71640, 0x000001cda77f7da0, 0x000001cda77f3a40, 0x000001cda77f0ef0,
0x000001cda77f6a60, 0x000001cda77f60c0, 0x000001cda77f6590, 0x000001cda77f5250,
0x000001cda77f2700, 0x000001cda77f78d0, 0x000001cda77f43e0, 0x000001cda77f1890,
0x000001cda77f2bd0, 0x000001cda77f30a0, 0x000001cda77f6f30, 0x000001cda77f3570,
0x000001cda77f4d80, 0x000001cda77f8270, 0x000001cda77f1d60, 0x000001cda77f13c0,
0x000001cda77f5720, 0x000001cda77f2230, 0x000001cda77f5bf0, 0x000001cda77f7400,
0x000001cda77f3f10, 0x000001cda77f48b0, 0x000001cda77f8740, 0x000001cda7b66b90,
0x000001cda7b649e0, 0x000001cda7b636a0, 0x000001cda7b64040, 0x000001cda7b67060,
0x000001cda7b69210, 0x000001cda7b67a00, 0x000001cda7b696e0, 0x000001cda7b65850,
0x000001cda7b63b70, 0x000001cda7b62830, 0x000001cda7b62d00, 0x000001cda7b6a080,
0x000001cda7b64510, 0x000001cda7b67ed0, 0x000001cda7b64eb0, 0x000001cda7b631d0,
0x000001cda7b65380, 0x000001cda7b67530, 0x000001cda7b683a0, 0x000001cda7b65d20,
0x000001cda7b661f0, 0x000001cda7b666c0, 0x000001cda7b68870, 0x000001cda7b68d40,
0x000001cda7b69bb0, 0x000001cda8cd1d80, 0x000001cda8cd2720, 0x000001cda8cd0f10,
0x000001cda8ccd550, 0x000001cda8ccda20, 0x000001cda8cd18b0, 0x000001cda8cced60,
0x000001cda8ccd080, 0x000001cda8cd48d0, 0x000001cda8cd3a60, 0x000001cda8cd0a40,
0x000001cda8ccf230, 0x000001cda8cd2250, 0x000001cda8cd13e0, 0x000001cda8cd2bf0,
0x000001cda8cd3f30, 0x000001cda8cd4400, 0x000001cda8cd30c0, 0x000001cda8ccdef0,
0x000001cda8cce890, 0x000001cda8cce3c0, 0x000001cda8ccf700, 0x000001cda8ccfbd0,
0x000001cda8cd3590, 0x000001cda8cd00a0, 0x000001cda8cd0570, 0x000001cda806f770,
0x000001cda80752e0, 0x000001cda806f2a0, 0x000001cda8070f80, 0x000001cda8071df0,
0x000001cda8072c60, 0x000001cda8070ab0, 0x000001cda8073600, 0x000001cda8073fa0,
0x000001cda806fc40, 0x000001cda8070110, 0x000001cda8074470, 0x000001cda80705e0,
0x000001cda8073ad0, 0x000001cda8074940, 0x000001cda8071920, 0x000001cda8075c80,
0x000001cda8073130, 0x000001cda8071450, 0x000001cda80722c0, 0x000001cda8072790,
0x000001cda8074e10, 0x000001cda80757b0, 0x000001cda8076150, 0x000001cda8076620,
0x000001cda8076af0, 0x000001cda809b160, 0x000001cda8099950, 0x000001cda809e180,
0x000001cda809b630, 0x000001cda8098fb0, 0x000001cda8099480, 0x000001cda809bfd0,
0x000001cda809ce40, 0x000001cda809eb20, 0x000001cda809bb00, 0x000001cda809c4a0,
0x000001cda8099e20, 0x000001cda80977a0, 0x000001cda809c970
}

Java Threads: ( => current thread )
  0x000001cd8840f6d0 JavaThread "main" [_thread_blocked, id=20620, stack(0x0000001dbaa00000,0x0000001dbab00000)]
  0x000001cda3060020 JavaThread "Reference Handler" daemon [_thread_blocked, id=3144, stack(0x0000001dbb100000,0x0000001dbb200000)]
  0x000001cda3014090 JavaThread "Finalizer" daemon [_thread_blocked, id=4356, stack(0x0000001dbb200000,0x0000001dbb300000)]
  0x000001cda3038760 JavaThread "Signal Dispatcher" daemon [_thread_blocked, id=20848, stack(0x0000001dbb300000,0x0000001dbb400000)]
  0x000001cda30394e0 JavaThread "Attach Listener" daemon [_thread_blocked, id=24700, stack(0x0000001dbb400000,0x0000001dbb500000)]
  0x000001cda30a67d0 JavaThread "Service Thread" daemon [_thread_blocked, id=11360, stack(0x0000001dbb500000,0x0000001dbb600000)]
  0x000001cda30a7180 JavaThread "Monitor Deflation Thread" daemon [_thread_blocked, id=22904, stack(0x0000001dbb600000,0x0000001dbb700000)]
  0x000001cda30a7e60 JavaThread "C2 CompilerThread0" daemon [_thread_blocked, id=11720, stack(0x0000001dbb700000,0x0000001dbb800000)]
  0x000001cda30abe00 JavaThread "C1 CompilerThread0" daemon [_thread_blocked, id=22688, stack(0x0000001dbb800000,0x0000001dbb900000)]
  0x000001cda30b4c00 JavaThread "Sweeper thread" daemon [_thread_blocked, id=24244, stack(0x0000001dbb900000,0x0000001dbba00000)]
  0x000001cda3240020 JavaThread "Common-Cleaner" daemon [_thread_blocked, id=19924, stack(0x0000001dbba00000,0x0000001dbbb00000)]
  0x000001cda3244570 JavaThread "Notification Thread" daemon [_thread_blocked, id=16988, stack(0x0000001dbbb00000,0x0000001dbbc00000)]
  0x000001cda48357c0 JavaThread "Daemon health stats" [_thread_blocked, id=27324, stack(0x0000001dbbe00000,0x0000001dbbf00000)]
  0x000001cda422c4c0 JavaThread "Incoming local TCP Connector on port 64022" [_thread_in_native, id=15020, stack(0x0000001dbbd00000,0x0000001dbbe00000)]
  0x000001cda45355d0 JavaThread "Daemon periodic checks" [_thread_blocked, id=16372, stack(0x0000001dbc300000,0x0000001dbc400000)]
  0x000001cda5ab34e0 JavaThread "Daemon" [_thread_blocked, id=3872, stack(0x0000001dbc400000,0x0000001dbc500000)]
  0x000001cda4360260 JavaThread "Handler for socket connection from /127.0.0.1:64022 to /127.0.0.1:64023" [_thread_in_native, id=21388, stack(0x0000001dbc500000,0x0000001dbc600000)]
  0x000001cda559b450 JavaThread "Cancel handler" [_thread_blocked, id=9472, stack(0x0000001dbc600000,0x0000001dbc700000)]
  0x000001cda5cd7040 JavaThread "Daemon worker" [_thread_blocked, id=21444, stack(0x0000001dbc700000,0x0000001dbc800000)]
  0x000001cda555b2b0 JavaThread "Asynchronous log dispatcher for DefaultDaemonConnection: socket connection from /127.0.0.1:64022 to /127.0.0.1:64023" [_thread_blocked, id=3816, stack(0x0000001dbc800000,0x0000001dbc900000)]
  0x000001cda5b1c020 JavaThread "Stdin handler" [_thread_blocked, id=14056, stack(0x0000001dbc900000,0x0000001dbca00000)]
  0x000001cda3d6e620 JavaThread "Daemon client event forwarder" [_thread_blocked, id=14496, stack(0x0000001dbca00000,0x0000001dbcb00000)]
  0x000001cda4251050 JavaThread "C2 CompilerThread1" daemon [_thread_blocked, id=10336, stack(0x0000001dbd200000,0x0000001dbd300000)]
  0x000001cda3d6fe30 JavaThread "Cache worker for journal cache (C:\Users\Aubery\.gradle\caches\journal-1)" [_thread_blocked, id=2944, stack(0x0000001dbd300000,0x0000001dbd400000)]
  0x000001cda3d6f490 JavaThread "File lock request listener" [_thread_in_native, id=19044, stack(0x0000001dbd400000,0x0000001dbd500000)]
  0x000001cda3d70ca0 JavaThread "Cache worker for file hash cache (C:\Users\Aubery\.gradle\caches\8.0\fileHashes)" [_thread_blocked, id=11256, stack(0x0000001dbd500000,0x0000001dbd600000)]
  0x000001cda3d6f960 JavaThread "File watcher server" daemon [_thread_in_native, id=15920, stack(0x0000001dbd700000,0x0000001dbd800000)]
  0x000001cda3d6e150 JavaThread "File watcher consumer" daemon [_thread_blocked, id=28128, stack(0x0000001dbd800000,0x0000001dbd900000)]
  0x000001cda4251a70 JavaThread "C2 CompilerThread2" daemon [_thread_blocked, id=18532, stack(0x0000001dbd600000,0x0000001dbd700000)]
  0x000001cda3d6dc80 JavaThread "jar transforms" [_thread_blocked, id=17704, stack(0x0000001dbd900000,0x0000001dbda00000)]
  0x000001cda3d70300 JavaThread "jar transforms Thread 2" [_thread_blocked, id=11596, stack(0x0000001dbda00000,0x0000001dbdb00000)]
  0x000001cda3d6eaf0 JavaThread "jar transforms Thread 3" [_thread_blocked, id=11404, stack(0x0000001dbdb00000,0x0000001dbdc00000)]
  0x000001cda3d6efc0 JavaThread "jar transforms Thread 4" [_thread_blocked, id=11348, stack(0x0000001dbdc00000,0x0000001dbdd00000)]
  0x000001cda3d707d0 JavaThread "jar transforms Thread 5" [_thread_blocked, id=6492, stack(0x0000001dbdd00000,0x0000001dbde00000)]
  0x000001cda3d71170 JavaThread "jar transforms Thread 6" [_thread_blocked, id=24660, stack(0x0000001dbde00000,0x0000001dbdf00000)]
  0x000001cda914b250 JavaThread "jar transforms Thread 7" [_thread_blocked, id=24080, stack(0x0000001dbdf00000,0x0000001dbe000000)]
  0x000001cda914dda0 JavaThread "jar transforms Thread 8" [_thread_blocked, id=15544, stack(0x0000001dbe000000,0x0000001dbe100000)]
  0x000001cda9150420 JavaThread "jar transforms Thread 9" [_thread_blocked, id=28652, stack(0x0000001dbe100000,0x0000001dbe200000)]
  0x000001cda914fa80 JavaThread "jar transforms Thread 10" [_thread_blocked, id=27564, stack(0x0000001dbe200000,0x0000001dbe300000)]
  0x000001cda914c590 JavaThread "jar transforms Thread 11" [_thread_blocked, id=20348, stack(0x0000001dbe300000,0x0000001dbe400000)]
  0x000001cda914b720 JavaThread "jar transforms Thread 12" [_thread_blocked, id=22568, stack(0x0000001dbe400000,0x0000001dbe500000)]
  0x000001cda914d400 JavaThread "Cache worker for checksums cache (E:\AndroidStudioProjects\DormitoryMS\.gradle\8.0\checksums)" [_thread_blocked, id=23924, stack(0x0000001dbe600000,0x0000001dbe700000)]
  0x000001cda914bbf0 JavaThread "Cache worker for cache directory md-rule (C:\Users\Aubery\.gradle\caches\8.0\md-rule)" [_thread_blocked, id=23112, stack(0x0000001dbe700000,0x0000001dbe800000)]
  0x000001cda9149a40 JavaThread "Cache worker for file content cache (C:\Users\Aubery\.gradle\caches\8.0\fileContent)" [_thread_blocked, id=1796, stack(0x0000001dbe800000,0x0000001dbe900000)]
  0x000001cda914a8b0 JavaThread "Cache worker for file hash cache (E:\AndroidStudioProjects\DormitoryMS\.gradle\8.0\fileHashes)" [_thread_blocked, id=10464, stack(0x0000001dbe900000,0x0000001dbea00000)]
  0x000001cda914e270 JavaThread "Cache worker for cache directory md-supplier (C:\Users\Aubery\.gradle\caches\8.0\md-supplier)" [_thread_blocked, id=28608, stack(0x0000001dbea00000,0x0000001dbeb00000)]
  0x000001cda914a3e0 JavaThread "Cache worker for execution history cache (C:\Users\Aubery\.gradle\caches\8.0\executionHistory)" [_thread_blocked, id=25548, stack(0x0000001dbeb00000,0x0000001dbec00000)]
  0x000001cda914f5b0 JavaThread "Cache worker for kotlin-dsl (C:\Users\Aubery\.gradle\caches\8.0\kotlin-dsl)" [_thread_blocked, id=4864, stack(0x0000001dbec00000,0x0000001dbed00000)]
  0x000001cda914cf30 JavaThread "Cache worker for dependencies-accessors (E:\AndroidStudioProjects\DormitoryMS\.gradle\8.0\dependencies-accessors)" [_thread_blocked, id=4100, stack(0x0000001dbed00000,0x0000001dbee00000)]
  0x000001cda91490a0 JavaThread "Cache worker for Build Output Cleanup Cache (E:\AndroidStudioProjects\DormitoryMS\.gradle\buildOutputCleanup)" [_thread_blocked, id=10460, stack(0x0000001dbee00000,0x0000001dbef00000)]
  0x000001cda91508f0 JavaThread "Unconstrained build operations" [_thread_blocked, id=23772, stack(0x0000001dbef00000,0x0000001dbf000000)]
  0x000001cda914ad80 JavaThread "Unconstrained build operations Thread 2" [_thread_blocked, id=14944, stack(0x0000001dbf000000,0x0000001dbf100000)]
  0x000001cda3d71640 JavaThread "Unconstrained build operations Thread 3" [_thread_blocked, id=20592, stack(0x0000001dbf100000,0x0000001dbf200000)]
  0x000001cda77f7da0 JavaThread "Unconstrained build operations Thread 4" [_thread_blocked, id=26368, stack(0x0000001dbf200000,0x0000001dbf300000)]
  0x000001cda77f3a40 JavaThread "Unconstrained build operations Thread 5" [_thread_blocked, id=15660, stack(0x0000001dbf300000,0x0000001dbf400000)]
  0x000001cda77f0ef0 JavaThread "Unconstrained build operations Thread 6" [_thread_blocked, id=25636, stack(0x0000001dbf400000,0x0000001dbf500000)]
  0x000001cda77f6a60 JavaThread "Unconstrained build operations Thread 7" [_thread_blocked, id=18468, stack(0x0000001dbf500000,0x0000001dbf600000)]
  0x000001cda77f60c0 JavaThread "Unconstrained build operations Thread 8" [_thread_blocked, id=21912, stack(0x0000001dbf600000,0x0000001dbf700000)]
  0x000001cda77f6590 JavaThread "Unconstrained build operations Thread 9" [_thread_blocked, id=15096, stack(0x0000001dbf700000,0x0000001dbf800000)]
  0x000001cda77f5250 JavaThread "Unconstrained build operations Thread 10" [_thread_blocked, id=18436, stack(0x0000001dbf800000,0x0000001dbf900000)]
  0x000001cda77f2700 JavaThread "Unconstrained build operations Thread 11" [_thread_blocked, id=17668, stack(0x0000001dbf900000,0x0000001dbfa00000)]
  0x000001cda77f78d0 JavaThread "Unconstrained build operations Thread 12" [_thread_blocked, id=10344, stack(0x0000001dbfa00000,0x0000001dbfb00000)]
  0x000001cda77f43e0 JavaThread "Unconstrained build operations Thread 13" [_thread_blocked, id=22800, stack(0x0000001dbfb00000,0x0000001dbfc00000)]
  0x000001cda77f1890 JavaThread "Unconstrained build operations Thread 14" [_thread_blocked, id=15560, stack(0x0000001dbfc00000,0x0000001dbfd00000)]
  0x000001cda77f2bd0 JavaThread "Unconstrained build operations Thread 15" [_thread_blocked, id=27860, stack(0x0000001dbfd00000,0x0000001dbfe00000)]
  0x000001cda77f30a0 JavaThread "Unconstrained build operations Thread 16" [_thread_blocked, id=2688, stack(0x0000001dbfe00000,0x0000001dbff00000)]
  0x000001cda77f6f30 JavaThread "Unconstrained build operations Thread 17" [_thread_blocked, id=10164, stack(0x0000001dbff00000,0x0000001dc0000000)]
  0x000001cda77f3570 JavaThread "Unconstrained build operations Thread 18" [_thread_blocked, id=22300, stack(0x0000001dc0000000,0x0000001dc0100000)]
  0x000001cda77f4d80 JavaThread "Unconstrained build operations Thread 19" [_thread_blocked, id=12052, stack(0x0000001dc0100000,0x0000001dc0200000)]
  0x000001cda77f8270 JavaThread "Unconstrained build operations Thread 20" [_thread_blocked, id=17720, stack(0x0000001dc0200000,0x0000001dc0300000)]
  0x000001cda77f1d60 JavaThread "Unconstrained build operations Thread 21" [_thread_blocked, id=22596, stack(0x0000001dc0300000,0x0000001dc0400000)]
  0x000001cda77f13c0 JavaThread "Unconstrained build operations Thread 22" [_thread_blocked, id=10256, stack(0x0000001dc0400000,0x0000001dc0500000)]
  0x000001cda77f5720 JavaThread "Unconstrained build operations Thread 23" [_thread_blocked, id=27540, stack(0x0000001dc0500000,0x0000001dc0600000)]
  0x000001cda77f2230 JavaThread "Unconstrained build operations Thread 24" [_thread_blocked, id=2844, stack(0x0000001dc0600000,0x0000001dc0700000)]
  0x000001cda77f5bf0 JavaThread "Unconstrained build operations Thread 25" [_thread_blocked, id=18212, stack(0x0000001dc0700000,0x0000001dc0800000)]
  0x000001cda77f7400 JavaThread "Unconstrained build operations Thread 26" [_thread_blocked, id=10840, stack(0x0000001dc0800000,0x0000001dc0900000)]
  0x000001cda77f3f10 JavaThread "Unconstrained build operations Thread 27" [_thread_blocked, id=9732, stack(0x0000001dc0900000,0x0000001dc0a00000)]
  0x000001cda77f48b0 JavaThread "Unconstrained build operations Thread 28" [_thread_blocked, id=23688, stack(0x0000001dc0a00000,0x0000001dc0b00000)]
  0x000001cda77f8740 JavaThread "Unconstrained build operations Thread 29" [_thread_blocked, id=14224, stack(0x0000001dc0b00000,0x0000001dc0c00000)]
  0x000001cda7b66b90 JavaThread "Unconstrained build operations Thread 30" [_thread_blocked, id=17792, stack(0x0000001dc0c00000,0x0000001dc0d00000)]
  0x000001cda7b649e0 JavaThread "Unconstrained build operations Thread 31" [_thread_blocked, id=16916, stack(0x0000001dc0d00000,0x0000001dc0e00000)]
  0x000001cda7b636a0 JavaThread "Unconstrained build operations Thread 32" [_thread_blocked, id=19104, stack(0x0000001dc0e00000,0x0000001dc0f00000)]
  0x000001cda7b64040 JavaThread "Unconstrained build operations Thread 33" [_thread_blocked, id=18540, stack(0x0000001dc0f00000,0x0000001dc1000000)]
  0x000001cda7b67060 JavaThread "Unconstrained build operations Thread 34" [_thread_blocked, id=21100, stack(0x0000001dc1000000,0x0000001dc1100000)]
  0x000001cda7b69210 JavaThread "Unconstrained build operations Thread 35" [_thread_blocked, id=8916, stack(0x0000001dc1100000,0x0000001dc1200000)]
  0x000001cda7b67a00 JavaThread "Unconstrained build operations Thread 36" [_thread_blocked, id=16392, stack(0x0000001dc1200000,0x0000001dc1300000)]
  0x000001cda7b696e0 JavaThread "Unconstrained build operations Thread 37" [_thread_blocked, id=9180, stack(0x0000001dc1300000,0x0000001dc1400000)]
  0x000001cda7b65850 JavaThread "Unconstrained build operations Thread 38" [_thread_blocked, id=22304, stack(0x0000001dc1400000,0x0000001dc1500000)]
  0x000001cda7b63b70 JavaThread "Unconstrained build operations Thread 39" [_thread_blocked, id=22088, stack(0x0000001dc1500000,0x0000001dc1600000)]
  0x000001cda7b62830 JavaThread "Unconstrained build operations Thread 40" [_thread_blocked, id=28252, stack(0x0000001dc1600000,0x0000001dc1700000)]
  0x000001cda7b62d00 JavaThread "Unconstrained build operations Thread 41" [_thread_blocked, id=10024, stack(0x0000001dc1700000,0x0000001dc1800000)]
  0x000001cda7b6a080 JavaThread "Unconstrained build operations Thread 42" [_thread_blocked, id=13300, stack(0x0000001dc1800000,0x0000001dc1900000)]
  0x000001cda7b64510 JavaThread "Unconstrained build operations Thread 43" [_thread_blocked, id=21816, stack(0x0000001dc1900000,0x0000001dc1a00000)]
  0x000001cda7b67ed0 JavaThread "Unconstrained build operations Thread 44" [_thread_blocked, id=24908, stack(0x0000001dc1a00000,0x0000001dc1b00000)]
  0x000001cda7b64eb0 JavaThread "Unconstrained build operations Thread 45" [_thread_blocked, id=27236, stack(0x0000001dc1b00000,0x0000001dc1c00000)]
  0x000001cda7b631d0 JavaThread "Unconstrained build operations Thread 46" [_thread_blocked, id=25652, stack(0x0000001dc1c00000,0x0000001dc1d00000)]
  0x000001cda7b65380 JavaThread "Unconstrained build operations Thread 47" [_thread_blocked, id=6648, stack(0x0000001dc1d00000,0x0000001dc1e00000)]
  0x000001cda7b67530 JavaThread "Unconstrained build operations Thread 48" [_thread_blocked, id=28540, stack(0x0000001dc1e00000,0x0000001dc1f00000)]
  0x000001cda7b683a0 JavaThread "Unconstrained build operations Thread 49" [_thread_blocked, id=9244, stack(0x0000001dc1f00000,0x0000001dc2000000)]
  0x000001cda7b65d20 JavaThread "Unconstrained build operations Thread 50" [_thread_blocked, id=4924, stack(0x0000001dc2000000,0x0000001dc2100000)]
  0x000001cda7b661f0 JavaThread "Unconstrained build operations Thread 51" [_thread_blocked, id=12348, stack(0x0000001dc2100000,0x0000001dc2200000)]
  0x000001cda7b666c0 JavaThread "Unconstrained build operations Thread 52" [_thread_blocked, id=25564, stack(0x0000001dc2200000,0x0000001dc2300000)]
  0x000001cda7b68870 JavaThread "Unconstrained build operations Thread 53" [_thread_blocked, id=12108, stack(0x0000001dc2300000,0x0000001dc2400000)]
  0x000001cda7b68d40 JavaThread "Unconstrained build operations Thread 54" [_thread_blocked, id=19892, stack(0x0000001dc2400000,0x0000001dc2500000)]
  0x000001cda7b69bb0 JavaThread "Unconstrained build operations Thread 55" [_thread_blocked, id=22108, stack(0x0000001dc2500000,0x0000001dc2600000)]
  0x000001cda8cd1d80 JavaThread "Unconstrained build operations Thread 56" [_thread_blocked, id=16560, stack(0x0000001dc2600000,0x0000001dc2700000)]
  0x000001cda8cd2720 JavaThread "Unconstrained build operations Thread 57" [_thread_blocked, id=23392, stack(0x0000001dc2700000,0x0000001dc2800000)]
  0x000001cda8cd0f10 JavaThread "Unconstrained build operations Thread 58" [_thread_blocked, id=20048, stack(0x0000001dc2800000,0x0000001dc2900000)]
  0x000001cda8ccd550 JavaThread "Unconstrained build operations Thread 59" [_thread_blocked, id=19260, stack(0x0000001dc2900000,0x0000001dc2a00000)]
  0x000001cda8ccda20 JavaThread "Unconstrained build operations Thread 60" [_thread_blocked, id=17352, stack(0x0000001dc2a00000,0x0000001dc2b00000)]
  0x000001cda8cd18b0 JavaThread "Unconstrained build operations Thread 61" [_thread_blocked, id=13924, stack(0x0000001dc2b00000,0x0000001dc2c00000)]
  0x000001cda8cced60 JavaThread "Unconstrained build operations Thread 62" [_thread_blocked, id=13448, stack(0x0000001dc2c00000,0x0000001dc2d00000)]
  0x000001cda8ccd080 JavaThread "Unconstrained build operations Thread 63" [_thread_blocked, id=16156, stack(0x0000001dc2d00000,0x0000001dc2e00000)]
  0x000001cda8cd48d0 JavaThread "Unconstrained build operations Thread 64" [_thread_blocked, id=3056, stack(0x0000001dc2e00000,0x0000001dc2f00000)]
  0x000001cda8cd3a60 JavaThread "Unconstrained build operations Thread 65" [_thread_blocked, id=13608, stack(0x0000001dc2f00000,0x0000001dc3000000)]
  0x000001cda8cd0a40 JavaThread "Unconstrained build operations Thread 66" [_thread_blocked, id=9772, stack(0x0000001dc3000000,0x0000001dc3100000)]
  0x000001cda8ccf230 JavaThread "Unconstrained build operations Thread 67" [_thread_blocked, id=25528, stack(0x0000001dc3100000,0x0000001dc3200000)]
  0x000001cda8cd2250 JavaThread "Unconstrained build operations Thread 68" [_thread_blocked, id=23764, stack(0x0000001dc3200000,0x0000001dc3300000)]
  0x000001cda8cd13e0 JavaThread "Unconstrained build operations Thread 69" [_thread_blocked, id=21664, stack(0x0000001dc3300000,0x0000001dc3400000)]
  0x000001cda8cd2bf0 JavaThread "Unconstrained build operations Thread 70" [_thread_blocked, id=16844, stack(0x0000001dc3400000,0x0000001dc3500000)]
  0x000001cda8cd3f30 JavaThread "Unconstrained build operations Thread 71" [_thread_blocked, id=8776, stack(0x0000001dc3500000,0x0000001dc3600000)]
  0x000001cda8cd4400 JavaThread "Unconstrained build operations Thread 72" [_thread_blocked, id=2700, stack(0x0000001dc3600000,0x0000001dc3700000)]
  0x000001cda8cd30c0 JavaThread "Unconstrained build operations Thread 73" [_thread_blocked, id=23084, stack(0x0000001dc3700000,0x0000001dc3800000)]
  0x000001cda8ccdef0 JavaThread "Unconstrained build operations Thread 74" [_thread_blocked, id=9332, stack(0x0000001dc3800000,0x0000001dc3900000)]
  0x000001cda8cce890 JavaThread "Unconstrained build operations Thread 75" [_thread_blocked, id=3272, stack(0x0000001dc3900000,0x0000001dc3a00000)]
  0x000001cda8cce3c0 JavaThread "Unconstrained build operations Thread 76" [_thread_blocked, id=22756, stack(0x0000001dc3a00000,0x0000001dc3b00000)]
  0x000001cda8ccf700 JavaThread "Unconstrained build operations Thread 77" [_thread_blocked, id=25724, stack(0x0000001dc3b00000,0x0000001dc3c00000)]
  0x000001cda8ccfbd0 JavaThread "Unconstrained build operations Thread 78" [_thread_blocked, id=12840, stack(0x0000001dc3c00000,0x0000001dc3d00000)]
  0x000001cda8cd3590 JavaThread "Unconstrained build operations Thread 79" [_thread_blocked, id=25132, stack(0x0000001dc3d00000,0x0000001dc3e00000)]
  0x000001cda8cd00a0 JavaThread "Unconstrained build operations Thread 80" [_thread_blocked, id=18380, stack(0x0000001dc3e00000,0x0000001dc3f00000)]
  0x000001cda8cd0570 JavaThread "Unconstrained build operations Thread 81" [_thread_blocked, id=16064, stack(0x0000001dc3f00000,0x0000001dc4000000)]
  0x000001cda806f770 JavaThread "Unconstrained build operations Thread 82" [_thread_blocked, id=15816, stack(0x0000001dc4000000,0x0000001dc4100000)]
  0x000001cda80752e0 JavaThread "Unconstrained build operations Thread 83" [_thread_blocked, id=16300, stack(0x0000001dc4100000,0x0000001dc4200000)]
  0x000001cda806f2a0 JavaThread "Unconstrained build operations Thread 84" [_thread_blocked, id=12100, stack(0x0000001dc4200000,0x0000001dc4300000)]
  0x000001cda8070f80 JavaThread "Unconstrained build operations Thread 85" [_thread_blocked, id=9684, stack(0x0000001dc4300000,0x0000001dc4400000)]
  0x000001cda8071df0 JavaThread "Unconstrained build operations Thread 86" [_thread_blocked, id=24852, stack(0x0000001dc4400000,0x0000001dc4500000)]
  0x000001cda8072c60 JavaThread "Unconstrained build operations Thread 87" [_thread_blocked, id=23892, stack(0x0000001dc4500000,0x0000001dc4600000)]
  0x000001cda8070ab0 JavaThread "Unconstrained build operations Thread 88" [_thread_blocked, id=18764, stack(0x0000001dc4600000,0x0000001dc4700000)]
  0x000001cda8073600 JavaThread "Unconstrained build operations Thread 89" [_thread_blocked, id=11676, stack(0x0000001dc4700000,0x0000001dc4800000)]
  0x000001cda8073fa0 JavaThread "Unconstrained build operations Thread 90" [_thread_blocked, id=14848, stack(0x0000001dc4800000,0x0000001dc4900000)]
  0x000001cda806fc40 JavaThread "Unconstrained build operations Thread 91" [_thread_blocked, id=21808, stack(0x0000001dc4900000,0x0000001dc4a00000)]
  0x000001cda8070110 JavaThread "Unconstrained build operations Thread 92" [_thread_blocked, id=12812, stack(0x0000001dc4a00000,0x0000001dc4b00000)]
  0x000001cda8074470 JavaThread "Unconstrained build operations Thread 93" [_thread_blocked, id=9556, stack(0x0000001dc4b00000,0x0000001dc4c00000)]
  0x000001cda80705e0 JavaThread "Unconstrained build operations Thread 94" [_thread_blocked, id=12332, stack(0x0000001dc4c00000,0x0000001dc4d00000)]
  0x000001cda8073ad0 JavaThread "Unconstrained build operations Thread 95" [_thread_blocked, id=25996, stack(0x0000001dc4d00000,0x0000001dc4e00000)]
  0x000001cda8074940 JavaThread "Unconstrained build operations Thread 96" [_thread_blocked, id=2868, stack(0x0000001dc4e00000,0x0000001dc4f00000)]
  0x000001cda8071920 JavaThread "Unconstrained build operations Thread 97" [_thread_blocked, id=27024, stack(0x0000001dc4f00000,0x0000001dc5000000)]
  0x000001cda8075c80 JavaThread "Unconstrained build operations Thread 98" [_thread_blocked, id=2248, stack(0x0000001dc5000000,0x0000001dc5100000)]
  0x000001cda8073130 JavaThread "Unconstrained build operations Thread 99" [_thread_blocked, id=19380, stack(0x0000001dc5100000,0x0000001dc5200000)]
  0x000001cda8071450 JavaThread "Unconstrained build operations Thread 100" [_thread_blocked, id=18268, stack(0x0000001dc5200000,0x0000001dc5300000)]
  0x000001cda80722c0 JavaThread "Unconstrained build operations Thread 101" [_thread_blocked, id=16220, stack(0x0000001dc5300000,0x0000001dc5400000)]
  0x000001cda8072790 JavaThread "Unconstrained build operations Thread 102" [_thread_blocked, id=23904, stack(0x0000001dc5400000,0x0000001dc5500000)]
  0x000001cda8074e10 JavaThread "Unconstrained build operations Thread 103" [_thread_blocked, id=13276, stack(0x0000001dc5500000,0x0000001dc5600000)]
  0x000001cda80757b0 JavaThread "Unconstrained build operations Thread 104" [_thread_blocked, id=24492, stack(0x0000001dc5600000,0x0000001dc5700000)]
  0x000001cda8076150 JavaThread "Unconstrained build operations Thread 105" [_thread_blocked, id=28612, stack(0x0000001dc5700000,0x0000001dc5800000)]
  0x000001cda8076620 JavaThread "Unconstrained build operations Thread 106" [_thread_blocked, id=6352, stack(0x0000001dc5800000,0x0000001dc5900000)]
  0x000001cda8076af0 JavaThread "Unconstrained build operations Thread 107" [_thread_blocked, id=10496, stack(0x0000001dc5900000,0x0000001dc5a00000)]
  0x000001cda809b160 JavaThread "Unconstrained build operations Thread 108" [_thread_blocked, id=15768, stack(0x0000001dc5a00000,0x0000001dc5b00000)]
  0x000001cda8099950 JavaThread "Unconstrained build operations Thread 109" [_thread_blocked, id=1264, stack(0x0000001dc5b00000,0x0000001dc5c00000)]
  0x000001cda809e180 JavaThread "Unconstrained build operations Thread 110" [_thread_blocked, id=9100, stack(0x0000001dc5c00000,0x0000001dc5d00000)]
  0x000001cda809b630 JavaThread "Unconstrained build operations Thread 111" [_thread_blocked, id=9956, stack(0x0000001dc5d00000,0x0000001dc5e00000)]
  0x000001cda8098fb0 JavaThread "Unconstrained build operations Thread 112" [_thread_blocked, id=13176, stack(0x0000001dc5e00000,0x0000001dc5f00000)]
  0x000001cda8099480 JavaThread "Unconstrained build operations Thread 113" [_thread_blocked, id=15460, stack(0x0000001dc5f00000,0x0000001dc6000000)]
  0x000001cda809bfd0 JavaThread "Unconstrained build operations Thread 114" [_thread_blocked, id=23420, stack(0x0000001dc6000000,0x0000001dc6100000)]
  0x000001cda809ce40 JavaThread "Unconstrained build operations Thread 115" [_thread_blocked, id=2848, stack(0x0000001dc6100000,0x0000001dc6200000)]
  0x000001cda809eb20 JavaThread "Unconstrained build operations Thread 116" [_thread_blocked, id=18244, stack(0x0000001dc6200000,0x0000001dc6300000)]
  0x000001cda809bb00 JavaThread "Unconstrained build operations Thread 117" [_thread_blocked, id=20736, stack(0x0000001dc6300000,0x0000001dc6400000)]
  0x000001cda809c4a0 JavaThread "Unconstrained build operations Thread 118" [_thread_blocked, id=17468, stack(0x0000001dc6400000,0x0000001dc6500000)]
  0x000001cda8099e20 JavaThread "Unconstrained build operations Thread 119" [_thread_blocked, id=15256, stack(0x0000001dc6500000,0x0000001dc6600000)]
  0x000001cda80977a0 JavaThread "Unconstrained build operations Thread 120" [_thread_blocked, id=4796, stack(0x0000001dc6600000,0x0000001dc6700000)]
  0x000001cda809c970 JavaThread "Memory manager" [_thread_blocked, id=19256, stack(0x0000001dc6700000,0x0000001dc6800000)]

Other Threads:
=>0x000001cda26b5a80 VMThread "VM Thread" [stack: 0x0000001dbb000000,0x0000001dbb100000] [id=27136]
  0x000001cd88495f80 WatcherThread [stack: 0x0000001dbbc00000,0x0000001dbbd00000] [id=18204]
  0x000001cd8846a850 GCTaskThread "GC Thread#0" [stack: 0x0000001dbab00000,0x0000001dbac00000] [id=18160]
  0x000001cda35d4f50 GCTaskThread "GC Thread#1" [stack: 0x0000001dbbf00000,0x0000001dbc000000] [id=3632]
  0x000001cda35d5200 GCTaskThread "GC Thread#2" [stack: 0x0000001dbc000000,0x0000001dbc100000] [id=1868]
  0x000001cda35d54b0 GCTaskThread "GC Thread#3" [stack: 0x0000001dbc100000,0x0000001dbc200000] [id=25352]
  0x000001cda39ef030 GCTaskThread "GC Thread#4" [stack: 0x0000001dbc200000,0x0000001dbc300000] [id=27824]
  0x000001cda4b229f0 GCTaskThread "GC Thread#5" [stack: 0x0000001dbcb00000,0x0000001dbcc00000] [id=24716]
  0x000001cda43e17f0 GCTaskThread "GC Thread#6" [stack: 0x0000001dbcc00000,0x0000001dbcd00000] [id=3132]
  0x000001cda421e980 GCTaskThread "GC Thread#7" [stack: 0x0000001dbcd00000,0x0000001dbce00000] [id=13664]
  0x000001cda421ec30 GCTaskThread "GC Thread#8" [stack: 0x0000001dbce00000,0x0000001dbcf00000] [id=20140]
  0x000001cda421eee0 GCTaskThread "GC Thread#9" [stack: 0x0000001dbcf00000,0x0000001dbd000000] [id=26996]
  0x000001cd8847b790 ConcurrentGCThread "G1 Main Marker" [stack: 0x0000001dbac00000,0x0000001dbad00000] [id=13072]
  0x000001cd8847e960 ConcurrentGCThread "G1 Conc#0" [stack: 0x0000001dbad00000,0x0000001dbae00000] [id=12060]
  0x000001cda421f190 ConcurrentGCThread "G1 Conc#1" [stack: 0x0000001dbd000000,0x0000001dbd100000] [id=26744]
  0x000001cda5ad0820 ConcurrentGCThread "G1 Conc#2" [stack: 0x0000001dbd100000,0x0000001dbd200000] [id=28604]
  0x000001cd884ce470 ConcurrentGCThread "G1 Refine#0" [stack: 0x0000001dbae00000,0x0000001dbaf00000] [id=27240]
  0x000001cda91ae810 ConcurrentGCThread "G1 Refine#1" [stack: 0x0000001dbe500000,0x0000001dbe600000] [id=26556]
  0x000001cda2562570 ConcurrentGCThread "G1 Service" [stack: 0x0000001dbaf00000,0x0000001dbb000000] [id=9788]

Threads with active compile tasks:
C2 CompilerThread0     9629 6639 % !   4       java.util.jar.Attributes::read @ 214 (494 bytes)

VM state: at safepoint (normal execution)

VM Mutex/Monitor currently owned by a thread:  ([mutex/lock_event])
[0x000001cd8840c8d0] Threads_lock - owner thread: 0x000001cda26b5a80
[0x000001cd8840c840] Heap_lock - owner thread: 0x000001cda5cd7040

Heap address: 0x0000000080000000, size: 2048 MB, Compressed Oops mode: 32-bit

CDS archive(s) not mapped
Compressed class space mapped at: 0x0000000100000000-0x0000000140000000, reserved size: 1073741824
Narrow klass base: 0x0000000000000000, Narrow klass shift: 3, Narrow klass range: 0x140000000

GC Precious Log:
 CPUs: 12 total, 12 available
 Memory: 14188M
 Large Page Support: Disabled
 NUMA Support: Disabled
 Compressed Oops: Enabled (32-bit)
 Heap Region Size: 1M
 Heap Min Capacity: 8M
 Heap Initial Capacity: 222M
 Heap Max Capacity: 2G
 Pre-touch: Disabled
 Parallel Workers: 10
 Concurrent Workers: 3
 Concurrent Refinement Workers: 10
 Periodic GC: Disabled

Heap:
 garbage-first heap   total 186368K, used 86149K [0x0000000080000000, 0x0000000100000000)
  region size 1024K, 3 young (3072K), 3 survivors (3072K)
 Metaspace       used 67691K, committed 68352K, reserved 1114112K
  class space    used 9003K, committed 9280K, reserved 1048576K

Heap Regions: E=young(eden), S=young(survivor), O=old, HS=humongous(starts), HC=humongous(continues), CS=collection set, F=free, OA=open archive, CA=closed archive, TAMS=top-at-mark-start (previous, next)
|   0|0x0000000080000000, 0x0000000080100000, 0x0000000080100000|100%|HS|  |TAMS 0x0000000080100000, 0x0000000080100000| Complete 
|   1|0x0000000080100000, 0x0000000080200000, 0x0000000080200000|100%|HC|  |TAMS 0x0000000080200000, 0x0000000080200000| Complete 
|   2|0x0000000080200000, 0x0000000080300000, 0x0000000080300000|100%|HC|  |TAMS 0x0000000080300000, 0x0000000080300000| Complete 
|   3|0x0000000080300000, 0x0000000080400000, 0x0000000080400000|100%|HC|  |TAMS 0x0000000080400000, 0x0000000080400000| Complete 
|   4|0x0000000080400000, 0x0000000080500000, 0x0000000080500000|100%| O|  |TAMS 0x0000000080500000, 0x0000000080500000| Untracked 
|   5|0x0000000080500000, 0x0000000080600000, 0x0000000080600000|100%| O|  |TAMS 0x0000000080600000, 0x0000000080600000| Untracked 
|   6|0x0000000080600000, 0x0000000080700000, 0x0000000080700000|100%| O|  |TAMS 0x0000000080700000, 0x0000000080700000| Untracked 
|   7|0x0000000080700000, 0x0000000080800000, 0x0000000080800000|100%| O|  |TAMS 0x0000000080800000, 0x0000000080800000| Untracked 
|   8|0x0000000080800000, 0x0000000080900000, 0x0000000080900000|100%| O|  |TAMS 0x0000000080900000, 0x0000000080900000| Untracked 
|   9|0x0000000080900000, 0x0000000080a00000, 0x0000000080a00000|100%| O|  |TAMS 0x0000000080a00000, 0x0000000080a00000| Untracked 
|  10|0x0000000080a00000, 0x0000000080b00000, 0x0000000080b00000|100%| O|  |TAMS 0x0000000080b00000, 0x0000000080b00000| Untracked 
|  11|0x0000000080b00000, 0x0000000080c00000, 0x0000000080c00000|100%| O|  |TAMS 0x0000000080c00000, 0x0000000080c00000| Untracked 
|  12|0x0000000080c00000, 0x0000000080d00000, 0x0000000080d00000|100%| O|  |TAMS 0x0000000080d00000, 0x0000000080d00000| Untracked 
|  13|0x0000000080d00000, 0x0000000080e00000, 0x0000000080e00000|100%| O|  |TAMS 0x0000000080e00000, 0x0000000080e00000| Untracked 
|  14|0x0000000080e00000, 0x0000000080f00000, 0x0000000080f00000|100%|HS|  |TAMS 0x0000000080e00000, 0x0000000080f00000| Complete 
|  15|0x0000000080f00000, 0x0000000081000000, 0x0000000081000000|100%| O|  |TAMS 0x0000000081000000, 0x0000000081000000| Untracked 
|  16|0x0000000081000000, 0x0000000081100000, 0x0000000081100000|100%| O|  |TAMS 0x0000000081100000, 0x0000000081100000| Untracked 
|  17|0x0000000081100000, 0x0000000081200000, 0x0000000081200000|100%| O|  |TAMS 0x0000000081200000, 0x0000000081200000| Untracked 
|  18|0x0000000081200000, 0x0000000081300000, 0x0000000081300000|100%| O|  |TAMS 0x0000000081300000, 0x0000000081300000| Untracked 
|  19|0x0000000081300000, 0x0000000081400000, 0x0000000081400000|100%|HS|  |TAMS 0x0000000081400000, 0x0000000081400000| Complete 
|  20|0x0000000081400000, 0x0000000081500000, 0x0000000081500000|100%|HC|  |TAMS 0x0000000081500000, 0x0000000081500000| Complete 
|  21|0x0000000081500000, 0x0000000081600000, 0x0000000081600000|100%|HS|  |TAMS 0x0000000081600000, 0x0000000081600000| Complete 
|  22|0x0000000081600000, 0x0000000081700000, 0x0000000081700000|100%|HC|  |TAMS 0x0000000081700000, 0x0000000081700000| Complete 
|  23|0x0000000081700000, 0x0000000081800000, 0x0000000081800000|100%|HC|  |TAMS 0x0000000081800000, 0x0000000081800000| Complete 
|  24|0x0000000081800000, 0x0000000081900000, 0x0000000081900000|100%| O|  |TAMS 0x0000000081900000, 0x0000000081900000| Untracked 
|  25|0x0000000081900000, 0x0000000081a00000, 0x0000000081a00000|100%| O|  |TAMS 0x0000000081a00000, 0x0000000081a00000| Untracked 
|  26|0x0000000081a00000, 0x0000000081b00000, 0x0000000081b00000|100%| O|  |TAMS 0x0000000081b00000, 0x0000000081b00000| Untracked 
|  27|0x0000000081b00000, 0x0000000081c00000, 0x0000000081c00000|100%|HS|  |TAMS 0x0000000081c00000, 0x0000000081c00000| Complete 
|  28|0x0000000081c00000, 0x0000000081d00000, 0x0000000081d00000|100%|HC|  |TAMS 0x0000000081d00000, 0x0000000081d00000| Complete 
|  29|0x0000000081d00000, 0x0000000081e00000, 0x0000000081e00000|100%|HC|  |TAMS 0x0000000081e00000, 0x0000000081e00000| Complete 
|  30|0x0000000081e00000, 0x0000000081f00000, 0x0000000081f00000|100%| O|  |TAMS 0x0000000081f00000, 0x0000000081f00000| Untracked 
|  31|0x0000000081f00000, 0x0000000082000000, 0x0000000082000000|100%| O|  |TAMS 0x0000000082000000, 0x0000000082000000| Untracked 
|  32|0x0000000082000000, 0x0000000082100000, 0x0000000082100000|100%| O|  |TAMS 0x0000000082100000, 0x0000000082100000| Untracked 
|  33|0x0000000082100000, 0x0000000082200000, 0x0000000082200000|100%|HS|  |TAMS 0x0000000082200000, 0x0000000082200000| Complete 
|  34|0x0000000082200000, 0x0000000082300000, 0x0000000082300000|100%|HC|  |TAMS 0x0000000082300000, 0x0000000082300000| Complete 
|  35|0x0000000082300000, 0x0000000082400000, 0x0000000082400000|100%| O|  |TAMS 0x0000000082400000, 0x0000000082400000| Untracked 
|  36|0x0000000082400000, 0x0000000082500000, 0x0000000082500000|100%| O|  |TAMS 0x0000000082500000, 0x0000000082500000| Untracked 
|  37|0x0000000082500000, 0x0000000082600000, 0x0000000082600000|100%| O|  |TAMS 0x0000000082600000, 0x0000000082600000| Untracked 
|  38|0x0000000082600000, 0x0000000082600000, 0x0000000082700000|  0%| F|  |TAMS 0x0000000082600000, 0x0000000082600000| Untracked 
|  39|0x0000000082700000, 0x0000000082800000, 0x0000000082800000|100%| O|  |TAMS 0x0000000082800000, 0x0000000082800000| Untracked 
|  40|0x0000000082800000, 0x0000000082900000, 0x0000000082900000|100%| O|  |TAMS 0x0000000082900000, 0x0000000082900000| Untracked 
|  41|0x0000000082900000, 0x0000000082a00000, 0x0000000082a00000|100%| O|  |TAMS 0x0000000082a00000, 0x0000000082a00000| Untracked 
|  42|0x0000000082a00000, 0x0000000082b00000, 0x0000000082b00000|100%|HS|  |TAMS 0x0000000082b00000, 0x0000000082b00000| Complete 
|  43|0x0000000082b00000, 0x0000000082c00000, 0x0000000082c00000|100%|HC|  |TAMS 0x0000000082c00000, 0x0000000082c00000| Complete 
|  44|0x0000000082c00000, 0x0000000082d00000, 0x0000000082d00000|100%|HC|  |TAMS 0x0000000082d00000, 0x0000000082d00000| Complete 
|  45|0x0000000082d00000, 0x0000000082e00000, 0x0000000082e00000|100%|HS|  |TAMS 0x0000000082e00000, 0x0000000082e00000| Complete 
|  46|0x0000000082e00000, 0x0000000082f00000, 0x0000000082f00000|100%|HC|  |TAMS 0x0000000082f00000, 0x0000000082f00000| Complete 
|  47|0x0000000082f00000, 0x0000000083000000, 0x0000000083000000|100%|HC|  |TAMS 0x0000000083000000, 0x0000000083000000| Complete 
|  48|0x0000000083000000, 0x0000000083100000, 0x0000000083100000|100%|HC|  |TAMS 0x0000000083100000, 0x0000000083100000| Complete 
|  49|0x0000000083100000, 0x0000000083200000, 0x0000000083200000|100%|HC|  |TAMS 0x0000000083200000, 0x0000000083200000| Complete 
|  50|0x0000000083200000, 0x0000000083300000, 0x0000000083300000|100%|HC|  |TAMS 0x0000000083300000, 0x0000000083300000| Complete 
|  51|0x0000000083300000, 0x0000000083400000, 0x0000000083400000|100%|HC|  |TAMS 0x0000000083400000, 0x0000000083400000| Complete 
|  52|0x0000000083400000, 0x0000000083500000, 0x0000000083500000|100%|HC|  |TAMS 0x0000000083500000, 0x0000000083500000| Complete 
|  53|0x0000000083500000, 0x0000000083600000, 0x0000000083600000|100%|HC|  |TAMS 0x0000000083600000, 0x0000000083600000| Complete 
|  54|0x0000000083600000, 0x0000000083700000, 0x0000000083700000|100%|HC|  |TAMS 0x0000000083700000, 0x0000000083700000| Complete 
|  55|0x0000000083700000, 0x0000000083800000, 0x0000000083800000|100%|HC|  |TAMS 0x0000000083800000, 0x0000000083800000| Complete 
|  56|0x0000000083800000, 0x0000000083900000, 0x0000000083900000|100%|HC|  |TAMS 0x0000000083900000, 0x0000000083900000| Complete 
|  57|0x0000000083900000, 0x0000000083a00000, 0x0000000083a00000|100%| O|  |TAMS 0x0000000083a00000, 0x0000000083a00000| Untracked 
|  58|0x0000000083a00000, 0x0000000083b00000, 0x0000000083b00000|100%| O|  |TAMS 0x0000000083b00000, 0x0000000083b00000| Untracked 
|  59|0x0000000083b00000, 0x0000000083c00000, 0x0000000083c00000|100%| O|  |TAMS 0x0000000083c00000, 0x0000000083c00000| Untracked 
|  60|0x0000000083c00000, 0x0000000083d00000, 0x0000000083d00000|100%|HS|  |TAMS 0x0000000083d00000, 0x0000000083d00000| Complete 
|  61|0x0000000083d00000, 0x0000000083e00000, 0x0000000083e00000|100%|HC|  |TAMS 0x0000000083e00000, 0x0000000083e00000| Complete 
|  62|0x0000000083e00000, 0x0000000083f00000, 0x0000000083f00000|100%|HC|  |TAMS 0x0000000083f00000, 0x0000000083f00000| Complete 
|  63|0x0000000083f00000, 0x0000000084000000, 0x0000000084000000|100%| O|  |TAMS 0x0000000084000000, 0x0000000084000000| Untracked 
|  64|0x0000000084000000, 0x0000000084100000, 0x0000000084100000|100%| O|  |TAMS 0x0000000084100000, 0x0000000084100000| Untracked 
|  65|0x0000000084100000, 0x0000000084200000, 0x0000000084200000|100%| O|  |TAMS 0x0000000084200000, 0x0000000084200000| Untracked 
|  66|0x0000000084200000, 0x0000000084300000, 0x0000000084300000|100%| O|  |TAMS 0x0000000084300000, 0x0000000084300000| Untracked 
|  67|0x0000000084300000, 0x0000000084400000, 0x0000000084400000|100%| O|  |TAMS 0x0000000084400000, 0x0000000084400000| Untracked 
|  68|0x0000000084400000, 0x0000000084500000, 0x0000000084500000|100%| O|  |TAMS 0x0000000084500000, 0x0000000084500000| Untracked 
|  69|0x0000000084500000, 0x0000000084600000, 0x0000000084600000|100%| O|  |TAMS 0x0000000084600000, 0x0000000084600000| Untracked 
|  70|0x0000000084600000, 0x0000000084700000, 0x0000000084700000|100%| O|  |TAMS 0x0000000084700000, 0x0000000084700000| Untracked 
|  71|0x0000000084700000, 0x0000000084800000, 0x0000000084800000|100%| O|  |TAMS 0x0000000084800000, 0x0000000084800000| Untracked 
|  72|0x0000000084800000, 0x0000000084900000, 0x0000000084900000|100%| O|  |TAMS 0x0000000084900000, 0x0000000084900000| Untracked 
|  73|0x0000000084900000, 0x0000000084a00000, 0x0000000084a00000|100%| O|  |TAMS 0x00000000849c8a00, 0x0000000084a00000| Untracked 
|  74|0x0000000084a00000, 0x0000000084b00000, 0x0000000084b00000|100%|HS|  |TAMS 0x0000000084a00000, 0x0000000084b00000| Complete 
|  75|0x0000000084b00000, 0x0000000084c00000, 0x0000000084c00000|100%|HS|  |TAMS 0x0000000084b00000, 0x0000000084c00000| Complete 
|  76|0x0000000084c00000, 0x0000000084d00000, 0x0000000084d00000|100%| O|  |TAMS 0x0000000084c00000, 0x0000000084d00000| Untracked 
|  77|0x0000000084d00000, 0x0000000084e00000, 0x0000000084e00000|100%| O|  |TAMS 0x0000000084d00000, 0x0000000084e00000| Untracked 
|  78|0x0000000084e00000, 0x0000000084f00000, 0x0000000084f00000|100%| O|  |TAMS 0x0000000084e00000, 0x0000000084f00000| Untracked 
|  79|0x0000000084f00000, 0x0000000085000000, 0x0000000085000000|100%| O|  |TAMS 0x0000000084f00000, 0x0000000085000000| Untracked 
|  80|0x0000000085000000, 0x0000000085100000, 0x0000000085100000|100%| O|  |TAMS 0x0000000085000000, 0x0000000085100000| Untracked 
|  81|0x0000000085100000, 0x0000000085200000, 0x0000000085200000|100%| O|  |TAMS 0x0000000085100000, 0x0000000085200000| Untracked 
|  82|0x0000000085200000, 0x0000000085248e00, 0x0000000085300000| 28%| O|  |TAMS 0x0000000085200000, 0x0000000085248e00| Untracked 
|  83|0x0000000085300000, 0x0000000085300000, 0x0000000085400000|  0%| F|  |TAMS 0x0000000085300000, 0x0000000085300000| Untracked 
|  84|0x0000000085400000, 0x0000000085400000, 0x0000000085500000|  0%| F|  |TAMS 0x0000000085400000, 0x0000000085400000| Untracked 
|  85|0x0000000085500000, 0x0000000085500000, 0x0000000085600000|  0%| F|  |TAMS 0x0000000085500000, 0x0000000085500000| Untracked 
|  86|0x0000000085600000, 0x0000000085600000, 0x0000000085700000|  0%| F|  |TAMS 0x0000000085600000, 0x0000000085600000| Untracked 
|  87|0x0000000085700000, 0x0000000085700000, 0x0000000085800000|  0%| F|  |TAMS 0x0000000085700000, 0x0000000085700000| Untracked 
|  88|0x0000000085800000, 0x0000000085800000, 0x0000000085900000|  0%| F|  |TAMS 0x0000000085800000, 0x0000000085800000| Untracked 
|  89|0x0000000085900000, 0x0000000085900000, 0x0000000085a00000|  0%| F|  |TAMS 0x0000000085900000, 0x0000000085900000| Untracked 
|  90|0x0000000085a00000, 0x0000000085a00000, 0x0000000085b00000|  0%| F|  |TAMS 0x0000000085a00000, 0x0000000085a00000| Untracked 
|  91|0x0000000085b00000, 0x0000000085b00000, 0x0000000085c00000|  0%| F|  |TAMS 0x0000000085b00000, 0x0000000085b00000| Untracked 
|  92|0x0000000085c00000, 0x0000000085c00000, 0x0000000085d00000|  0%| F|  |TAMS 0x0000000085c00000, 0x0000000085c00000| Untracked 
|  93|0x0000000085d00000, 0x0000000085d00000, 0x0000000085e00000|  0%| F|  |TAMS 0x0000000085d00000, 0x0000000085d00000| Untracked 
|  94|0x0000000085e00000, 0x0000000085e00000, 0x0000000085f00000|  0%| F|  |TAMS 0x0000000085e00000, 0x0000000085e00000| Untracked 
|  95|0x0000000085f00000, 0x0000000085f00000, 0x0000000086000000|  0%| F|  |TAMS 0x0000000085f00000, 0x0000000085f00000| Untracked 
|  96|0x0000000086000000, 0x0000000086000000, 0x0000000086100000|  0%| F|  |TAMS 0x0000000086000000, 0x0000000086000000| Untracked 
|  97|0x0000000086100000, 0x0000000086100000, 0x0000000086200000|  0%| F|  |TAMS 0x0000000086100000, 0x0000000086100000| Untracked 
|  98|0x0000000086200000, 0x0000000086200000, 0x0000000086300000|  0%| F|  |TAMS 0x0000000086200000, 0x0000000086200000| Untracked 
|  99|0x0000000086300000, 0x0000000086300000, 0x0000000086400000|  0%| F|  |TAMS 0x0000000086300000, 0x0000000086300000| Untracked 
| 100|0x0000000086400000, 0x0000000086400000, 0x0000000086500000|  0%| F|  |TAMS 0x0000000086400000, 0x0000000086400000| Untracked 
| 101|0x0000000086500000, 0x0000000086500000, 0x0000000086600000|  0%| F|  |TAMS 0x0000000086500000, 0x0000000086500000| Untracked 
| 102|0x0000000086600000, 0x0000000086600000, 0x0000000086700000|  0%| F|  |TAMS 0x0000000086600000, 0x0000000086600000| Untracked 
| 103|0x0000000086700000, 0x0000000086700000, 0x0000000086800000|  0%| F|  |TAMS 0x0000000086700000, 0x0000000086700000| Untracked 
| 104|0x0000000086800000, 0x0000000086800000, 0x0000000086900000|  0%| F|  |TAMS 0x0000000086800000, 0x0000000086800000| Untracked 
| 105|0x0000000086900000, 0x0000000086900000, 0x0000000086a00000|  0%| F|  |TAMS 0x0000000086900000, 0x0000000086900000| Untracked 
| 106|0x0000000086a00000, 0x0000000086ad8668, 0x0000000086b00000| 84%| S|CS|TAMS 0x0000000086a00000, 0x0000000086a00000| Complete 
| 107|0x0000000086b00000, 0x0000000086c00000, 0x0000000086c00000|100%| S|CS|TAMS 0x0000000086b00000, 0x0000000086b00000| Complete 
| 108|0x0000000086c00000, 0x0000000086d00000, 0x0000000086d00000|100%| S|CS|TAMS 0x0000000086c00000, 0x0000000086c00000| Complete 
| 109|0x0000000086d00000, 0x0000000086d00000, 0x0000000086e00000|  0%| F|  |TAMS 0x0000000086d00000, 0x0000000086d00000| Untracked 
| 110|0x0000000086e00000, 0x0000000086e00000, 0x0000000086f00000|  0%| F|  |TAMS 0x0000000086e00000, 0x0000000086e00000| Untracked 
| 111|0x0000000086f00000, 0x0000000086f00000, 0x0000000087000000|  0%| F|  |TAMS 0x0000000086f00000, 0x0000000086f00000| Untracked 
| 112|0x0000000087000000, 0x0000000087000000, 0x0000000087100000|  0%| F|  |TAMS 0x0000000087000000, 0x0000000087000000| Untracked 
| 113|0x0000000087100000, 0x0000000087100000, 0x0000000087200000|  0%| F|  |TAMS 0x0000000087100000, 0x0000000087100000| Untracked 
| 114|0x0000000087200000, 0x0000000087200000, 0x0000000087300000|  0%| F|  |TAMS 0x0000000087200000, 0x0000000087200000| Untracked 
| 115|0x0000000087300000, 0x0000000087300000, 0x0000000087400000|  0%| F|  |TAMS 0x0000000087300000, 0x0000000087300000| Untracked 
| 116|0x0000000087400000, 0x0000000087400000, 0x0000000087500000|  0%| F|  |TAMS 0x0000000087400000, 0x0000000087400000| Untracked 
| 117|0x0000000087500000, 0x0000000087500000, 0x0000000087600000|  0%| F|  |TAMS 0x0000000087500000, 0x0000000087500000| Untracked 
| 118|0x0000000087600000, 0x0000000087600000, 0x0000000087700000|  0%| F|  |TAMS 0x0000000087600000, 0x0000000087600000| Untracked 
| 119|0x0000000087700000, 0x0000000087700000, 0x0000000087800000|  0%| F|  |TAMS 0x0000000087700000, 0x0000000087700000| Untracked 
| 120|0x0000000087800000, 0x0000000087800000, 0x0000000087900000|  0%| F|  |TAMS 0x0000000087800000, 0x0000000087800000| Untracked 
| 121|0x0000000087900000, 0x0000000087900000, 0x0000000087a00000|  0%| F|  |TAMS 0x0000000087900000, 0x0000000087900000| Untracked 
| 122|0x0000000087a00000, 0x0000000087a00000, 0x0000000087b00000|  0%| F|  |TAMS 0x0000000087a00000, 0x0000000087a00000| Untracked 
| 123|0x0000000087b00000, 0x0000000087b00000, 0x0000000087c00000|  0%| F|  |TAMS 0x0000000087b00000, 0x0000000087b00000| Untracked 
| 124|0x0000000087c00000, 0x0000000087c00000, 0x0000000087d00000|  0%| F|  |TAMS 0x0000000087c00000, 0x0000000087c00000| Untracked 
| 125|0x0000000087d00000, 0x0000000087d00000, 0x0000000087e00000|  0%| F|  |TAMS 0x0000000087d00000, 0x0000000087d00000| Untracked 
| 126|0x0000000087e00000, 0x0000000087e00000, 0x0000000087f00000|  0%| F|  |TAMS 0x0000000087e00000, 0x0000000087e00000| Untracked 
| 127|0x0000000087f00000, 0x0000000087f00000, 0x0000000088000000|  0%| F|  |TAMS 0x0000000087f00000, 0x0000000087f00000| Untracked 
| 128|0x0000000088000000, 0x0000000088000000, 0x0000000088100000|  0%| F|  |TAMS 0x0000000088000000, 0x0000000088000000| Untracked 
| 129|0x0000000088100000, 0x0000000088100000, 0x0000000088200000|  0%| F|  |TAMS 0x0000000088100000, 0x0000000088100000| Untracked 
| 130|0x0000000088200000, 0x0000000088200000, 0x0000000088300000|  0%| F|  |TAMS 0x0000000088200000, 0x0000000088200000| Untracked 
| 131|0x0000000088300000, 0x0000000088300000, 0x0000000088400000|  0%| F|  |TAMS 0x0000000088300000, 0x0000000088300000| Untracked 
| 132|0x0000000088400000, 0x0000000088400000, 0x0000000088500000|  0%| F|  |TAMS 0x0000000088400000, 0x0000000088400000| Untracked 
| 133|0x0000000088500000, 0x0000000088500000, 0x0000000088600000|  0%| F|  |TAMS 0x0000000088500000, 0x0000000088500000| Untracked 
| 134|0x0000000088600000, 0x0000000088600000, 0x0000000088700000|  0%| F|  |TAMS 0x0000000088600000, 0x0000000088600000| Untracked 
| 135|0x0000000088700000, 0x0000000088700000, 0x0000000088800000|  0%| F|  |TAMS 0x0000000088700000, 0x0000000088700000| Untracked 
| 136|0x0000000088800000, 0x0000000088800000, 0x0000000088900000|  0%| F|  |TAMS 0x0000000088800000, 0x0000000088800000| Untracked 
| 137|0x0000000088900000, 0x0000000088900000, 0x0000000088a00000|  0%| F|  |TAMS 0x0000000088900000, 0x0000000088900000| Untracked 
| 138|0x0000000088a00000, 0x0000000088a00000, 0x0000000088b00000|  0%| F|  |TAMS 0x0000000088a00000, 0x0000000088a00000| Untracked 
| 139|0x0000000088b00000, 0x0000000088b00000, 0x0000000088c00000|  0%| F|  |TAMS 0x0000000088b00000, 0x0000000088b00000| Untracked 
| 140|0x0000000088c00000, 0x0000000088c00000, 0x0000000088d00000|  0%| F|  |TAMS 0x0000000088c00000, 0x0000000088c00000| Untracked 
| 141|0x0000000088d00000, 0x0000000088d00000, 0x0000000088e00000|  0%| F|  |TAMS 0x0000000088d00000, 0x0000000088d00000| Untracked 
| 142|0x0000000088e00000, 0x0000000088e00000, 0x0000000088f00000|  0%| F|  |TAMS 0x0000000088e00000, 0x0000000088e00000| Untracked 
| 143|0x0000000088f00000, 0x0000000088f00000, 0x0000000089000000|  0%| F|  |TAMS 0x0000000088f00000, 0x0000000088f00000| Untracked 
| 144|0x0000000089000000, 0x0000000089000000, 0x0000000089100000|  0%| F|  |TAMS 0x0000000089000000, 0x0000000089000000| Untracked 
| 145|0x0000000089100000, 0x0000000089100000, 0x0000000089200000|  0%| F|  |TAMS 0x0000000089100000, 0x0000000089100000| Untracked 
| 146|0x0000000089200000, 0x0000000089200000, 0x0000000089300000|  0%| F|  |TAMS 0x0000000089200000, 0x0000000089200000| Untracked 
| 147|0x0000000089300000, 0x0000000089300000, 0x0000000089400000|  0%| F|  |TAMS 0x0000000089300000, 0x0000000089300000| Untracked 
| 148|0x0000000089400000, 0x0000000089400000, 0x0000000089500000|  0%| F|  |TAMS 0x0000000089400000, 0x0000000089400000| Untracked 
| 149|0x0000000089500000, 0x0000000089500000, 0x0000000089600000|  0%| F|  |TAMS 0x0000000089500000, 0x0000000089500000| Untracked 
| 150|0x0000000089600000, 0x0000000089600000, 0x0000000089700000|  0%| F|  |TAMS 0x0000000089600000, 0x0000000089600000| Untracked 
| 151|0x0000000089700000, 0x0000000089700000, 0x0000000089800000|  0%| F|  |TAMS 0x0000000089700000, 0x0000000089700000| Untracked 
| 152|0x0000000089800000, 0x0000000089800000, 0x0000000089900000|  0%| F|  |TAMS 0x0000000089800000, 0x0000000089800000| Untracked 
| 153|0x0000000089900000, 0x0000000089900000, 0x0000000089a00000|  0%| F|  |TAMS 0x0000000089900000, 0x0000000089900000| Untracked 
| 154|0x0000000089a00000, 0x0000000089a00000, 0x0000000089b00000|  0%| F|  |TAMS 0x0000000089a00000, 0x0000000089a00000| Untracked 
| 155|0x0000000089b00000, 0x0000000089b00000, 0x0000000089c00000|  0%| F|  |TAMS 0x0000000089b00000, 0x0000000089b00000| Untracked 
| 156|0x0000000089c00000, 0x0000000089c00000, 0x0000000089d00000|  0%| F|  |TAMS 0x0000000089c00000, 0x0000000089c00000| Untracked 
| 157|0x0000000089d00000, 0x0000000089d00000, 0x0000000089e00000|  0%| F|  |TAMS 0x0000000089d00000, 0x0000000089d00000| Untracked 
| 158|0x0000000089e00000, 0x0000000089e00000, 0x0000000089f00000|  0%| F|  |TAMS 0x0000000089e00000, 0x0000000089e00000| Untracked 
| 159|0x0000000089f00000, 0x0000000089f00000, 0x000000008a000000|  0%| F|  |TAMS 0x0000000089f00000, 0x0000000089f00000| Untracked 
| 160|0x000000008a000000, 0x000000008a000000, 0x000000008a100000|  0%| F|  |TAMS 0x000000008a000000, 0x000000008a000000| Untracked 
| 161|0x000000008a100000, 0x000000008a100000, 0x000000008a200000|  0%| F|  |TAMS 0x000000008a100000, 0x000000008a100000| Untracked 
| 162|0x000000008a200000, 0x000000008a200000, 0x000000008a300000|  0%| F|  |TAMS 0x000000008a200000, 0x000000008a200000| Untracked 
| 163|0x000000008a300000, 0x000000008a300000, 0x000000008a400000|  0%| F|  |TAMS 0x000000008a300000, 0x000000008a300000| Untracked 
| 164|0x000000008a400000, 0x000000008a400000, 0x000000008a500000|  0%| F|  |TAMS 0x000000008a400000, 0x000000008a400000| Untracked 
| 165|0x000000008a500000, 0x000000008a500000, 0x000000008a600000|  0%| F|  |TAMS 0x000000008a500000, 0x000000008a500000| Untracked 
| 166|0x000000008a600000, 0x000000008a600000, 0x000000008a700000|  0%| F|  |TAMS 0x000000008a600000, 0x000000008a600000| Untracked 
| 167|0x000000008a700000, 0x000000008a700000, 0x000000008a800000|  0%| F|  |TAMS 0x000000008a700000, 0x000000008a700000| Untracked 
| 168|0x000000008a800000, 0x000000008a800000, 0x000000008a900000|  0%| F|  |TAMS 0x000000008a800000, 0x000000008a800000| Untracked 
| 169|0x000000008a900000, 0x000000008a900000, 0x000000008aa00000|  0%| F|  |TAMS 0x000000008a900000, 0x000000008a900000| Untracked 
| 170|0x000000008aa00000, 0x000000008aa00000, 0x000000008ab00000|  0%| F|  |TAMS 0x000000008aa00000, 0x000000008aa00000| Untracked 
| 171|0x000000008ab00000, 0x000000008ab00000, 0x000000008ac00000|  0%| F|  |TAMS 0x000000008ab00000, 0x000000008ab00000| Untracked 
| 172|0x000000008ac00000, 0x000000008ac00000, 0x000000008ad00000|  0%| F|  |TAMS 0x000000008ac00000, 0x000000008ac00000| Untracked 
| 173|0x000000008ad00000, 0x000000008ad00000, 0x000000008ae00000|  0%| F|  |TAMS 0x000000008ad00000, 0x000000008ad00000| Untracked 
| 174|0x000000008ae00000, 0x000000008ae00000, 0x000000008af00000|  0%| F|  |TAMS 0x000000008ae00000, 0x000000008ae00000| Untracked 
| 175|0x000000008af00000, 0x000000008af00000, 0x000000008b000000|  0%| F|  |TAMS 0x000000008af00000, 0x000000008af00000| Untracked 
| 176|0x000000008b000000, 0x000000008b000000, 0x000000008b100000|  0%| F|  |TAMS 0x000000008b000000, 0x000000008b000000| Untracked 
| 177|0x000000008b100000, 0x000000008b100000, 0x000000008b200000|  0%| F|  |TAMS 0x000000008b100000, 0x000000008b100000| Untracked 
| 178|0x000000008b200000, 0x000000008b200000, 0x000000008b300000|  0%| F|  |TAMS 0x000000008b200000, 0x000000008b200000| Untracked 
| 179|0x000000008b300000, 0x000000008b300000, 0x000000008b400000|  0%| F|  |TAMS 0x000000008b300000, 0x000000008b300000| Untracked 
| 180|0x000000008b400000, 0x000000008b400000, 0x000000008b500000|  0%| F|  |TAMS 0x000000008b400000, 0x000000008b400000| Untracked 
| 221|0x000000008dd00000, 0x000000008dd00000, 0x000000008de00000|  0%| F|  |TAMS 0x000000008dd00000, 0x000000008dd00000| Untracked 

Card table byte_map: [0x000001cd9b220000,0x000001cd9b620000] _byte_map_base: 0x000001cd9ae20000

Marking Bits (Prev, Next): (CMBitMap*) 0x000001cd8846ae60, (CMBitMap*) 0x000001cd8846aea0
 Prev Bits: [0x000001cd9ba20000, 0x000001cd9da20000)
 Next Bits: [0x000001cd9da20000, 0x000001cd9fa20000)

Polling page: 0x000001cd87bd0000

Metaspace:

Usage:
  Non-class:     57.31 MB used.
      Class:      8.79 MB used.
       Both:     66.10 MB used.

Virtual space:
  Non-class space:       64.00 MB reserved,      57.69 MB ( 90%) committed,  8 nodes.
      Class space:        1.00 GB reserved,       9.06 MB ( <1%) committed,  1 nodes.
             Both:        1.06 GB reserved,      66.75 MB (  6%) committed. 

Chunk freelists:
   Non-Class:  2.22 MB
       Class:  2.88 MB
        Both:  5.09 MB

MaxMetaspaceSize: unlimited
CompressedClassSpaceSize: 1.00 GB
Initial GC threshold: 21.00 MB
Current GC threshold: 92.75 MB
CDS: off
MetaspaceReclaimPolicy: balanced
 - commit_granule_bytes: 65536.
 - commit_granule_words: 8192.
 - virtual_space_node_default_size: 1048576.
 - enlarge_chunks_in_place: 1.
 - new_chunks_are_fully_committed: 0.
 - uncommit_free_chunks: 1.
 - use_allocation_guard: 0.
 - handle_deallocations: 1.


Internal statistics:

num_allocs_failed_limit: 3.
num_arena_births: 788.
num_arena_deaths: 0.
num_vsnodes_births: 9.
num_vsnodes_deaths: 0.
num_space_committed: 1068.
num_space_uncommitted: 0.
num_chunks_returned_to_freelist: 3.
num_chunks_taken_from_freelist: 3069.
num_chunk_merges: 3.
num_chunk_splits: 2013.
num_chunks_enlarged: 1347.
num_purges: 0.
num_inconsistent_stats: 0.

CodeHeap 'non-profiled nmethods': size=120000Kb used=3212Kb max_used=3212Kb free=116787Kb
 bounds [0x000001cd933a0000, 0x000001cd936d0000, 0x000001cd9a8d0000]
CodeHeap 'profiled nmethods': size=120000Kb used=11490Kb max_used=11490Kb free=108509Kb
 bounds [0x000001cd8b8d0000, 0x000001cd8c410000, 0x000001cd92e00000]
CodeHeap 'non-nmethods': size=5760Kb used=2355Kb max_used=2405Kb free=3404Kb
 bounds [0x000001cd92e00000, 0x000001cd93070000, 0x000001cd933a0000]
 total_blobs=6816 nmethods=5929 adapters=798
 compilation: enabled
              stopped_count=0, restarted_count=0
 full_count=0

Compilation events (20 events):
Event: 9.538 Thread 0x000001cda30abe00 6692       3       java.math.BigInteger::implMontgomeryMultiplyChecks (126 bytes)
Event: 9.538 Thread 0x000001cda30abe00 nmethod 6692 0x000001cd8c404290 code [0x000001cd8c404600, 0x000001cd8c4057d8]
Event: 9.538 Thread 0x000001cda30abe00 6693 %     3       java.math.BigInteger::implMultiplyToLen @ 135 (216 bytes)
Event: 9.539 Thread 0x000001cda30abe00 nmethod 6693% 0x000001cd8c405e10 code [0x000001cd8c406000, 0x000001cd8c4066b8]
Event: 9.539 Thread 0x000001cda30abe00 6694       3       java.math.BigInteger::montgomerySquare (49 bytes)
Event: 9.539 Thread 0x000001cda30abe00 nmethod 6694 0x000001cd8c406b10 code [0x000001cd8c406d00, 0x000001cd8c4070d8]
Event: 9.539 Thread 0x000001cda30abe00 6696       3       java.math.BigInteger::implMultiplyToLen (216 bytes)
Event: 9.539 Thread 0x000001cda30abe00 nmethod 6696 0x000001cd8c407290 code [0x000001cd8c407480, 0x000001cd8c407a58]
Event: 9.539 Thread 0x000001cda30abe00 6695       3       java.math.BigInteger::primitiveLeftShift (37 bytes)
Event: 9.539 Thread 0x000001cda30abe00 nmethod 6695 0x000001cd8c407e10 code [0x000001cd8c408000, 0x000001cd8c408508]
Event: 9.539 Thread 0x000001cda30abe00 6697       3       java.math.MutableBigInteger::unsignedLongCompare (20 bytes)
Event: 9.539 Thread 0x000001cda30abe00 nmethod 6697 0x000001cd8c408790 code [0x000001cd8c408920, 0x000001cd8c408a98]
Event: 9.540 Thread 0x000001cda30abe00 6698       3       java.util.Arrays::hashCode (44 bytes)
Event: 9.540 Thread 0x000001cda30abe00 nmethod 6698 0x000001cd8c408b10 code [0x000001cd8c408cc0, 0x000001cd8c408ed8]
Event: 9.541 Thread 0x000001cda4251050 6699       4       java.lang.StringBuilder::<init> (6 bytes)
Event: 9.542 Thread 0x000001cda4251050 nmethod 6699 0x000001cd936c2690 code [0x000001cd936c2820, 0x000001cd936c2a58]
Event: 9.542 Thread 0x000001cda30abe00 6700  s    1       java.io.ByteArrayOutputStream::size (5 bytes)
Event: 9.542 Thread 0x000001cda30abe00 nmethod 6700 0x000001cd936c2b10 code [0x000001cd936c2ca0, 0x000001cd936c2e18]
Event: 9.542 Thread 0x000001cda30abe00 6701       1       sun.security.util.DerOutputStream::buf (5 bytes)
Event: 9.542 Thread 0x000001cda30abe00 nmethod 6701 0x000001cd936c2e90 code [0x000001cd936c3020, 0x000001cd936c30f8]

GC Heap History (20 events):
Event: 7.336 GC heap after
{Heap after GC invocations=16 (full 0):
 garbage-first heap   total 106496K, used 59430K [0x0000000080000000, 0x0000000100000000)
  region size 1024K, 3 young (3072K), 3 survivors (3072K)
 Metaspace       used 46611K, committed 47040K, reserved 1089536K
  class space    used 6186K, committed 6400K, reserved 1048576K
}
Event: 7.536 GC heap before
{Heap before GC invocations=17 (full 0):
 garbage-first heap   total 114688K, used 82982K [0x0000000080000000, 0x0000000100000000)
  region size 1024K, 22 young (22528K), 3 survivors (3072K)
 Metaspace       used 47949K, committed 48384K, reserved 1097728K
  class space    used 6351K, committed 6528K, reserved 1048576K
}
Event: 7.541 GC heap after
{Heap after GC invocations=18 (full 0):
 garbage-first heap   total 114688K, used 69023K [0x0000000080000000, 0x0000000100000000)
  region size 1024K, 4 young (4096K), 4 survivors (4096K)
 Metaspace       used 47949K, committed 48384K, reserved 1097728K
  class space    used 6351K, committed 6528K, reserved 1048576K
}
Event: 7.762 GC heap before
{Heap before GC invocations=19 (full 0):
 garbage-first heap   total 121856K, used 90527K [0x0000000080000000, 0x0000000100000000)
  region size 1024K, 24 young (24576K), 4 survivors (4096K)
 Metaspace       used 49733K, committed 50240K, reserved 1097728K
  class space    used 6519K, committed 6720K, reserved 1048576K
}
Event: 7.764 GC heap after
{Heap after GC invocations=20 (full 0):
 garbage-first heap   total 121856K, used 70100K [0x0000000080000000, 0x0000000100000000)
  region size 1024K, 2 young (2048K), 2 survivors (2048K)
 Metaspace       used 49733K, committed 50240K, reserved 1097728K
  class space    used 6519K, committed 6720K, reserved 1048576K
}
Event: 7.808 GC heap before
{Heap before GC invocations=20 (full 0):
 garbage-first heap   total 121856K, used 73172K [0x0000000080000000, 0x0000000100000000)
  region size 1024K, 5 young (5120K), 2 survivors (2048K)
 Metaspace       used 50143K, committed 50752K, reserved 1097728K
  class space    used 6603K, committed 6848K, reserved 1048576K
}
Event: 7.809 GC heap after
{Heap after GC invocations=21 (full 0):
 garbage-first heap   total 146432K, used 70239K [0x0000000080000000, 0x0000000100000000)
  region size 1024K, 1 young (1024K), 1 survivors (1024K)
 Metaspace       used 50143K, committed 50752K, reserved 1097728K
  class space    used 6603K, committed 6848K, reserved 1048576K
}
Event: 8.242 GC heap before
{Heap before GC invocations=21 (full 0):
 garbage-first heap   total 146432K, used 106079K [0x0000000080000000, 0x0000000100000000)
  region size 1024K, 36 young (36864K), 1 survivors (1024K)
 Metaspace       used 54436K, committed 55040K, reserved 1097728K
  class space    used 7344K, committed 7616K, reserved 1048576K
}
Event: 8.244 GC heap after
{Heap after GC invocations=22 (full 0):
 garbage-first heap   total 146432K, used 72517K [0x0000000080000000, 0x0000000100000000)
  region size 1024K, 3 young (3072K), 3 survivors (3072K)
 Metaspace       used 54436K, committed 55040K, reserved 1097728K
  class space    used 7344K, committed 7616K, reserved 1048576K
}
Event: 8.674 GC heap before
{Heap before GC invocations=23 (full 0):
 garbage-first heap   total 146432K, used 109381K [0x0000000080000000, 0x0000000100000000)
  region size 1024K, 39 young (39936K), 3 survivors (3072K)
 Metaspace       used 56211K, committed 56896K, reserved 1105920K
  class space    used 7567K, committed 7872K, reserved 1048576K
}
Event: 8.677 GC heap after
{Heap after GC invocations=24 (full 0):
 garbage-first heap   total 146432K, used 75092K [0x0000000080000000, 0x0000000100000000)
  region size 1024K, 5 young (5120K), 5 survivors (5120K)
 Metaspace       used 56211K, committed 56896K, reserved 1105920K
  class space    used 7567K, committed 7872K, reserved 1048576K
}
Event: 8.705 GC heap before
{Heap before GC invocations=24 (full 0):
 garbage-first heap   total 146432K, used 76116K [0x0000000080000000, 0x0000000100000000)
  region size 1024K, 7 young (7168K), 5 survivors (5120K)
 Metaspace       used 56234K, committed 56896K, reserved 1105920K
  class space    used 7567K, committed 7872K, reserved 1048576K
}
Event: 8.708 GC heap after
{Heap after GC invocations=25 (full 0):
 garbage-first heap   total 146432K, used 75187K [0x0000000080000000, 0x0000000100000000)
  region size 1024K, 1 young (1024K), 1 survivors (1024K)
 Metaspace       used 56234K, committed 56896K, reserved 1105920K
  class space    used 7567K, committed 7872K, reserved 1048576K
}
Event: 8.729 GC heap before
{Heap before GC invocations=25 (full 0):
 garbage-first heap   total 146432K, used 76211K [0x0000000080000000, 0x0000000100000000)
  region size 1024K, 3 young (3072K), 1 survivors (1024K)
 Metaspace       used 56256K, committed 56960K, reserved 1105920K
  class space    used 7567K, committed 7872K, reserved 1048576K
}
Event: 8.730 GC heap after
{Heap after GC invocations=26 (full 0):
 garbage-first heap   total 146432K, used 74819K [0x0000000080000000, 0x0000000100000000)
  region size 1024K, 1 young (1024K), 1 survivors (1024K)
 Metaspace       used 56256K, committed 56960K, reserved 1105920K
  class space    used 7567K, committed 7872K, reserved 1048576K
}
Event: 9.087 GC heap before
{Heap before GC invocations=27 (full 0):
 garbage-first heap   total 146432K, used 117827K [0x0000000080000000, 0x0000000100000000)
  region size 1024K, 39 young (39936K), 1 survivors (1024K)
 Metaspace       used 60869K, committed 61504K, reserved 1105920K
  class space    used 8153K, committed 8448K, reserved 1048576K
}
Event: 9.089 GC heap after
{Heap after GC invocations=28 (full 0):
 garbage-first heap   total 146432K, used 83469K [0x0000000080000000, 0x0000000100000000)
  region size 1024K, 5 young (5120K), 5 survivors (5120K)
 Metaspace       used 60869K, committed 61504K, reserved 1105920K
  class space    used 8153K, committed 8448K, reserved 1048576K
}
Event: 9.106 GC heap before
{Heap before GC invocations=28 (full 0):
 garbage-first heap   total 146432K, used 85517K [0x0000000080000000, 0x0000000100000000)
  region size 1024K, 7 young (7168K), 5 survivors (5120K)
 Metaspace       used 61262K, committed 61952K, reserved 1105920K
  class space    used 8201K, committed 8512K, reserved 1048576K
}
Event: 9.109 GC heap after
{Heap after GC invocations=29 (full 0):
 garbage-first heap   total 146432K, used 83368K [0x0000000080000000, 0x0000000100000000)
  region size 1024K, 1 young (1024K), 1 survivors (1024K)
 Metaspace       used 61262K, committed 61952K, reserved 1105920K
  class space    used 8201K, committed 8512K, reserved 1048576K
}
Event: 9.543 GC heap before
{Heap before GC invocations=29 (full 0):
 garbage-first heap   total 146432K, used 117160K [0x0000000080000000, 0x0000000100000000)
  region size 1024K, 34 young (34816K), 1 survivors (1024K)
 Metaspace       used 67691K, committed 68352K, reserved 1114112K
  class space    used 9003K, committed 9280K, reserved 1048576K
}

Dll operation events (2 events):
Event: 0.021 Loaded shared library D:\Program Files\Android\Android Studio\jbr\bin\java.dll
Event: 0.804 Loaded shared library D:\Program Files\Android\Android Studio\jbr\bin\verify.dll

Deoptimization events (20 events):
Event: 9.513 Thread 0x000001cda5cd7040 DEOPT PACKING pc=0x000001cd8bcb3468 sp=0x0000001dbc7f1f10
Event: 9.513 Thread 0x000001cda5cd7040 DEOPT UNPACKING pc=0x000001cd92e57143 sp=0x0000001dbc7f13a0 mode 0
Event: 9.513 Thread 0x000001cda5cd7040 DEOPT PACKING pc=0x000001cd8bcb3468 sp=0x0000001dbc7f1f10
Event: 9.513 Thread 0x000001cda5cd7040 DEOPT UNPACKING pc=0x000001cd92e57143 sp=0x0000001dbc7f13a0 mode 0
Event: 9.517 Thread 0x000001cda5cd7040 Uncommon trap: trap_request=0xffffff45 fr.pc=0x000001cd93595950 relative=0x0000000000000150
Event: 9.517 Thread 0x000001cda5cd7040 Uncommon trap: reason=unstable_if action=reinterpret pc=0x000001cd93595950 method=java.util.Arrays.hashCode([B)I @ 1 c2
Event: 9.517 Thread 0x000001cda5cd7040 DEOPT PACKING pc=0x000001cd93595950 sp=0x0000001dbc7f1dd0
Event: 9.517 Thread 0x000001cda5cd7040 DEOPT UNPACKING pc=0x000001cd92e569a3 sp=0x0000001dbc7f1d48 mode 2
Event: 9.518 Thread 0x000001cda5cd7040 Uncommon trap: trap_request=0xffffff45 fr.pc=0x000001cd9344f704 relative=0x0000000000000084
Event: 9.518 Thread 0x000001cda5cd7040 Uncommon trap: reason=unstable_if action=reinterpret pc=0x000001cd9344f704 method=java.lang.CharacterDataLatin1.isWhitespace(I)Z @ 14 c2
Event: 9.518 Thread 0x000001cda5cd7040 DEOPT PACKING pc=0x000001cd9344f704 sp=0x0000001dbc7f1b00
Event: 9.518 Thread 0x000001cda5cd7040 DEOPT UNPACKING pc=0x000001cd92e569a3 sp=0x0000001dbc7f1a70 mode 2
Event: 9.540 Thread 0x000001cda5cd7040 Uncommon trap: trap_request=0xffffffc6 fr.pc=0x000001cd935e7c14 relative=0x0000000000000814
Event: 9.540 Thread 0x000001cda5cd7040 Uncommon trap: reason=bimorphic_or_optimized_type_check action=maybe_recompile pc=0x000001cd935e7c14 method=java.util.regex.Pattern$Start.match(Ljava/util/regex/Matcher;ILjava/lang/CharSequence;)Z @ 44 c2
Event: 9.540 Thread 0x000001cda5cd7040 DEOPT PACKING pc=0x000001cd935e7c14 sp=0x0000001dbc7f1d60
Event: 9.540 Thread 0x000001cda5cd7040 DEOPT UNPACKING pc=0x000001cd92e569a3 sp=0x0000001dbc7f1c40 mode 2
Event: 9.540 Thread 0x000001cda5cd7040 Uncommon trap: trap_request=0xffffffc6 fr.pc=0x000001cd935e7c14 relative=0x0000000000000814
Event: 9.540 Thread 0x000001cda5cd7040 Uncommon trap: reason=bimorphic_or_optimized_type_check action=maybe_recompile pc=0x000001cd935e7c14 method=java.util.regex.Pattern$Start.match(Ljava/util/regex/Matcher;ILjava/lang/CharSequence;)Z @ 44 c2
Event: 9.540 Thread 0x000001cda5cd7040 DEOPT PACKING pc=0x000001cd935e7c14 sp=0x0000001dbc7f1d60
Event: 9.540 Thread 0x000001cda5cd7040 DEOPT UNPACKING pc=0x000001cd92e569a3 sp=0x0000001dbc7f1c40 mode 2

Classes unloaded (0 events):
No events

Classes redefined (0 events):
No events

Internal exceptions (20 events):
Event: 7.952 Thread 0x000001cda5cd7040 Exception <a 'java/lang/ClassNotFoundException'{0x00000000883379f0}: org/jetbrains/plugins/gradle/model/DependencyAccessorsModelBeanInfo> (0x00000000883379f0) 
thrown [s\src\hotspot\share\classfile\systemDictionary.cpp, line 256]
Event: 7.952 Thread 0x000001cda5cd7040 Exception <a 'java/lang/ClassNotFoundException'{0x000000008833fda0}: org/jetbrains/plugins/gradle/model/DependencyAccessorsModelCustomizer> (0x000000008833fda0) 
thrown [s\src\hotspot\share\classfile\systemDictionary.cpp, line 256]
Event: 8.030 Thread 0x000001cda5cd7040 Exception <a 'java/lang/ClassNotFoundException'{0x0000000087c965b0}: org/gradle/api/internal/project/DefaultProject_DecoratedBeanInfo> (0x0000000087c965b0) 
thrown [s\src\hotspot\share\classfile\systemDictionary.cpp, line 256]
Event: 8.031 Thread 0x000001cda5cd7040 Exception <a 'java/lang/ClassNotFoundException'{0x0000000087ca3108}: org/gradle/api/internal/project/DefaultProjectBeanInfo> (0x0000000087ca3108) 
thrown [s\src\hotspot\share\classfile\systemDictionary.cpp, line 256]
Event: 8.031 Thread 0x000001cda5cd7040 Exception <a 'java/lang/ClassNotFoundException'{0x0000000087cafc68}: org/gradle/api/internal/project/DefaultProjectCustomizer> (0x0000000087cafc68) 
thrown [s\src\hotspot\share\classfile\systemDictionary.cpp, line 256]
Event: 8.034 Thread 0x000001cda5cd7040 Exception <a 'java/lang/ClassNotFoundException'{0x0000000087b592c8}: org/gradle/api/internal/project/DefaultProject_DecoratedCustomizer> (0x0000000087b592c8) 
thrown [s\src\hotspot\share\classfile\systemDictionary.cpp, line 256]
Event: 8.307 Thread 0x000001cda5cd7040 Exception <a 'java/lang/NoSuchMethodError'{0x000000008af19ef0}: 'java.lang.Object java.lang.invoke.DirectMethodHandle$Holder.newInvokeSpecial(java.lang.Object, java.lang.Object, java.lang.Object, java.lang.Object, java.lang.Object, int)'> (0x000000008af19ef0) 
thrown [s\src\hotspot\share\interpreter\linkResolver.cpp, line 771]
Event: 8.307 Thread 0x000001cda5cd7040 Exception <a 'java/lang/NoSuchMethodError'{0x000000008af1f548}: 'java.lang.Object java.lang.invoke.DirectMethodHandle$Holder.invokeSpecial(java.lang.Object, java.lang.Object, java.lang.Object, java.lang.Object, java.lang.Object, java.lang.Object, int)'> (0x000000008af1f548) 
thrown [s\src\hotspot\share\interpreter\linkResolver.cpp, line 771]
Event: 8.319 Thread 0x000001cda5cd7040 Exception <a 'java/lang/NoSuchMethodError'{0x000000008afbefd0}: 'void java.lang.invoke.DirectMethodHandle$Holder.invokeStatic(java.lang.Object, java.lang.Object, java.lang.Object, int, java.lang.Object)'> (0x000000008afbefd0) 
thrown [s\src\hotspot\share\interpreter\linkResolver.cpp, line 771]
Event: 8.502 Thread 0x000001cda5cd7040 Implicit null exception at 0x000001cd935c456f to 0x000001cd935c47b8
Event: 8.727 Thread 0x000001cda5cd7040 Implicit null exception at 0x000001cd9362978f to 0x000001cd93629db4
Event: 8.882 Thread 0x000001cda5cd7040 Exception <a 'java/lang/NoSuchMethodError'{0x0000000087b20858}: 'java.lang.Object java.lang.invoke.DirectMethodHandle$Holder.newInvokeSpecial(java.lang.Object, java.lang.Object, java.lang.Object, java.lang.Object, int)'> (0x0000000087b20858) 
thrown [s\src\hotspot\share\interpreter\linkResolver.cpp, line 771]
Event: 8.883 Thread 0x000001cda5cd7040 Exception <a 'java/lang/NoSuchMethodError'{0x0000000087b25ca0}: 'java.lang.Object java.lang.invoke.DirectMethodHandle$Holder.invokeSpecial(java.lang.Object, java.lang.Object, java.lang.Object, java.lang.Object, java.lang.Object, int)'> (0x0000000087b25ca0) 
thrown [s\src\hotspot\share\interpreter\linkResolver.cpp, line 771]
Event: 8.883 Thread 0x000001cda5cd7040 Exception <a 'java/lang/NoSuchMethodError'{0x0000000087b2aa20}: 'java.lang.Object java.lang.invoke.Invokers$Holder.linkToTargetMethod(java.lang.Object, java.lang.Object, java.lang.Object, int, java.lang.Object)'> (0x0000000087b2aa20) 
thrown [s\src\hotspot\share\interpreter\linkResolver.cpp, line 771]
Event: 9.015 Thread 0x000001cda5cd7040 Exception <a 'java/lang/NoSuchMethodError'{0x0000000086e2c718}: 'int java.lang.invoke.DirectMethodHandle$Holder.invokeInterface(java.lang.Object, java.lang.Object, java.lang.Object, java.lang.Object)'> (0x0000000086e2c718) 
thrown [s\src\hotspot\share\interpreter\linkResolver.cpp, line 771]
Event: 9.387 Thread 0x000001cda5cd7040 Exception <a 'java/lang/NoSuchMethodError'{0x0000000087860c20}: 'int java.lang.invoke.DirectMethodHandle$Holder.invokeInterface(java.lang.Object, java.lang.Object)'> (0x0000000087860c20) 
thrown [s\src\hotspot\share\interpreter\linkResolver.cpp, line 771]
Event: 9.387 Thread 0x000001cda5cd7040 Exception <a 'java/lang/IncompatibleClassChangeError'{0x0000000087865998}: Found class java.lang.Object, but interface was expected> (0x0000000087865998) 
thrown [s\src\hotspot\share\interpreter\linkResolver.cpp, line 838]
Event: 9.427 Thread 0x000001cda5cd7040 Implicit null exception at 0x000001cd935df659 to 0x000001cd935df7f4
Event: 9.427 Thread 0x000001cda5cd7040 Implicit null exception at 0x000001cd935d4479 to 0x000001cd935d4c2c
Event: 9.517 Thread 0x000001cda5cd7040 Implicit null exception at 0x000001cd9359580c to 0x000001cd93595942

VM Operations (20 events):
Event: 8.708 Executing VM operation: G1CollectForAllocation done
Event: 8.728 Executing VM operation: G1TryInitiateConcMark
Event: 8.730 Executing VM operation: G1TryInitiateConcMark done
Event: 8.744 Executing VM operation: G1Concurrent
Event: 8.746 Executing VM operation: G1Concurrent done
Event: 8.751 Executing VM operation: G1Concurrent
Event: 8.751 Executing VM operation: G1Concurrent done
Event: 8.896 Executing VM operation: HandshakeAllThreads
Event: 8.897 Executing VM operation: HandshakeAllThreads done
Event: 9.008 Executing VM operation: HandshakeAllThreads
Event: 9.009 Executing VM operation: HandshakeAllThreads done
Event: 9.014 Executing VM operation: HandshakeAllThreads
Event: 9.015 Executing VM operation: HandshakeAllThreads done
Event: 9.087 Executing VM operation: G1CollectForAllocation
Event: 9.089 Executing VM operation: G1CollectForAllocation done
Event: 9.106 Executing VM operation: G1CollectForAllocation
Event: 9.109 Executing VM operation: G1CollectForAllocation done
Event: 9.500 Executing VM operation: HandshakeAllThreads
Event: 9.500 Executing VM operation: HandshakeAllThreads done
Event: 9.543 Executing VM operation: G1CollectForAllocation

Events (20 events):
Event: 9.540 loading class java/security/interfaces/XECKey
Event: 9.540 loading class java/security/interfaces/XECKey done
Event: 9.540 loading class sun/security/util/KeyUtil
Event: 9.540 loading class sun/security/util/KeyUtil done
Event: 9.540 loading class sun/security/util/Length
Event: 9.540 loading class sun/security/util/Length done
Event: 9.540 loading class javax/crypto/SecretKey
Event: 9.540 loading class javax/crypto/SecretKey done
Event: 9.540 loading class java/security/cert/CertPathValidatorException
Event: 9.540 loading class java/security/cert/CertPathValidatorException done
Event: 9.541 loading class java/time/format/DateTimePrintContext
Event: 9.541 loading class java/time/format/DateTimePrintContext done
Event: 9.541 loading class java/time/Instant$1
Event: 9.541 loading class java/time/Instant$1 done
Event: 9.541 loading class java/security/cert/CertPathValidatorException$BasicReason
Event: 9.541 loading class java/security/cert/CertPathValidatorException$Reason
Event: 9.541 loading class java/security/cert/CertPathValidatorException$Reason done
Event: 9.541 loading class java/security/cert/CertPathValidatorException$BasicReason done
Event: 9.541 loading class java/security/SignatureException
Event: 9.541 loading class java/security/SignatureException done


Dynamic libraries:
0x00007ff63aa60000 - 0x00007ff63aa6a000 	D:\Program Files\Android\Android Studio\jbr\bin\java.exe
0x00007ffe00090000 - 0x00007ffe002a7000 	C:\WINDOWS\SYSTEM32\ntdll.dll
0x00007ffdfe7b0000 - 0x00007ffdfe874000 	C:\WINDOWS\System32\KERNEL32.DLL
0x00007ffdfd730000 - 0x00007ffdfdad6000 	C:\WINDOWS\System32\KERNELBASE.dll
0x00007ffdfd400000 - 0x00007ffdfd511000 	C:\WINDOWS\System32\ucrtbase.dll
0x00007ffdf0c80000 - 0x00007ffdf0c97000 	D:\Program Files\Android\Android Studio\jbr\bin\jli.dll
0x00007ffdf0c60000 - 0x00007ffdf0c7b000 	D:\Program Files\Android\Android Studio\jbr\bin\VCRUNTIME140.dll
0x00007ffdfe940000 - 0x00007ffdfeaee000 	C:\WINDOWS\System32\USER32.dll
0x00007ffdfd700000 - 0x00007ffdfd726000 	C:\WINDOWS\System32\win32u.dll
0x00007ffdfe1d0000 - 0x00007ffdfe1f9000 	C:\WINDOWS\System32\GDI32.dll
0x00007ffdfd5e0000 - 0x00007ffdfd6f8000 	C:\WINDOWS\System32\gdi32full.dll
0x00007ffdd9590000 - 0x00007ffdd9823000 	C:\WINDOWS\WinSxS\amd64_microsoft.windows.common-controls_6595b64144ccf1df_6.0.22621.2506_none_270c5ae97388e100\COMCTL32.dll
0x00007ffdfe700000 - 0x00007ffdfe7a7000 	C:\WINDOWS\System32\msvcrt.dll
0x00007ffdfdcc0000 - 0x00007ffdfdd5a000 	C:\WINDOWS\System32\msvcp_win.dll
0x00007ffdfef80000 - 0x00007ffdfefb1000 	C:\WINDOWS\System32\IMM32.DLL
0x00007ffdf8460000 - 0x00007ffdf846c000 	D:\Program Files\Android\Android Studio\jbr\bin\vcruntime140_1.dll
0x00007ffdb6340000 - 0x00007ffdb63cd000 	D:\Program Files\Android\Android Studio\jbr\bin\msvcp140.dll
0x00007ffd709d0000 - 0x00007ffd7163e000 	D:\Program Files\Android\Android Studio\jbr\bin\server\jvm.dll
0x00007ffdfe880000 - 0x00007ffdfe931000 	C:\WINDOWS\System32\ADVAPI32.dll
0x00007ffdfdde0000 - 0x00007ffdfde85000 	C:\WINDOWS\System32\sechost.dll
0x00007ffdff100000 - 0x00007ffdff217000 	C:\WINDOWS\System32\RPCRT4.dll
0x00007ffdf4930000 - 0x00007ffdf4964000 	C:\WINDOWS\SYSTEM32\WINMM.dll
0x00007ffdf8790000 - 0x00007ffdf8799000 	C:\WINDOWS\SYSTEM32\WSOCK32.dll
0x00007ffdf6cb0000 - 0x00007ffdf6cba000 	C:\WINDOWS\SYSTEM32\VERSION.dll
0x00007ffdfe530000 - 0x00007ffdfe5a1000 	C:\WINDOWS\System32\WS2_32.dll
0x00007ffdfc4b0000 - 0x00007ffdfc4c8000 	C:\WINDOWS\SYSTEM32\kernel.appcore.dll
0x00007ffdf8740000 - 0x00007ffdf874a000 	D:\Program Files\Android\Android Studio\jbr\bin\jimage.dll
0x00007ffdfad90000 - 0x00007ffdfafc3000 	C:\WINDOWS\SYSTEM32\DBGHELP.DLL
0x00007ffdff380000 - 0x00007ffdff709000 	C:\WINDOWS\System32\combase.dll
0x00007ffdfff70000 - 0x00007ffe00047000 	C:\WINDOWS\System32\OLEAUT32.dll
0x00007ffde74a0000 - 0x00007ffde74d2000 	C:\WINDOWS\SYSTEM32\dbgcore.DLL
0x00007ffdfdd60000 - 0x00007ffdfddda000 	C:\WINDOWS\System32\bcryptPrimitives.dll
0x00007ffdece00000 - 0x00007ffdece25000 	D:\Program Files\Android\Android Studio\jbr\bin\java.dll
0x00007ffdecde0000 - 0x00007ffdecdf8000 	D:\Program Files\Android\Android Studio\jbr\bin\zip.dll
0x00007ffdff710000 - 0x00007ffdfff6a000 	C:\WINDOWS\System32\SHELL32.dll
0x00007ffdfb2e0000 - 0x00007ffdfbbd6000 	C:\WINDOWS\SYSTEM32\windows.storage.dll
0x00007ffdfb1a0000 - 0x00007ffdfb2de000 	C:\WINDOWS\SYSTEM32\wintypes.dll
0x00007ffdfe040000 - 0x00007ffdfe133000 	C:\WINDOWS\System32\SHCORE.dll
0x00007ffdfe5b0000 - 0x00007ffdfe60e000 	C:\WINDOWS\System32\shlwapi.dll
0x00007ffdfd330000 - 0x00007ffdfd356000 	C:\WINDOWS\SYSTEM32\profapi.dll
0x00007ffdec860000 - 0x00007ffdec879000 	D:\Program Files\Android\Android Studio\jbr\bin\net.dll
0x00007ffdf52f0000 - 0x00007ffdf5427000 	C:\WINDOWS\SYSTEM32\WINHTTP.dll
0x00007ffdfc920000 - 0x00007ffdfc989000 	C:\WINDOWS\system32\mswsock.dll
0x00007ffdeba50000 - 0x00007ffdeba66000 	D:\Program Files\Android\Android Studio\jbr\bin\nio.dll
0x00007ffdecdd0000 - 0x00007ffdecde0000 	D:\Program Files\Android\Android Studio\jbr\bin\verify.dll
0x00007ffdea970000 - 0x00007ffdea997000 	C:\Users\Aubery\.gradle\native\68d5fa5c4cc2d200863cafc0d521ce42e7d3e7ee720ec0a83991735586a16f82\windows-amd64\native-platform.dll
0x00007ffda40f0000 - 0x00007ffda4234000 	C:\Users\Aubery\.gradle\native\e376f236ea51e6404a007f0833ffe2c6e607c4080706a723a18a27aeea778392\windows-amd64\native-platform-file-events.dll
0x00007ffdf2af0000 - 0x00007ffdf2af9000 	D:\Program Files\Android\Android Studio\jbr\bin\management.dll
0x00007ffded1c0000 - 0x00007ffded1cb000 	D:\Program Files\Android\Android Studio\jbr\bin\management_ext.dll
0x00007ffdfe620000 - 0x00007ffdfe628000 	C:\WINDOWS\System32\PSAPI.DLL
0x00007ffdfcb70000 - 0x00007ffdfcb8b000 	C:\WINDOWS\SYSTEM32\CRYPTSP.dll
0x00007ffdfc410000 - 0x00007ffdfc445000 	C:\WINDOWS\system32\rsaenh.dll
0x00007ffdfc9d0000 - 0x00007ffdfc9fc000 	C:\WINDOWS\SYSTEM32\USERENV.dll
0x00007ffdfcd90000 - 0x00007ffdfcdb8000 	C:\WINDOWS\SYSTEM32\bcrypt.dll
0x00007ffdfcb30000 - 0x00007ffdfcb3c000 	C:\WINDOWS\SYSTEM32\CRYPTBASE.dll
0x00007ffdfbeb0000 - 0x00007ffdfbedd000 	C:\WINDOWS\SYSTEM32\IPHLPAPI.DLL
0x00007ffdfe610000 - 0x00007ffdfe619000 	C:\WINDOWS\System32\NSI.dll
0x00007ffdf66d0000 - 0x00007ffdf66e9000 	C:\WINDOWS\SYSTEM32\dhcpcsvc6.DLL
0x00007ffdf5610000 - 0x00007ffdf562f000 	C:\WINDOWS\SYSTEM32\dhcpcsvc.DLL
0x00007ffdfbf20000 - 0x00007ffdfc019000 	C:\WINDOWS\SYSTEM32\DNSAPI.dll
0x00007ffde8ae0000 - 0x00007ffde8ae8000 	C:\WINDOWS\system32\wshunix.dll

dbghelp: loaded successfully - version: 4.0.5 - missing functions: none
symbol engine: initialized successfully - sym options: 0x614 - pdb path: .;D:\Program Files\Android\Android Studio\jbr\bin;C:\WINDOWS\SYSTEM32;C:\WINDOWS\WinSxS\amd64_microsoft.windows.common-controls_6595b64144ccf1df_6.0.22621.2506_none_270c5ae97388e100;D:\Program Files\Android\Android Studio\jbr\bin\server;C:\Users\Aubery\.gradle\native\68d5fa5c4cc2d200863cafc0d521ce42e7d3e7ee720ec0a83991735586a16f82\windows-amd64;C:\Users\Aubery\.gradle\native\e376f236ea51e6404a007f0833ffe2c6e607c4080706a723a18a27aeea778392\windows-amd64

VM Arguments:
jvm_args: --add-opens=java.base/java.util=ALL-UNNAMED --add-opens=java.base/java.lang=ALL-UNNAMED --add-opens=java.base/java.lang.invoke=ALL-UNNAMED --add-opens=java.prefs/java.util.prefs=ALL-UNNAMED --add-opens=java.base/java.nio.charset=ALL-UNNAMED --add-opens=java.base/java.net=ALL-UNNAMED --add-opens=java.base/java.util.concurrent.atomic=ALL-UNNAMED -Xmx2048m -Dfile.encoding=UTF-8 -Duser.country=CN -Duser.language=zh -Duser.variant 
java_command: org.gradle.launcher.daemon.bootstrap.GradleDaemon 8.0
java_class_path (initial): C:\Users\Aubery\.gradle\wrapper\dists\gradle-8.0-bin\ca5e32bp14vu59qr306oxotwh\gradle-8.0\lib\gradle-launcher-8.0.jar
Launcher Type: SUN_STANDARD

[Global flags]
     intx CICompilerCount                          = 4                                         {product} {ergonomic}
     uint ConcGCThreads                            = 3                                         {product} {ergonomic}
     uint G1ConcRefinementThreads                  = 10                                        {product} {ergonomic}
   size_t G1HeapRegionSize                         = 1048576                                   {product} {ergonomic}
    uintx GCDrainStackTargetSize                   = 64                                        {product} {ergonomic}
   size_t InitialHeapSize                          = 232783872                                 {product} {ergonomic}
   size_t MarkStackSize                            = 4194304                                   {product} {ergonomic}
   size_t MaxHeapSize                              = 2147483648                                {product} {command line}
   size_t MaxNewSize                               = 1287651328                                {product} {ergonomic}
   size_t MinHeapDeltaBytes                        = 1048576                                   {product} {ergonomic}
   size_t MinHeapSize                              = 8388608                                   {product} {ergonomic}
    uintx NonNMethodCodeHeapSize                   = 5839372                                {pd product} {ergonomic}
    uintx NonProfiledCodeHeapSize                  = 122909434                              {pd product} {ergonomic}
    uintx ProfiledCodeHeapSize                     = 122909434                              {pd product} {ergonomic}
    uintx ReservedCodeCacheSize                    = 251658240                              {pd product} {ergonomic}
     bool SegmentedCodeCache                       = true                                      {product} {ergonomic}
   size_t SoftMaxHeapSize                          = 2147483648                             {manageable} {ergonomic}
     bool UseCompressedClassPointers               = true                           {product lp64_product} {ergonomic}
     bool UseCompressedOops                        = true                           {product lp64_product} {ergonomic}
     bool UseG1GC                                  = true                                      {product} {ergonomic}
     bool UseLargePagesIndividualAllocation        = false                                  {pd product} {ergonomic}

Logging:
Log output configuration:
 #0: stdout all=warning uptime,level,tags
 #1: stderr all=off uptime,level,tags

Environment Variables:
JAVA_HOME=D:\jdk\jdk-17.0.5
CLASSPATH=.;D:\jdk\jdk-17.0.5\lib\dt.jar;D:\jdk\jdk-17.0.5\lib\tools.jar;
PATH=F:\VMware\VMware Workstation\bin\;F:\Program Files (x86)\VMware\VMware Workstation\bin\;D:\jdk\jdk-17.0.5\bin;D:\apache-maven-3.9.4\bin;C:\Program Files (x86)\Common Files\Intel\Shared Libraries\redist\intel64\compiler;C:\Windows\system32;C:\Windows;C:\Windows\System32\Wbem;C:\Windows\System32\WindowsPowerShell\v1.0\;C:\Windows\System32\OpenSSH\;C:\Program Files (x86)\NVIDIA Corporation\PhysX\Common;C:\Program Files\NVIDIA Corporation\NVIDIA NvDLISR;D:\MATLAB2016\runtime\win64;D:\MATLAB2016\bin;D:\matlab\runtime\win64;D:\matlab\bin;D:\runtime\win64;D:\bin;F:\DataBase\redis;D:\polyspace\bin;D:\matlab\polyspace\bin;C:\Program Files\MySQL\MySQL Server 5.6\bin;D:\MATLAB2016\polyspace\bin;C:\Program Files\Microsoft SQL Server\Client SDK\ODBC\170\Tools\Binn\;C:\Program Files (x86)\Microsoft SQL Server\150\Tools\Binn\;C:\Program Files\Microsoft SQL Server\150\Tools\Binn\;C:\Program Files\Microsoft SQL Server\150\DTS\Binn\;C:\Program Files (x86)\Microsoft SQL Server\150\DTS\Binn\;C:\Program Files\Azure Data Studio\bin;D:\tomcat10\apache-tomcat-10.0.26\lib;D:\tomcat10\apache-tomcat-10.0.26\bin;C:\Program Files\dotnet\;C:\Windows\Microsoft.NET\Framework\v4.0.30319;D:\Users\Aubery\PycharmProjects\pythonProject\venv\Scripts;E:\P;C:\WINDOWS\system32;C:\WINDOWS;C:\WINDOWS\System32\Wbem;C:\WINDOWS\System32\WindowsPowerShell\v1.0\;C:\WINDOWS\System32\OpenSSH\;D:\Microsoft VS Code\bin;F:\Git\cmd;F:\Xshell 7\;F:\Xftp 7\;C:\Users\Aubery\AppData\Local\Microsoft\WindowsApps;C:\Program Files\Bandizip\;D:\vscode1\mingw64\bin;D:\Microsoft VS Code\bin;D:\idea202203\IntelliJ IDEA 223.4884.69\bin;C:\Program Files\Azure Data Studio\bin;C:\Users\Aubery\AppData\Local\JetBrains\Toolbox\scripts;D:\IntelliJ IDEA 2022.3.2\bin;;C:\Users\Aubery\.dotnet\tools;;F:\Program Files\JetBrains\DataGrip 2023.2.1\bin;;C:\Users\Aubery\AppData\Local\Microsoft\WindowsApps
USERNAME=Aubery
OS=Windows_NT
PROCESSOR_IDENTIFIER=AMD64 Family 25 Model 80 Stepping 0, AuthenticAMD
TMP=C:\Users\Aubery\AppData\Local\Temp
TEMP=C:\Users\Aubery\AppData\Local\Temp


JNI global refs:
JNI global refs: 26, weak refs: 0

JNI global refs memory usage: 843, weak refs: 841


---------------  S Y S T E M  ---------------

OS:
 Windows 11 , 64 bit Build 22621 (10.0.22621.2506)
OS uptime: 2 days 1:23 hours
Hyper-V role detected

CPU: total 12 (initial active 12) (12 cores per cpu, 2 threads per core) family 25 model 80 stepping 0 microcode 0x0, cx8, cmov, fxsr, ht, mmx, 3dnowpref, sse, sse2, sse3, ssse3, sse4a, sse4.1, sse4.2, popcnt, lzcnt, tsc, tscinvbit, avx, avx2, aes, erms, clmul, bmi1, bmi2, adx, sha, fma, vzeroupper, clflush, clflushopt, hv

Memory: 4k page, system-wide physical 14188M (4324M free)
TotalPageFile size 16236M (AvailPageFile size 11M)
current process WorkingSet (physical memory assigned to process): 351M, peak: 355M
current process commit charge ("private bytes"): 435M, peak: 475M

vm_info: OpenJDK 64-Bit Server VM (17.0.6+0-b2043.56-10027231) for windows-amd64 JRE (17.0.6+0-b2043.56-10027231), built on Apr 28 2023 00:43:19 by "androidbuild" with MS VC++ 16.10 / 16.11 (VS2019)

END.
