#
# There is insufficient memory for the Java Runtime Environment to continue.
# Native memory allocation (mmap) failed to map 44040192 bytes for G1 virtual space
# Possible reasons:
#   The system is out of physical RAM or swap space
#   The process is running with CompressedOops enabled, and the Java Heap may be blocking the growth of the native heap
# Possible solutions:
#   Reduce memory load on the system
#   Increase physical memory or swap space
#   Check if swap backing store is full
#   Decrease Java heap size (-Xmx/-Xms)
#   Decrease number of Java threads
#   Decrease Java thread stack sizes (-Xss)
#   Set larger code cache with -XX:ReservedCodeCacheSize=
#   JVM is running with Unscaled Compressed Oops mode in which the Java heap is
#     placed in the first 4GB address space. The Java Heap base address is the
#     maximum limit for the native heap growth. Please use -XX:HeapBaseMinAddress
#     to set the Java Heap base and to place the Java Heap above 4GB virtual address.
# This output file may be truncated or incomplete.
#
#  Out of Memory Error (os_windows.cpp:3769), pid=18112, tid=25120
#
# JRE version: OpenJDK Runtime Environment (17.0.6) (build 17.0.6+0-b2043.56-10027231)
# Java VM: OpenJDK 64-Bit Server VM (17.0.6+0-b2043.56-10027231, mixed mode, tiered, compressed oops, compressed class ptrs, g1 gc, windows-amd64)
# No core dump will be written. Minidumps are not enabled by default on client versions of Windows
#

---------------  S U M M A R Y ------------

Command Line: --add-opens=java.base/java.util=ALL-UNNAMED --add-opens=java.base/java.lang=ALL-UNNAMED --add-opens=java.base/java.lang.invoke=ALL-UNNAMED --add-opens=java.prefs/java.util.prefs=ALL-UNNAMED --add-opens=java.base/java.nio.charset=ALL-UNNAMED --add-opens=java.base/java.net=ALL-UNNAMED --add-opens=java.base/java.util.concurrent.atomic=ALL-UNNAMED -Xmx2048m -Dfile.encoding=UTF-8 -Duser.country=CN -Duser.language=zh -Duser.variant org.gradle.launcher.daemon.bootstrap.GradleDaemon 8.0

Host: AMD Ryzen 5 5600H with Radeon Graphics         , 12 cores, 13G,  Windows 11 , 64 bit Build 22621 (10.0.22621.2506)
Time: Mon Dec 25 15:19:33 2023  Windows 11 , 64 bit Build 22621 (10.0.22621.2506) elapsed time: 9.546384 seconds (0d 0h 0m 9s)

---------------  T H R E A D  ---------------

Current thread (0x000001e33dbbea80):  VMThread "VM Thread" [stack: 0x0000004b16900000,0x0000004b16a00000] [id=25120]

Stack: [0x0000004b16900000,0x0000004b16a00000]
Native frames: (J=compiled Java code, j=interpreted, Vv=VM code, C=native code)
V  [jvm.dll+0x683c9a]
V  [jvm.dll+0x8427a4]
V  [jvm.dll+0x843f9e]
V  [jvm.dll+0x844603]
V  [jvm.dll+0x249b75]
V  [jvm.dll+0x680b69]
V  [jvm.dll+0x67505a]
V  [jvm.dll+0x309acb]
V  [jvm.dll+0x310f86]
V  [jvm.dll+0x3608ee]
V  [jvm.dll+0x360b1f]
V  [jvm.dll+0x2dfbf8]
V  [jvm.dll+0x2ddec4]
V  [jvm.dll+0x2dd4cc]
V  [jvm.dll+0x321f3b]
V  [jvm.dll+0x848ccb]
V  [jvm.dll+0x849a04]
V  [jvm.dll+0x849f1d]
V  [jvm.dll+0x84a2f4]
V  [jvm.dll+0x84a3c0]
V  [jvm.dll+0x7f274a]
V  [jvm.dll+0x682ad5]
C  [ucrtbase.dll+0x29363]
C  [KERNEL32.DLL+0x1257d]
C  [ntdll.dll+0x5aa58]

VM_Operation (0x0000004b18cfdc70): G1CollectForAllocation, mode: safepoint, requested by thread 0x000001e33f97c9a0


---------------  P R O C E S S  ---------------

Threads class SMR info:
_java_thread_list=0x000001e346efe080, length=170, elements={
0x000001e3238ff2d0, 0x000001e33e42fcb0, 0x000001e33e430b20, 0x000001e33e4781c0,
0x000001e33e479030, 0x000001e33e47aaf0, 0x000001e33e4a7020, 0x000001e33e4b00d0,
0x000001e33e4b0b70, 0x000001e33e4b4a60, 0x000001e33e602950, 0x000001e33e6073e0,
0x000001e33f43d150, 0x000001e341775850, 0x000001e341f93010, 0x000001e33f633a40,
0x000001e33f828610, 0x000001e33fe3f8d0, 0x000001e33fe3fda0, 0x000001e33fd67cb0,
0x000001e341679380, 0x000001e33f97a320, 0x000001e33f97bb30, 0x000001e33f97c9a0,
0x000001e33f97b190, 0x000001e33f9794b0, 0x000001e342064dc0, 0x000001e33f978fe0,
0x000001e33f97acc0, 0x000001e33f97c4d0, 0x000001e33f979980, 0x000001e33f97b660,
0x000001e33f97a7f0, 0x000001e33f97c000, 0x000001e33f979e50, 0x000001e34205f920,
0x000001e3420598e0, 0x000001e34205cdd0, 0x000001e34205d2a0, 0x000001e342059db0,
0x000001e34205a750, 0x000001e34205a280, 0x000001e34205dc40, 0x000001e34205c900,
0x000001e34205d770, 0x000001e34205e110, 0x000001e34205ac20, 0x000001e34205eab0,
0x000001e342058a70, 0x000001e34205c430, 0x000001e342059410, 0x000001e34205b5c0,
0x000001e346f02180, 0x000001e346f09030, 0x000001e346f03990, 0x000001e346f05670,
0x000001e346f02ff0, 0x000001e346f05b40, 0x000001e346f08b60, 0x000001e346f04800,
0x000001e346f034c0, 0x000001e346f07350, 0x000001e346f04cd0, 0x000001e346f051a0,
0x000001e346f02650, 0x000001e346f06010, 0x000001e346f017e0, 0x000001e346f01cb0,
0x000001e346f064e0, 0x000001e346f02b20, 0x000001e346f03e60, 0x000001e346f069b0,
0x000001e346f06e80, 0x000001e346f04330, 0x000001e346f08690, 0x000001e346f07820,
0x000001e346f07cf0, 0x000001e346f081c0, 0x000001e3441733c0, 0x000001e3441703a0,
0x000001e344177250, 0x000001e344172080, 0x000001e344171bb0, 0x000001e344177720,
0x000001e344170870, 0x000001e344173d60, 0x000001e3441768b0, 0x000001e344170d40,
0x000001e344171210, 0x000001e344172550, 0x000001e3441750a0, 0x000001e344176d80,
0x000001e3441716e0, 0x000001e344173890, 0x000001e344172a20, 0x000001e344174230,
0x000001e344174bd0, 0x000001e344172ef0, 0x000001e344175570, 0x000001e344174700,
0x000001e344175a40, 0x000001e344175f10, 0x000001e3441763e0, 0x000001e34416fed0,
0x000001e346604e70, 0x000001e346605340, 0x000001e346600170, 0x000001e346602cc0,
0x000001e3466074f0, 0x000001e346607020, 0x000001e346603b30, 0x000001e346606b50,
0x000001e346605810, 0x000001e346603660, 0x000001e346603190, 0x000001e346604000,
0x000001e3466044d0, 0x000001e3466049a0, 0x000001e346605ce0, 0x000001e346600fe0,
0x000001e346600640, 0x000001e3466061b0, 0x000001e3466014b0, 0x000001e346606680,
0x000001e3466079c0, 0x000001e346602320, 0x000001e346600b10, 0x000001e346601980,
0x000001e346601e50, 0x000001e3466027f0, 0x000001e34691f030, 0x000001e34691f9d0,
0x000001e34691fea0, 0x000001e346920370, 0x000001e34691d350, 0x000001e346921b80,
0x000001e34691a800, 0x000001e34691d820, 0x000001e3469211e0, 0x000001e34691dcf0,
0x000001e34691c9b0, 0x000001e34691b1a0, 0x000001e3469216b0, 0x000001e34691e1c0,
0x000001e346922050, 0x000001e34691b670, 0x000001e34691e690, 0x000001e346920840,
0x000001e34691ce80, 0x000001e346920d10, 0x000001e34691acd0, 0x000001e34691bb40,
0x000001e34691c4e0, 0x000001e34691c010, 0x000001e34691eb60, 0x000001e34691f500,
0x000001e346881550, 0x000001e3468823c0, 0x000001e34687ea00, 0x000001e346880210,
0x000001e34687fd40, 0x000001e34687eed0, 0x000001e346881ef0, 0x000001e34687ab70,
0x000001e34687b9e0, 0x000001e346881a20, 0x000001e34687b510, 0x000001e34687d6c0,
0x000001e34687b040, 0x000001e3468806e0
}

Java Threads: ( => current thread )
  0x000001e3238ff2d0 JavaThread "main" [_thread_blocked, id=11440, stack(0x0000004b16300000,0x0000004b16400000)]
  0x000001e33e42fcb0 JavaThread "Reference Handler" daemon [_thread_blocked, id=19276, stack(0x0000004b16a00000,0x0000004b16b00000)]
  0x000001e33e430b20 JavaThread "Finalizer" daemon [_thread_blocked, id=13604, stack(0x0000004b16b00000,0x0000004b16c00000)]
  0x000001e33e4781c0 JavaThread "Signal Dispatcher" daemon [_thread_blocked, id=7188, stack(0x0000004b16c00000,0x0000004b16d00000)]
  0x000001e33e479030 JavaThread "Attach Listener" daemon [_thread_blocked, id=4532, stack(0x0000004b16d00000,0x0000004b16e00000)]
  0x000001e33e47aaf0 JavaThread "Service Thread" daemon [_thread_blocked, id=25020, stack(0x0000004b16e00000,0x0000004b16f00000)]
  0x000001e33e4a7020 JavaThread "Monitor Deflation Thread" daemon [_thread_blocked, id=10168, stack(0x0000004b16f00000,0x0000004b17000000)]
  0x000001e33e4b00d0 JavaThread "C2 CompilerThread0" daemon [_thread_blocked, id=21612, stack(0x0000004b17000000,0x0000004b17100000)]
  0x000001e33e4b0b70 JavaThread "C1 CompilerThread0" daemon [_thread_blocked, id=11492, stack(0x0000004b17100000,0x0000004b17200000)]
  0x000001e33e4b4a60 JavaThread "Sweeper thread" daemon [_thread_blocked, id=21916, stack(0x0000004b17200000,0x0000004b17300000)]
  0x000001e33e602950 JavaThread "Common-Cleaner" daemon [_thread_blocked, id=26708, stack(0x0000004b17300000,0x0000004b17400000)]
  0x000001e33e6073e0 JavaThread "Notification Thread" daemon [_thread_blocked, id=25068, stack(0x0000004b17400000,0x0000004b17500000)]
  0x000001e33f43d150 JavaThread "Daemon health stats" [_thread_blocked, id=22064, stack(0x0000004b17c00000,0x0000004b17d00000)]
  0x000001e341775850 JavaThread "Incoming local TCP Connector on port 64008" [_thread_in_native, id=20916, stack(0x0000004b17600000,0x0000004b17700000)]
  0x000001e341f93010 JavaThread "Daemon periodic checks" [_thread_blocked, id=24148, stack(0x0000004b17b00000,0x0000004b17c00000)]
  0x000001e33f633a40 JavaThread "Daemon" [_thread_blocked, id=19180, stack(0x0000004b17d00000,0x0000004b17e00000)]
  0x000001e33f828610 JavaThread "Handler for socket connection from /127.0.0.1:64008 to /127.0.0.1:64009" [_thread_in_native, id=8484, stack(0x0000004b17e00000,0x0000004b17f00000)]
  0x000001e33fe3f8d0 JavaThread "Cancel handler" [_thread_blocked, id=6824, stack(0x0000004b17f00000,0x0000004b18000000)]
  0x000001e33fe3fda0 JavaThread "Daemon worker" [_thread_blocked, id=13852, stack(0x0000004b18000000,0x0000004b18100000)]
  0x000001e33fd67cb0 JavaThread "C2 CompilerThread1" daemon [_thread_blocked, id=20036, stack(0x0000004b18100000,0x0000004b18200000)]
  0x000001e341679380 JavaThread "Asynchronous log dispatcher for DefaultDaemonConnection: socket connection from /127.0.0.1:64008 to /127.0.0.1:64009" [_thread_blocked, id=18448, stack(0x0000004b18200000,0x0000004b18300000)]
  0x000001e33f97a320 JavaThread "Stdin handler" [_thread_blocked, id=11380, stack(0x0000004b18300000,0x0000004b18400000)]
  0x000001e33f97bb30 JavaThread "Daemon client event forwarder" [_thread_blocked, id=9712, stack(0x0000004b18400000,0x0000004b18500000)]
  0x000001e33f97c9a0 JavaThread "Cache worker for journal cache (C:\Users\Aubery\.gradle\caches\journal-1)" [_thread_blocked, id=4400, stack(0x0000004b18c00000,0x0000004b18d00000)]
  0x000001e33f97b190 JavaThread "File lock request listener" [_thread_in_native, id=26480, stack(0x0000004b18d00000,0x0000004b18e00000)]
  0x000001e33f9794b0 JavaThread "Cache worker for file hash cache (C:\Users\Aubery\.gradle\caches\8.0\fileHashes)" [_thread_blocked, id=21348, stack(0x0000004b18e00000,0x0000004b18f00000)]
  0x000001e342064dc0 JavaThread "C2 CompilerThread2" daemon [_thread_blocked, id=22536, stack(0x0000004b18f00000,0x0000004b19000000)]
  0x000001e33f978fe0 JavaThread "File watcher server" daemon [_thread_in_native, id=8580, stack(0x0000004b19000000,0x0000004b19100000)]
  0x000001e33f97acc0 JavaThread "File watcher consumer" daemon [_thread_blocked, id=15004, stack(0x0000004b19100000,0x0000004b19200000)]
  0x000001e33f97c4d0 JavaThread "jar transforms" [_thread_blocked, id=22564, stack(0x0000004b19200000,0x0000004b19300000)]
  0x000001e33f979980 JavaThread "jar transforms Thread 2" [_thread_blocked, id=28488, stack(0x0000004b19300000,0x0000004b19400000)]
  0x000001e33f97b660 JavaThread "jar transforms Thread 3" [_thread_blocked, id=11908, stack(0x0000004b19400000,0x0000004b19500000)]
  0x000001e33f97a7f0 JavaThread "jar transforms Thread 4" [_thread_blocked, id=23028, stack(0x0000004b19500000,0x0000004b19600000)]
  0x000001e33f97c000 JavaThread "jar transforms Thread 5" [_thread_blocked, id=21396, stack(0x0000004b19600000,0x0000004b19700000)]
  0x000001e33f979e50 JavaThread "jar transforms Thread 6" [_thread_blocked, id=27896, stack(0x0000004b19700000,0x0000004b19800000)]
  0x000001e34205f920 JavaThread "jar transforms Thread 7" [_thread_blocked, id=21748, stack(0x0000004b19800000,0x0000004b19900000)]
  0x000001e3420598e0 JavaThread "jar transforms Thread 8" [_thread_blocked, id=4224, stack(0x0000004b19900000,0x0000004b19a00000)]
  0x000001e34205cdd0 JavaThread "jar transforms Thread 9" [_thread_blocked, id=27088, stack(0x0000004b19a00000,0x0000004b19b00000)]
  0x000001e34205d2a0 JavaThread "jar transforms Thread 10" [_thread_blocked, id=18368, stack(0x0000004b19b00000,0x0000004b19c00000)]
  0x000001e342059db0 JavaThread "jar transforms Thread 11" [_thread_blocked, id=22324, stack(0x0000004b19c00000,0x0000004b19d00000)]
  0x000001e34205a750 JavaThread "jar transforms Thread 12" [_thread_blocked, id=18724, stack(0x0000004b19d00000,0x0000004b19e00000)]
  0x000001e34205a280 JavaThread "Cache worker for checksums cache (E:\AndroidStudioProjects\DormitoryMS\.gradle\8.0\checksums)" [_thread_blocked, id=27888, stack(0x0000004b19e00000,0x0000004b19f00000)]
  0x000001e34205dc40 JavaThread "Cache worker for cache directory md-rule (C:\Users\Aubery\.gradle\caches\8.0\md-rule)" [_thread_blocked, id=13628, stack(0x0000004b19f00000,0x0000004b1a000000)]
  0x000001e34205c900 JavaThread "Cache worker for file content cache (C:\Users\Aubery\.gradle\caches\8.0\fileContent)" [_thread_blocked, id=15948, stack(0x0000004b1a000000,0x0000004b1a100000)]
  0x000001e34205d770 JavaThread "Cache worker for file hash cache (E:\AndroidStudioProjects\DormitoryMS\.gradle\8.0\fileHashes)" [_thread_blocked, id=11536, stack(0x0000004b1a100000,0x0000004b1a200000)]
  0x000001e34205e110 JavaThread "Cache worker for cache directory md-supplier (C:\Users\Aubery\.gradle\caches\8.0\md-supplier)" [_thread_blocked, id=26320, stack(0x0000004b1a200000,0x0000004b1a300000)]
  0x000001e34205ac20 JavaThread "Cache worker for execution history cache (C:\Users\Aubery\.gradle\caches\8.0\executionHistory)" [_thread_blocked, id=10084, stack(0x0000004b1a300000,0x0000004b1a400000)]
  0x000001e34205eab0 JavaThread "Cache worker for kotlin-dsl (C:\Users\Aubery\.gradle\caches\8.0\kotlin-dsl)" [_thread_blocked, id=15300, stack(0x0000004b1a400000,0x0000004b1a500000)]
  0x000001e342058a70 JavaThread "Cache worker for dependencies-accessors (E:\AndroidStudioProjects\DormitoryMS\.gradle\8.0\dependencies-accessors)" [_thread_blocked, id=12508, stack(0x0000004b1a500000,0x0000004b1a600000)]
  0x000001e34205c430 JavaThread "Cache worker for Build Output Cleanup Cache (E:\AndroidStudioProjects\DormitoryMS\.gradle\buildOutputCleanup)" [_thread_blocked, id=26620, stack(0x0000004b1a600000,0x0000004b1a700000)]
  0x000001e342059410 JavaThread "Unconstrained build operations" [_thread_blocked, id=948, stack(0x0000004b1a700000,0x0000004b1a800000)]
  0x000001e34205b5c0 JavaThread "Unconstrained build operations Thread 2" [_thread_blocked, id=19132, stack(0x0000004b1a800000,0x0000004b1a900000)]
  0x000001e346f02180 JavaThread "Unconstrained build operations Thread 3" [_thread_blocked, id=4952, stack(0x0000004b1a900000,0x0000004b1aa00000)]
  0x000001e346f09030 JavaThread "Unconstrained build operations Thread 4" [_thread_blocked, id=7032, stack(0x0000004b1aa00000,0x0000004b1ab00000)]
  0x000001e346f03990 JavaThread "Unconstrained build operations Thread 5" [_thread_blocked, id=3408, stack(0x0000004b1ab00000,0x0000004b1ac00000)]
  0x000001e346f05670 JavaThread "Unconstrained build operations Thread 6" [_thread_blocked, id=15896, stack(0x0000004b1ac00000,0x0000004b1ad00000)]
  0x000001e346f02ff0 JavaThread "Unconstrained build operations Thread 7" [_thread_blocked, id=10492, stack(0x0000004b1ad00000,0x0000004b1ae00000)]
  0x000001e346f05b40 JavaThread "Unconstrained build operations Thread 8" [_thread_blocked, id=20380, stack(0x0000004b1ae00000,0x0000004b1af00000)]
  0x000001e346f08b60 JavaThread "Unconstrained build operations Thread 9" [_thread_blocked, id=8928, stack(0x0000004b1af00000,0x0000004b1b000000)]
  0x000001e346f04800 JavaThread "Unconstrained build operations Thread 10" [_thread_blocked, id=4336, stack(0x0000004b1b000000,0x0000004b1b100000)]
  0x000001e346f034c0 JavaThread "Unconstrained build operations Thread 11" [_thread_blocked, id=7076, stack(0x0000004b1b100000,0x0000004b1b200000)]
  0x000001e346f07350 JavaThread "Unconstrained build operations Thread 12" [_thread_blocked, id=3100, stack(0x0000004b1b200000,0x0000004b1b300000)]
  0x000001e346f04cd0 JavaThread "Unconstrained build operations Thread 13" [_thread_blocked, id=9068, stack(0x0000004b1b300000,0x0000004b1b400000)]
  0x000001e346f051a0 JavaThread "Unconstrained build operations Thread 14" [_thread_blocked, id=14884, stack(0x0000004b1b400000,0x0000004b1b500000)]
  0x000001e346f02650 JavaThread "Unconstrained build operations Thread 15" [_thread_blocked, id=14956, stack(0x0000004b1b500000,0x0000004b1b600000)]
  0x000001e346f06010 JavaThread "Unconstrained build operations Thread 16" [_thread_blocked, id=20108, stack(0x0000004b1b600000,0x0000004b1b700000)]
  0x000001e346f017e0 JavaThread "Unconstrained build operations Thread 17" [_thread_blocked, id=10288, stack(0x0000004b1b700000,0x0000004b1b800000)]
  0x000001e346f01cb0 JavaThread "Unconstrained build operations Thread 18" [_thread_blocked, id=27356, stack(0x0000004b1b800000,0x0000004b1b900000)]
  0x000001e346f064e0 JavaThread "Unconstrained build operations Thread 19" [_thread_blocked, id=8248, stack(0x0000004b1b900000,0x0000004b1ba00000)]
  0x000001e346f02b20 JavaThread "Unconstrained build operations Thread 20" [_thread_blocked, id=19960, stack(0x0000004b1ba00000,0x0000004b1bb00000)]
  0x000001e346f03e60 JavaThread "Unconstrained build operations Thread 21" [_thread_blocked, id=13152, stack(0x0000004b1bb00000,0x0000004b1bc00000)]
  0x000001e346f069b0 JavaThread "Unconstrained build operations Thread 22" [_thread_blocked, id=11268, stack(0x0000004b1bc00000,0x0000004b1bd00000)]
  0x000001e346f06e80 JavaThread "Unconstrained build operations Thread 23" [_thread_blocked, id=2964, stack(0x0000004b1bd00000,0x0000004b1be00000)]
  0x000001e346f04330 JavaThread "Unconstrained build operations Thread 24" [_thread_blocked, id=14088, stack(0x0000004b1be00000,0x0000004b1bf00000)]
  0x000001e346f08690 JavaThread "Unconstrained build operations Thread 25" [_thread_blocked, id=21572, stack(0x0000004b1bf00000,0x0000004b1c000000)]
  0x000001e346f07820 JavaThread "Unconstrained build operations Thread 26" [_thread_blocked, id=17224, stack(0x0000004b1c000000,0x0000004b1c100000)]
  0x000001e346f07cf0 JavaThread "Unconstrained build operations Thread 27" [_thread_blocked, id=10416, stack(0x0000004b1c100000,0x0000004b1c200000)]
  0x000001e346f081c0 JavaThread "Unconstrained build operations Thread 28" [_thread_blocked, id=21272, stack(0x0000004b1c200000,0x0000004b1c300000)]
  0x000001e3441733c0 JavaThread "Unconstrained build operations Thread 29" [_thread_blocked, id=18656, stack(0x0000004b1c300000,0x0000004b1c400000)]
  0x000001e3441703a0 JavaThread "Unconstrained build operations Thread 30" [_thread_blocked, id=10736, stack(0x0000004b1c400000,0x0000004b1c500000)]
  0x000001e344177250 JavaThread "Unconstrained build operations Thread 31" [_thread_blocked, id=24012, stack(0x0000004b1c500000,0x0000004b1c600000)]
  0x000001e344172080 JavaThread "Unconstrained build operations Thread 32" [_thread_blocked, id=22192, stack(0x0000004b1c600000,0x0000004b1c700000)]
  0x000001e344171bb0 JavaThread "Unconstrained build operations Thread 33" [_thread_blocked, id=19704, stack(0x0000004b1c700000,0x0000004b1c800000)]
  0x000001e344177720 JavaThread "Unconstrained build operations Thread 34" [_thread_blocked, id=26392, stack(0x0000004b1c800000,0x0000004b1c900000)]
  0x000001e344170870 JavaThread "Unconstrained build operations Thread 35" [_thread_blocked, id=8364, stack(0x0000004b1c900000,0x0000004b1ca00000)]
  0x000001e344173d60 JavaThread "Unconstrained build operations Thread 36" [_thread_blocked, id=18280, stack(0x0000004b1ca00000,0x0000004b1cb00000)]
  0x000001e3441768b0 JavaThread "Unconstrained build operations Thread 37" [_thread_blocked, id=6408, stack(0x0000004b1cb00000,0x0000004b1cc00000)]
  0x000001e344170d40 JavaThread "Unconstrained build operations Thread 38" [_thread_blocked, id=24312, stack(0x0000004b1cc00000,0x0000004b1cd00000)]
  0x000001e344171210 JavaThread "Unconstrained build operations Thread 39" [_thread_blocked, id=6628, stack(0x0000004b1cd00000,0x0000004b1ce00000)]
  0x000001e344172550 JavaThread "Unconstrained build operations Thread 40" [_thread_blocked, id=8044, stack(0x0000004b1ce00000,0x0000004b1cf00000)]
  0x000001e3441750a0 JavaThread "Unconstrained build operations Thread 41" [_thread_blocked, id=16720, stack(0x0000004b1cf00000,0x0000004b1d000000)]
  0x000001e344176d80 JavaThread "Unconstrained build operations Thread 42" [_thread_blocked, id=4320, stack(0x0000004b1d000000,0x0000004b1d100000)]
  0x000001e3441716e0 JavaThread "Unconstrained build operations Thread 43" [_thread_blocked, id=6936, stack(0x0000004b1d100000,0x0000004b1d200000)]
  0x000001e344173890 JavaThread "Unconstrained build operations Thread 44" [_thread_blocked, id=13548, stack(0x0000004b1d200000,0x0000004b1d300000)]
  0x000001e344172a20 JavaThread "Unconstrained build operations Thread 45" [_thread_blocked, id=28292, stack(0x0000004b1d300000,0x0000004b1d400000)]
  0x000001e344174230 JavaThread "Unconstrained build operations Thread 46" [_thread_blocked, id=19176, stack(0x0000004b1d400000,0x0000004b1d500000)]
  0x000001e344174bd0 JavaThread "Unconstrained build operations Thread 47" [_thread_blocked, id=23160, stack(0x0000004b1d500000,0x0000004b1d600000)]
  0x000001e344172ef0 JavaThread "Unconstrained build operations Thread 48" [_thread_blocked, id=12004, stack(0x0000004b1d600000,0x0000004b1d700000)]
  0x000001e344175570 JavaThread "Unconstrained build operations Thread 49" [_thread_blocked, id=6800, stack(0x0000004b1d700000,0x0000004b1d800000)]
  0x000001e344174700 JavaThread "Unconstrained build operations Thread 50" [_thread_blocked, id=27724, stack(0x0000004b1d800000,0x0000004b1d900000)]
  0x000001e344175a40 JavaThread "Unconstrained build operations Thread 51" [_thread_blocked, id=864, stack(0x0000004b1d900000,0x0000004b1da00000)]
  0x000001e344175f10 JavaThread "Unconstrained build operations Thread 52" [_thread_blocked, id=21960, stack(0x0000004b1da00000,0x0000004b1db00000)]
  0x000001e3441763e0 JavaThread "Unconstrained build operations Thread 53" [_thread_blocked, id=20952, stack(0x0000004b1db00000,0x0000004b1dc00000)]
  0x000001e34416fed0 JavaThread "Unconstrained build operations Thread 54" [_thread_blocked, id=7672, stack(0x0000004b1dc00000,0x0000004b1dd00000)]
  0x000001e346604e70 JavaThread "Unconstrained build operations Thread 55" [_thread_blocked, id=19088, stack(0x0000004b1dd00000,0x0000004b1de00000)]
  0x000001e346605340 JavaThread "Unconstrained build operations Thread 56" [_thread_blocked, id=4108, stack(0x0000004b1de00000,0x0000004b1df00000)]
  0x000001e346600170 JavaThread "Unconstrained build operations Thread 57" [_thread_blocked, id=25884, stack(0x0000004b1df00000,0x0000004b1e000000)]
  0x000001e346602cc0 JavaThread "Unconstrained build operations Thread 58" [_thread_blocked, id=7952, stack(0x0000004b1e000000,0x0000004b1e100000)]
  0x000001e3466074f0 JavaThread "Unconstrained build operations Thread 59" [_thread_blocked, id=22708, stack(0x0000004b1e100000,0x0000004b1e200000)]
  0x000001e346607020 JavaThread "Unconstrained build operations Thread 60" [_thread_blocked, id=23696, stack(0x0000004b1e200000,0x0000004b1e300000)]
  0x000001e346603b30 JavaThread "Unconstrained build operations Thread 61" [_thread_blocked, id=15464, stack(0x0000004b1e300000,0x0000004b1e400000)]
  0x000001e346606b50 JavaThread "Unconstrained build operations Thread 62" [_thread_blocked, id=16260, stack(0x0000004b1e400000,0x0000004b1e500000)]
  0x000001e346605810 JavaThread "Unconstrained build operations Thread 63" [_thread_blocked, id=3280, stack(0x0000004b1e500000,0x0000004b1e600000)]
  0x000001e346603660 JavaThread "Unconstrained build operations Thread 64" [_thread_blocked, id=11156, stack(0x0000004b1e600000,0x0000004b1e700000)]
  0x000001e346603190 JavaThread "Unconstrained build operations Thread 65" [_thread_blocked, id=19200, stack(0x0000004b1e700000,0x0000004b1e800000)]
  0x000001e346604000 JavaThread "Unconstrained build operations Thread 66" [_thread_blocked, id=26864, stack(0x0000004b1e800000,0x0000004b1e900000)]
  0x000001e3466044d0 JavaThread "Unconstrained build operations Thread 67" [_thread_blocked, id=9808, stack(0x0000004b1e900000,0x0000004b1ea00000)]
  0x000001e3466049a0 JavaThread "Unconstrained build operations Thread 68" [_thread_blocked, id=2284, stack(0x0000004b1ea00000,0x0000004b1eb00000)]
  0x000001e346605ce0 JavaThread "Unconstrained build operations Thread 69" [_thread_blocked, id=18876, stack(0x0000004b1eb00000,0x0000004b1ec00000)]
  0x000001e346600fe0 JavaThread "Unconstrained build operations Thread 70" [_thread_blocked, id=11584, stack(0x0000004b1ec00000,0x0000004b1ed00000)]
  0x000001e346600640 JavaThread "Unconstrained build operations Thread 71" [_thread_blocked, id=13568, stack(0x0000004b1ed00000,0x0000004b1ee00000)]
  0x000001e3466061b0 JavaThread "Unconstrained build operations Thread 72" [_thread_blocked, id=25268, stack(0x0000004b1ee00000,0x0000004b1ef00000)]
  0x000001e3466014b0 JavaThread "Unconstrained build operations Thread 73" [_thread_blocked, id=7428, stack(0x0000004b1ef00000,0x0000004b1f000000)]
  0x000001e346606680 JavaThread "Unconstrained build operations Thread 74" [_thread_blocked, id=21336, stack(0x0000004b1f000000,0x0000004b1f100000)]
  0x000001e3466079c0 JavaThread "Unconstrained build operations Thread 75" [_thread_blocked, id=26000, stack(0x0000004b1f100000,0x0000004b1f200000)]
  0x000001e346602320 JavaThread "Unconstrained build operations Thread 76" [_thread_blocked, id=11796, stack(0x0000004b1f200000,0x0000004b1f300000)]
  0x000001e346600b10 JavaThread "Unconstrained build operations Thread 77" [_thread_blocked, id=17304, stack(0x0000004b1f300000,0x0000004b1f400000)]
  0x000001e346601980 JavaThread "Unconstrained build operations Thread 78" [_thread_blocked, id=22468, stack(0x0000004b1f400000,0x0000004b1f500000)]
  0x000001e346601e50 JavaThread "Unconstrained build operations Thread 79" [_thread_blocked, id=18320, stack(0x0000004b1f500000,0x0000004b1f600000)]
  0x000001e3466027f0 JavaThread "Unconstrained build operations Thread 80" [_thread_blocked, id=25576, stack(0x0000004b1f600000,0x0000004b1f700000)]
  0x000001e34691f030 JavaThread "Unconstrained build operations Thread 81" [_thread_blocked, id=6996, stack(0x0000004b1f700000,0x0000004b1f800000)]
  0x000001e34691f9d0 JavaThread "Unconstrained build operations Thread 82" [_thread_blocked, id=10148, stack(0x0000004b1f800000,0x0000004b1f900000)]
  0x000001e34691fea0 JavaThread "Unconstrained build operations Thread 83" [_thread_blocked, id=14536, stack(0x0000004b1f900000,0x0000004b1fa00000)]
  0x000001e346920370 JavaThread "Unconstrained build operations Thread 84" [_thread_blocked, id=11636, stack(0x0000004b1fa00000,0x0000004b1fb00000)]
  0x000001e34691d350 JavaThread "Unconstrained build operations Thread 85" [_thread_blocked, id=20128, stack(0x0000004b1fb00000,0x0000004b1fc00000)]
  0x000001e346921b80 JavaThread "Unconstrained build operations Thread 86" [_thread_blocked, id=26884, stack(0x0000004b1fc00000,0x0000004b1fd00000)]
  0x000001e34691a800 JavaThread "Unconstrained build operations Thread 87" [_thread_blocked, id=13080, stack(0x0000004b1fd00000,0x0000004b1fe00000)]
  0x000001e34691d820 JavaThread "Unconstrained build operations Thread 88" [_thread_blocked, id=17676, stack(0x0000004b1fe00000,0x0000004b1ff00000)]
  0x000001e3469211e0 JavaThread "Unconstrained build operations Thread 89" [_thread_blocked, id=19908, stack(0x0000004b1ff00000,0x0000004b20000000)]
  0x000001e34691dcf0 JavaThread "Unconstrained build operations Thread 90" [_thread_blocked, id=2948, stack(0x0000004b20000000,0x0000004b20100000)]
  0x000001e34691c9b0 JavaThread "Unconstrained build operations Thread 91" [_thread_blocked, id=2736, stack(0x0000004b20100000,0x0000004b20200000)]
  0x000001e34691b1a0 JavaThread "Unconstrained build operations Thread 92" [_thread_blocked, id=11848, stack(0x0000004b20200000,0x0000004b20300000)]
  0x000001e3469216b0 JavaThread "Unconstrained build operations Thread 93" [_thread_blocked, id=25660, stack(0x0000004b20300000,0x0000004b20400000)]
  0x000001e34691e1c0 JavaThread "Unconstrained build operations Thread 94" [_thread_blocked, id=2592, stack(0x0000004b20400000,0x0000004b20500000)]
  0x000001e346922050 JavaThread "Unconstrained build operations Thread 95" [_thread_blocked, id=9756, stack(0x0000004b20500000,0x0000004b20600000)]
  0x000001e34691b670 JavaThread "Unconstrained build operations Thread 96" [_thread_blocked, id=15100, stack(0x0000004b20600000,0x0000004b20700000)]
  0x000001e34691e690 JavaThread "Unconstrained build operations Thread 97" [_thread_blocked, id=2728, stack(0x0000004b20700000,0x0000004b20800000)]
  0x000001e346920840 JavaThread "Unconstrained build operations Thread 98" [_thread_blocked, id=20612, stack(0x0000004b20800000,0x0000004b20900000)]
  0x000001e34691ce80 JavaThread "Unconstrained build operations Thread 99" [_thread_blocked, id=15968, stack(0x0000004b20900000,0x0000004b20a00000)]
  0x000001e346920d10 JavaThread "Unconstrained build operations Thread 100" [_thread_blocked, id=23204, stack(0x0000004b20a00000,0x0000004b20b00000)]
  0x000001e34691acd0 JavaThread "Unconstrained build operations Thread 101" [_thread_blocked, id=19436, stack(0x0000004b20b00000,0x0000004b20c00000)]
  0x000001e34691bb40 JavaThread "Unconstrained build operations Thread 102" [_thread_blocked, id=24580, stack(0x0000004b20c00000,0x0000004b20d00000)]
  0x000001e34691c4e0 JavaThread "Unconstrained build operations Thread 103" [_thread_blocked, id=27884, stack(0x0000004b20d00000,0x0000004b20e00000)]
  0x000001e34691c010 JavaThread "Unconstrained build operations Thread 104" [_thread_blocked, id=8164, stack(0x0000004b20e00000,0x0000004b20f00000)]
  0x000001e34691eb60 JavaThread "Unconstrained build operations Thread 105" [_thread_blocked, id=16976, stack(0x0000004b20f00000,0x0000004b21000000)]
  0x000001e34691f500 JavaThread "Unconstrained build operations Thread 106" [_thread_blocked, id=2900, stack(0x0000004b21000000,0x0000004b21100000)]
  0x000001e346881550 JavaThread "Unconstrained build operations Thread 107" [_thread_blocked, id=22640, stack(0x0000004b21100000,0x0000004b21200000)]
  0x000001e3468823c0 JavaThread "Unconstrained build operations Thread 108" [_thread_blocked, id=7108, stack(0x0000004b21200000,0x0000004b21300000)]
  0x000001e34687ea00 JavaThread "Unconstrained build operations Thread 109" [_thread_blocked, id=15844, stack(0x0000004b21300000,0x0000004b21400000)]
  0x000001e346880210 JavaThread "Unconstrained build operations Thread 110" [_thread_blocked, id=2684, stack(0x0000004b21400000,0x0000004b21500000)]
  0x000001e34687fd40 JavaThread "Unconstrained build operations Thread 111" [_thread_blocked, id=11864, stack(0x0000004b21500000,0x0000004b21600000)]
  0x000001e34687eed0 JavaThread "Unconstrained build operations Thread 112" [_thread_blocked, id=8104, stack(0x0000004b21600000,0x0000004b21700000)]
  0x000001e346881ef0 JavaThread "Unconstrained build operations Thread 113" [_thread_blocked, id=3096, stack(0x0000004b21700000,0x0000004b21800000)]
  0x000001e34687ab70 JavaThread "Unconstrained build operations Thread 114" [_thread_blocked, id=20504, stack(0x0000004b21800000,0x0000004b21900000)]
  0x000001e34687b9e0 JavaThread "Unconstrained build operations Thread 115" [_thread_blocked, id=4344, stack(0x0000004b21900000,0x0000004b21a00000)]
  0x000001e346881a20 JavaThread "Unconstrained build operations Thread 116" [_thread_blocked, id=28504, stack(0x0000004b21a00000,0x0000004b21b00000)]
  0x000001e34687b510 JavaThread "Unconstrained build operations Thread 117" [_thread_blocked, id=24364, stack(0x0000004b21b00000,0x0000004b21c00000)]
  0x000001e34687d6c0 JavaThread "Unconstrained build operations Thread 118" [_thread_blocked, id=2464, stack(0x0000004b21c00000,0x0000004b21d00000)]
  0x000001e34687b040 JavaThread "Unconstrained build operations Thread 119" [_thread_blocked, id=11968, stack(0x0000004b21d00000,0x0000004b21e00000)]
  0x000001e3468806e0 JavaThread "Unconstrained build operations Thread 120" [_thread_blocked, id=19136, stack(0x0000004b21e00000,0x0000004b21f00000)]

Other Threads:
=>0x000001e33dbbea80 VMThread "VM Thread" [stack: 0x0000004b16900000,0x0000004b16a00000] [id=25120]
  0x000001e33e60b8c0 WatcherThread [stack: 0x0000004b17500000,0x0000004b17600000] [id=22832]
  0x000001e323959970 GCTaskThread "GC Thread#0" [stack: 0x0000004b16400000,0x0000004b16500000] [id=26696]
  0x000001e33e994370 GCTaskThread "GC Thread#1" [stack: 0x0000004b17700000,0x0000004b17800000] [id=21364]
  0x000001e33e994620 GCTaskThread "GC Thread#2" [stack: 0x0000004b17800000,0x0000004b17900000] [id=5440]
  0x000001e33e9948d0 GCTaskThread "GC Thread#3" [stack: 0x0000004b17900000,0x0000004b17a00000] [id=7116]
  0x000001e33ebd6a50 GCTaskThread "GC Thread#4" [stack: 0x0000004b17a00000,0x0000004b17b00000] [id=5824]
  0x000001e341775d20 GCTaskThread "GC Thread#5" [stack: 0x0000004b18500000,0x0000004b18600000] [id=23876]
  0x000001e33f9fa950 GCTaskThread "GC Thread#6" [stack: 0x0000004b18600000,0x0000004b18700000] [id=28348]
  0x000001e33fccc280 GCTaskThread "GC Thread#7" [stack: 0x0000004b18700000,0x0000004b18800000] [id=14128]
  0x000001e341db6c20 GCTaskThread "GC Thread#8" [stack: 0x0000004b18800000,0x0000004b18900000] [id=16012]
  0x000001e340fa1740 GCTaskThread "GC Thread#9" [stack: 0x0000004b18900000,0x0000004b18a00000] [id=14512]
  0x000001e32396a8b0 ConcurrentGCThread "G1 Main Marker" [stack: 0x0000004b16500000,0x0000004b16600000] [id=13028]
  0x000001e32396d2e0 ConcurrentGCThread "G1 Conc#0" [stack: 0x0000004b16600000,0x0000004b16700000] [id=2600]
  0x000001e341ad51c0 ConcurrentGCThread "G1 Conc#1" [stack: 0x0000004b18a00000,0x0000004b18b00000] [id=28616]
  0x000001e33fb288a0 ConcurrentGCThread "G1 Conc#2" [stack: 0x0000004b18b00000,0x0000004b18c00000] [id=12784]
  0x000001e33da44980 ConcurrentGCThread "G1 Refine#0" [stack: 0x0000004b16700000,0x0000004b16800000] [id=16956]
  0x000001e33da453a0 ConcurrentGCThread "G1 Service" [stack: 0x0000004b16800000,0x0000004b16900000] [id=3468]

Threads with active compile tasks:
C2 CompilerThread0     9635 5708       4       sun.nio.fs.WindowsPathParser::normalize (138 bytes)
C1 CompilerThread0     9635 5748   !   3       com.google.common.cache.LocalCache$Segment::put (439 bytes)
C2 CompilerThread1     9635 5722       4       jdk.internal.org.objectweb.asm.Label::resolve (219 bytes)
C2 CompilerThread2     9635 5702   !   4       java.util.concurrent.locks.AbstractQueuedSynchronizer::acquire (407 bytes)

VM state: at safepoint (normal execution)

VM Mutex/Monitor currently owned by a thread:  ([mutex/lock_event])
[0x000001e3238fb9d0] Threads_lock - owner thread: 0x000001e33dbbea80
[0x000001e3238fa1a0] Heap_lock - owner thread: 0x000001e33f97c9a0

Heap address: 0x0000000080000000, size: 2048 MB, Compressed Oops mode: 32-bit

CDS archive(s) not mapped
Compressed class space mapped at: 0x0000000100000000-0x0000000140000000, reserved size: 1073741824
Narrow klass base: 0x0000000000000000, Narrow klass shift: 3, Narrow klass range: 0x140000000

GC Precious Log:
 CPUs: 12 total, 12 available
 Memory: 14188M
 Large Page Support: Disabled
 NUMA Support: Disabled
 Compressed Oops: Enabled (32-bit)
 Heap Region Size: 1M
 Heap Min Capacity: 8M
 Heap Initial Capacity: 222M
 Heap Max Capacity: 2G
 Pre-touch: Disabled
 Parallel Workers: 10
 Concurrent Workers: 3
 Concurrent Refinement Workers: 10
 Periodic GC: Disabled

Heap:
 garbage-first heap   total 184320K, used 74463K [0x0000000080000000, 0x0000000100000000)
  region size 1024K, 2 young (2048K), 2 survivors (2048K)
 Metaspace       used 56006K, committed 56576K, reserved 1105920K
  class space    used 7548K, committed 7808K, reserved 1048576K

Heap Regions: E=young(eden), S=young(survivor), O=old, HS=humongous(starts), HC=humongous(continues), CS=collection set, F=free, OA=open archive, CA=closed archive, TAMS=top-at-mark-start (previous, next)
|   0|0x0000000080000000, 0x0000000080100000, 0x0000000080100000|100%|HS|  |TAMS 0x0000000080100000, 0x0000000080100000| Complete 
|   1|0x0000000080100000, 0x0000000080200000, 0x0000000080200000|100%|HC|  |TAMS 0x0000000080200000, 0x0000000080200000| Complete 
|   2|0x0000000080200000, 0x0000000080300000, 0x0000000080300000|100%|HC|  |TAMS 0x0000000080300000, 0x0000000080300000| Complete 
|   3|0x0000000080300000, 0x0000000080400000, 0x0000000080400000|100%|HC|  |TAMS 0x0000000080400000, 0x0000000080400000| Complete 
|   4|0x0000000080400000, 0x0000000080500000, 0x0000000080500000|100%| O|  |TAMS 0x0000000080500000, 0x0000000080500000| Untracked 
|   5|0x0000000080500000, 0x0000000080600000, 0x0000000080600000|100%| O|  |TAMS 0x0000000080600000, 0x0000000080600000| Untracked 
|   6|0x0000000080600000, 0x0000000080700000, 0x0000000080700000|100%| O|  |TAMS 0x0000000080700000, 0x0000000080700000| Untracked 
|   7|0x0000000080700000, 0x0000000080800000, 0x0000000080800000|100%| O|  |TAMS 0x0000000080800000, 0x0000000080800000| Untracked 
|   8|0x0000000080800000, 0x0000000080900000, 0x0000000080900000|100%| O|  |TAMS 0x0000000080900000, 0x0000000080900000| Untracked 
|   9|0x0000000080900000, 0x0000000080a00000, 0x0000000080a00000|100%| O|  |TAMS 0x0000000080a00000, 0x0000000080a00000| Untracked 
|  10|0x0000000080a00000, 0x0000000080b00000, 0x0000000080b00000|100%| O|  |TAMS 0x0000000080b00000, 0x0000000080b00000| Untracked 
|  11|0x0000000080b00000, 0x0000000080c00000, 0x0000000080c00000|100%| O|  |TAMS 0x0000000080b00000, 0x0000000080c00000| Untracked 
|  12|0x0000000080c00000, 0x0000000080d00000, 0x0000000080d00000|100%| O|  |TAMS 0x0000000080d00000, 0x0000000080d00000| Untracked 
|  13|0x0000000080d00000, 0x0000000080e00000, 0x0000000080e00000|100%| O|  |TAMS 0x0000000080e00000, 0x0000000080e00000| Untracked 
|  14|0x0000000080e00000, 0x0000000080f00000, 0x0000000080f00000|100%| O|  |TAMS 0x0000000080f00000, 0x0000000080f00000| Untracked 
|  15|0x0000000080f00000, 0x0000000081000000, 0x0000000081000000|100%| O|  |TAMS 0x0000000081000000, 0x0000000081000000| Untracked 
|  16|0x0000000081000000, 0x0000000081100000, 0x0000000081100000|100%| O|  |TAMS 0x0000000081100000, 0x0000000081100000| Untracked 
|  17|0x0000000081100000, 0x0000000081200000, 0x0000000081200000|100%| O|  |TAMS 0x0000000081200000, 0x0000000081200000| Untracked 
|  18|0x0000000081200000, 0x0000000081300000, 0x0000000081300000|100%| O|  |TAMS 0x0000000081300000, 0x0000000081300000| Untracked 
|  19|0x0000000081300000, 0x0000000081400000, 0x0000000081400000|100%|HS|  |TAMS 0x0000000081400000, 0x0000000081400000| Complete 
|  20|0x0000000081400000, 0x0000000081500000, 0x0000000081500000|100%|HC|  |TAMS 0x0000000081500000, 0x0000000081500000| Complete 
|  21|0x0000000081500000, 0x0000000081600000, 0x0000000081600000|100%|HS|  |TAMS 0x0000000081600000, 0x0000000081600000| Complete 
|  22|0x0000000081600000, 0x0000000081700000, 0x0000000081700000|100%|HC|  |TAMS 0x0000000081700000, 0x0000000081700000| Complete 
|  23|0x0000000081700000, 0x0000000081800000, 0x0000000081800000|100%|HC|  |TAMS 0x0000000081800000, 0x0000000081800000| Complete 
|  24|0x0000000081800000, 0x0000000081900000, 0x0000000081900000|100%| O|  |TAMS 0x0000000081900000, 0x0000000081900000| Untracked 
|  25|0x0000000081900000, 0x0000000081a00000, 0x0000000081a00000|100%| O|  |TAMS 0x0000000081a00000, 0x0000000081a00000| Untracked 
|  26|0x0000000081a00000, 0x0000000081b00000, 0x0000000081b00000|100%| O|  |TAMS 0x0000000081b00000, 0x0000000081b00000| Untracked 
|  27|0x0000000081b00000, 0x0000000081c00000, 0x0000000081c00000|100%| O|  |TAMS 0x0000000081c00000, 0x0000000081c00000| Untracked 
|  28|0x0000000081c00000, 0x0000000081d00000, 0x0000000081d00000|100%|HS|  |TAMS 0x0000000081d00000, 0x0000000081d00000| Complete 
|  29|0x0000000081d00000, 0x0000000081e00000, 0x0000000081e00000|100%|HC|  |TAMS 0x0000000081e00000, 0x0000000081e00000| Complete 
|  30|0x0000000081e00000, 0x0000000081f00000, 0x0000000081f00000|100%|HC|  |TAMS 0x0000000081f00000, 0x0000000081f00000| Complete 
|  31|0x0000000081f00000, 0x0000000082000000, 0x0000000082000000|100%| O|  |TAMS 0x0000000082000000, 0x0000000082000000| Untracked 
|  32|0x0000000082000000, 0x0000000082100000, 0x0000000082100000|100%| O|  |TAMS 0x0000000082100000, 0x0000000082100000| Untracked 
|  33|0x0000000082100000, 0x0000000082200000, 0x0000000082200000|100%|HS|  |TAMS 0x0000000082200000, 0x0000000082200000| Complete 
|  34|0x0000000082200000, 0x0000000082300000, 0x0000000082300000|100%|HC|  |TAMS 0x0000000082300000, 0x0000000082300000| Complete 
|  35|0x0000000082300000, 0x0000000082400000, 0x0000000082400000|100%|HC|  |TAMS 0x0000000082400000, 0x0000000082400000| Complete 
|  36|0x0000000082400000, 0x0000000082500000, 0x0000000082500000|100%|HC|  |TAMS 0x0000000082500000, 0x0000000082500000| Complete 
|  37|0x0000000082500000, 0x0000000082600000, 0x0000000082600000|100%|HC|  |TAMS 0x0000000082600000, 0x0000000082600000| Complete 
|  38|0x0000000082600000, 0x0000000082700000, 0x0000000082700000|100%|HC|  |TAMS 0x0000000082700000, 0x0000000082700000| Complete 
|  39|0x0000000082700000, 0x0000000082800000, 0x0000000082800000|100%|HC|  |TAMS 0x0000000082800000, 0x0000000082800000| Complete 
|  40|0x0000000082800000, 0x0000000082900000, 0x0000000082900000|100%|HC|  |TAMS 0x0000000082900000, 0x0000000082900000| Complete 
|  41|0x0000000082900000, 0x0000000082a00000, 0x0000000082a00000|100%|HC|  |TAMS 0x0000000082a00000, 0x0000000082a00000| Complete 
|  42|0x0000000082a00000, 0x0000000082b00000, 0x0000000082b00000|100%|HC|  |TAMS 0x0000000082b00000, 0x0000000082b00000| Complete 
|  43|0x0000000082b00000, 0x0000000082c00000, 0x0000000082c00000|100%|HC|  |TAMS 0x0000000082c00000, 0x0000000082c00000| Complete 
|  44|0x0000000082c00000, 0x0000000082d00000, 0x0000000082d00000|100%|HC|  |TAMS 0x0000000082d00000, 0x0000000082d00000| Complete 
|  45|0x0000000082d00000, 0x0000000082e00000, 0x0000000082e00000|100%|HS|  |TAMS 0x0000000082e00000, 0x0000000082e00000| Complete 
|  46|0x0000000082e00000, 0x0000000082f00000, 0x0000000082f00000|100%|HC|  |TAMS 0x0000000082f00000, 0x0000000082f00000| Complete 
|  47|0x0000000082f00000, 0x0000000083000000, 0x0000000083000000|100%| O|  |TAMS 0x0000000083000000, 0x0000000083000000| Untracked 
|  48|0x0000000083000000, 0x0000000083100000, 0x0000000083100000|100%| O|  |TAMS 0x0000000083100000, 0x0000000083100000| Untracked 
|  49|0x0000000083100000, 0x0000000083200000, 0x0000000083200000|100%| O|  |TAMS 0x0000000083200000, 0x0000000083200000| Untracked 
|  50|0x0000000083200000, 0x0000000083300000, 0x0000000083300000|100%| O|  |TAMS 0x0000000083300000, 0x0000000083300000| Untracked 
|  51|0x0000000083300000, 0x0000000083400000, 0x0000000083400000|100%| O|  |TAMS 0x0000000083400000, 0x0000000083400000| Untracked 
|  52|0x0000000083400000, 0x0000000083500000, 0x0000000083500000|100%| O|  |TAMS 0x0000000083500000, 0x0000000083500000| Untracked 
|  53|0x0000000083500000, 0x0000000083600000, 0x0000000083600000|100%| O|  |TAMS 0x0000000083600000, 0x0000000083600000| Untracked 
|  54|0x0000000083600000, 0x0000000083600000, 0x0000000083700000|  0%| F|  |TAMS 0x0000000083600000, 0x0000000083600000| Untracked 
|  55|0x0000000083700000, 0x0000000083800000, 0x0000000083800000|100%| O|  |TAMS 0x0000000083800000, 0x0000000083800000| Untracked 
|  56|0x0000000083800000, 0x0000000083900000, 0x0000000083900000|100%| O|  |TAMS 0x0000000083900000, 0x0000000083900000| Untracked 
|  57|0x0000000083900000, 0x0000000083a00000, 0x0000000083a00000|100%| O|  |TAMS 0x0000000083a00000, 0x0000000083a00000| Untracked 
|  58|0x0000000083a00000, 0x0000000083b00000, 0x0000000083b00000|100%| O|  |TAMS 0x0000000083b00000, 0x0000000083b00000| Untracked 
|  59|0x0000000083b00000, 0x0000000083c00000, 0x0000000083c00000|100%| O|  |TAMS 0x0000000083c00000, 0x0000000083c00000| Untracked 
|  60|0x0000000083c00000, 0x0000000083d00000, 0x0000000083d00000|100%|HS|  |TAMS 0x0000000083d00000, 0x0000000083d00000| Complete 
|  61|0x0000000083d00000, 0x0000000083e00000, 0x0000000083e00000|100%|HC|  |TAMS 0x0000000083e00000, 0x0000000083e00000| Complete 
|  62|0x0000000083e00000, 0x0000000083f00000, 0x0000000083f00000|100%|HC|  |TAMS 0x0000000083f00000, 0x0000000083f00000| Complete 
|  63|0x0000000083f00000, 0x0000000084000000, 0x0000000084000000|100%|HS|  |TAMS 0x0000000084000000, 0x0000000084000000| Complete 
|  64|0x0000000084000000, 0x0000000084100000, 0x0000000084100000|100%|HC|  |TAMS 0x0000000084100000, 0x0000000084100000| Complete 
|  65|0x0000000084100000, 0x0000000084200000, 0x0000000084200000|100%|HC|  |TAMS 0x0000000084200000, 0x0000000084200000| Complete 
|  66|0x0000000084200000, 0x0000000084300000, 0x0000000084300000|100%| O|  |TAMS 0x0000000084300000, 0x0000000084300000| Untracked 
|  67|0x0000000084300000, 0x0000000084400000, 0x0000000084400000|100%| O|  |TAMS 0x0000000084400000, 0x0000000084400000| Untracked 
|  68|0x0000000084400000, 0x0000000084500000, 0x0000000084500000|100%| O|  |TAMS 0x0000000084500000, 0x0000000084500000| Untracked 
|  69|0x0000000084500000, 0x0000000084600000, 0x0000000084600000|100%| O|  |TAMS 0x00000000845a9c00, 0x0000000084600000| Untracked 
|  70|0x0000000084600000, 0x0000000084700000, 0x0000000084700000|100%| O|  |TAMS 0x0000000084600000, 0x0000000084700000| Untracked 
|  71|0x0000000084700000, 0x00000000847c1200, 0x0000000084800000| 75%| O|  |TAMS 0x0000000084700000, 0x00000000847c1200| Untracked 
|  72|0x0000000084800000, 0x0000000084800000, 0x0000000084900000|  0%| F|  |TAMS 0x0000000084800000, 0x0000000084800000| Untracked 
|  73|0x0000000084900000, 0x0000000084900000, 0x0000000084a00000|  0%| F|  |TAMS 0x0000000084900000, 0x0000000084900000| Untracked 
|  74|0x0000000084a00000, 0x0000000084a00000, 0x0000000084b00000|  0%| F|  |TAMS 0x0000000084a00000, 0x0000000084a00000| Untracked 
|  75|0x0000000084b00000, 0x0000000084b00000, 0x0000000084c00000|  0%| F|  |TAMS 0x0000000084b00000, 0x0000000084b00000| Untracked 
|  76|0x0000000084c00000, 0x0000000084c00000, 0x0000000084d00000|  0%| F|  |TAMS 0x0000000084c00000, 0x0000000084c00000| Untracked 
|  77|0x0000000084d00000, 0x0000000084d00000, 0x0000000084e00000|  0%| F|  |TAMS 0x0000000084d00000, 0x0000000084d00000| Untracked 
|  78|0x0000000084e00000, 0x0000000084e00000, 0x0000000084f00000|  0%| F|  |TAMS 0x0000000084e00000, 0x0000000084e00000| Untracked 
|  79|0x0000000084f00000, 0x0000000084f00000, 0x0000000085000000|  0%| F|  |TAMS 0x0000000084f00000, 0x0000000084f00000| Untracked 
|  80|0x0000000085000000, 0x0000000085000000, 0x0000000085100000|  0%| F|  |TAMS 0x0000000085000000, 0x0000000085000000| Untracked 
|  81|0x0000000085100000, 0x0000000085100000, 0x0000000085200000|  0%| F|  |TAMS 0x0000000085100000, 0x0000000085100000| Untracked 
|  82|0x0000000085200000, 0x0000000085200000, 0x0000000085300000|  0%| F|  |TAMS 0x0000000085200000, 0x0000000085200000| Untracked 
|  83|0x0000000085300000, 0x0000000085300000, 0x0000000085400000|  0%| F|  |TAMS 0x0000000085300000, 0x0000000085300000| Untracked 
|  84|0x0000000085400000, 0x0000000085400000, 0x0000000085500000|  0%| F|  |TAMS 0x0000000085400000, 0x0000000085400000| Untracked 
|  85|0x0000000085500000, 0x0000000085500000, 0x0000000085600000|  0%| F|  |TAMS 0x0000000085500000, 0x0000000085500000| Untracked 
|  86|0x0000000085600000, 0x0000000085600000, 0x0000000085700000|  0%| F|  |TAMS 0x0000000085600000, 0x0000000085600000| Untracked 
|  87|0x0000000085700000, 0x0000000085700000, 0x0000000085800000|  0%| F|  |TAMS 0x0000000085700000, 0x0000000085700000| Untracked 
|  88|0x0000000085800000, 0x0000000085800000, 0x0000000085900000|  0%| F|  |TAMS 0x0000000085800000, 0x0000000085800000| Untracked 
|  89|0x0000000085900000, 0x0000000085900000, 0x0000000085a00000|  0%| F|  |TAMS 0x0000000085900000, 0x0000000085900000| Untracked 
|  90|0x0000000085a00000, 0x0000000085a00000, 0x0000000085b00000|  0%| F|  |TAMS 0x0000000085a00000, 0x0000000085a00000| Untracked 
|  91|0x0000000085b00000, 0x0000000085bf6a40, 0x0000000085c00000| 96%| S|CS|TAMS 0x0000000085b00000, 0x0000000085b00000| Complete 
|  92|0x0000000085c00000, 0x0000000085d00000, 0x0000000085d00000|100%| S|CS|TAMS 0x0000000085c00000, 0x0000000085c00000| Complete 
|  93|0x0000000085d00000, 0x0000000085d00000, 0x0000000085e00000|  0%| F|  |TAMS 0x0000000085d00000, 0x0000000085d00000| Untracked 
|  94|0x0000000085e00000, 0x0000000085e00000, 0x0000000085f00000|  0%| F|  |TAMS 0x0000000085e00000, 0x0000000085e00000| Untracked 
|  95|0x0000000085f00000, 0x0000000085f00000, 0x0000000086000000|  0%| F|  |TAMS 0x0000000085f00000, 0x0000000085f00000| Untracked 
|  96|0x0000000086000000, 0x0000000086000000, 0x0000000086100000|  0%| F|  |TAMS 0x0000000086000000, 0x0000000086000000| Untracked 
|  97|0x0000000086100000, 0x0000000086100000, 0x0000000086200000|  0%| F|  |TAMS 0x0000000086100000, 0x0000000086100000| Untracked 
|  98|0x0000000086200000, 0x0000000086200000, 0x0000000086300000|  0%| F|  |TAMS 0x0000000086200000, 0x0000000086200000| Untracked 
|  99|0x0000000086300000, 0x0000000086300000, 0x0000000086400000|  0%| F|  |TAMS 0x0000000086300000, 0x0000000086300000| Untracked 
| 100|0x0000000086400000, 0x0000000086400000, 0x0000000086500000|  0%| F|  |TAMS 0x0000000086400000, 0x0000000086400000| Untracked 
| 101|0x0000000086500000, 0x0000000086500000, 0x0000000086600000|  0%| F|  |TAMS 0x0000000086500000, 0x0000000086500000| Untracked 
| 102|0x0000000086600000, 0x0000000086600000, 0x0000000086700000|  0%| F|  |TAMS 0x0000000086600000, 0x0000000086600000| Untracked 
| 103|0x0000000086700000, 0x0000000086700000, 0x0000000086800000|  0%| F|  |TAMS 0x0000000086700000, 0x0000000086700000| Untracked 
| 104|0x0000000086800000, 0x0000000086800000, 0x0000000086900000|  0%| F|  |TAMS 0x0000000086800000, 0x0000000086800000| Untracked 
| 105|0x0000000086900000, 0x0000000086900000, 0x0000000086a00000|  0%| F|  |TAMS 0x0000000086900000, 0x0000000086900000| Untracked 
| 106|0x0000000086a00000, 0x0000000086a00000, 0x0000000086b00000|  0%| F|  |TAMS 0x0000000086a00000, 0x0000000086a00000| Untracked 
| 107|0x0000000086b00000, 0x0000000086b00000, 0x0000000086c00000|  0%| F|  |TAMS 0x0000000086b00000, 0x0000000086b00000| Untracked 
| 108|0x0000000086c00000, 0x0000000086c00000, 0x0000000086d00000|  0%| F|  |TAMS 0x0000000086c00000, 0x0000000086c00000| Untracked 
| 109|0x0000000086d00000, 0x0000000086d00000, 0x0000000086e00000|  0%| F|  |TAMS 0x0000000086d00000, 0x0000000086d00000| Untracked 
| 110|0x0000000086e00000, 0x0000000086e00000, 0x0000000086f00000|  0%| F|  |TAMS 0x0000000086e00000, 0x0000000086e00000| Untracked 
| 111|0x0000000086f00000, 0x0000000086f00000, 0x0000000087000000|  0%| F|  |TAMS 0x0000000086f00000, 0x0000000086f00000| Untracked 
| 112|0x0000000087000000, 0x0000000087000000, 0x0000000087100000|  0%| F|  |TAMS 0x0000000087000000, 0x0000000087000000| Untracked 
| 113|0x0000000087100000, 0x0000000087100000, 0x0000000087200000|  0%| F|  |TAMS 0x0000000087100000, 0x0000000087100000| Untracked 
| 114|0x0000000087200000, 0x0000000087200000, 0x0000000087300000|  0%| F|  |TAMS 0x0000000087200000, 0x0000000087200000| Untracked 
| 115|0x0000000087300000, 0x0000000087300000, 0x0000000087400000|  0%| F|  |TAMS 0x0000000087300000, 0x0000000087300000| Untracked 
| 116|0x0000000087400000, 0x0000000087400000, 0x0000000087500000|  0%| F|  |TAMS 0x0000000087400000, 0x0000000087400000| Untracked 
| 117|0x0000000087500000, 0x0000000087500000, 0x0000000087600000|  0%| F|  |TAMS 0x0000000087500000, 0x0000000087500000| Untracked 
| 118|0x0000000087600000, 0x0000000087600000, 0x0000000087700000|  0%| F|  |TAMS 0x0000000087600000, 0x0000000087600000| Untracked 
| 119|0x0000000087700000, 0x0000000087700000, 0x0000000087800000|  0%| F|  |TAMS 0x0000000087700000, 0x0000000087700000| Untracked 
| 120|0x0000000087800000, 0x0000000087800000, 0x0000000087900000|  0%| F|  |TAMS 0x0000000087800000, 0x0000000087800000| Untracked 
| 121|0x0000000087900000, 0x0000000087900000, 0x0000000087a00000|  0%| F|  |TAMS 0x0000000087900000, 0x0000000087900000| Untracked 
| 122|0x0000000087a00000, 0x0000000087a00000, 0x0000000087b00000|  0%| F|  |TAMS 0x0000000087a00000, 0x0000000087a00000| Untracked 
| 123|0x0000000087b00000, 0x0000000087b00000, 0x0000000087c00000|  0%| F|  |TAMS 0x0000000087b00000, 0x0000000087b00000| Untracked 
| 124|0x0000000087c00000, 0x0000000087c00000, 0x0000000087d00000|  0%| F|  |TAMS 0x0000000087c00000, 0x0000000087c00000| Untracked 
| 125|0x0000000087d00000, 0x0000000087d00000, 0x0000000087e00000|  0%| F|  |TAMS 0x0000000087d00000, 0x0000000087d00000| Untracked 
| 126|0x0000000087e00000, 0x0000000087e00000, 0x0000000087f00000|  0%| F|  |TAMS 0x0000000087e00000, 0x0000000087e00000| Untracked 
| 127|0x0000000087f00000, 0x0000000087f00000, 0x0000000088000000|  0%| F|  |TAMS 0x0000000087f00000, 0x0000000087f00000| Untracked 
| 128|0x0000000088000000, 0x0000000088000000, 0x0000000088100000|  0%| F|  |TAMS 0x0000000088000000, 0x0000000088000000| Untracked 
| 129|0x0000000088100000, 0x0000000088100000, 0x0000000088200000|  0%| F|  |TAMS 0x0000000088100000, 0x0000000088100000| Untracked 
| 130|0x0000000088200000, 0x0000000088200000, 0x0000000088300000|  0%| F|  |TAMS 0x0000000088200000, 0x0000000088200000| Untracked 
| 131|0x0000000088300000, 0x0000000088300000, 0x0000000088400000|  0%| F|  |TAMS 0x0000000088300000, 0x0000000088300000| Untracked 
| 132|0x0000000088400000, 0x0000000088400000, 0x0000000088500000|  0%| F|  |TAMS 0x0000000088400000, 0x0000000088400000| Untracked 
| 133|0x0000000088500000, 0x0000000088500000, 0x0000000088600000|  0%| F|  |TAMS 0x0000000088500000, 0x0000000088500000| Untracked 
| 134|0x0000000088600000, 0x0000000088600000, 0x0000000088700000|  0%| F|  |TAMS 0x0000000088600000, 0x0000000088600000| Untracked 
| 135|0x0000000088700000, 0x0000000088700000, 0x0000000088800000|  0%| F|  |TAMS 0x0000000088700000, 0x0000000088700000| Untracked 
| 136|0x0000000088800000, 0x0000000088800000, 0x0000000088900000|  0%| F|  |TAMS 0x0000000088800000, 0x0000000088800000| Untracked 
| 137|0x0000000088900000, 0x0000000088900000, 0x0000000088a00000|  0%| F|  |TAMS 0x0000000088900000, 0x0000000088900000| Untracked 
| 138|0x0000000088a00000, 0x0000000088a00000, 0x0000000088b00000|  0%| F|  |TAMS 0x0000000088a00000, 0x0000000088a00000| Untracked 
| 139|0x0000000088b00000, 0x0000000088b00000, 0x0000000088c00000|  0%| F|  |TAMS 0x0000000088b00000, 0x0000000088b00000| Untracked 
| 140|0x0000000088c00000, 0x0000000088c00000, 0x0000000088d00000|  0%| F|  |TAMS 0x0000000088c00000, 0x0000000088c00000| Untracked 
| 141|0x0000000088d00000, 0x0000000088d00000, 0x0000000088e00000|  0%| F|  |TAMS 0x0000000088d00000, 0x0000000088d00000| Untracked 
| 142|0x0000000088e00000, 0x0000000088e00000, 0x0000000088f00000|  0%| F|  |TAMS 0x0000000088e00000, 0x0000000088e00000| Untracked 
| 143|0x0000000088f00000, 0x0000000088f00000, 0x0000000089000000|  0%| F|  |TAMS 0x0000000088f00000, 0x0000000088f00000| Untracked 
| 144|0x0000000089000000, 0x0000000089000000, 0x0000000089100000|  0%| F|  |TAMS 0x0000000089000000, 0x0000000089000000| Untracked 
| 145|0x0000000089100000, 0x0000000089100000, 0x0000000089200000|  0%| F|  |TAMS 0x0000000089100000, 0x0000000089100000| Untracked 
| 146|0x0000000089200000, 0x0000000089200000, 0x0000000089300000|  0%| F|  |TAMS 0x0000000089200000, 0x0000000089200000| Untracked 
| 147|0x0000000089300000, 0x0000000089300000, 0x0000000089400000|  0%| F|  |TAMS 0x0000000089300000, 0x0000000089300000| Untracked 
| 148|0x0000000089400000, 0x0000000089400000, 0x0000000089500000|  0%| F|  |TAMS 0x0000000089400000, 0x0000000089400000| Untracked 
| 149|0x0000000089500000, 0x0000000089500000, 0x0000000089600000|  0%| F|  |TAMS 0x0000000089500000, 0x0000000089500000| Untracked 
| 150|0x0000000089600000, 0x0000000089600000, 0x0000000089700000|  0%| F|  |TAMS 0x0000000089600000, 0x0000000089600000| Untracked 
| 151|0x0000000089700000, 0x0000000089700000, 0x0000000089800000|  0%| F|  |TAMS 0x0000000089700000, 0x0000000089700000| Untracked 
| 152|0x0000000089800000, 0x0000000089800000, 0x0000000089900000|  0%| F|  |TAMS 0x0000000089800000, 0x0000000089800000| Untracked 
| 153|0x0000000089900000, 0x0000000089900000, 0x0000000089a00000|  0%| F|  |TAMS 0x0000000089900000, 0x0000000089900000| Untracked 
| 154|0x0000000089a00000, 0x0000000089a00000, 0x0000000089b00000|  0%| F|  |TAMS 0x0000000089a00000, 0x0000000089a00000| Untracked 
| 155|0x0000000089b00000, 0x0000000089b00000, 0x0000000089c00000|  0%| F|  |TAMS 0x0000000089b00000, 0x0000000089b00000| Untracked 
| 156|0x0000000089c00000, 0x0000000089c00000, 0x0000000089d00000|  0%| F|  |TAMS 0x0000000089c00000, 0x0000000089c00000| Untracked 
| 157|0x0000000089d00000, 0x0000000089d00000, 0x0000000089e00000|  0%| F|  |TAMS 0x0000000089d00000, 0x0000000089d00000| Untracked 
| 158|0x0000000089e00000, 0x0000000089e00000, 0x0000000089f00000|  0%| F|  |TAMS 0x0000000089e00000, 0x0000000089e00000| Untracked 
| 159|0x0000000089f00000, 0x0000000089f00000, 0x000000008a000000|  0%| F|  |TAMS 0x0000000089f00000, 0x0000000089f00000| Untracked 
| 160|0x000000008a000000, 0x000000008a000000, 0x000000008a100000|  0%| F|  |TAMS 0x000000008a000000, 0x000000008a000000| Untracked 
| 161|0x000000008a100000, 0x000000008a100000, 0x000000008a200000|  0%| F|  |TAMS 0x000000008a100000, 0x000000008a100000| Untracked 
| 162|0x000000008a200000, 0x000000008a200000, 0x000000008a300000|  0%| F|  |TAMS 0x000000008a200000, 0x000000008a200000| Untracked 
| 163|0x000000008a300000, 0x000000008a300000, 0x000000008a400000|  0%| F|  |TAMS 0x000000008a300000, 0x000000008a300000| Untracked 
| 164|0x000000008a400000, 0x000000008a400000, 0x000000008a500000|  0%| F|  |TAMS 0x000000008a400000, 0x000000008a400000| Untracked 
| 165|0x000000008a500000, 0x000000008a500000, 0x000000008a600000|  0%| F|  |TAMS 0x000000008a500000, 0x000000008a500000| Untracked 
| 166|0x000000008a600000, 0x000000008a600000, 0x000000008a700000|  0%| F|  |TAMS 0x000000008a600000, 0x000000008a600000| Untracked 
| 167|0x000000008a700000, 0x000000008a700000, 0x000000008a800000|  0%| F|  |TAMS 0x000000008a700000, 0x000000008a700000| Untracked 
| 168|0x000000008a800000, 0x000000008a800000, 0x000000008a900000|  0%| F|  |TAMS 0x000000008a800000, 0x000000008a800000| Untracked 
| 169|0x000000008a900000, 0x000000008a900000, 0x000000008aa00000|  0%| F|  |TAMS 0x000000008a900000, 0x000000008a900000| Untracked 
| 170|0x000000008aa00000, 0x000000008aa00000, 0x000000008ab00000|  0%| F|  |TAMS 0x000000008aa00000, 0x000000008aa00000| Untracked 
| 171|0x000000008ab00000, 0x000000008ab00000, 0x000000008ac00000|  0%| F|  |TAMS 0x000000008ab00000, 0x000000008ab00000| Untracked 
| 172|0x000000008ac00000, 0x000000008ac00000, 0x000000008ad00000|  0%| F|  |TAMS 0x000000008ac00000, 0x000000008ac00000| Untracked 
| 173|0x000000008ad00000, 0x000000008ad00000, 0x000000008ae00000|  0%| F|  |TAMS 0x000000008ad00000, 0x000000008ad00000| Untracked 
| 174|0x000000008ae00000, 0x000000008ae00000, 0x000000008af00000|  0%| F|  |TAMS 0x000000008ae00000, 0x000000008ae00000| Untracked 
| 175|0x000000008af00000, 0x000000008af00000, 0x000000008b000000|  0%| F|  |TAMS 0x000000008af00000, 0x000000008af00000| Untracked 
| 176|0x000000008b000000, 0x000000008b000000, 0x000000008b100000|  0%| F|  |TAMS 0x000000008b000000, 0x000000008b000000| Untracked 
| 177|0x000000008b100000, 0x000000008b100000, 0x000000008b200000|  0%| F|  |TAMS 0x000000008b100000, 0x000000008b100000| Untracked 
| 178|0x000000008b200000, 0x000000008b200000, 0x000000008b300000|  0%| F|  |TAMS 0x000000008b200000, 0x000000008b200000| Untracked 
| 221|0x000000008dd00000, 0x000000008dd00000, 0x000000008de00000|  0%| F|  |TAMS 0x000000008dd00000, 0x000000008dd00000| Untracked 

Card table byte_map: [0x000001e336720000,0x000001e336b20000] _byte_map_base: 0x000001e336320000

Marking Bits (Prev, Next): (CMBitMap*) 0x000001e323959fc0, (CMBitMap*) 0x000001e323959f80
 Prev Bits: [0x000001e338f20000, 0x000001e33af20000)
 Next Bits: [0x000001e336f20000, 0x000001e338f20000)

Polling page: 0x000001e3230c0000

Metaspace:

Usage:
  Non-class:     47.32 MB used.
      Class:      7.37 MB used.
       Both:     54.69 MB used.

Virtual space:
  Non-class space:       56.00 MB reserved,      47.62 MB ( 85%) committed,  7 nodes.
      Class space:        1.00 GB reserved,       7.62 MB ( <1%) committed,  1 nodes.
             Both:        1.05 GB reserved,      55.25 MB (  5%) committed. 

Chunk freelists:
   Non-Class:  3.66 MB
       Class:  256.00 KB
        Both:  3.91 MB

MaxMetaspaceSize: unlimited
CompressedClassSpaceSize: 1.00 GB
Initial GC threshold: 21.00 MB
Current GC threshold: 85.00 MB
CDS: off
MetaspaceReclaimPolicy: balanced
 - commit_granule_bytes: 65536.
 - commit_granule_words: 8192.
 - virtual_space_node_default_size: 1048576.
 - enlarge_chunks_in_place: 1.
 - new_chunks_are_fully_committed: 0.
 - uncommit_free_chunks: 1.
 - use_allocation_guard: 0.
 - handle_deallocations: 1.


Internal statistics:

num_allocs_failed_limit: 3.
num_arena_births: 676.
num_arena_deaths: 0.
num_vsnodes_births: 8.
num_vsnodes_deaths: 0.
num_space_committed: 884.
num_space_uncommitted: 0.
num_chunks_returned_to_freelist: 3.
num_chunks_taken_from_freelist: 2572.
num_chunk_merges: 3.
num_chunk_splits: 1662.
num_chunks_enlarged: 1088.
num_purges: 0.
num_inconsistent_stats: 0.

CodeHeap 'non-profiled nmethods': size=120000Kb used=2699Kb max_used=3413Kb free=117301Kb
 bounds [0x000001e32e890000, 0x000001e32ebf0000, 0x000001e335dc0000]
CodeHeap 'profiled nmethods': size=120000Kb used=9210Kb max_used=10904Kb free=110789Kb
 bounds [0x000001e326dc0000, 0x000001e327870000, 0x000001e32e2f0000]
CodeHeap 'non-nmethods': size=5760Kb used=2336Kb max_used=2399Kb free=3423Kb
 bounds [0x000001e32e2f0000, 0x000001e32e560000, 0x000001e32e890000]
 total_blobs=5774 nmethods=4927 adapters=758
 compilation: enabled
              stopped_count=0, restarted_count=0
 full_count=0

Compilation events (20 events):
Event: 9.489 Thread 0x000001e33e4b0b70 nmethod 5737 0x000001e32e8aab90 code [0x000001e32e8aad20, 0x000001e32e8aae38]
Event: 9.489 Thread 0x000001e33e4b0b70 5738       3       org.gradle.api.internal.artifacts.ivyservice.resolutionstrategy.DefaultCachePolicy$AbstractResolutionControl::<init> (10 bytes)
Event: 9.490 Thread 0x000001e33e4b0b70 nmethod 5738 0x000001e3270f8010 code [0x000001e3270f81c0, 0x000001e3270f84f8]
Event: 9.490 Thread 0x000001e33e4b0b70 5739       3       org.gradle.api.internal.artifacts.ivyservice.resolutionstrategy.DefaultCachePolicy$AbstractResolutionControl::<init> (30 bytes)
Event: 9.490 Thread 0x000001e33e4b0b70 nmethod 5739 0x000001e327237590 code [0x000001e327237740, 0x000001e327237a18]
Event: 9.490 Thread 0x000001e33e4b0b70 5740       3       org.gradle.api.internal.artifacts.ivyservice.resolutionstrategy.DefaultCachePolicy$AbstractResolutionControl::correctForClockShift (10 bytes)
Event: 9.490 Thread 0x000001e33e4b0b70 nmethod 5740 0x000001e327011210 code [0x000001e3270113a0, 0x000001e327011538]
Event: 9.490 Thread 0x000001e33e4b0b70 5741       3       org.gradle.api.internal.artifacts.ivyservice.resolutionstrategy.DefaultCachePolicy$AbstractResolutionControl::isMustCheck (22 bytes)
Event: 9.490 Thread 0x000001e33e4b0b70 nmethod 5741 0x000001e32708cb90 code [0x000001e32708cd20, 0x000001e32708ced8]
Event: 9.492 Thread 0x000001e33e4b0b70 5743       3       com.google.common.collect.Sets::newHashSet (8 bytes)
Event: 9.492 Thread 0x000001e33e4b0b70 nmethod 5743 0x000001e327257a10 code [0x000001e327257be0, 0x000001e327258078]
Event: 9.492 Thread 0x000001e33e4b0b70 5744       3       org.gradle.internal.time.DefaultTimer::getElapsedMillis (29 bytes)
Event: 9.493 Thread 0x000001e33e4b0b70 nmethod 5744 0x000001e327355c10 code [0x000001e327355de0, 0x000001e3273560e8]
Event: 9.493 Thread 0x000001e33e4b0b70 5745       3       org.gradle.internal.time.DefaultCountdownTimer::hasExpired (15 bytes)
Event: 9.493 Thread 0x000001e33e4b0b70 nmethod 5745 0x000001e3277d1610 code [0x000001e3277d17c0, 0x000001e3277d1b28]
Event: 9.493 Thread 0x000001e33e4b0b70 5747       3       java.util.concurrent.ThreadPoolExecutor::runStateAtLeast (11 bytes)
Event: 9.493 Thread 0x000001e33e4b0b70 nmethod 5747 0x000001e3270f7c90 code [0x000001e3270f7e20, 0x000001e3270f7f78]
Event: 9.493 Thread 0x000001e33e4b0b70 5746       3       org.gradle.internal.time.DefaultCountdownTimer::getRemainingMillis (14 bytes)
Event: 9.494 Thread 0x000001e33e4b0b70 nmethod 5746 0x000001e326f20f90 code [0x000001e326f21140, 0x000001e326f213c8]
Event: 9.494 Thread 0x000001e33e4b0b70 5748   !   3       com.google.common.cache.LocalCache$Segment::put (439 bytes)

GC Heap History (20 events):
Event: 6.599 GC heap after
{Heap after GC invocations=13 (full 0):
 garbage-first heap   total 89088K, used 54721K [0x0000000080000000, 0x0000000100000000)
  region size 1024K, 3 young (3072K), 3 survivors (3072K)
 Metaspace       used 41234K, committed 41600K, reserved 1089536K
  class space    used 5541K, committed 5696K, reserved 1048576K
}
Event: 6.744 GC heap before
{Heap before GC invocations=14 (full 0):
 garbage-first heap   total 96256K, used 70081K [0x0000000080000000, 0x0000000100000000)
  region size 1024K, 18 young (18432K), 3 survivors (3072K)
 Metaspace       used 41681K, committed 42048K, reserved 1089536K
  class space    used 5583K, committed 5760K, reserved 1048576K
}
Event: 6.749 GC heap after
{Heap after GC invocations=15 (full 0):
 garbage-first heap   total 115712K, used 57383K [0x0000000080000000, 0x0000000100000000)
  region size 1024K, 3 young (3072K), 3 survivors (3072K)
 Metaspace       used 41681K, committed 42048K, reserved 1089536K
  class space    used 5583K, committed 5760K, reserved 1048576K
}
Event: 6.875 GC heap before
{Heap before GC invocations=15 (full 0):
 garbage-first heap   total 115712K, used 65575K [0x0000000080000000, 0x0000000100000000)
  region size 1024K, 13 young (13312K), 3 survivors (3072K)
 Metaspace       used 42147K, committed 42560K, reserved 1089536K
  class space    used 5628K, committed 5824K, reserved 1048576K
}
Event: 6.878 GC heap after
{Heap after GC invocations=16 (full 0):
 garbage-first heap   total 115712K, used 58540K [0x0000000080000000, 0x0000000100000000)
  region size 1024K, 2 young (2048K), 2 survivors (2048K)
 Metaspace       used 42147K, committed 42560K, reserved 1089536K
  class space    used 5628K, committed 5824K, reserved 1048576K
}
Event: 7.577 GC heap before
{Heap before GC invocations=17 (full 0):
 garbage-first heap   total 115712K, used 90284K [0x0000000080000000, 0x0000000100000000)
  region size 1024K, 30 young (30720K), 2 survivors (2048K)
 Metaspace       used 46542K, committed 46976K, reserved 1089536K
  class space    used 6191K, committed 6400K, reserved 1048576K
}
Event: 7.581 GC heap after
{Heap after GC invocations=18 (full 0):
 garbage-first heap   total 115712K, used 60036K [0x0000000080000000, 0x0000000100000000)
  region size 1024K, 4 young (4096K), 4 survivors (4096K)
 Metaspace       used 46542K, committed 46976K, reserved 1089536K
  class space    used 6191K, committed 6400K, reserved 1048576K
}
Event: 7.642 GC heap before
{Heap before GC invocations=18 (full 0):
 garbage-first heap   total 115712K, used 62084K [0x0000000080000000, 0x0000000100000000)
  region size 1024K, 7 young (7168K), 4 survivors (4096K)
 Metaspace       used 46607K, committed 47040K, reserved 1089536K
  class space    used 6198K, committed 6400K, reserved 1048576K
}
Event: 7.645 GC heap after
{Heap after GC invocations=19 (full 0):
 garbage-first heap   total 115712K, used 60823K [0x0000000080000000, 0x0000000100000000)
  region size 1024K, 1 young (1024K), 1 survivors (1024K)
 Metaspace       used 46607K, committed 47040K, reserved 1089536K
  class space    used 6198K, committed 6400K, reserved 1048576K
}
Event: 8.181 GC heap before
{Heap before GC invocations=20 (full 0):
 garbage-first heap   total 116736K, used 94615K [0x0000000080000000, 0x0000000100000000)
  region size 1024K, 28 young (28672K), 1 survivors (1024K)
 Metaspace       used 49657K, committed 50176K, reserved 1097728K
  class space    used 6514K, committed 6720K, reserved 1048576K
}
Event: 8.185 GC heap after
{Heap after GC invocations=21 (full 0):
 garbage-first heap   total 116736K, used 70270K [0x0000000080000000, 0x0000000100000000)
  region size 1024K, 4 young (4096K), 4 survivors (4096K)
 Metaspace       used 49657K, committed 50176K, reserved 1097728K
  class space    used 6514K, committed 6720K, reserved 1048576K
}
Event: 8.187 GC heap before
{Heap before GC invocations=21 (full 0):
 garbage-first heap   total 116736K, used 71294K [0x0000000080000000, 0x0000000100000000)
  region size 1024K, 5 young (5120K), 4 survivors (4096K)
 Metaspace       used 49658K, committed 50240K, reserved 1097728K
  class space    used 6514K, committed 6720K, reserved 1048576K
}
Event: 8.191 GC heap after
{Heap after GC invocations=22 (full 0):
 garbage-first heap   total 116736K, used 70462K [0x0000000080000000, 0x0000000100000000)
  region size 1024K, 1 young (1024K), 1 survivors (1024K)
 Metaspace       used 49658K, committed 50240K, reserved 1097728K
  class space    used 6514K, committed 6720K, reserved 1048576K
}
Event: 8.567 GC heap before
{Heap before GC invocations=22 (full 0):
 garbage-first heap   total 116736K, used 94014K [0x0000000080000000, 0x0000000100000000)
  region size 1024K, 24 young (24576K), 1 survivors (1024K)
 Metaspace       used 51611K, committed 52224K, reserved 1097728K
  class space    used 6865K, committed 7168K, reserved 1048576K
}
Event: 8.569 GC heap after
{Heap after GC invocations=23 (full 0):
 garbage-first heap   total 116736K, used 71556K [0x0000000080000000, 0x0000000100000000)
  region size 1024K, 2 young (2048K), 2 survivors (2048K)
 Metaspace       used 51611K, committed 52224K, reserved 1097728K
  class space    used 6865K, committed 7168K, reserved 1048576K
}
Event: 9.075 GC heap before
{Heap before GC invocations=24 (full 0):
 garbage-first heap   total 122880K, used 95108K [0x0000000080000000, 0x0000000100000000)
  region size 1024K, 25 young (25600K), 2 survivors (2048K)
 Metaspace       used 54264K, committed 54912K, reserved 1097728K
  class space    used 7314K, committed 7616K, reserved 1048576K
}
Event: 9.077 GC heap after
{Heap after GC invocations=25 (full 0):
 garbage-first heap   total 122880K, used 73260K [0x0000000080000000, 0x0000000100000000)
  region size 1024K, 3 young (3072K), 3 survivors (3072K)
 Metaspace       used 54264K, committed 54912K, reserved 1097728K
  class space    used 7314K, committed 7616K, reserved 1048576K
}
Event: 9.109 GC heap before
{Heap before GC invocations=25 (full 0):
 garbage-first heap   total 122880K, used 76332K [0x0000000080000000, 0x0000000100000000)
  region size 1024K, 6 young (6144K), 3 survivors (3072K)
 Metaspace       used 54621K, committed 55296K, reserved 1097728K
  class space    used 7381K, committed 7680K, reserved 1048576K
}
Event: 9.112 GC heap after
{Heap after GC invocations=26 (full 0):
 garbage-first heap   total 122880K, used 72824K [0x0000000080000000, 0x0000000100000000)
  region size 1024K, 1 young (1024K), 1 survivors (1024K)
 Metaspace       used 54621K, committed 55296K, reserved 1097728K
  class space    used 7381K, committed 7680K, reserved 1048576K
}
Event: 9.495 GC heap before
{Heap before GC invocations=26 (full 0):
 garbage-first heap   total 122880K, used 98424K [0x0000000080000000, 0x0000000100000000)
  region size 1024K, 27 young (27648K), 1 survivors (1024K)
 Metaspace       used 56006K, committed 56576K, reserved 1105920K
  class space    used 7548K, committed 7808K, reserved 1048576K
}

Dll operation events (2 events):
Event: 0.018 Loaded shared library D:\Program Files\Android\Android Studio\jbr\bin\java.dll
Event: 0.726 Loaded shared library D:\Program Files\Android\Android Studio\jbr\bin\verify.dll

Deoptimization events (20 events):
Event: 9.448 Thread 0x000001e34205b5c0 Uncommon trap: trap_request=0xffffff54 fr.pc=0x000001e32ea3b9a4 relative=0x0000000000000f44
Event: 9.448 Thread 0x000001e346f02180 DEOPT UNPACKING pc=0x000001e32e3469a3 sp=0x0000004b1a9fddb8 mode 2
Event: 9.448 Thread 0x000001e34205b5c0 Uncommon trap: reason=speculate_null_assert action=make_not_entrant pc=0x000001e32ea3b9a4 method=java.lang.invoke.MethodType$ConcurrentWeakInternSet.add(Ljava/lang/Object;)Ljava/lang/Object; @ 47 c2
Event: 9.448 Thread 0x000001e346f03990 DEOPT UNPACKING pc=0x000001e32e3469a3 sp=0x0000004b1abfde68 mode 2
Event: 9.448 Thread 0x000001e34205b5c0 DEOPT PACKING pc=0x000001e32ea3b9a4 sp=0x0000004b1a8fe220
Event: 9.448 Thread 0x000001e34205b5c0 DEOPT UNPACKING pc=0x000001e32e3469a3 sp=0x0000004b1a8fe1b8 mode 2
Event: 9.451 Thread 0x000001e346f09030 Uncommon trap: trap_request=0xffffff45 fr.pc=0x000001e32e9395bc relative=0x000000000000017c
Event: 9.451 Thread 0x000001e346f09030 Uncommon trap: reason=unstable_if action=reinterpret pc=0x000001e32e9395bc method=java.util.concurrent.ConcurrentHashMap.addCount(JI)V @ 34 c2
Event: 9.451 Thread 0x000001e346f09030 DEOPT PACKING pc=0x000001e32e9395bc sp=0x0000004b1aafe300
Event: 9.451 Thread 0x000001e346f09030 DEOPT UNPACKING pc=0x000001e32e3469a3 sp=0x0000004b1aafe260 mode 2
Event: 9.456 Thread 0x000001e346f07350 DEOPT PACKING pc=0x000001e3271e36d4 sp=0x0000004b1b2fdc70
Event: 9.456 Thread 0x000001e346f07350 DEOPT UNPACKING pc=0x000001e32e347143 sp=0x0000004b1b2fd1c8 mode 0
Event: 9.469 Thread 0x000001e3441733c0 DEOPT PACKING pc=0x000001e3271e36d4 sp=0x0000004b1c3fcd80
Event: 9.469 Thread 0x000001e3441733c0 DEOPT UNPACKING pc=0x000001e32e347143 sp=0x0000004b1c3fc2d8 mode 0
Event: 9.470 Thread 0x000001e346601980 Uncommon trap: trap_request=0xffffff45 fr.pc=0x000001e32e976cb4 relative=0x0000000000000134
Event: 9.470 Thread 0x000001e346601980 Uncommon trap: reason=unstable_if action=reinterpret pc=0x000001e32e976cb4 method=java.util.concurrent.locks.ReentrantLock$NonfairSync.tryAcquire(I)Z @ 13 c2
Event: 9.470 Thread 0x000001e346601980 DEOPT PACKING pc=0x000001e32e976cb4 sp=0x0000004b1f4ff180
Event: 9.470 Thread 0x000001e346601980 DEOPT UNPACKING pc=0x000001e32e3469a3 sp=0x0000004b1f4ff130 mode 2
Event: 9.483 Thread 0x000001e344174700 DEOPT PACKING pc=0x000001e3271e36d4 sp=0x0000004b1d8fd890
Event: 9.483 Thread 0x000001e344174700 DEOPT UNPACKING pc=0x000001e32e347143 sp=0x0000004b1d8fcde8 mode 0

Classes unloaded (0 events):
No events

Classes redefined (0 events):
No events

Internal exceptions (20 events):
Event: 8.143 Thread 0x000001e33fe3fda0 Exception <a 'java/lang/NoSuchMethodError'{0x0000000085768a90}: 'java.lang.Object java.lang.invoke.DirectMethodHandle$Holder.invokeStatic(java.lang.Object, java.lang.Object, java.lang.Object, java.lang.Object, java.lang.Object, java.lang.Object, java.lang.Object, java.lang.Object, java.lang.Object, java.lang.Object, java.lang.Object, java.lang.Object, java.lang.Object, java.lang.Object, java.lang.Object, java.lang.Object, java.lang.Object, java.lang.Object, java.lang.Object, java.lang.Object, java.lang.Obj
Event: 8.260 Thread 0x000001e33fe3fda0 Exception <a 'java/lang/IncompatibleClassChangeError'{0x000000008aadc458}: Found class java.lang.Object, but interface was expected> (0x000000008aadc458) 
thrown [s\src\hotspot\share\interpreter\linkResolver.cpp, line 838]
Event: 8.322 Thread 0x000001e33fe3fda0 Exception <a 'java/lang/IncompatibleClassChangeError'{0x00000000865362d8}: Found class java.lang.Object, but interface was expected> (0x00000000865362d8) 
thrown [s\src\hotspot\share\interpreter\linkResolver.cpp, line 838]
Event: 8.343 Thread 0x000001e33fe3fda0 Exception <a 'java/lang/NoSuchMethodError'{0x00000000864b6358}: 'int java.lang.invoke.DirectMethodHandle$Holder.invokeStaticInit(java.lang.Object, java.lang.Object, java.lang.Object, java.lang.Object, java.lang.Object)'> (0x00000000864b6358) 
thrown [s\src\hotspot\share\interpreter\linkResolver.cpp, line 771]
Event: 8.458 Thread 0x000001e33fe3fda0 Exception <a 'java/lang/NoSuchMethodError'{0x0000000085d0c198}: 'void java.lang.invoke.DirectMethodHandle$Holder.invokeInterface(java.lang.Object, java.lang.Object)'> (0x0000000085d0c198) 
thrown [s\src\hotspot\share\interpreter\linkResolver.cpp, line 771]
Event: 8.459 Thread 0x000001e33fe3fda0 Exception <a 'java/lang/IncompatibleClassChangeError'{0x0000000085d17730}: Found class java.lang.Object, but interface was expected> (0x0000000085d17730) 
thrown [s\src\hotspot\share\interpreter\linkResolver.cpp, line 838]
Event: 8.551 Thread 0x000001e33fe3fda0 Exception <a 'java/lang/ClassNotFoundException'{0x0000000085a89070}: org/jetbrains/plugins/gradle/model/web/WebConfigurationBeanInfo> (0x0000000085a89070) 
thrown [s\src\hotspot\share\classfile\systemDictionary.cpp, line 256]
Event: 8.552 Thread 0x000001e33fe3fda0 Exception <a 'java/lang/ClassNotFoundException'{0x0000000085a913f8}: org/jetbrains/plugins/gradle/model/web/WebConfigurationCustomizer> (0x0000000085a913f8) 
thrown [s\src\hotspot\share\classfile\systemDictionary.cpp, line 256]
Event: 8.556 Thread 0x000001e33fe3fda0 Exception <a 'java/lang/ClassNotFoundException'{0x0000000085aafc00}: org/jetbrains/plugins/gradle/model/scala/ScalaModelBeanInfo> (0x0000000085aafc00) 
thrown [s\src\hotspot\share\classfile\systemDictionary.cpp, line 256]
Event: 8.557 Thread 0x000001e33fe3fda0 Exception <a 'java/lang/ClassNotFoundException'{0x0000000085ab7f08}: org/jetbrains/plugins/gradle/model/scala/ScalaModelCustomizer> (0x0000000085ab7f08) 
thrown [s\src\hotspot\share\classfile\systemDictionary.cpp, line 256]
Event: 8.564 Thread 0x000001e33fe3fda0 Exception <a 'java/lang/ClassNotFoundException'{0x0000000085ae9228}: org/jetbrains/plugins/gradle/model/DependencyAccessorsModelBeanInfo> (0x0000000085ae9228) 
thrown [s\src\hotspot\share\classfile\systemDictionary.cpp, line 256]
Event: 8.565 Thread 0x000001e33fe3fda0 Exception <a 'java/lang/ClassNotFoundException'{0x0000000085af15d8}: org/jetbrains/plugins/gradle/model/DependencyAccessorsModelCustomizer> (0x0000000085af15d8) 
thrown [s\src\hotspot\share\classfile\systemDictionary.cpp, line 256]
Event: 8.762 Thread 0x000001e33fe3fda0 Exception <a 'java/lang/ClassNotFoundException'{0x000000008ac632b0}: org/gradle/api/internal/project/DefaultProject_DecoratedBeanInfo> (0x000000008ac632b0) 
thrown [s\src\hotspot\share\classfile\systemDictionary.cpp, line 256]
Event: 8.763 Thread 0x000001e33fe3fda0 Exception <a 'java/lang/ClassNotFoundException'{0x000000008ac6fe08}: org/gradle/api/internal/project/DefaultProjectBeanInfo> (0x000000008ac6fe08) 
thrown [s\src\hotspot\share\classfile\systemDictionary.cpp, line 256]
Event: 8.764 Thread 0x000001e33fe3fda0 Exception <a 'java/lang/ClassNotFoundException'{0x000000008ac7cba8}: org/gradle/api/internal/project/DefaultProjectCustomizer> (0x000000008ac7cba8) 
thrown [s\src\hotspot\share\classfile\systemDictionary.cpp, line 256]
Event: 8.767 Thread 0x000001e33fe3fda0 Exception <a 'java/lang/ClassNotFoundException'{0x000000008ab264a0}: org/gradle/api/internal/project/DefaultProject_DecoratedCustomizer> (0x000000008ab264a0) 
thrown [s\src\hotspot\share\classfile\systemDictionary.cpp, line 256]
Event: 9.183 Thread 0x000001e33fe3fda0 Exception <a 'java/lang/NoSuchMethodError'{0x000000008aed0278}: 'java.lang.Object java.lang.invoke.DirectMethodHandle$Holder.newInvokeSpecial(java.lang.Object, java.lang.Object, java.lang.Object, java.lang.Object, java.lang.Object, int)'> (0x000000008aed0278) 
thrown [s\src\hotspot\share\interpreter\linkResolver.cpp, line 771]
Event: 9.184 Thread 0x000001e33fe3fda0 Exception <a 'java/lang/NoSuchMethodError'{0x000000008aed58d0}: 'java.lang.Object java.lang.invoke.DirectMethodHandle$Holder.invokeSpecial(java.lang.Object, java.lang.Object, java.lang.Object, java.lang.Object, java.lang.Object, java.lang.Object, int)'> (0x000000008aed58d0) 
thrown [s\src\hotspot\share\interpreter\linkResolver.cpp, line 771]
Event: 9.192 Thread 0x000001e33fe3fda0 Exception <a 'java/lang/NoSuchMethodError'{0x000000008ad75588}: 'void java.lang.invoke.DirectMethodHandle$Holder.invokeStatic(java.lang.Object, java.lang.Object, java.lang.Object, int, java.lang.Object)'> (0x000000008ad75588) 
thrown [s\src\hotspot\share\interpreter\linkResolver.cpp, line 771]
Event: 9.442 Thread 0x000001e33fe3fda0 Implicit null exception at 0x000001e32ebe196f to 0x000001e32ebe1bb8

VM Operations (20 events):
Event: 8.706 Executing VM operation: HandshakeAllThreads done
Event: 8.839 Executing VM operation: HandshakeAllThreads
Event: 8.840 Executing VM operation: HandshakeAllThreads done
Event: 9.074 Executing VM operation: G1CollectForAllocation
Event: 9.077 Executing VM operation: G1CollectForAllocation done
Event: 9.109 Executing VM operation: G1CollectForAllocation
Event: 9.112 Executing VM operation: G1CollectForAllocation done
Event: 9.152 Executing VM operation: HandshakeAllThreads
Event: 9.153 Executing VM operation: HandshakeAllThreads done
Event: 9.359 Executing VM operation: HandshakeAllThreads
Event: 9.359 Executing VM operation: HandshakeAllThreads done
Event: 9.366 Executing VM operation: ICBufferFull
Event: 9.366 Executing VM operation: ICBufferFull done
Event: 9.373 Executing VM operation: HandshakeAllThreads
Event: 9.373 Executing VM operation: HandshakeAllThreads done
Event: 9.393 Executing VM operation: HandshakeAllThreads
Event: 9.393 Executing VM operation: HandshakeAllThreads done
Event: 9.393 Executing VM operation: HandshakeAllThreads
Event: 9.393 Executing VM operation: HandshakeAllThreads done
Event: 9.495 Executing VM operation: G1CollectForAllocation

Events (20 events):
Event: 9.472 Thread 0x000001e34691acd0 Thread added: 0x000001e34691acd0
Event: 9.472 Thread 0x000001e34691bb40 Thread added: 0x000001e34691bb40
Event: 9.472 Thread 0x000001e34691c4e0 Thread added: 0x000001e34691c4e0
Event: 9.472 Thread 0x000001e34691c010 Thread added: 0x000001e34691c010
Event: 9.472 Thread 0x000001e34691eb60 Thread added: 0x000001e34691eb60
Event: 9.473 Thread 0x000001e34691f500 Thread added: 0x000001e34691f500
Event: 9.473 Thread 0x000001e346881550 Thread added: 0x000001e346881550
Event: 9.473 Thread 0x000001e3468823c0 Thread added: 0x000001e3468823c0
Event: 9.473 Thread 0x000001e34687ea00 Thread added: 0x000001e34687ea00
Event: 9.473 Thread 0x000001e346880210 Thread added: 0x000001e346880210
Event: 9.473 Thread 0x000001e34687fd40 Thread added: 0x000001e34687fd40
Event: 9.473 Thread 0x000001e34687eed0 Thread added: 0x000001e34687eed0
Event: 9.474 Thread 0x000001e346881ef0 Thread added: 0x000001e346881ef0
Event: 9.474 Thread 0x000001e34687ab70 Thread added: 0x000001e34687ab70
Event: 9.474 Thread 0x000001e34687b9e0 Thread added: 0x000001e34687b9e0
Event: 9.474 Thread 0x000001e346881a20 Thread added: 0x000001e346881a20
Event: 9.474 Thread 0x000001e34687b510 Thread added: 0x000001e34687b510
Event: 9.475 Thread 0x000001e34687d6c0 Thread added: 0x000001e34687d6c0
Event: 9.475 Thread 0x000001e34687b040 Thread added: 0x000001e34687b040
Event: 9.477 Thread 0x000001e3468806e0 Thread added: 0x000001e3468806e0


Dynamic libraries:
0x00007ff63aa60000 - 0x00007ff63aa6a000 	D:\Program Files\Android\Android Studio\jbr\bin\java.exe
0x00007ffe00090000 - 0x00007ffe002a7000 	C:\WINDOWS\SYSTEM32\ntdll.dll
0x00007ffdfe7b0000 - 0x00007ffdfe874000 	C:\WINDOWS\System32\KERNEL32.DLL
0x00007ffdfd730000 - 0x00007ffdfdad6000 	C:\WINDOWS\System32\KERNELBASE.dll
0x00007ffdfd400000 - 0x00007ffdfd511000 	C:\WINDOWS\System32\ucrtbase.dll
0x00007ffdf0c80000 - 0x00007ffdf0c97000 	D:\Program Files\Android\Android Studio\jbr\bin\jli.dll
0x00007ffdf0c60000 - 0x00007ffdf0c7b000 	D:\Program Files\Android\Android Studio\jbr\bin\VCRUNTIME140.dll
0x00007ffdfe940000 - 0x00007ffdfeaee000 	C:\WINDOWS\System32\USER32.dll
0x00007ffdfd700000 - 0x00007ffdfd726000 	C:\WINDOWS\System32\win32u.dll
0x00007ffdfe1d0000 - 0x00007ffdfe1f9000 	C:\WINDOWS\System32\GDI32.dll
0x00007ffdfd5e0000 - 0x00007ffdfd6f8000 	C:\WINDOWS\System32\gdi32full.dll
0x00007ffdfdcc0000 - 0x00007ffdfdd5a000 	C:\WINDOWS\System32\msvcp_win.dll
0x00007ffdd9590000 - 0x00007ffdd9823000 	C:\WINDOWS\WinSxS\amd64_microsoft.windows.common-controls_6595b64144ccf1df_6.0.22621.2506_none_270c5ae97388e100\COMCTL32.dll
0x00007ffdfe700000 - 0x00007ffdfe7a7000 	C:\WINDOWS\System32\msvcrt.dll
0x00007ffdfef80000 - 0x00007ffdfefb1000 	C:\WINDOWS\System32\IMM32.DLL
0x00007ffdf8460000 - 0x00007ffdf846c000 	D:\Program Files\Android\Android Studio\jbr\bin\vcruntime140_1.dll
0x00007ffdb6340000 - 0x00007ffdb63cd000 	D:\Program Files\Android\Android Studio\jbr\bin\msvcp140.dll
0x00007ffd709d0000 - 0x00007ffd7163e000 	D:\Program Files\Android\Android Studio\jbr\bin\server\jvm.dll
0x00007ffdfe880000 - 0x00007ffdfe931000 	C:\WINDOWS\System32\ADVAPI32.dll
0x00007ffdfdde0000 - 0x00007ffdfde85000 	C:\WINDOWS\System32\sechost.dll
0x00007ffdff100000 - 0x00007ffdff217000 	C:\WINDOWS\System32\RPCRT4.dll
0x00007ffdf8790000 - 0x00007ffdf8799000 	C:\WINDOWS\SYSTEM32\WSOCK32.dll
0x00007ffdf4930000 - 0x00007ffdf4964000 	C:\WINDOWS\SYSTEM32\WINMM.dll
0x00007ffdfe530000 - 0x00007ffdfe5a1000 	C:\WINDOWS\System32\WS2_32.dll
0x00007ffdf6cb0000 - 0x00007ffdf6cba000 	C:\WINDOWS\SYSTEM32\VERSION.dll
0x00007ffdfc4b0000 - 0x00007ffdfc4c8000 	C:\WINDOWS\SYSTEM32\kernel.appcore.dll
0x00007ffdf8740000 - 0x00007ffdf874a000 	D:\Program Files\Android\Android Studio\jbr\bin\jimage.dll
0x00007ffdfad90000 - 0x00007ffdfafc3000 	C:\WINDOWS\SYSTEM32\DBGHELP.DLL
0x00007ffdff380000 - 0x00007ffdff709000 	C:\WINDOWS\System32\combase.dll
0x00007ffdfff70000 - 0x00007ffe00047000 	C:\WINDOWS\System32\OLEAUT32.dll
0x00007ffde74a0000 - 0x00007ffde74d2000 	C:\WINDOWS\SYSTEM32\dbgcore.DLL
0x00007ffdfdd60000 - 0x00007ffdfddda000 	C:\WINDOWS\System32\bcryptPrimitives.dll
0x00007ffdece00000 - 0x00007ffdece25000 	D:\Program Files\Android\Android Studio\jbr\bin\java.dll
0x00007ffdecde0000 - 0x00007ffdecdf8000 	D:\Program Files\Android\Android Studio\jbr\bin\zip.dll
0x00007ffdff710000 - 0x00007ffdfff6a000 	C:\WINDOWS\System32\SHELL32.dll
0x00007ffdfb2e0000 - 0x00007ffdfbbd6000 	C:\WINDOWS\SYSTEM32\windows.storage.dll
0x00007ffdfb1a0000 - 0x00007ffdfb2de000 	C:\WINDOWS\SYSTEM32\wintypes.dll
0x00007ffdfe040000 - 0x00007ffdfe133000 	C:\WINDOWS\System32\SHCORE.dll
0x00007ffdfe5b0000 - 0x00007ffdfe60e000 	C:\WINDOWS\System32\shlwapi.dll
0x00007ffdfd330000 - 0x00007ffdfd356000 	C:\WINDOWS\SYSTEM32\profapi.dll
0x00007ffdec860000 - 0x00007ffdec879000 	D:\Program Files\Android\Android Studio\jbr\bin\net.dll
0x00007ffdf52f0000 - 0x00007ffdf5427000 	C:\WINDOWS\SYSTEM32\WINHTTP.dll
0x00007ffdfc920000 - 0x00007ffdfc989000 	C:\WINDOWS\system32\mswsock.dll
0x00007ffdeba50000 - 0x00007ffdeba66000 	D:\Program Files\Android\Android Studio\jbr\bin\nio.dll
0x00007ffdecdd0000 - 0x00007ffdecde0000 	D:\Program Files\Android\Android Studio\jbr\bin\verify.dll
0x00007ffdea970000 - 0x00007ffdea997000 	C:\Users\Aubery\.gradle\native\68d5fa5c4cc2d200863cafc0d521ce42e7d3e7ee720ec0a83991735586a16f82\windows-amd64\native-platform.dll
0x00007ffda40f0000 - 0x00007ffda4234000 	C:\Users\Aubery\.gradle\native\e376f236ea51e6404a007f0833ffe2c6e607c4080706a723a18a27aeea778392\windows-amd64\native-platform-file-events.dll
0x00007ffdf2af0000 - 0x00007ffdf2af9000 	D:\Program Files\Android\Android Studio\jbr\bin\management.dll
0x00007ffded1c0000 - 0x00007ffded1cb000 	D:\Program Files\Android\Android Studio\jbr\bin\management_ext.dll
0x00007ffdfe620000 - 0x00007ffdfe628000 	C:\WINDOWS\System32\PSAPI.DLL
0x00007ffdfcb70000 - 0x00007ffdfcb8b000 	C:\WINDOWS\SYSTEM32\CRYPTSP.dll
0x00007ffdfc410000 - 0x00007ffdfc445000 	C:\WINDOWS\system32\rsaenh.dll
0x00007ffdfc9d0000 - 0x00007ffdfc9fc000 	C:\WINDOWS\SYSTEM32\USERENV.dll
0x00007ffdfcd90000 - 0x00007ffdfcdb8000 	C:\WINDOWS\SYSTEM32\bcrypt.dll
0x00007ffdfcb30000 - 0x00007ffdfcb3c000 	C:\WINDOWS\SYSTEM32\CRYPTBASE.dll
0x00007ffdfbeb0000 - 0x00007ffdfbedd000 	C:\WINDOWS\SYSTEM32\IPHLPAPI.DLL
0x00007ffdfe610000 - 0x00007ffdfe619000 	C:\WINDOWS\System32\NSI.dll
0x00007ffdf66d0000 - 0x00007ffdf66e9000 	C:\WINDOWS\SYSTEM32\dhcpcsvc6.DLL
0x00007ffdf5610000 - 0x00007ffdf562f000 	C:\WINDOWS\SYSTEM32\dhcpcsvc.DLL
0x00007ffdfbf20000 - 0x00007ffdfc019000 	C:\WINDOWS\SYSTEM32\DNSAPI.dll
0x00007ffde8ae0000 - 0x00007ffde8ae8000 	C:\WINDOWS\system32\wshunix.dll

dbghelp: loaded successfully - version: 4.0.5 - missing functions: none
symbol engine: initialized successfully - sym options: 0x614 - pdb path: .;D:\Program Files\Android\Android Studio\jbr\bin;C:\WINDOWS\SYSTEM32;C:\WINDOWS\WinSxS\amd64_microsoft.windows.common-controls_6595b64144ccf1df_6.0.22621.2506_none_270c5ae97388e100;D:\Program Files\Android\Android Studio\jbr\bin\server;C:\Users\Aubery\.gradle\native\68d5fa5c4cc2d200863cafc0d521ce42e7d3e7ee720ec0a83991735586a16f82\windows-amd64;C:\Users\Aubery\.gradle\native\e376f236ea51e6404a007f0833ffe2c6e607c4080706a723a18a27aeea778392\windows-amd64

VM Arguments:
jvm_args: --add-opens=java.base/java.util=ALL-UNNAMED --add-opens=java.base/java.lang=ALL-UNNAMED --add-opens=java.base/java.lang.invoke=ALL-UNNAMED --add-opens=java.prefs/java.util.prefs=ALL-UNNAMED --add-opens=java.base/java.nio.charset=ALL-UNNAMED --add-opens=java.base/java.net=ALL-UNNAMED --add-opens=java.base/java.util.concurrent.atomic=ALL-UNNAMED -Xmx2048m -Dfile.encoding=UTF-8 -Duser.country=CN -Duser.language=zh -Duser.variant 
java_command: org.gradle.launcher.daemon.bootstrap.GradleDaemon 8.0
java_class_path (initial): C:\Users\Aubery\.gradle\wrapper\dists\gradle-8.0-bin\ca5e32bp14vu59qr306oxotwh\gradle-8.0\lib\gradle-launcher-8.0.jar
Launcher Type: SUN_STANDARD

[Global flags]
     intx CICompilerCount                          = 4                                         {product} {ergonomic}
     uint ConcGCThreads                            = 3                                         {product} {ergonomic}
     uint G1ConcRefinementThreads                  = 10                                        {product} {ergonomic}
   size_t G1HeapRegionSize                         = 1048576                                   {product} {ergonomic}
    uintx GCDrainStackTargetSize                   = 64                                        {product} {ergonomic}
   size_t InitialHeapSize                          = 232783872                                 {product} {ergonomic}
   size_t MarkStackSize                            = 4194304                                   {product} {ergonomic}
   size_t MaxHeapSize                              = 2147483648                                {product} {command line}
   size_t MaxNewSize                               = 1287651328                                {product} {ergonomic}
   size_t MinHeapDeltaBytes                        = 1048576                                   {product} {ergonomic}
   size_t MinHeapSize                              = 8388608                                   {product} {ergonomic}
    uintx NonNMethodCodeHeapSize                   = 5839372                                {pd product} {ergonomic}
    uintx NonProfiledCodeHeapSize                  = 122909434                              {pd product} {ergonomic}
    uintx ProfiledCodeHeapSize                     = 122909434                              {pd product} {ergonomic}
    uintx ReservedCodeCacheSize                    = 251658240                              {pd product} {ergonomic}
     bool SegmentedCodeCache                       = true                                      {product} {ergonomic}
   size_t SoftMaxHeapSize                          = 2147483648                             {manageable} {ergonomic}
     bool UseCompressedClassPointers               = true                           {product lp64_product} {ergonomic}
     bool UseCompressedOops                        = true                           {product lp64_product} {ergonomic}
     bool UseG1GC                                  = true                                      {product} {ergonomic}
     bool UseLargePagesIndividualAllocation        = false                                  {pd product} {ergonomic}

Logging:
Log output configuration:
 #0: stdout all=warning uptime,level,tags
 #1: stderr all=off uptime,level,tags

Environment Variables:
JAVA_HOME=D:\jdk\jdk-17.0.5
CLASSPATH=.;D:\jdk\jdk-17.0.5\lib\dt.jar;D:\jdk\jdk-17.0.5\lib\tools.jar;
PATH=F:\VMware\VMware Workstation\bin\;F:\Program Files (x86)\VMware\VMware Workstation\bin\;D:\jdk\jdk-17.0.5\bin;D:\apache-maven-3.9.4\bin;C:\Program Files (x86)\Common Files\Intel\Shared Libraries\redist\intel64\compiler;C:\Windows\system32;C:\Windows;C:\Windows\System32\Wbem;C:\Windows\System32\WindowsPowerShell\v1.0\;C:\Windows\System32\OpenSSH\;C:\Program Files (x86)\NVIDIA Corporation\PhysX\Common;C:\Program Files\NVIDIA Corporation\NVIDIA NvDLISR;D:\MATLAB2016\runtime\win64;D:\MATLAB2016\bin;D:\matlab\runtime\win64;D:\matlab\bin;D:\runtime\win64;D:\bin;F:\DataBase\redis;D:\polyspace\bin;D:\matlab\polyspace\bin;C:\Program Files\MySQL\MySQL Server 5.6\bin;D:\MATLAB2016\polyspace\bin;C:\Program Files\Microsoft SQL Server\Client SDK\ODBC\170\Tools\Binn\;C:\Program Files (x86)\Microsoft SQL Server\150\Tools\Binn\;C:\Program Files\Microsoft SQL Server\150\Tools\Binn\;C:\Program Files\Microsoft SQL Server\150\DTS\Binn\;C:\Program Files (x86)\Microsoft SQL Server\150\DTS\Binn\;C:\Program Files\Azure Data Studio\bin;D:\tomcat10\apache-tomcat-10.0.26\lib;D:\tomcat10\apache-tomcat-10.0.26\bin;C:\Program Files\dotnet\;C:\Windows\Microsoft.NET\Framework\v4.0.30319;D:\Users\Aubery\PycharmProjects\pythonProject\venv\Scripts;E:\P;C:\WINDOWS\system32;C:\WINDOWS;C:\WINDOWS\System32\Wbem;C:\WINDOWS\System32\WindowsPowerShell\v1.0\;C:\WINDOWS\System32\OpenSSH\;D:\Microsoft VS Code\bin;F:\Git\cmd;F:\Xshell 7\;F:\Xftp 7\;C:\Users\Aubery\AppData\Local\Microsoft\WindowsApps;C:\Program Files\Bandizip\;D:\vscode1\mingw64\bin;D:\Microsoft VS Code\bin;D:\idea202203\IntelliJ IDEA 223.4884.69\bin;C:\Program Files\Azure Data Studio\bin;C:\Users\Aubery\AppData\Local\JetBrains\Toolbox\scripts;D:\IntelliJ IDEA 2022.3.2\bin;;C:\Users\Aubery\.dotnet\tools;;F:\Program Files\JetBrains\DataGrip 2023.2.1\bin;;C:\Users\Aubery\AppData\Local\Microsoft\WindowsApps
USERNAME=Aubery
OS=Windows_NT
PROCESSOR_IDENTIFIER=AMD64 Family 25 Model 80 Stepping 0, AuthenticAMD
TMP=C:\Users\Aubery\AppData\Local\Temp
TEMP=C:\Users\Aubery\AppData\Local\Temp


JNI global refs:
JNI global refs: 27, weak refs: 3

JNI global refs memory usage: 843, weak refs: 841


---------------  S Y S T E M  ---------------

OS:
 Windows 11 , 64 bit Build 22621 (10.0.22621.2506)
OS uptime: 2 days 1:22 hours
Hyper-V role detected

CPU: total 12 (initial active 12) (12 cores per cpu, 2 threads per core) family 25 model 80 stepping 0 microcode 0x0, cx8, cmov, fxsr, ht, mmx, 3dnowpref, sse, sse2, sse3, ssse3, sse4a, sse4.1, sse4.2, popcnt, lzcnt, tsc, tscinvbit, avx, avx2, aes, erms, clmul, bmi1, bmi2, adx, sha, fma, vzeroupper, clflush, clflushopt, hv

Memory: 4k page, system-wide physical 14188M (4384M free)
TotalPageFile size 16236M (AvailPageFile size 7M)
current process WorkingSet (physical memory assigned to process): 324M, peak: 324M
current process commit charge ("private bytes"): 427M, peak: 469M

vm_info: OpenJDK 64-Bit Server VM (17.0.6+0-b2043.56-10027231) for windows-amd64 JRE (17.0.6+0-b2043.56-10027231), built on Apr 28 2023 00:43:19 by "androidbuild" with MS VC++ 16.10 / 16.11 (VS2019)

END.
