#
# There is insufficient memory for the Java Runtime Environment to continue.
# Native memory allocation (malloc) failed to allocate 32744 bytes for ChunkPool::allocate
# Possible reasons:
#   The system is out of physical RAM or swap space
#   The process is running with CompressedOops enabled, and the Java Heap may be blocking the growth of the native heap
# Possible solutions:
#   Reduce memory load on the system
#   Increase physical memory or swap space
#   Check if swap backing store is full
#   Decrease Java heap size (-Xmx/-Xms)
#   Decrease number of Java threads
#   Decrease Java thread stack sizes (-Xss)
#   Set larger code cache with -XX:ReservedCodeCacheSize=
#   JVM is running with Unscaled Compressed Oops mode in which the Java heap is
#     placed in the first 4GB address space. The Java Heap base address is the
#     maximum limit for the native heap growth. Please use -XX:HeapBaseMinAddress
#     to set the Java Heap base and to place the Java Heap above 4GB virtual address.
# This output file may be truncated or incomplete.
#
#  Out of Memory Error (arena.cpp:78), pid=15056, tid=9136
#
# JRE version: OpenJDK Runtime Environment (17.0.6) (build 17.0.6+0-b2043.56-10027231)
# Java VM: OpenJDK 64-Bit Server VM (17.0.6+0-b2043.56-10027231, mixed mode, tiered, compressed oops, compressed class ptrs, g1 gc, windows-amd64)
# No core dump will be written. Minidumps are not enabled by default on client versions of Windows
#

---------------  S U M M A R Y ------------

Command Line: --add-opens=java.base/java.util=ALL-UNNAMED --add-opens=java.base/java.lang=ALL-UNNAMED --add-opens=java.base/java.lang.invoke=ALL-UNNAMED --add-opens=java.prefs/java.util.prefs=ALL-UNNAMED --add-opens=java.base/java.nio.charset=ALL-UNNAMED --add-opens=java.base/java.net=ALL-UNNAMED --add-opens=java.base/java.util.concurrent.atomic=ALL-UNNAMED -Xmx2048m -Dfile.encoding=UTF-8 -Duser.country=CN -Duser.language=zh -Duser.variant org.gradle.launcher.daemon.bootstrap.GradleDaemon 8.0

Host: AMD Ryzen 5 5600H with Radeon Graphics         , 12 cores, 13G,  Windows 11 , 64 bit Build 22621 (10.0.22621.2506)
Time: Wed Dec 27 15:47:59 2023  Windows 11 , 64 bit Build 22621 (10.0.22621.2506) elapsed time: 831.115016 seconds (0d 0h 13m 51s)

---------------  T H R E A D  ---------------

Current thread (0x0000021a298aae80):  JavaThread "C2 CompilerThread0" daemon [_thread_in_native, id=9136, stack(0x0000007a24400000,0x0000007a24500000)]


Current CompileTask:
C2: 831115 19124       4       org.gradle.internal.operations.DefaultBuildOperationRunner::execute (147 bytes)

Stack: [0x0000007a24400000,0x0000007a24500000]
Native frames: (J=compiled Java code, j=interpreted, Vv=VM code, C=native code)
V  [jvm.dll+0x683c9a]
V  [jvm.dll+0x8427a4]
V  [jvm.dll+0x843f9e]
V  [jvm.dll+0x844603]
V  [jvm.dll+0x249b75]
V  [jvm.dll+0xabecc]
V  [jvm.dll+0xac27c]
V  [jvm.dll+0xabdbb]
V  [jvm.dll+0x82bedc]
V  [jvm.dll+0x58f45d]
V  [jvm.dll+0x58b693]
V  [jvm.dll+0x58b444]
V  [jvm.dll+0x58a688]
V  [jvm.dll+0x2243b2]
V  [jvm.dll+0x21d8bf]
V  [jvm.dll+0x21b51b]
V  [jvm.dll+0x1a4fdd]
V  [jvm.dll+0x22b098]
V  [jvm.dll+0x229159]
V  [jvm.dll+0x7f81ec]
V  [jvm.dll+0x7f274a]
V  [jvm.dll+0x682ad5]
C  [ucrtbase.dll+0x29363]
C  [KERNEL32.DLL+0x1257d]
C  [ntdll.dll+0x5aa58]


---------------  P R O C E S S  ---------------

Threads class SMR info:
_java_thread_list=0x0000021a32c7e1f0, length=183, elements={
0x0000021a0c9dfc30, 0x0000021a29854270, 0x0000021a29855e30, 0x0000021a2986dfd0,
0x0000021a2986eb80, 0x0000021a298a3eb0, 0x0000021a298a6780, 0x0000021a298aae80,
0x0000021a298b3ab0, 0x0000021a298b44a0, 0x0000021a29a3fc60, 0x0000021a29a39db0,
0x0000021a2a42c6c0, 0x0000021a2a42cb90, 0x0000021a2a42a510, 0x0000021a2a42c1f0,
0x0000021a2a42d530, 0x0000021a2c2496a0, 0x0000021a2c248d00, 0x0000021a2c244e70,
0x0000021a2c247e90, 0x0000021a2c248360, 0x0000021a2c2491d0, 0x0000021a2c2479c0,
0x0000021a2c243190, 0x0000021a2c243660, 0x0000021a2c2449a0, 0x0000021a2c2474f0,
0x0000021a2cd1ff30, 0x0000021a2cd20400, 0x0000021a2cd1ad60, 0x0000021a2cd1d8b0,
0x0000021a2cd1b230, 0x0000021a2cd1bbd0, 0x0000021a2cd1ca40, 0x0000021a304a2fc0,
0x0000021a304a2150, 0x0000021a2f411ed0, 0x0000021a36a3da60, 0x0000021a2ce0a570,
0x0000021a2ce0aa40, 0x0000021a36b037a0, 0x0000021a32cc9100, 0x0000021a32cc8760,
0x0000021a335aa240, 0x0000021a2efbd340, 0x0000021a2efbd810, 0x0000021a2cdcd640,
0x0000021a2ff396e0, 0x0000021a2da55a20, 0x0000021a2d028e20, 0x0000021a2da52ed0,
0x0000021a2da52060, 0x0000021a2da54bb0, 0x0000021a2da55080, 0x0000021a2da55550,
0x0000021a32a35de0, 0x0000021a2da546e0, 0x0000021a32cc8c30, 0x0000021a32cc95d0,
0x0000021a32a353c0, 0x0000021a3732cc30, 0x0000021a3732bdc0, 0x0000021a3732d5d0,
0x0000021a3732b8f0, 0x0000021a3732aa80, 0x0000021a3732c290, 0x0000021a3732a0e0,
0x0000021a3732d100, 0x0000021a3732c760, 0x0000021a3732b420, 0x0000021a37329c10,
0x0000021a2ff37060, 0x0000021a2ff37a00, 0x0000021a2ff37ed0, 0x0000021a2ff38870,
0x0000021a2ff3aa20, 0x0000021a2ff38d40, 0x0000021a2ff383a0, 0x0000021a2ff37530,
0x0000021a2ff39210, 0x0000021a2ff39bb0, 0x0000021a2ff3a550, 0x0000021a2ff3a080,
0x0000021a2c69b3a0, 0x0000021a2c69aa00, 0x0000021a2c698850, 0x0000021a2c698d20,
0x0000021a2c6991f0, 0x0000021a2c6996c0, 0x0000021a2c699b90, 0x0000021a2c69aed0,
0x0000021a2c69a530, 0x0000021a2c69a060, 0x0000021a2c69bd40, 0x0000021a2c69b870,
0x0000021a2c698380, 0x0000021a371656f0, 0x0000021a37165bc0, 0x0000021a37166090,
0x0000021a37166560, 0x0000021a37166a30, 0x0000021a37163070, 0x0000021a37165220,
0x0000021a37163540, 0x0000021a37163a10, 0x0000021a37163ee0, 0x0000021a371643b0,
0x0000021a37164880, 0x0000021a37164d50, 0x0000021a2daf4bb0, 0x0000021a2daf5080,
0x0000021a2daf3870, 0x0000021a2daf2a00, 0x0000021a2daf2ed0, 0x0000021a2daf2530,
0x0000021a2daf33a0, 0x0000021a2daf3d40, 0x0000021a2daf4210, 0x0000021a2daf46e0,
0x0000021a2daf5550, 0x0000021a2daf2060, 0x0000021a2d02b970, 0x0000021a2d02ccb0,
0x0000021a2d02fcd0, 0x0000021a2d02ab00, 0x0000021a2d02d180, 0x0000021a2d02c7e0,
0x0000021a2d02a630, 0x0000021a2d02d650, 0x0000021a2d02db20, 0x0000021a2d02b4a0,
0x0000021a2d02afd0, 0x0000021a2d02e990, 0x0000021a2d0292f0, 0x0000021a2daf5a20,
0x0000021a32a06530, 0x0000021a32a05b90, 0x0000021a36b03c70, 0x0000021a32a03eb0,
0x0000021a32a02b70, 0x0000021a32a06060, 0x0000021a32a056c0, 0x0000021a32a051f0,
0x0000021a32a03040, 0x0000021a32a04380, 0x0000021a32a039e0, 0x0000021a32a04d20,
0x0000021a2da54210, 0x0000021a2b20eca0, 0x0000021a2b20caf0, 0x0000021a2b20e300,
0x0000021a2b20cfc0, 0x0000021a2b20c150, 0x0000021a36b02460, 0x0000021a36b02930,
0x0000021a2b20d960, 0x0000021a2b20d490, 0x0000021a2b20f170, 0x0000021a2b20f640,
0x0000021a2b20fb10, 0x0000021a2da53d40, 0x0000021a2ca45ad0, 0x0000021a2ca48af0,
0x0000021a2ca46e10, 0x0000021a2ca48620, 0x0000021a2ca45fa0, 0x0000021a2ca48150,
0x0000021a2ca46470, 0x0000021a2ca46940, 0x0000021a2ca477b0, 0x0000021a2ca472e0,
0x0000021a2efbbb30, 0x0000021a2efbc4d0, 0x0000021a2efbce70, 0x0000021a2efbc9a0,
0x0000021a2efbf4f0, 0x0000021a2efbdce0, 0x0000021a2efbe1b0, 0x0000021a2efbeb50,
0x0000021a2efbf020, 0x0000021a2ee4aa00, 0x0000021a2ee4a060
}

Java Threads: ( => current thread )
  0x0000021a0c9dfc30 JavaThread "main" [_thread_blocked, id=13760, stack(0x0000007a23700000,0x0000007a23800000)]
  0x0000021a29854270 JavaThread "Reference Handler" daemon [_thread_blocked, id=11384, stack(0x0000007a23e00000,0x0000007a23f00000)]
  0x0000021a29855e30 JavaThread "Finalizer" daemon [_thread_blocked, id=20644, stack(0x0000007a23f00000,0x0000007a24000000)]
  0x0000021a2986dfd0 JavaThread "Signal Dispatcher" daemon [_thread_blocked, id=19288, stack(0x0000007a24000000,0x0000007a24100000)]
  0x0000021a2986eb80 JavaThread "Attach Listener" daemon [_thread_blocked, id=16388, stack(0x0000007a24100000,0x0000007a24200000)]
  0x0000021a298a3eb0 JavaThread "Service Thread" daemon [_thread_blocked, id=5228, stack(0x0000007a24200000,0x0000007a24300000)]
  0x0000021a298a6780 JavaThread "Monitor Deflation Thread" daemon [_thread_blocked, id=15624, stack(0x0000007a24300000,0x0000007a24400000)]
=>0x0000021a298aae80 JavaThread "C2 CompilerThread0" daemon [_thread_in_native, id=9136, stack(0x0000007a24400000,0x0000007a24500000)]
  0x0000021a298b3ab0 JavaThread "C1 CompilerThread0" daemon [_thread_in_native, id=22388, stack(0x0000007a24500000,0x0000007a24600000)]
  0x0000021a298b44a0 JavaThread "Sweeper thread" daemon [_thread_blocked, id=5468, stack(0x0000007a24600000,0x0000007a24700000)]
  0x0000021a29a3fc60 JavaThread "Common-Cleaner" daemon [_thread_blocked, id=21136, stack(0x0000007a24700000,0x0000007a24800000)]
  0x0000021a29a39db0 JavaThread "Notification Thread" daemon [_thread_blocked, id=19532, stack(0x0000007a24800000,0x0000007a24900000)]
  0x0000021a2a42c6c0 JavaThread "Daemon health stats" [_thread_blocked, id=7036, stack(0x0000007a24f00000,0x0000007a25000000)]
  0x0000021a2a42cb90 JavaThread "Incoming local TCP Connector on port 59004" [_thread_in_native, id=9360, stack(0x0000007a25000000,0x0000007a25100000)]
  0x0000021a2a42a510 JavaThread "Daemon periodic checks" [_thread_blocked, id=4020, stack(0x0000007a25100000,0x0000007a25200000)]
  0x0000021a2a42c1f0 JavaThread "Cache worker for journal cache (C:\Users\Aubery\.gradle\caches\journal-1)" [_thread_blocked, id=15900, stack(0x0000007a26000000,0x0000007a26100000)]
  0x0000021a2a42d530 JavaThread "File lock request listener" [_thread_in_native, id=14832, stack(0x0000007a26100000,0x0000007a26200000)]
  0x0000021a2c2496a0 JavaThread "Cache worker for file hash cache (C:\Users\Aubery\.gradle\caches\8.0\fileHashes)" [_thread_blocked, id=4044, stack(0x0000007a26200000,0x0000007a26300000)]
  0x0000021a2c248d00 JavaThread "File watcher server" daemon [_thread_in_native, id=19748, stack(0x0000007a26400000,0x0000007a26500000)]
  0x0000021a2c244e70 JavaThread "File watcher consumer" daemon [_thread_blocked, id=21660, stack(0x0000007a26500000,0x0000007a26600000)]
  0x0000021a2c247e90 JavaThread "Cache worker for file content cache (C:\Users\Aubery\.gradle\caches\8.0\fileContent)" [_thread_blocked, id=21948, stack(0x0000007a26800000,0x0000007a26900000)]
  0x0000021a2c248360 JavaThread "Cache worker for execution history cache (C:\Users\Aubery\.gradle\caches\8.0\executionHistory)" [_thread_blocked, id=3096, stack(0x0000007a26b00000,0x0000007a26c00000)]
  0x0000021a2c2491d0 JavaThread "jar transforms" [_thread_blocked, id=8528, stack(0x0000007a26c00000,0x0000007a26d00000)]
  0x0000021a2c2479c0 JavaThread "jar transforms Thread 2" [_thread_blocked, id=10960, stack(0x0000007a26d00000,0x0000007a26e00000)]
  0x0000021a2c243190 JavaThread "Cache worker for kotlin-dsl (C:\Users\Aubery\.gradle\caches\8.0\kotlin-dsl)" [_thread_blocked, id=22704, stack(0x0000007a26f00000,0x0000007a27000000)]
  0x0000021a2c243660 JavaThread "jar transforms Thread 3" [_thread_blocked, id=4032, stack(0x0000007a27000000,0x0000007a27100000)]
  0x0000021a2c2449a0 JavaThread "jar transforms Thread 4" [_thread_blocked, id=21276, stack(0x0000007a27100000,0x0000007a27200000)]
  0x0000021a2c2474f0 JavaThread "jar transforms Thread 5" [_thread_blocked, id=1792, stack(0x0000007a27400000,0x0000007a27500000)]
  0x0000021a2cd1ff30 JavaThread "jar transforms Thread 6" [_thread_blocked, id=17648, stack(0x0000007a2ed00000,0x0000007a2ee00000)]
  0x0000021a2cd20400 JavaThread "jar transforms Thread 7" [_thread_blocked, id=12476, stack(0x0000007a2ee00000,0x0000007a2ef00000)]
  0x0000021a2cd1ad60 JavaThread "jar transforms Thread 8" [_thread_blocked, id=2576, stack(0x0000007a2ef00000,0x0000007a2f000000)]
  0x0000021a2cd1d8b0 JavaThread "jar transforms Thread 9" [_thread_blocked, id=8496, stack(0x0000007a2f000000,0x0000007a2f100000)]
  0x0000021a2cd1b230 JavaThread "jar transforms Thread 10" [_thread_blocked, id=11212, stack(0x0000007a2f100000,0x0000007a2f200000)]
  0x0000021a2cd1bbd0 JavaThread "jar transforms Thread 11" [_thread_blocked, id=18256, stack(0x0000007a2f200000,0x0000007a2f300000)]
  0x0000021a2cd1ca40 JavaThread "jar transforms Thread 12" [_thread_blocked, id=3832, stack(0x0000007a2f300000,0x0000007a2f400000)]
  0x0000021a304a2fc0 JavaThread "Memory manager" [_thread_blocked, id=17828, stack(0x0000007a2f500000,0x0000007a2f600000)]
  0x0000021a304a2150 JavaThread "pool-3-thread-1" [_thread_blocked, id=20116, stack(0x0000007a2f600000,0x0000007a2f700000)]
  0x0000021a2f411ed0 JavaThread "Cache worker for Java compile cache (C:\Users\Aubery\.gradle\caches\8.0\javaCompile)" [_thread_blocked, id=3764, stack(0x0000007a30500000,0x0000007a30600000)]
  0x0000021a36a3da60 JavaThread "ForkJoinPool.commonPool-worker-7" daemon [_thread_blocked, id=5348, stack(0x0000007a32500000,0x0000007a32600000)]
  0x0000021a2ce0a570 JavaThread "ForkJoinPool.commonPool-worker-8" daemon [_thread_blocked, id=17072, stack(0x0000007a32600000,0x0000007a32700000)]
  0x0000021a2ce0aa40 JavaThread "ForkJoinPool.commonPool-worker-9" daemon [_thread_blocked, id=21352, stack(0x0000007a32700000,0x0000007a32800000)]
  0x0000021a36b037a0 JavaThread "ForkJoinPool.commonPool-worker-10" daemon [_thread_blocked, id=2056, stack(0x0000007a32800000,0x0000007a32900000)]
  0x0000021a32cc9100 JavaThread "ForkJoinPool.commonPool-worker-11" daemon [_thread_blocked, id=22708, stack(0x0000007a32900000,0x0000007a32a00000)]
  0x0000021a32cc8760 JavaThread "pool-7-thread-1" [_thread_blocked, id=14224, stack(0x0000007a2eb00000,0x0000007a2ec00000)]
  0x0000021a335aa240 JavaThread "pool-11-thread-1" [_thread_blocked, id=22968, stack(0x0000007a2ec00000,0x0000007a2ed00000)]
  0x0000021a2efbd340 JavaThread "ForkJoinPool.commonPool-worker-16" daemon [_thread_blocked, id=22144, stack(0x0000007a31e00000,0x0000007a31f00000)]
  0x0000021a2efbd810 JavaThread "ForkJoinPool.commonPool-worker-19" daemon [_thread_blocked, id=17664, stack(0x0000007a32100000,0x0000007a32200000)]
  0x0000021a2cdcd640 JavaThread "ForkJoinPool.commonPool-worker-20" daemon [_thread_blocked, id=11312, stack(0x0000007a32200000,0x0000007a32300000)]
  0x0000021a2ff396e0 JavaThread "ForkJoinPool.commonPool-worker-21" daemon [_thread_blocked, id=9684, stack(0x0000007a32300000,0x0000007a32400000)]
  0x0000021a2da55a20 JavaThread "Daemon Thread 4" [_thread_blocked, id=2688, stack(0x0000007a23400000,0x0000007a23500000)]
  0x0000021a2d028e20 JavaThread "Handler for socket connection from /127.0.0.1:59004 to /127.0.0.1:59990" [_thread_in_native, id=24096, stack(0x0000007a23500000,0x0000007a23600000)]
  0x0000021a2da52ed0 JavaThread "Cancel handler" [_thread_blocked, id=2652, stack(0x0000007a23600000,0x0000007a23700000)]
  0x0000021a2da52060 JavaThread "Daemon worker Thread 4" [_thread_blocked, id=1148, stack(0x0000007a24a00000,0x0000007a24b00000)]
  0x0000021a2da54bb0 JavaThread "Asynchronous log dispatcher for DefaultDaemonConnection: socket connection from /127.0.0.1:59004 to /127.0.0.1:59990" [_thread_blocked, id=13408, stack(0x0000007a25200000,0x0000007a25300000)]
  0x0000021a2da55080 JavaThread "Stdin handler" [_thread_blocked, id=20388, stack(0x0000007a25300000,0x0000007a25400000)]
  0x0000021a2da55550 JavaThread "Daemon client event forwarder" [_thread_blocked, id=22208, stack(0x0000007a25400000,0x0000007a25500000)]
  0x0000021a32a35de0 JavaThread "C2 CompilerThread1" daemon [_thread_in_native, id=24180, stack(0x0000007a25500000,0x0000007a25600000)]
  0x0000021a2da546e0 Thread [stack: 0x0000007a25600000,0x0000007a25700000] [id=18148]
  0x0000021a32cc8c30 Thread [stack: 0x0000007a25800000,0x0000007a25900000] [id=2832]
  0x0000021a32cc95d0 Thread [stack: 0x0000007a26600000,0x0000007a26700000] [id=9352]
  0x0000021a32a353c0 JavaThread "C2 CompilerThread2" daemon [_thread_in_native, id=15432, stack(0x0000007a26900000,0x0000007a26a00000)]
  0x0000021a3732cc30 Thread [stack: 0x0000007a26a00000,0x0000007a26b00000] [id=19576]
  0x0000021a3732bdc0 Thread [stack: 0x0000007a27200000,0x0000007a27300000] [id=1280]
  0x0000021a3732d5d0 Thread [stack: 0x0000007a27300000,0x0000007a27400000] [id=10780]
  0x0000021a3732b8f0 Thread [stack: 0x0000007a27500000,0x0000007a27600000] [id=21704]
  0x0000021a3732aa80 Thread [stack: 0x0000007a27600000,0x0000007a27700000] [id=23116]
  0x0000021a3732c290 Thread [stack: 0x0000007a27700000,0x0000007a27800000] [id=15868]
  0x0000021a3732a0e0 Thread [stack: 0x0000007a27800000,0x0000007a27900000] [id=2700]
  0x0000021a3732d100 Thread [stack: 0x0000007a27900000,0x0000007a27a00000] [id=17076]
  0x0000021a3732c760 Thread [stack: 0x0000007a27a00000,0x0000007a27b00000] [id=20516]
  0x0000021a3732b420 Thread [stack: 0x0000007a27b00000,0x0000007a27c00000] [id=18532]
  0x0000021a37329c10 Thread [stack: 0x0000007a27c00000,0x0000007a27d00000] [id=16556]
  0x0000021a2ff37060 Thread [stack: 0x0000007a27d00000,0x0000007a27e00000] [id=24524]
  0x0000021a2ff37a00 Thread [stack: 0x0000007a27e00000,0x0000007a27f00000] [id=9588]
  0x0000021a2ff37ed0 Thread [stack: 0x0000007a27f00000,0x0000007a28000000] [id=8684]
  0x0000021a2ff38870 Thread [stack: 0x0000007a28000000,0x0000007a28100000] [id=14804]
  0x0000021a2ff3aa20 Thread [stack: 0x0000007a28100000,0x0000007a28200000] [id=9968]
  0x0000021a2ff38d40 Thread [stack: 0x0000007a28200000,0x0000007a28300000] [id=13960]
  0x0000021a2ff383a0 Thread [stack: 0x0000007a28300000,0x0000007a28400000] [id=21936]
  0x0000021a2ff37530 Thread [stack: 0x0000007a28400000,0x0000007a28500000] [id=11244]
  0x0000021a2ff39210 Thread [stack: 0x0000007a28500000,0x0000007a28600000] [id=21420]
  0x0000021a2ff39bb0 Thread [stack: 0x0000007a28600000,0x0000007a28700000] [id=1548]
  0x0000021a2ff3a550 Thread [stack: 0x0000007a28700000,0x0000007a28800000] [id=20732]
  0x0000021a2ff3a080 Thread [stack: 0x0000007a28800000,0x0000007a28900000] [id=2532]
  0x0000021a2c69b3a0 Thread [stack: 0x0000007a28900000,0x0000007a28a00000] [id=13900]
  0x0000021a2c69aa00 Thread [stack: 0x0000007a28a00000,0x0000007a28b00000] [id=22868]
  0x0000021a2c698850 Thread [stack: 0x0000007a28b00000,0x0000007a28c00000] [id=16732]
  0x0000021a2c698d20 Thread [stack: 0x0000007a28c00000,0x0000007a28d00000] [id=7932]
  0x0000021a2c6991f0 Thread [stack: 0x0000007a28d00000,0x0000007a28e00000] [id=19664]
  0x0000021a2c6996c0 Thread [stack: 0x0000007a28e00000,0x0000007a28f00000] [id=23568]
  0x0000021a2c699b90 Thread [stack: 0x0000007a28f00000,0x0000007a29000000] [id=20800]
  0x0000021a2c69aed0 Thread [stack: 0x0000007a29000000,0x0000007a29100000] [id=14076]
  0x0000021a2c69a530 Thread [stack: 0x0000007a29100000,0x0000007a29200000] [id=16240]
  0x0000021a2c69a060 Thread [stack: 0x0000007a29200000,0x0000007a29300000] [id=15588]
  0x0000021a2c69bd40 Thread [stack: 0x0000007a29300000,0x0000007a29400000] [id=13612]
  0x0000021a2c69b870 Thread [stack: 0x0000007a29400000,0x0000007a29500000] [id=10596]
  0x0000021a2c698380 Thread [stack: 0x0000007a29500000,0x0000007a29600000] [id=22416]
  0x0000021a371656f0 Thread [stack: 0x0000007a29600000,0x0000007a29700000] [id=13908]
  0x0000021a37165bc0 Thread [stack: 0x0000007a29700000,0x0000007a29800000] [id=14948]
  0x0000021a37166090 Thread [stack: 0x0000007a29800000,0x0000007a29900000] [id=8576]
  0x0000021a37166560 Thread [stack: 0x0000007a29900000,0x0000007a29a00000] [id=21892]
  0x0000021a37166a30 Thread [stack: 0x0000007a29a00000,0x0000007a29b00000] [id=24268]
  0x0000021a37163070 Thread [stack: 0x0000007a29b00000,0x0000007a29c00000] [id=11984]
  0x0000021a37165220 Thread [stack: 0x0000007a29c00000,0x0000007a29d00000] [id=15664]
  0x0000021a37163540 Thread [stack: 0x0000007a29d00000,0x0000007a29e00000] [id=23140]
  0x0000021a37163a10 Thread [stack: 0x0000007a29e00000,0x0000007a29f00000] [id=13924]
  0x0000021a37163ee0 Thread [stack: 0x0000007a29f00000,0x0000007a2a000000] [id=21160]
  0x0000021a371643b0 Thread [stack: 0x0000007a2a000000,0x0000007a2a100000] [id=17896]
  0x0000021a37164880 Thread [stack: 0x0000007a2a100000,0x0000007a2a200000] [id=14096]
  0x0000021a37164d50 Thread [stack: 0x0000007a2a200000,0x0000007a2a300000] [id=16780]
  0x0000021a2daf4bb0 Thread [stack: 0x0000007a2a300000,0x0000007a2a400000] [id=23156]
  0x0000021a2daf5080 Thread [stack: 0x0000007a2a400000,0x0000007a2a500000] [id=5512]
  0x0000021a2daf3870 Thread [stack: 0x0000007a2a500000,0x0000007a2a600000] [id=16544]
  0x0000021a2daf2a00 Thread [stack: 0x0000007a2a600000,0x0000007a2a700000] [id=17708]
  0x0000021a2daf2ed0 Thread [stack: 0x0000007a2a700000,0x0000007a2a800000] [id=19952]
  0x0000021a2daf2530 Thread [stack: 0x0000007a2a800000,0x0000007a2a900000] [id=23540]
  0x0000021a2daf33a0 Thread [stack: 0x0000007a2a900000,0x0000007a2aa00000] [id=13164]
  0x0000021a2daf3d40 Thread [stack: 0x0000007a2aa00000,0x0000007a2ab00000] [id=24404]
  0x0000021a2daf4210 Thread [stack: 0x0000007a2ab00000,0x0000007a2ac00000] [id=24076]
  0x0000021a2daf46e0 Thread [stack: 0x0000007a2ac00000,0x0000007a2ad00000] [id=20636]
  0x0000021a2daf5550 Thread [stack: 0x0000007a2ad00000,0x0000007a2ae00000] [id=20496]
  0x0000021a2daf2060 Thread [stack: 0x0000007a2ae00000,0x0000007a2af00000] [id=952]
  0x0000021a2d02b970 Thread [stack: 0x0000007a2af00000,0x0000007a2b000000] [id=16252]
  0x0000021a2d02ccb0 Thread [stack: 0x0000007a2b000000,0x0000007a2b100000] [id=15700]
  0x0000021a2d02fcd0 Thread [stack: 0x0000007a2b100000,0x0000007a2b200000] [id=8828]
  0x0000021a2d02ab00 Thread [stack: 0x0000007a2b200000,0x0000007a2b300000] [id=16864]
  0x0000021a2d02d180 Thread [stack: 0x0000007a2b300000,0x0000007a2b400000] [id=12540]
  0x0000021a2d02c7e0 Thread [stack: 0x0000007a2b400000,0x0000007a2b500000] [id=14636]
  0x0000021a2d02a630 Thread [stack: 0x0000007a2b500000,0x0000007a2b600000] [id=10840]
  0x0000021a2d02d650 Thread [stack: 0x0000007a2b600000,0x0000007a2b700000] [id=2712]
  0x0000021a2d02db20 Thread [stack: 0x0000007a2b700000,0x0000007a2b800000] [id=22580]
  0x0000021a2d02b4a0 Thread [stack: 0x0000007a2b800000,0x0000007a2b900000] [id=13032]
  0x0000021a2d02afd0 Thread [stack: 0x0000007a2b900000,0x0000007a2ba00000] [id=10720]
  0x0000021a2d02e990 Thread [stack: 0x0000007a2ba00000,0x0000007a2bb00000] [id=6840]
  0x0000021a2d0292f0 Thread [stack: 0x0000007a2bb00000,0x0000007a2bc00000] [id=11304]
  0x0000021a2daf5a20 Thread [stack: 0x0000007a2bc00000,0x0000007a2bd00000] [id=22640]
  0x0000021a32a06530 Thread [stack: 0x0000007a2bd00000,0x0000007a2be00000] [id=24444]
  0x0000021a32a05b90 Thread [stack: 0x0000007a2be00000,0x0000007a2bf00000] [id=21252]
  0x0000021a36b03c70 Thread [stack: 0x0000007a2bf00000,0x0000007a2c000000] [id=12440]
  0x0000021a32a03eb0 Thread [stack: 0x0000007a2c000000,0x0000007a2c100000] [id=15856]
  0x0000021a32a02b70 Thread [stack: 0x0000007a2c100000,0x0000007a2c200000] [id=15208]
  0x0000021a32a06060 Thread [stack: 0x0000007a2c200000,0x0000007a2c300000] [id=10920]
  0x0000021a32a056c0 Thread [stack: 0x0000007a2c300000,0x0000007a2c400000] [id=17308]
  0x0000021a32a051f0 Thread [stack: 0x0000007a2c400000,0x0000007a2c500000] [id=19968]
  0x0000021a32a03040 Thread [stack: 0x0000007a2c500000,0x0000007a2c600000] [id=12924]
  0x0000021a32a04380 Thread [stack: 0x0000007a2c600000,0x0000007a2c700000] [id=6572]
  0x0000021a32a039e0 Thread [stack: 0x0000007a2c700000,0x0000007a2c800000] [id=8996]
  0x0000021a32a04d20 Thread [stack: 0x0000007a2c800000,0x0000007a2c900000] [id=19440]
  0x0000021a2da54210 Thread [stack: 0x0000007a2c900000,0x0000007a2ca00000] [id=13868]
  0x0000021a2b20eca0 Thread [stack: 0x0000007a2ca00000,0x0000007a2cb00000] [id=9532]
  0x0000021a2b20caf0 Thread [stack: 0x0000007a2cb00000,0x0000007a2cc00000] [id=20196]
  0x0000021a2b20e300 Thread [stack: 0x0000007a2cc00000,0x0000007a2cd00000] [id=19332]
  0x0000021a2b20cfc0 Thread [stack: 0x0000007a2cd00000,0x0000007a2ce00000] [id=10540]
  0x0000021a2b20c150 Thread [stack: 0x0000007a2ce00000,0x0000007a2cf00000] [id=22108]
  0x0000021a36b02460 Thread [stack: 0x0000007a2cf00000,0x0000007a2d000000] [id=21188]
  0x0000021a36b02930 Thread [stack: 0x0000007a2d000000,0x0000007a2d100000] [id=11772]
  0x0000021a2b20d960 Thread [stack: 0x0000007a2d100000,0x0000007a2d200000] [id=11796]
  0x0000021a2b20d490 Thread [stack: 0x0000007a2d200000,0x0000007a2d300000] [id=5504]
  0x0000021a2b20f170 Thread [stack: 0x0000007a2d300000,0x0000007a2d400000] [id=12132]
  0x0000021a2b20f640 Thread [stack: 0x0000007a2d400000,0x0000007a2d500000] [id=18944]
  0x0000021a2b20fb10 Thread [stack: 0x0000007a2d500000,0x0000007a2d600000] [id=13068]
  0x0000021a2da53d40 Thread [stack: 0x0000007a2d600000,0x0000007a2d700000] [id=21460]
  0x0000021a2ca45ad0 Thread [stack: 0x0000007a2d700000,0x0000007a2d800000] [id=2112]
  0x0000021a2ca48af0 Thread [stack: 0x0000007a2d800000,0x0000007a2d900000] [id=11108]
  0x0000021a2ca46e10 Thread [stack: 0x0000007a2d900000,0x0000007a2da00000] [id=2068]
  0x0000021a2ca48620 
[error occurred during error reporting (printing all threads), id 0xc0000005, EXCEPTION_ACCESS_VIOLATION (0xc0000005) at pc=0x0000021a0c8082e0]

VM state: not at safepoint (normal execution)

VM Mutex/Monitor currently owned by a thread: None

OutOfMemory and StackOverflow Exception counts:
OutOfMemoryError java_heap_errors=1
LinkageErrors=197

Heap address: 0x0000000080000000, size: 2048 MB, Compressed Oops mode: 32-bit

CDS archive(s) not mapped
Compressed class space mapped at: 0x0000000100000000-0x0000000140000000, reserved size: 1073741824
Narrow klass base: 0x0000000000000000, Narrow klass shift: 3, Narrow klass range: 0x140000000

GC Precious Log:
 CPUs: 12 total, 12 available
 Memory: 14188M
 Large Page Support: Disabled
 NUMA Support: Disabled
 Compressed Oops: Enabled (32-bit)
 Heap Region Size: 1M
 Heap Min Capacity: 8M
 Heap Initial Capacity: 222M
 Heap Max Capacity: 2G
 Pre-touch: Disabled
 Parallel Workers: 10
 Concurrent Workers: 3
 Concurrent Refinement Workers: 10
 Periodic GC: Disabled

Heap:
 garbage-first heap   total 266240K, used 233202K [0x0000000080000000, 0x0000000100000000)
  region size 1024K, 93 young (95232K), 8 survivors (8192K)
 Metaspace       used 128968K, committed 129920K, reserved 1163264K
  class space    used 17174K, committed 17664K, reserved 1048576K

Heap Regions: E=young(eden), S=young(survivor), O=old, HS=humongous(starts), HC=humongous(continues), CS=collection set, F=free, OA=open archive, CA=closed archive, TAMS=top-at-mark-start (previous, next)
|   0|0x0000000080000000, 0x0000000080100000, 0x0000000080100000|100%|HS|  |TAMS 0x0000000080100000, 0x0000000080000000| Complete 
|   1|0x0000000080100000, 0x0000000080200000, 0x0000000080200000|100%|HC|  |TAMS 0x0000000080200000, 0x0000000080100000| Complete 
|   2|0x0000000080200000, 0x0000000080300000, 0x0000000080300000|100%|HC|  |TAMS 0x0000000080300000, 0x0000000080200000| Complete 
|   3|0x0000000080300000, 0x0000000080400000, 0x0000000080400000|100%|HC|  |TAMS 0x0000000080400000, 0x0000000080300000| Complete 
|   4|0x0000000080400000, 0x0000000080500000, 0x0000000080500000|100%| O|  |TAMS 0x0000000080500000, 0x0000000080400000| Untracked 
|   5|0x0000000080500000, 0x0000000080600000, 0x0000000080600000|100%| O|  |TAMS 0x0000000080600000, 0x0000000080500000| Untracked 
|   6|0x0000000080600000, 0x0000000080700000, 0x0000000080700000|100%| O|  |TAMS 0x0000000080700000, 0x0000000080600000| Untracked 
|   7|0x0000000080700000, 0x0000000080800000, 0x0000000080800000|100%| O|  |TAMS 0x0000000080800000, 0x0000000080700000| Untracked 
|   8|0x0000000080800000, 0x0000000080900000, 0x0000000080900000|100%| O|  |TAMS 0x0000000080900000, 0x0000000080800000| Untracked 
|   9|0x0000000080900000, 0x0000000080a00000, 0x0000000080a00000|100%| O|  |TAMS 0x0000000080a00000, 0x0000000080900000| Untracked 
|  10|0x0000000080a00000, 0x0000000080b00000, 0x0000000080b00000|100%| O|  |TAMS 0x0000000080b00000, 0x0000000080a00000| Untracked 
|  11|0x0000000080b00000, 0x0000000080c00000, 0x0000000080c00000|100%| O|  |TAMS 0x0000000080c00000, 0x0000000080b00000| Untracked 
|  12|0x0000000080c00000, 0x0000000080d00000, 0x0000000080d00000|100%| O|  |TAMS 0x0000000080d00000, 0x0000000080c00000| Untracked 
|  13|0x0000000080d00000, 0x0000000080e00000, 0x0000000080e00000|100%| O|  |TAMS 0x0000000080e00000, 0x0000000080d00000| Untracked 
|  14|0x0000000080e00000, 0x0000000080f00000, 0x0000000080f00000|100%| O|  |TAMS 0x0000000080f00000, 0x0000000080e00000| Untracked 
|  15|0x0000000080f00000, 0x0000000081000000, 0x0000000081000000|100%| O|  |TAMS 0x0000000081000000, 0x0000000080f00000| Untracked 
|  16|0x0000000081000000, 0x0000000081100000, 0x0000000081100000|100%| O|  |TAMS 0x0000000081100000, 0x0000000081000000| Untracked 
|  17|0x0000000081100000, 0x0000000081200000, 0x0000000081200000|100%| O|  |TAMS 0x0000000081200000, 0x0000000081100000| Untracked 
|  18|0x0000000081200000, 0x0000000081300000, 0x0000000081300000|100%| O|  |TAMS 0x0000000081300000, 0x0000000081200000| Untracked 
|  19|0x0000000081300000, 0x0000000081400000, 0x0000000081400000|100%| O|  |TAMS 0x0000000081400000, 0x0000000081300000| Untracked 
|  20|0x0000000081400000, 0x0000000081500000, 0x0000000081500000|100%| O|  |TAMS 0x0000000081500000, 0x0000000081400000| Untracked 
|  21|0x0000000081500000, 0x0000000081600000, 0x0000000081600000|100%| O|  |TAMS 0x0000000081600000, 0x0000000081500000| Untracked 
|  22|0x0000000081600000, 0x0000000081700000, 0x0000000081700000|100%| O|  |TAMS 0x0000000081700000, 0x0000000081600000| Untracked 
|  23|0x0000000081700000, 0x0000000081800000, 0x0000000081800000|100%| O|  |TAMS 0x0000000081800000, 0x0000000081700000| Untracked 
|  24|0x0000000081800000, 0x0000000081900000, 0x0000000081900000|100%| O|  |TAMS 0x0000000081800000, 0x0000000081800000| Untracked 
|  25|0x0000000081900000, 0x0000000081a00000, 0x0000000081a00000|100%| O|  |TAMS 0x0000000081a00000, 0x0000000081900000| Untracked 
|  26|0x0000000081a00000, 0x0000000081b00000, 0x0000000081b00000|100%| O|  |TAMS 0x0000000081b00000, 0x0000000081a00000| Untracked 
|  27|0x0000000081b00000, 0x0000000081c00000, 0x0000000081c00000|100%| O|  |TAMS 0x0000000081c00000, 0x0000000081b00000| Untracked 
|  28|0x0000000081c00000, 0x0000000081d00000, 0x0000000081d00000|100%| O|  |TAMS 0x0000000081d00000, 0x0000000081c00000| Untracked 
|  29|0x0000000081d00000, 0x0000000081e00000, 0x0000000081e00000|100%| O|  |TAMS 0x0000000081e00000, 0x0000000081d00000| Untracked 
|  30|0x0000000081e00000, 0x0000000081f00000, 0x0000000081f00000|100%| O|  |TAMS 0x0000000081f00000, 0x0000000081e00000| Untracked 
|  31|0x0000000081f00000, 0x0000000082000000, 0x0000000082000000|100%| O|  |TAMS 0x0000000082000000, 0x0000000081f00000| Untracked 
|  32|0x0000000082000000, 0x0000000082100000, 0x0000000082100000|100%|HS|  |TAMS 0x0000000082100000, 0x0000000082000000| Complete 
|  33|0x0000000082100000, 0x0000000082200000, 0x0000000082200000|100%|HS|  |TAMS 0x0000000082200000, 0x0000000082100000| Complete 
|  34|0x0000000082200000, 0x0000000082300000, 0x0000000082300000|100%|HS|  |TAMS 0x0000000082300000, 0x0000000082200000| Complete 
|  35|0x0000000082300000, 0x0000000082400000, 0x0000000082400000|100%| O|  |TAMS 0x0000000082400000, 0x0000000082300000| Untracked 
|  36|0x0000000082400000, 0x0000000082500000, 0x0000000082500000|100%| O|  |TAMS 0x0000000082500000, 0x0000000082400000| Untracked 
|  37|0x0000000082500000, 0x0000000082600000, 0x0000000082600000|100%| O|  |TAMS 0x0000000082600000, 0x0000000082500000| Untracked 
|  38|0x0000000082600000, 0x0000000082700000, 0x0000000082700000|100%| O|  |TAMS 0x0000000082700000, 0x0000000082600000| Untracked 
|  39|0x0000000082700000, 0x0000000082800000, 0x0000000082800000|100%| O|  |TAMS 0x0000000082800000, 0x0000000082700000| Untracked 
|  40|0x0000000082800000, 0x0000000082900000, 0x0000000082900000|100%| O|  |TAMS 0x0000000082900000, 0x0000000082800000| Untracked 
|  41|0x0000000082900000, 0x0000000082a00000, 0x0000000082a00000|100%| O|  |TAMS 0x0000000082a00000, 0x0000000082900000| Untracked 
|  42|0x0000000082a00000, 0x0000000082b00000, 0x0000000082b00000|100%| O|  |TAMS 0x0000000082b00000, 0x0000000082a00000| Untracked 
|  43|0x0000000082b00000, 0x0000000082c00000, 0x0000000082c00000|100%| O|  |TAMS 0x0000000082c00000, 0x0000000082b00000| Untracked 
|  44|0x0000000082c00000, 0x0000000082d00000, 0x0000000082d00000|100%| O|  |TAMS 0x0000000082d00000, 0x0000000082c00000| Untracked 
|  45|0x0000000082d00000, 0x0000000082e00000, 0x0000000082e00000|100%| O|  |TAMS 0x0000000082e00000, 0x0000000082d00000| Untracked 
|  46|0x0000000082e00000, 0x0000000082f00000, 0x0000000082f00000|100%| O|  |TAMS 0x0000000082f00000, 0x0000000082e00000| Untracked 
|  47|0x0000000082f00000, 0x0000000083000000, 0x0000000083000000|100%| O|  |TAMS 0x0000000083000000, 0x0000000082f00000| Untracked 
|  48|0x0000000083000000, 0x0000000083100000, 0x0000000083100000|100%| O|  |TAMS 0x0000000083100000, 0x0000000083000000| Untracked 
|  49|0x0000000083100000, 0x0000000083200000, 0x0000000083200000|100%| O|  |TAMS 0x0000000083200000, 0x0000000083100000| Untracked 
|  50|0x0000000083200000, 0x0000000083300000, 0x0000000083300000|100%| O|  |TAMS 0x0000000083300000, 0x0000000083200000| Untracked 
|  51|0x0000000083300000, 0x0000000083400000, 0x0000000083400000|100%| O|  |TAMS 0x0000000083400000, 0x0000000083300000| Untracked 
|  52|0x0000000083400000, 0x0000000083500000, 0x0000000083500000|100%| O|  |TAMS 0x0000000083500000, 0x0000000083400000| Untracked 
|  53|0x0000000083500000, 0x0000000083600000, 0x0000000083600000|100%| O|  |TAMS 0x0000000083600000, 0x0000000083500000| Untracked 
|  54|0x0000000083600000, 0x0000000083700000, 0x0000000083700000|100%| O|  |TAMS 0x0000000083700000, 0x0000000083600000| Untracked 
|  55|0x0000000083700000, 0x0000000083800000, 0x0000000083800000|100%| O|  |TAMS 0x0000000083800000, 0x0000000083700000| Untracked 
|  56|0x0000000083800000, 0x0000000083900000, 0x0000000083900000|100%| O|  |TAMS 0x0000000083900000, 0x0000000083800000| Untracked 
|  57|0x0000000083900000, 0x0000000083a00000, 0x0000000083a00000|100%| O|  |TAMS 0x0000000083900000, 0x0000000083900000| Untracked 
|  58|0x0000000083a00000, 0x0000000083b00000, 0x0000000083b00000|100%| O|  |TAMS 0x0000000083b00000, 0x0000000083a00000| Untracked 
|  59|0x0000000083b00000, 0x0000000083c00000, 0x0000000083c00000|100%| O|  |TAMS 0x0000000083c00000, 0x0000000083b00000| Untracked 
|  60|0x0000000083c00000, 0x0000000083d00000, 0x0000000083d00000|100%| O|  |TAMS 0x0000000083d00000, 0x0000000083c00000| Untracked 
|  61|0x0000000083d00000, 0x0000000083e00000, 0x0000000083e00000|100%| O|  |TAMS 0x0000000083e00000, 0x0000000083d00000| Untracked 
|  62|0x0000000083e00000, 0x0000000083f00000, 0x0000000083f00000|100%| O|  |TAMS 0x0000000083f00000, 0x0000000083e00000| Untracked 
|  63|0x0000000083f00000, 0x0000000084000000, 0x0000000084000000|100%| O|  |TAMS 0x0000000084000000, 0x0000000083f00000| Untracked 
|  64|0x0000000084000000, 0x0000000084100000, 0x0000000084100000|100%| O|  |TAMS 0x0000000084100000, 0x0000000084000000| Untracked 
|  65|0x0000000084100000, 0x0000000084200000, 0x0000000084200000|100%| O|  |TAMS 0x0000000084200000, 0x0000000084100000| Untracked 
|  66|0x0000000084200000, 0x0000000084300000, 0x0000000084300000|100%| O|  |TAMS 0x0000000084300000, 0x0000000084200000| Untracked 
|  67|0x0000000084300000, 0x0000000084400000, 0x0000000084400000|100%| O|  |TAMS 0x0000000084400000, 0x0000000084300000| Untracked 
|  68|0x0000000084400000, 0x0000000084500000, 0x0000000084500000|100%| O|  |TAMS 0x00000000844c6a00, 0x0000000084400000| Untracked 
|  69|0x0000000084500000, 0x0000000084600000, 0x0000000084600000|100%| O|  |TAMS 0x0000000084500000, 0x0000000084500000| Untracked 
|  70|0x0000000084600000, 0x0000000084700000, 0x0000000084700000|100%| O|  |TAMS 0x0000000084600000, 0x0000000084600000| Untracked 
|  71|0x0000000084700000, 0x0000000084800000, 0x0000000084800000|100%| O|  |TAMS 0x0000000084700000, 0x0000000084700000| Untracked 
|  72|0x0000000084800000, 0x0000000084900000, 0x0000000084900000|100%| O|  |TAMS 0x0000000084800000, 0x0000000084800000| Untracked 
|  73|0x0000000084900000, 0x0000000084a00000, 0x0000000084a00000|100%| O|  |TAMS 0x0000000084900000, 0x0000000084900000| Untracked 
|  74|0x0000000084a00000, 0x0000000084b00000, 0x0000000084b00000|100%| O|  |TAMS 0x0000000084a00000, 0x0000000084a00000| Untracked 
|  75|0x0000000084b00000, 0x0000000084c00000, 0x0000000084c00000|100%| O|  |TAMS 0x0000000084b00000, 0x0000000084b00000| Untracked 
|  76|0x0000000084c00000, 0x0000000084d00000, 0x0000000084d00000|100%| O|  |TAMS 0x0000000084c00000, 0x0000000084c00000| Untracked 
|  77|0x0000000084d00000, 0x0000000084e00000, 0x0000000084e00000|100%|HS|  |TAMS 0x0000000084d00000, 0x0000000084d00000| Complete 
|  78|0x0000000084e00000, 0x0000000084f00000, 0x0000000084f00000|100%|HC|  |TAMS 0x0000000084e00000, 0x0000000084e00000| Complete 
|  79|0x0000000084f00000, 0x0000000085000000, 0x0000000085000000|100%| O|  |TAMS 0x0000000084f00000, 0x0000000084f00000| Untracked 
|  80|0x0000000085000000, 0x0000000085100000, 0x0000000085100000|100%| O|  |TAMS 0x0000000085000000, 0x0000000085000000| Untracked 
|  81|0x0000000085100000, 0x0000000085200000, 0x0000000085200000|100%| O|  |TAMS 0x0000000085100000, 0x0000000085100000| Untracked 
|  82|0x0000000085200000, 0x0000000085300000, 0x0000000085300000|100%| O|  |TAMS 0x0000000085200000, 0x0000000085200000| Untracked 
|  83|0x0000000085300000, 0x0000000085400000, 0x0000000085400000|100%| O|  |TAMS 0x0000000085300000, 0x0000000085300000| Untracked 
|  84|0x0000000085400000, 0x0000000085500000, 0x0000000085500000|100%| O|  |TAMS 0x0000000085400000, 0x0000000085400000| Untracked 
|  85|0x0000000085500000, 0x0000000085600000, 0x0000000085600000|100%| O|  |TAMS 0x0000000085500000, 0x0000000085500000| Untracked 
|  86|0x0000000085600000, 0x0000000085700000, 0x0000000085700000|100%| O|  |TAMS 0x0000000085600000, 0x0000000085600000| Untracked 
|  87|0x0000000085700000, 0x0000000085800000, 0x0000000085800000|100%| O|  |TAMS 0x0000000085700000, 0x0000000085700000| Untracked 
|  88|0x0000000085800000, 0x0000000085900000, 0x0000000085900000|100%| O|  |TAMS 0x0000000085800000, 0x0000000085800000| Untracked 
|  89|0x0000000085900000, 0x0000000085a00000, 0x0000000085a00000|100%| O|  |TAMS 0x0000000085900000, 0x0000000085900000| Untracked 
|  90|0x0000000085a00000, 0x0000000085b00000, 0x0000000085b00000|100%| O|  |TAMS 0x0000000085a00000, 0x0000000085a00000| Untracked 
|  91|0x0000000085b00000, 0x0000000085c00000, 0x0000000085c00000|100%| O|  |TAMS 0x0000000085b00000, 0x0000000085b00000| Untracked 
|  92|0x0000000085c00000, 0x0000000085d00000, 0x0000000085d00000|100%| O|  |TAMS 0x0000000085c00000, 0x0000000085c00000| Untracked 
|  93|0x0000000085d00000, 0x0000000085e00000, 0x0000000085e00000|100%| O|  |TAMS 0x0000000085d00000, 0x0000000085d00000| Untracked 
|  94|0x0000000085e00000, 0x0000000085f00000, 0x0000000085f00000|100%| O|  |TAMS 0x0000000085e00000, 0x0000000085e00000| Untracked 
|  95|0x0000000085f00000, 0x0000000086000000, 0x0000000086000000|100%| O|  |TAMS 0x0000000085f00000, 0x0000000085f00000| Untracked 
|  96|0x0000000086000000, 0x00000000860c9600, 0x0000000086100000| 78%| O|  |TAMS 0x0000000086000000, 0x0000000086000000| Untracked 
|  97|0x0000000086100000, 0x0000000086200000, 0x0000000086200000|100%|HS|  |TAMS 0x0000000086100000, 0x0000000086100000| Complete 
|  98|0x0000000086200000, 0x0000000086300000, 0x0000000086300000|100%|HC|  |TAMS 0x0000000086200000, 0x0000000086200000| Complete 
|  99|0x0000000086300000, 0x0000000086400000, 0x0000000086400000|100%|HS|  |TAMS 0x0000000086300000, 0x0000000086300000| Complete 
| 100|0x0000000086400000, 0x0000000086500000, 0x0000000086500000|100%|HC|  |TAMS 0x0000000086400000, 0x0000000086400000| Complete 
| 101|0x0000000086500000, 0x0000000086600000, 0x0000000086600000|100%|HS|  |TAMS 0x0000000086500000, 0x0000000086500000| Complete 
| 102|0x0000000086600000, 0x0000000086700000, 0x0000000086700000|100%|HC|  |TAMS 0x0000000086600000, 0x0000000086600000| Complete 
| 103|0x0000000086700000, 0x0000000086800000, 0x0000000086800000|100%|HS|  |TAMS 0x0000000086700000, 0x0000000086700000| Complete 
| 104|0x0000000086800000, 0x0000000086900000, 0x0000000086900000|100%|HC|  |TAMS 0x0000000086800000, 0x0000000086800000| Complete 
| 105|0x0000000086900000, 0x0000000086a00000, 0x0000000086a00000|100%|HS|  |TAMS 0x0000000086900000, 0x0000000086900000| Complete 
| 106|0x0000000086a00000, 0x0000000086b00000, 0x0000000086b00000|100%|HC|  |TAMS 0x0000000086a00000, 0x0000000086a00000| Complete 
| 107|0x0000000086b00000, 0x0000000086c00000, 0x0000000086c00000|100%|HS|  |TAMS 0x0000000086b00000, 0x0000000086b00000| Complete 
| 108|0x0000000086c00000, 0x0000000086d00000, 0x0000000086d00000|100%|HS|  |TAMS 0x0000000086c00000, 0x0000000086c00000| Complete 
| 109|0x0000000086d00000, 0x0000000086e00000, 0x0000000086e00000|100%|HC|  |TAMS 0x0000000086d00000, 0x0000000086d00000| Complete 
| 110|0x0000000086e00000, 0x0000000086f00000, 0x0000000086f00000|100%| O|  |TAMS 0x0000000086e00000, 0x0000000086e00000| Untracked 
| 111|0x0000000086f00000, 0x0000000087000000, 0x0000000087000000|100%| O|  |TAMS 0x0000000086f00000, 0x0000000086f00000| Untracked 
| 112|0x0000000087000000, 0x0000000087100000, 0x0000000087100000|100%| O|  |TAMS 0x0000000087000000, 0x0000000087000000| Untracked 
| 113|0x0000000087100000, 0x0000000087200000, 0x0000000087200000|100%| O|  |TAMS 0x0000000087100000, 0x0000000087100000| Untracked 
| 114|0x0000000087200000, 0x0000000087300000, 0x0000000087300000|100%| O|  |TAMS 0x0000000087200000, 0x0000000087200000| Untracked 
| 115|0x0000000087300000, 0x0000000087400000, 0x0000000087400000|100%| O|  |TAMS 0x0000000087300000, 0x0000000087300000| Untracked 
| 116|0x0000000087400000, 0x0000000087500000, 0x0000000087500000|100%| O|  |TAMS 0x0000000087400000, 0x0000000087400000| Untracked 
| 117|0x0000000087500000, 0x0000000087600000, 0x0000000087600000|100%| O|  |TAMS 0x0000000087500000, 0x0000000087500000| Untracked 
| 118|0x0000000087600000, 0x0000000087700000, 0x0000000087700000|100%| O|  |TAMS 0x0000000087600000, 0x0000000087600000| Untracked 
| 119|0x0000000087700000, 0x0000000087800000, 0x0000000087800000|100%| O|  |TAMS 0x0000000087700000, 0x0000000087700000| Untracked 
| 120|0x0000000087800000, 0x0000000087900000, 0x0000000087900000|100%| O|  |TAMS 0x0000000087800000, 0x0000000087800000| Untracked 
| 121|0x0000000087900000, 0x0000000087a00000, 0x0000000087a00000|100%| O|  |TAMS 0x0000000087900000, 0x0000000087900000| Untracked 
| 122|0x0000000087a00000, 0x0000000087b00000, 0x0000000087b00000|100%|HS|  |TAMS 0x0000000087a00000, 0x0000000087a00000| Complete 
| 123|0x0000000087b00000, 0x0000000087c00000, 0x0000000087c00000|100%|HC|  |TAMS 0x0000000087b00000, 0x0000000087b00000| Complete 
| 124|0x0000000087c00000, 0x0000000087d00000, 0x0000000087d00000|100%|HS|  |TAMS 0x0000000087c00000, 0x0000000087c00000| Complete 
| 125|0x0000000087d00000, 0x0000000087e00000, 0x0000000087e00000|100%|HC|  |TAMS 0x0000000087d00000, 0x0000000087d00000| Complete 
| 126|0x0000000087e00000, 0x0000000087f00000, 0x0000000087f00000|100%|HS|  |TAMS 0x0000000087e00000, 0x0000000087e00000| Complete 
| 127|0x0000000087f00000, 0x0000000088000000, 0x0000000088000000|100%|HC|  |TAMS 0x0000000087f00000, 0x0000000087f00000| Complete 
| 128|0x0000000088000000, 0x0000000088100000, 0x0000000088100000|100%|HS|  |TAMS 0x0000000088000000, 0x0000000088000000| Complete 
| 129|0x0000000088100000, 0x0000000088200000, 0x0000000088200000|100%|HC|  |TAMS 0x0000000088100000, 0x0000000088100000| Complete 
| 130|0x0000000088200000, 0x0000000088300000, 0x0000000088300000|100%|HS|  |TAMS 0x0000000088200000, 0x0000000088200000| Complete 
| 131|0x0000000088300000, 0x0000000088400000, 0x0000000088400000|100%|HC|  |TAMS 0x0000000088300000, 0x0000000088300000| Complete 
| 132|0x0000000088400000, 0x0000000088400000, 0x0000000088500000|  0%| F|  |TAMS 0x0000000088400000, 0x0000000088400000| Untracked 
| 133|0x0000000088500000, 0x0000000088500000, 0x0000000088600000|  0%| F|  |TAMS 0x0000000088500000, 0x0000000088500000| Untracked 
| 134|0x0000000088600000, 0x0000000088700000, 0x0000000088700000|100%| O|  |TAMS 0x0000000088600000, 0x0000000088600000| Untracked 
| 135|0x0000000088700000, 0x0000000088800000, 0x0000000088800000|100%| O|  |TAMS 0x0000000088700000, 0x0000000088700000| Untracked 
| 136|0x0000000088800000, 0x0000000088900000, 0x0000000088900000|100%| O|  |TAMS 0x0000000088800000, 0x0000000088800000| Untracked 
| 137|0x0000000088900000, 0x0000000088a00000, 0x0000000088a00000|100%| O|  |TAMS 0x0000000088900000, 0x0000000088900000| Untracked 
| 138|0x0000000088a00000, 0x0000000088b00000, 0x0000000088b00000|100%| O|  |TAMS 0x0000000088a00000, 0x0000000088a00000| Untracked 
| 139|0x0000000088b00000, 0x0000000088b00000, 0x0000000088c00000|  0%| F|  |TAMS 0x0000000088b00000, 0x0000000088b00000| Untracked 
| 140|0x0000000088c00000, 0x0000000088c00000, 0x0000000088d00000|  0%| F|  |TAMS 0x0000000088c00000, 0x0000000088c00000| Untracked 
| 141|0x0000000088d00000, 0x0000000088d00000, 0x0000000088e00000|  0%| F|  |TAMS 0x0000000088d00000, 0x0000000088d00000| Untracked 
| 142|0x0000000088e00000, 0x0000000088e00000, 0x0000000088f00000|  0%| F|  |TAMS 0x0000000088e00000, 0x0000000088e00000| Untracked 
| 143|0x0000000088f00000, 0x0000000088f00000, 0x0000000089000000|  0%| F|  |TAMS 0x0000000088f00000, 0x0000000088f00000| Untracked 
| 144|0x0000000089000000, 0x0000000089000000, 0x0000000089100000|  0%| F|  |TAMS 0x0000000089000000, 0x0000000089000000| Untracked 
| 145|0x0000000089100000, 0x0000000089100000, 0x0000000089200000|  0%| F|  |TAMS 0x0000000089100000, 0x0000000089100000| Untracked 
| 146|0x0000000089200000, 0x0000000089200000, 0x0000000089300000|  0%| F|  |TAMS 0x0000000089200000, 0x0000000089200000| Untracked 
| 147|0x0000000089300000, 0x0000000089300000, 0x0000000089400000|  0%| F|  |TAMS 0x0000000089300000, 0x0000000089300000| Untracked 
| 148|0x0000000089400000, 0x0000000089400000, 0x0000000089500000|  0%| F|  |TAMS 0x0000000089400000, 0x0000000089400000| Untracked 
| 149|0x0000000089500000, 0x0000000089500000, 0x0000000089600000|  0%| F|  |TAMS 0x0000000089500000, 0x0000000089500000| Untracked 
| 150|0x0000000089600000, 0x00000000896f3470, 0x0000000089700000| 95%| S|CS|TAMS 0x0000000089600000, 0x0000000089600000| Complete 
| 151|0x0000000089700000, 0x0000000089800000, 0x0000000089800000|100%| S|CS|TAMS 0x0000000089700000, 0x0000000089700000| Complete 
| 152|0x0000000089800000, 0x0000000089800000, 0x0000000089900000|  0%| F|  |TAMS 0x0000000089800000, 0x0000000089800000| Untracked 
| 153|0x0000000089900000, 0x0000000089900000, 0x0000000089a00000|  0%| F|  |TAMS 0x0000000089900000, 0x0000000089900000| Untracked 
| 154|0x0000000089a00000, 0x0000000089a00000, 0x0000000089b00000|  0%| F|  |TAMS 0x0000000089a00000, 0x0000000089a00000| Untracked 
| 155|0x0000000089b00000, 0x0000000089b00000, 0x0000000089c00000|  0%| F|  |TAMS 0x0000000089b00000, 0x0000000089b00000| Untracked 
| 156|0x0000000089c00000, 0x0000000089c00000, 0x0000000089d00000|  0%| F|  |TAMS 0x0000000089c00000, 0x0000000089c00000| Untracked 
| 157|0x0000000089d00000, 0x0000000089d00000, 0x0000000089e00000|  0%| F|  |TAMS 0x0000000089d00000, 0x0000000089d00000| Untracked 
| 158|0x0000000089e00000, 0x0000000089e00000, 0x0000000089f00000|  0%| F|  |TAMS 0x0000000089e00000, 0x0000000089e00000| Untracked 
| 159|0x0000000089f00000, 0x0000000089f00000, 0x000000008a000000|  0%| F|  |TAMS 0x0000000089f00000, 0x0000000089f00000| Untracked 
| 160|0x000000008a000000, 0x000000008a000000, 0x000000008a100000|  0%| F|  |TAMS 0x000000008a000000, 0x000000008a000000| Untracked 
| 161|0x000000008a100000, 0x000000008a100000, 0x000000008a200000|  0%| F|  |TAMS 0x000000008a100000, 0x000000008a100000| Untracked 
| 162|0x000000008a200000, 0x000000008a300000, 0x000000008a300000|100%| S|CS|TAMS 0x000000008a200000, 0x000000008a200000| Complete 
| 163|0x000000008a300000, 0x000000008a400000, 0x000000008a400000|100%| S|CS|TAMS 0x000000008a300000, 0x000000008a300000| Complete 
| 164|0x000000008a400000, 0x000000008a500000, 0x000000008a500000|100%| S|CS|TAMS 0x000000008a400000, 0x000000008a400000| Complete 
| 165|0x000000008a500000, 0x000000008a600000, 0x000000008a600000|100%| S|CS|TAMS 0x000000008a500000, 0x000000008a500000| Complete 
| 166|0x000000008a600000, 0x000000008a700000, 0x000000008a700000|100%| S|CS|TAMS 0x000000008a600000, 0x000000008a600000| Complete 
| 167|0x000000008a700000, 0x000000008a800000, 0x000000008a800000|100%| S|CS|TAMS 0x000000008a700000, 0x000000008a700000| Complete 
| 168|0x000000008a800000, 0x000000008a800000, 0x000000008a900000|  0%| F|  |TAMS 0x000000008a800000, 0x000000008a800000| Untracked 
| 169|0x000000008a900000, 0x000000008a900000, 0x000000008aa00000|  0%| F|  |TAMS 0x000000008a900000, 0x000000008a900000| Untracked 
| 170|0x000000008aa00000, 0x000000008aa00000, 0x000000008ab00000|  0%| F|  |TAMS 0x000000008aa00000, 0x000000008aa00000| Untracked 
| 171|0x000000008ab00000, 0x000000008ab00000, 0x000000008ac00000|  0%| F|  |TAMS 0x000000008ab00000, 0x000000008ab00000| Untracked 
| 172|0x000000008ac00000, 0x000000008ac00000, 0x000000008ad00000|  0%| F|  |TAMS 0x000000008ac00000, 0x000000008ac00000| Untracked 
| 173|0x000000008ad00000, 0x000000008ad00000, 0x000000008ae00000|  0%| F|  |TAMS 0x000000008ad00000, 0x000000008ad00000| Untracked 
| 174|0x000000008ae00000, 0x000000008ae00000, 0x000000008af00000|  0%| F|  |TAMS 0x000000008ae00000, 0x000000008ae00000| Untracked 
| 175|0x000000008af00000, 0x000000008afe66a8, 0x000000008b000000| 90%| E|  |TAMS 0x000000008af00000, 0x000000008af00000| Complete 
| 176|0x000000008b000000, 0x000000008b100000, 0x000000008b100000|100%| E|CS|TAMS 0x000000008b000000, 0x000000008b000000| Complete 
| 177|0x000000008b100000, 0x000000008b200000, 0x000000008b200000|100%| E|CS|TAMS 0x000000008b100000, 0x000000008b100000| Complete 
| 178|0x000000008b200000, 0x000000008b300000, 0x000000008b300000|100%| E|  |TAMS 0x000000008b200000, 0x000000008b200000| Complete 
| 179|0x000000008b300000, 0x000000008b400000, 0x000000008b400000|100%| E|CS|TAMS 0x000000008b300000, 0x000000008b300000| Complete 
| 180|0x000000008b400000, 0x000000008b500000, 0x000000008b500000|100%| E|CS|TAMS 0x000000008b400000, 0x000000008b400000| Complete 
| 181|0x000000008b500000, 0x000000008b600000, 0x000000008b600000|100%| E|CS|TAMS 0x000000008b500000, 0x000000008b500000| Complete 
| 182|0x000000008b600000, 0x000000008b700000, 0x000000008b700000|100%| E|CS|TAMS 0x000000008b600000, 0x000000008b600000| Complete 
| 183|0x000000008b700000, 0x000000008b800000, 0x000000008b800000|100%| E|CS|TAMS 0x000000008b700000, 0x000000008b700000| Complete 
| 184|0x000000008b800000, 0x000000008b900000, 0x000000008b900000|100%| E|CS|TAMS 0x000000008b800000, 0x000000008b800000| Complete 
| 185|0x000000008b900000, 0x000000008ba00000, 0x000000008ba00000|100%| E|CS|TAMS 0x000000008b900000, 0x000000008b900000| Complete 
| 186|0x000000008ba00000, 0x000000008bb00000, 0x000000008bb00000|100%| E|CS|TAMS 0x000000008ba00000, 0x000000008ba00000| Complete 
| 187|0x000000008bb00000, 0x000000008bc00000, 0x000000008bc00000|100%| E|CS|TAMS 0x000000008bb00000, 0x000000008bb00000| Complete 
| 188|0x000000008bc00000, 0x000000008bd00000, 0x000000008bd00000|100%| E|CS|TAMS 0x000000008bc00000, 0x000000008bc00000| Complete 
| 189|0x000000008bd00000, 0x000000008be00000, 0x000000008be00000|100%| E|CS|TAMS 0x000000008bd00000, 0x000000008bd00000| Complete 
| 190|0x000000008be00000, 0x000000008bf00000, 0x000000008bf00000|100%| E|CS|TAMS 0x000000008be00000, 0x000000008be00000| Complete 
| 191|0x000000008bf00000, 0x000000008c000000, 0x000000008c000000|100%| E|CS|TAMS 0x000000008bf00000, 0x000000008bf00000| Complete 
| 192|0x000000008c000000, 0x000000008c100000, 0x000000008c100000|100%| E|CS|TAMS 0x000000008c000000, 0x000000008c000000| Complete 
| 193|0x000000008c100000, 0x000000008c200000, 0x000000008c200000|100%| E|CS|TAMS 0x000000008c100000, 0x000000008c100000| Complete 
| 194|0x000000008c200000, 0x000000008c300000, 0x000000008c300000|100%| E|CS|TAMS 0x000000008c200000, 0x000000008c200000| Complete 
| 195|0x000000008c300000, 0x000000008c400000, 0x000000008c400000|100%| E|CS|TAMS 0x000000008c300000, 0x000000008c300000| Complete 
| 196|0x000000008c400000, 0x000000008c500000, 0x000000008c500000|100%| E|CS|TAMS 0x000000008c400000, 0x000000008c400000| Complete 
| 197|0x000000008c500000, 0x000000008c600000, 0x000000008c600000|100%| E|CS|TAMS 0x000000008c500000, 0x000000008c500000| Complete 
| 198|0x000000008c600000, 0x000000008c700000, 0x000000008c700000|100%| E|CS|TAMS 0x000000008c600000, 0x000000008c600000| Complete 
| 199|0x000000008c700000, 0x000000008c800000, 0x000000008c800000|100%| E|CS|TAMS 0x000000008c700000, 0x000000008c700000| Complete 
| 200|0x000000008c800000, 0x000000008c900000, 0x000000008c900000|100%| E|CS|TAMS 0x000000008c800000, 0x000000008c800000| Complete 
| 201|0x000000008c900000, 0x000000008ca00000, 0x000000008ca00000|100%| E|CS|TAMS 0x000000008c900000, 0x000000008c900000| Complete 
| 202|0x000000008ca00000, 0x000000008cb00000, 0x000000008cb00000|100%| E|CS|TAMS 0x000000008ca00000, 0x000000008ca00000| Complete 
| 203|0x000000008cb00000, 0x000000008cc00000, 0x000000008cc00000|100%| E|CS|TAMS 0x000000008cb00000, 0x000000008cb00000| Complete 
| 204|0x000000008cc00000, 0x000000008cd00000, 0x000000008cd00000|100%| E|CS|TAMS 0x000000008cc00000, 0x000000008cc00000| Complete 
| 205|0x000000008cd00000, 0x000000008ce00000, 0x000000008ce00000|100%| E|CS|TAMS 0x000000008cd00000, 0x000000008cd00000| Complete 
| 206|0x000000008ce00000, 0x000000008cf00000, 0x000000008cf00000|100%| E|CS|TAMS 0x000000008ce00000, 0x000000008ce00000| Complete 
| 207|0x000000008cf00000, 0x000000008d000000, 0x000000008d000000|100%| E|CS|TAMS 0x000000008cf00000, 0x000000008cf00000| Complete 
| 208|0x000000008d000000, 0x000000008d100000, 0x000000008d100000|100%| E|CS|TAMS 0x000000008d000000, 0x000000008d000000| Complete 
| 209|0x000000008d100000, 0x000000008d200000, 0x000000008d200000|100%| E|CS|TAMS 0x000000008d100000, 0x000000008d100000| Complete 
| 210|0x000000008d200000, 0x000000008d300000, 0x000000008d300000|100%| E|CS|TAMS 0x000000008d200000, 0x000000008d200000| Complete 
| 211|0x000000008d300000, 0x000000008d400000, 0x000000008d400000|100%| E|CS|TAMS 0x000000008d300000, 0x000000008d300000| Complete 
| 212|0x000000008d400000, 0x000000008d500000, 0x000000008d500000|100%| E|CS|TAMS 0x000000008d400000, 0x000000008d400000| Complete 
| 213|0x000000008d500000, 0x000000008d600000, 0x000000008d600000|100%| E|CS|TAMS 0x000000008d500000, 0x000000008d500000| Complete 
| 214|0x000000008d600000, 0x000000008d700000, 0x000000008d700000|100%| E|CS|TAMS 0x000000008d600000, 0x000000008d600000| Complete 
| 215|0x000000008d700000, 0x000000008d800000, 0x000000008d800000|100%| E|CS|TAMS 0x000000008d700000, 0x000000008d700000| Complete 
| 216|0x000000008d800000, 0x000000008d900000, 0x000000008d900000|100%| E|CS|TAMS 0x000000008d800000, 0x000000008d800000| Complete 
| 217|0x000000008d900000, 0x000000008da00000, 0x000000008da00000|100%| E|CS|TAMS 0x000000008d900000, 0x000000008d900000| Complete 
| 218|0x000000008da00000, 0x000000008db00000, 0x000000008db00000|100%| E|CS|TAMS 0x000000008da00000, 0x000000008da00000| Complete 
| 219|0x000000008db00000, 0x000000008dc00000, 0x000000008dc00000|100%| E|CS|TAMS 0x000000008db00000, 0x000000008db00000| Complete 
| 220|0x000000008dc00000, 0x000000008dd00000, 0x000000008dd00000|100%| E|CS|TAMS 0x000000008dc00000, 0x000000008dc00000| Complete 
| 221|0x000000008dd00000, 0x000000008de00000, 0x000000008de00000|100%| E|CS|TAMS 0x000000008dd00000, 0x000000008dd00000| Complete 
| 222|0x000000008de00000, 0x000000008df00000, 0x000000008df00000|100%| E|CS|TAMS 0x000000008de00000, 0x000000008de00000| Complete 
| 223|0x000000008df00000, 0x000000008e000000, 0x000000008e000000|100%| E|CS|TAMS 0x000000008df00000, 0x000000008df00000| Complete 
| 224|0x000000008e000000, 0x000000008e100000, 0x000000008e100000|100%| E|CS|TAMS 0x000000008e000000, 0x000000008e000000| Complete 
| 225|0x000000008e100000, 0x000000008e200000, 0x000000008e200000|100%| E|CS|TAMS 0x000000008e100000, 0x000000008e100000| Complete 
| 226|0x000000008e200000, 0x000000008e300000, 0x000000008e300000|100%| E|CS|TAMS 0x000000008e200000, 0x000000008e200000| Complete 
| 227|0x000000008e300000, 0x000000008e400000, 0x000000008e400000|100%| E|CS|TAMS 0x000000008e300000, 0x000000008e300000| Complete 
| 228|0x000000008e400000, 0x000000008e500000, 0x000000008e500000|100%| E|CS|TAMS 0x000000008e400000, 0x000000008e400000| Complete 
| 229|0x000000008e500000, 0x000000008e600000, 0x000000008e600000|100%| E|CS|TAMS 0x000000008e500000, 0x000000008e500000| Complete 
| 230|0x000000008e600000, 0x000000008e700000, 0x000000008e700000|100%| E|CS|TAMS 0x000000008e600000, 0x000000008e600000| Complete 
| 231|0x000000008e700000, 0x000000008e800000, 0x000000008e800000|100%| E|CS|TAMS 0x000000008e700000, 0x000000008e700000| Complete 
| 232|0x000000008e800000, 0x000000008e900000, 0x000000008e900000|100%| E|CS|TAMS 0x000000008e800000, 0x000000008e800000| Complete 
| 233|0x000000008e900000, 0x000000008ea00000, 0x000000008ea00000|100%| E|CS|TAMS 0x000000008e900000, 0x000000008e900000| Complete 
| 234|0x000000008ea00000, 0x000000008eb00000, 0x000000008eb00000|100%| E|CS|TAMS 0x000000008ea00000, 0x000000008ea00000| Complete 
| 235|0x000000008eb00000, 0x000000008ec00000, 0x000000008ec00000|100%| E|CS|TAMS 0x000000008eb00000, 0x000000008eb00000| Complete 
| 236|0x000000008ec00000, 0x000000008ed00000, 0x000000008ed00000|100%| E|CS|TAMS 0x000000008ec00000, 0x000000008ec00000| Complete 
| 237|0x000000008ed00000, 0x000000008ee00000, 0x000000008ee00000|100%| E|CS|TAMS 0x000000008ed00000, 0x000000008ed00000| Complete 
| 238|0x000000008ee00000, 0x000000008ef00000, 0x000000008ef00000|100%| E|CS|TAMS 0x000000008ee00000, 0x000000008ee00000| Complete 
| 239|0x000000008ef00000, 0x000000008f000000, 0x000000008f000000|100%| E|CS|TAMS 0x000000008ef00000, 0x000000008ef00000| Complete 
| 240|0x000000008f000000, 0x000000008f100000, 0x000000008f100000|100%| E|CS|TAMS 0x000000008f000000, 0x000000008f000000| Complete 
| 241|0x000000008f100000, 0x000000008f200000, 0x000000008f200000|100%| E|CS|TAMS 0x000000008f100000, 0x000000008f100000| Complete 
| 242|0x000000008f200000, 0x000000008f300000, 0x000000008f300000|100%| E|CS|TAMS 0x000000008f200000, 0x000000008f200000| Complete 
| 243|0x000000008f300000, 0x000000008f400000, 0x000000008f400000|100%| E|CS|TAMS 0x000000008f300000, 0x000000008f300000| Complete 
| 244|0x000000008f400000, 0x000000008f500000, 0x000000008f500000|100%| E|CS|TAMS 0x000000008f400000, 0x000000008f400000| Complete 
| 245|0x000000008f500000, 0x000000008f600000, 0x000000008f600000|100%| E|CS|TAMS 0x000000008f500000, 0x000000008f500000| Complete 
| 246|0x000000008f600000, 0x000000008f700000, 0x000000008f700000|100%| E|CS|TAMS 0x000000008f600000, 0x000000008f600000| Complete 
| 247|0x000000008f700000, 0x000000008f800000, 0x000000008f800000|100%| E|CS|TAMS 0x000000008f700000, 0x000000008f700000| Complete 
| 248|0x000000008f800000, 0x000000008f900000, 0x000000008f900000|100%| E|CS|TAMS 0x000000008f800000, 0x000000008f800000| Complete 
| 249|0x000000008f900000, 0x000000008fa00000, 0x000000008fa00000|100%| E|CS|TAMS 0x000000008f900000, 0x000000008f900000| Complete 
| 250|0x000000008fa00000, 0x000000008fb00000, 0x000000008fb00000|100%| E|CS|TAMS 0x000000008fa00000, 0x000000008fa00000| Complete 
| 251|0x000000008fb00000, 0x000000008fc00000, 0x000000008fc00000|100%| E|CS|TAMS 0x000000008fb00000, 0x000000008fb00000| Complete 
| 252|0x000000008fc00000, 0x000000008fd00000, 0x000000008fd00000|100%| E|CS|TAMS 0x000000008fc00000, 0x000000008fc00000| Complete 
| 253|0x000000008fd00000, 0x000000008fe00000, 0x000000008fe00000|100%| E|CS|TAMS 0x000000008fd00000, 0x000000008fd00000| Complete 
| 254|0x000000008fe00000, 0x000000008ff00000, 0x000000008ff00000|100%| E|CS|TAMS 0x000000008fe00000, 0x000000008fe00000| Complete 
| 255|0x000000008ff00000, 0x0000000090000000, 0x0000000090000000|100%| E|CS|TAMS 0x000000008ff00000, 0x000000008ff00000| Complete 
| 256|0x0000000090000000, 0x0000000090100000, 0x0000000090100000|100%| E|CS|TAMS 0x0000000090000000, 0x0000000090000000| Complete 
| 257|0x0000000090100000, 0x0000000090200000, 0x0000000090200000|100%| E|CS|TAMS 0x0000000090100000, 0x0000000090100000| Complete 
| 258|0x0000000090200000, 0x0000000090300000, 0x0000000090300000|100%| E|CS|TAMS 0x0000000090200000, 0x0000000090200000| Complete 
| 259|0x0000000090300000, 0x0000000090400000, 0x0000000090400000|100%| E|CS|TAMS 0x0000000090300000, 0x0000000090300000| Complete 

Card table byte_map: [0x0000021a21720000,0x0000021a21b20000] _byte_map_base: 0x0000021a21320000

Marking Bits (Prev, Next): (CMBitMap*) 0x0000021a0ca3a730, (CMBitMap*) 0x0000021a0ca3a6f0
 Prev Bits: [0x0000021a23f20000, 0x0000021a25f20000)
 Next Bits: [0x0000021a21f20000, 0x0000021a23f20000)

Polling page: 0x0000021a0caa0000

Metaspace:

Usage:
  Non-class:    109.20 MB used.
      Class:     16.78 MB used.
       Both:    125.98 MB used.

Virtual space:
  Non-class space:      112.00 MB reserved,     109.69 MB ( 98%) committed,  14 nodes.
      Class space:        1.00 GB reserved,      17.25 MB (  2%) committed,  1 nodes.
             Both:        1.11 GB reserved,     126.94 MB ( 11%) committed. 

Chunk freelists:
   Non-Class:  2.12 MB
       Class:  2.80 MB
        Both:  4.92 MB

MaxMetaspaceSize: unlimited
CompressedClassSpaceSize: 1.00 GB
Initial GC threshold: 21.00 MB
Current GC threshold: 149.06 MB
CDS: off
MetaspaceReclaimPolicy: balanced
 - commit_granule_bytes: 65536.
 - commit_granule_words: 8192.
 - virtual_space_node_default_size: 1048576.
 - enlarge_chunks_in_place: 1.
 - new_chunks_are_fully_committed: 0.
 - uncommit_free_chunks: 1.
 - use_allocation_guard: 0.
 - handle_deallocations: 1.


Internal statistics:

num_allocs_failed_limit: 9.
num_arena_births: 1574.
num_arena_deaths: 0.
num_vsnodes_births: 15.
num_vsnodes_deaths: 0.
num_space_committed: 2029.
num_space_uncommitted: 0.
num_chunks_returned_to_freelist: 9.
num_chunks_taken_from_freelist: 6480.
num_chunk_merges: 9.
num_chunk_splits: 4323.
num_chunks_enlarged: 2882.
num_purges: 0.
num_inconsistent_stats: 0.

CodeHeap 'non-profiled nmethods': size=120000Kb used=10392Kb max_used=10392Kb free=109608Kb
 bounds [0x0000021a19170000, 0x0000021a19ba0000, 0x0000021a206a0000]
CodeHeap 'profiled nmethods': size=120000Kb used=30398Kb max_used=30398Kb free=89601Kb
 bounds [0x0000021a116a0000, 0x0000021a13460000, 0x0000021a18bd0000]
CodeHeap 'non-nmethods': size=5760Kb used=2434Kb max_used=2496Kb free=3325Kb
 bounds [0x0000021a18bd0000, 0x0000021a18e50000, 0x0000021a19170000]
 total_blobs=16988 nmethods=16012 adapters=887
 compilation: enabled
              stopped_count=0, restarted_count=0
 full_count=0

Compilation events (20 events):
Event: 831.107 Thread 0x0000021a298b3ab0 nmethod 19182 0x0000021a12a5e190 code [0x0000021a12a5e320, 0x0000021a12a5e458]
Event: 831.107 Thread 0x0000021a298b3ab0 19183       3       org.xml.sax.helpers.XMLFilterImpl::characters (20 bytes)
Event: 831.108 Thread 0x0000021a298b3ab0 nmethod 19183 0x0000021a13452f10 code [0x0000021a134530c0, 0x0000021a134532c8]
Event: 831.108 Thread 0x0000021a298b3ab0 19184       3       com.sun.xml.bind.v2.runtime.unmarshaller.SAXConnector::characters (48 bytes)
Event: 831.108 Thread 0x0000021a298b3ab0 nmethod 19184 0x0000021a13453390 code [0x0000021a13453580, 0x0000021a13453b18]
Event: 831.108 Thread 0x0000021a298b3ab0 19185       3       com.sun.org.apache.xerces.internal.impl.XMLDocumentFragmentScannerImpl::getCharacterData (17 bytes)
Event: 831.108 Thread 0x0000021a298b3ab0 nmethod 19185 0x0000021a12a62a10 code [0x0000021a12a62ba0, 0x0000021a12a62d18]
Event: 831.108 Thread 0x0000021a298b3ab0 19186   !   3       com.sun.org.apache.xerces.internal.parsers.AbstractSAXParser::characters (78 bytes)
Event: 831.108 Thread 0x0000021a298b3ab0 nmethod 19186 0x0000021a13453e10 code [0x0000021a13453fe0, 0x0000021a13454388]
Event: 831.109 Thread 0x0000021a298b3ab0 19187       3       javax.xml.bind.annotation.adapters.CollapsedStringAdapter::isWhiteSpace (38 bytes)
Event: 831.109 Thread 0x0000021a298b3ab0 nmethod 19187 0x0000021a13454510 code [0x0000021a134546c0, 0x0000021a13454918]
Event: 831.109 Thread 0x0000021a298b3ab0 19189       3       java.lang.StringBuilder::charAt (6 bytes)
Event: 831.109 Thread 0x0000021a298b3ab0 nmethod 19189 0x0000021a12a69410 code [0x0000021a12a695a0, 0x0000021a12a696e8]
Event: 831.109 Thread 0x0000021a298b3ab0 19188       1       com.sun.xml.bind.v2.runtime.unmarshaller.UnmarshallingContext$State::getTarget (5 bytes)
Event: 831.109 Thread 0x0000021a298b3ab0 nmethod 19188 0x0000021a19b95a10 code [0x0000021a19b95ba0, 0x0000021a19b95c78]
Event: 831.111 Thread 0x0000021a298b3ab0 19190       1       com.android.repository.api.SchemaModule::getNamespaceVersionMap (5 bytes)
Event: 831.111 Thread 0x0000021a298b3ab0 nmethod 19190 0x0000021a19b95d10 code [0x0000021a19b95ea0, 0x0000021a19b95f78]
Event: 831.111 Thread 0x0000021a298b3ab0 19191       3       com.sun.org.apache.xerces.internal.utils.XMLSecurityManager$Limit::values (10 bytes)
Event: 831.111 Thread 0x0000021a298b3ab0 nmethod 19191 0x0000021a13454990 code [0x0000021a13454b40, 0x0000021a13454dc8]
Event: 831.111 Thread 0x0000021a298b3ab0 19192       3       com.sun.org.apache.xerces.internal.util.FeatureState::is (12 bytes)

GC Heap History (20 events):
Event: 9.464 GC heap before
{Heap before GC invocations=38 (full 0):
 garbage-first heap   total 122880K, used 71001K [0x0000000080000000, 0x0000000100000000)
  region size 1024K, 6 young (6144K), 5 survivors (5120K)
 Metaspace       used 89371K, committed 90048K, reserved 1130496K
  class space    used 12155K, committed 12480K, reserved 1048576K
}
Event: 9.466 GC heap after
{Heap after GC invocations=39 (full 0):
 garbage-first heap   total 122880K, used 70215K [0x0000000080000000, 0x0000000100000000)
  region size 1024K, 1 young (1024K), 1 survivors (1024K)
 Metaspace       used 89371K, committed 90048K, reserved 1130496K
  class space    used 12155K, committed 12480K, reserved 1048576K
}
Event: 9.632 GC heap before
{Heap before GC invocations=39 (full 0):
 garbage-first heap   total 122880K, used 99911K [0x0000000080000000, 0x0000000100000000)
  region size 1024K, 30 young (30720K), 1 survivors (1024K)
 Metaspace       used 90365K, committed 90944K, reserved 1130496K
  class space    used 12242K, committed 12544K, reserved 1048576K
}
Event: 9.635 GC heap after
{Heap after GC invocations=40 (full 0):
 garbage-first heap   total 122880K, used 75877K [0x0000000080000000, 0x0000000100000000)
  region size 1024K, 4 young (4096K), 4 survivors (4096K)
 Metaspace       used 90365K, committed 90944K, reserved 1130496K
  class space    used 12242K, committed 12544K, reserved 1048576K
}
Event: 9.954 GC heap before
{Heap before GC invocations=41 (full 0):
 garbage-first heap   total 133120K, used 98405K [0x0000000080000000, 0x0000000100000000)
  region size 1024K, 26 young (26624K), 4 survivors (4096K)
 Metaspace       used 92844K, committed 93504K, reserved 1130496K
  class space    used 12621K, committed 12928K, reserved 1048576K
}
Event: 9.957 GC heap after
{Heap after GC invocations=42 (full 0):
 garbage-first heap   total 133120K, used 78294K [0x0000000080000000, 0x0000000100000000)
  region size 1024K, 3 young (3072K), 3 survivors (3072K)
 Metaspace       used 92844K, committed 93504K, reserved 1130496K
  class space    used 12621K, committed 12928K, reserved 1048576K
}
Event: 9.973 GC heap before
{Heap before GC invocations=42 (full 0):
 garbage-first heap   total 133120K, used 81366K [0x0000000080000000, 0x0000000100000000)
  region size 1024K, 6 young (6144K), 3 survivors (3072K)
 Metaspace       used 93002K, committed 93696K, reserved 1130496K
  class space    used 12675K, committed 12992K, reserved 1048576K
}
Event: 9.975 GC heap after
{Heap after GC invocations=43 (full 0):
 garbage-first heap   total 266240K, used 78388K [0x0000000080000000, 0x0000000100000000)
  region size 1024K, 1 young (1024K), 1 survivors (1024K)
 Metaspace       used 93002K, committed 93696K, reserved 1130496K
  class space    used 12675K, committed 12992K, reserved 1048576K
}
Event: 10.944 GC heap before
{Heap before GC invocations=43 (full 0):
 garbage-first heap   total 266240K, used 207412K [0x0000000080000000, 0x0000000100000000)
  region size 1024K, 128 young (131072K), 1 survivors (1024K)
 Metaspace       used 96382K, committed 97152K, reserved 1138688K
  class space    used 13119K, committed 13504K, reserved 1048576K
}
Event: 10.951 GC heap after
{Heap after GC invocations=44 (full 0):
 garbage-first heap   total 266240K, used 89521K [0x0000000080000000, 0x0000000100000000)
  region size 1024K, 12 young (12288K), 12 survivors (12288K)
 Metaspace       used 96382K, committed 97152K, reserved 1138688K
  class space    used 13119K, committed 13504K, reserved 1048576K
}
Event: 12.594 GC heap before
{Heap before GC invocations=44 (full 0):
 garbage-first heap   total 266240K, used 201137K [0x0000000080000000, 0x0000000100000000)
  region size 1024K, 120 young (122880K), 12 survivors (12288K)
 Metaspace       used 104622K, committed 105344K, reserved 1146880K
  class space    used 14097K, committed 14464K, reserved 1048576K
}
Event: 12.599 GC heap after
{Heap after GC invocations=45 (full 0):
 garbage-first heap   total 266240K, used 95135K [0x0000000080000000, 0x0000000100000000)
  region size 1024K, 5 young (5120K), 5 survivors (5120K)
 Metaspace       used 104622K, committed 105344K, reserved 1146880K
  class space    used 14097K, committed 14464K, reserved 1048576K
}
Event: 14.239 GC heap before
{Heap before GC invocations=45 (full 0):
 garbage-first heap   total 266240K, used 207775K [0x0000000080000000, 0x0000000100000000)
  region size 1024K, 116 young (118784K), 5 survivors (5120K)
 Metaspace       used 120812K, committed 121536K, reserved 1155072K
  class space    used 16519K, committed 16896K, reserved 1048576K
}
Event: 14.246 GC heap after
{Heap after GC invocations=46 (full 0):
 garbage-first heap   total 266240K, used 98510K [0x0000000080000000, 0x0000000100000000)
  region size 1024K, 10 young (10240K), 10 survivors (10240K)
 Metaspace       used 120812K, committed 121536K, reserved 1155072K
  class space    used 16519K, committed 16896K, reserved 1048576K
}
Event: 287.566 GC heap before
{Heap before GC invocations=46 (full 0):
 garbage-first heap   total 266240K, used 235726K [0x0000000080000000, 0x0000000100000000)
  region size 1024K, 122 young (124928K), 10 survivors (10240K)
 Metaspace       used 126801K, committed 127616K, reserved 1163264K
  class space    used 17056K, committed 17472K, reserved 1048576K
}
Event: 287.575 GC heap after
{Heap after GC invocations=47 (full 0):
 garbage-first heap   total 266240K, used 111961K [0x0000000080000000, 0x0000000100000000)
  region size 1024K, 16 young (16384K), 16 survivors (16384K)
 Metaspace       used 126801K, committed 127616K, reserved 1163264K
  class space    used 17056K, committed 17472K, reserved 1048576K
}
Event: 680.010 GC heap before
{Heap before GC invocations=47 (full 0):
 garbage-first heap   total 266240K, used 232793K [0x0000000080000000, 0x0000000100000000)
  region size 1024K, 114 young (116736K), 16 survivors (16384K)
 Metaspace       used 127700K, committed 128576K, reserved 1163264K
  class space    used 17097K, committed 17536K, reserved 1048576K
}
Event: 680.023 GC heap after
{Heap after GC invocations=48 (full 0):
 garbage-first heap   total 266240K, used 117985K [0x0000000080000000, 0x0000000100000000)
  region size 1024K, 10 young (10240K), 10 survivors (10240K)
 Metaspace       used 127700K, committed 128576K, reserved 1163264K
  class space    used 17097K, committed 17536K, reserved 1048576K
}
Event: 681.300 GC heap before
{Heap before GC invocations=48 (full 0):
 garbage-first heap   total 266240K, used 213217K [0x0000000080000000, 0x0000000100000000)
  region size 1024K, 102 young (104448K), 10 survivors (10240K)
 Metaspace       used 128212K, committed 129088K, reserved 1163264K
  class space    used 17103K, committed 17536K, reserved 1048576K
}
Event: 681.306 GC heap after
{Heap after GC invocations=49 (full 0):
 garbage-first heap   total 266240K, used 126706K [0x0000000080000000, 0x0000000100000000)
  region size 1024K, 8 young (8192K), 8 survivors (8192K)
 Metaspace       used 128212K, committed 129088K, reserved 1163264K
  class space    used 17103K, committed 17536K, reserved 1048576K
}

Dll operation events (2 events):
Event: 0.012 Loaded shared library E:\Program Files\Android\Android Studio\jbr\bin\java.dll
Event: 0.427 Loaded shared library E:\Program Files\Android\Android Studio\jbr\bin\verify.dll

Deoptimization events (20 events):
Event: 681.610 Thread 0x0000021a2d02a160 Uncommon trap: trap_request=0xffffff45 fr.pc=0x0000021a19246b44 relative=0x00000000000002a4
Event: 681.610 Thread 0x0000021a2d02a160 Uncommon trap: reason=unstable_if action=reinterpret pc=0x0000021a19246b44 method=com.esotericsoftware.kryo.io.Input.require(I)I @ 180 c2
Event: 681.610 Thread 0x0000021a2d02a160 DEOPT PACKING pc=0x0000021a19246b44 sp=0x0000007a235feac0
Event: 681.610 Thread 0x0000021a2d02a160 DEOPT UNPACKING pc=0x0000021a18c269a3 sp=0x0000007a235fea78 mode 2
Event: 830.714 Thread 0x0000021a2a42cb90 Uncommon trap: trap_request=0xffffff45 fr.pc=0x0000021a1929fed0 relative=0x0000000000000b10
Event: 830.714 Thread 0x0000021a2a42cb90 Uncommon trap: reason=unstable_if action=reinterpret pc=0x0000021a1929fed0 method=java.lang.Integer.stringSize(I)I @ 19 c2
Event: 830.714 Thread 0x0000021a2a42cb90 DEOPT PACKING pc=0x0000021a1929fed0 sp=0x0000007a250fe510
Event: 830.714 Thread 0x0000021a2a42cb90 DEOPT UNPACKING pc=0x0000021a18c269a3 sp=0x0000007a250fe458 mode 2
Event: 830.794 Thread 0x0000021a2da52060 DEOPT PACKING pc=0x0000021a11cc3159 sp=0x0000007a24afb250
Event: 830.794 Thread 0x0000021a2da52060 DEOPT UNPACKING pc=0x0000021a18c27143 sp=0x0000007a24afa740 mode 0
Event: 830.814 Thread 0x0000021a2da52060 Uncommon trap: trap_request=0xffffffde fr.pc=0x0000021a195e068c relative=0x000000000000064c
Event: 830.814 Thread 0x0000021a2da52060 Uncommon trap: reason=class_check action=maybe_recompile pc=0x0000021a195e068c method=org.gradle.cache.internal.LockOnDemandCrossProcessCacheAccess.incrementLockCount()V @ 97 c2
Event: 830.814 Thread 0x0000021a2da52060 DEOPT PACKING pc=0x0000021a195e068c sp=0x0000007a24af6d70
Event: 830.814 Thread 0x0000021a2da52060 DEOPT UNPACKING pc=0x0000021a18c269a3 sp=0x0000007a24af6d20 mode 2
Event: 831.062 Thread 0x0000021a2da52060 Uncommon trap: trap_request=0xffffff45 fr.pc=0x0000021a197d3d0c relative=0x00000000000026ac
Event: 831.062 Thread 0x0000021a2da52060 Uncommon trap: reason=unstable_if action=reinterpret pc=0x0000021a197d3d0c method=com.google.common.collect.MapMakerInternalMap$Segment.put(Ljava/lang/Object;ILjava/lang/Object;Z)Ljava/lang/Object; @ 97 c2
Event: 831.062 Thread 0x0000021a2da52060 DEOPT PACKING pc=0x0000021a197d3d0c sp=0x0000007a24af8b40
Event: 831.062 Thread 0x0000021a2da52060 DEOPT UNPACKING pc=0x0000021a18c269a3 sp=0x0000007a24af8a88 mode 2
Event: 831.068 Thread 0x0000021a2da52060 DEOPT PACKING pc=0x0000021a1245412c sp=0x0000007a24af9170
Event: 831.068 Thread 0x0000021a2da52060 DEOPT UNPACKING pc=0x0000021a18c27143 sp=0x0000007a24af8690 mode 0

Classes unloaded (0 events):
No events

Classes redefined (0 events):
No events

Internal exceptions (20 events):
Event: 681.432 Thread 0x0000021a2c4456d0 Exception <a 'sun/nio/fs/WindowsException'{0x000000008ec419e8}> (0x000000008ec419e8) 
thrown [s\src\hotspot\share\prims\jni.cpp, line 517]
Event: 681.433 Thread 0x0000021a2c4456d0 Exception <a 'sun/nio/fs/WindowsException'{0x000000008ec899d8}> (0x000000008ec899d8) 
thrown [s\src\hotspot\share\prims\jni.cpp, line 517]
Event: 681.447 Thread 0x0000021a335abf20 Exception <a 'sun/nio/fs/WindowsException'{0x000000008eb81660}> (0x000000008eb81660) 
thrown [s\src\hotspot\share\prims\jni.cpp, line 517]
Event: 681.451 Thread 0x0000021a335abf20 Exception <a 'sun/nio/fs/WindowsException'{0x000000008ea47d40}> (0x000000008ea47d40) 
thrown [s\src\hotspot\share\prims\jni.cpp, line 517]
Event: 681.452 Thread 0x0000021a2ff37530 Exception <a 'sun/nio/fs/WindowsException'{0x000000008ea483c8}> (0x000000008ea483c8) 
thrown [s\src\hotspot\share\prims\jni.cpp, line 517]
Event: 681.452 Thread 0x0000021a2ff37530 Exception <a 'sun/nio/fs/WindowsException'{0x000000008ea48778}> (0x000000008ea48778) 
thrown [s\src\hotspot\share\prims\jni.cpp, line 517]
Event: 681.461 Thread 0x0000021a2c446540 Exception <a 'sun/nio/fs/WindowsException'{0x000000008eaa7e88}> (0x000000008eaa7e88) 
thrown [s\src\hotspot\share\prims\jni.cpp, line 517]
Event: 681.477 Thread 0x0000021a2c446540 Exception <a 'sun/nio/fs/WindowsException'{0x000000008e8cf2e8}> (0x000000008e8cf2e8) 
thrown [s\src\hotspot\share\prims\jni.cpp, line 517]
Event: 681.491 Thread 0x0000021a2da55a20 Implicit null exception at 0x0000021a191f4210 to 0x0000021a191f4378
Event: 681.546 Thread 0x0000021a2d02c7e0 Exception <a 'sun/nio/fs/WindowsException'{0x000000008e4ce9b8}> (0x000000008e4ce9b8) 
thrown [s\src\hotspot\share\prims\jni.cpp, line 517]
Event: 681.546 Thread 0x0000021a2d02c7e0 Exception <a 'sun/nio/fs/WindowsException'{0x000000008e4ced48}> (0x000000008e4ced48) 
thrown [s\src\hotspot\share\prims\jni.cpp, line 517]
Event: 681.547 Thread 0x0000021a2d02c7e0 Exception <a 'sun/nio/fs/WindowsException'{0x000000008e4d0b88}> (0x000000008e4d0b88) 
thrown [s\src\hotspot\share\prims\jni.cpp, line 517]
Event: 681.552 Thread 0x0000021a2ee4b3a0 Exception <a 'sun/nio/fs/WindowsException'{0x000000008e300fa8}> (0x000000008e300fa8) 
thrown [s\src\hotspot\share\prims\jni.cpp, line 517]
Event: 831.048 Thread 0x0000021a2da52060 Exception <a 'sun/nio/fs/WindowsException'{0x000000008bf3e6e8}> (0x000000008bf3e6e8) 
thrown [s\src\hotspot\share\prims\jni.cpp, line 517]
Event: 831.079 Thread 0x0000021a2da52060 Exception <a 'java/lang/NoClassDefFoundError'{0x000000008ba02b28}: org/jetbrains/kotlin/gradle/plugin/KotlinBasePluginWrapper> (0x000000008ba02b28) 
thrown [s\src\hotspot\share\oops\constantPool.cpp, line 835]
Event: 831.105 Thread 0x0000021a2da52060 Exception <a 'sun/nio/fs/WindowsException'{0x000000008b7879f0}> (0x000000008b7879f0) 
thrown [s\src\hotspot\share\prims\jni.cpp, line 517]
Event: 831.110 Thread 0x0000021a2da52060 Exception <a 'sun/nio/fs/WindowsException'{0x000000008b628230}> (0x000000008b628230) 
thrown [s\src\hotspot\share\prims\jni.cpp, line 517]
Event: 831.110 Thread 0x0000021a2da52060 Exception <a 'sun/nio/fs/WindowsException'{0x000000008b6297b8}> (0x000000008b6297b8) 
thrown [s\src\hotspot\share\prims\jni.cpp, line 517]
Event: 831.110 Thread 0x0000021a2da52060 Exception <a 'sun/nio/fs/WindowsException'{0x000000008b62aaf0}> (0x000000008b62aaf0) 
thrown [s\src\hotspot\share\prims\jni.cpp, line 517]
Event: 831.110 Thread 0x0000021a2da52060 Exception <a 'sun/nio/fs/WindowsException'{0x000000008b62be28}> (0x000000008b62be28) 
thrown [s\src\hotspot\share\prims\jni.cpp, line 517]

VM Operations (20 events):
Event: 681.299 Executing VM operation: G1CollectForAllocation
Event: 681.306 Executing VM operation: G1CollectForAllocation done
Event: 681.446 Executing VM operation: ICBufferFull
Event: 681.446 Executing VM operation: ICBufferFull done
Event: 682.448 Executing VM operation: Cleanup
Event: 682.448 Executing VM operation: Cleanup done
Event: 691.517 Executing VM operation: Cleanup
Event: 691.518 Executing VM operation: Cleanup done
Event: 722.780 Executing VM operation: Cleanup
Event: 722.780 Executing VM operation: Cleanup done
Event: 742.901 Executing VM operation: Cleanup
Event: 742.901 Executing VM operation: Cleanup done
Event: 746.936 Executing VM operation: Cleanup
Event: 746.936 Executing VM operation: Cleanup done
Event: 751.984 Executing VM operation: Cleanup
Event: 751.984 Executing VM operation: Cleanup done
Event: 802.370 Executing VM operation: Cleanup
Event: 802.370 Executing VM operation: Cleanup done
Event: 831.098 Executing VM operation: ICBufferFull
Event: 831.098 Executing VM operation: ICBufferFull done

Events (20 events):
Event: 830.964 Thread 0x0000021a2ca45ad0 Thread added: 0x0000021a2ca45ad0
Event: 830.964 Thread 0x0000021a2ca48af0 Thread added: 0x0000021a2ca48af0
Event: 830.964 Thread 0x0000021a2ca46e10 Thread added: 0x0000021a2ca46e10
Event: 830.965 Thread 0x0000021a2ca48620 Thread added: 0x0000021a2ca48620
Event: 830.965 Thread 0x0000021a2ca45fa0 Thread added: 0x0000021a2ca45fa0
Event: 830.965 Thread 0x0000021a2ca48150 Thread added: 0x0000021a2ca48150
Event: 830.965 Thread 0x0000021a2ca46470 Thread added: 0x0000021a2ca46470
Event: 830.965 Thread 0x0000021a2ca46940 Thread added: 0x0000021a2ca46940
Event: 830.966 Thread 0x0000021a2ca477b0 Thread added: 0x0000021a2ca477b0
Event: 830.966 Thread 0x0000021a2ca472e0 Thread added: 0x0000021a2ca472e0
Event: 830.966 Thread 0x0000021a2efbbb30 Thread added: 0x0000021a2efbbb30
Event: 830.966 Thread 0x0000021a2efbc4d0 Thread added: 0x0000021a2efbc4d0
Event: 830.966 Thread 0x0000021a2efbce70 Thread added: 0x0000021a2efbce70
Event: 830.967 Thread 0x0000021a2efbc9a0 Thread added: 0x0000021a2efbc9a0
Event: 830.967 Thread 0x0000021a2efbf4f0 Thread added: 0x0000021a2efbf4f0
Event: 830.967 Thread 0x0000021a2efbdce0 Thread added: 0x0000021a2efbdce0
Event: 830.967 Thread 0x0000021a2efbe1b0 Thread added: 0x0000021a2efbe1b0
Event: 830.967 Thread 0x0000021a2efbeb50 Thread added: 0x0000021a2efbeb50
Event: 830.968 Thread 0x0000021a2efbf020 Thread added: 0x0000021a2efbf020
Event: 831.034 Thread 0x0000021a2ee4a530 Thread added: 0x0000021a2ee4a530


Dynamic libraries:
0x00007ff7dd140000 - 0x00007ff7dd14a000 	E:\Program Files\Android\Android Studio\jbr\bin\java.exe
0x00007ffde3170000 - 0x00007ffde3387000 	C:\WINDOWS\SYSTEM32\ntdll.dll
0x00007ffde1a50000 - 0x00007ffde1b14000 	C:\WINDOWS\System32\KERNEL32.DLL
0x00007ffde06d0000 - 0x00007ffde0a76000 	C:\WINDOWS\System32\KERNELBASE.dll
0x00007ffde0cb0000 - 0x00007ffde0dc1000 	C:\WINDOWS\System32\ucrtbase.dll
0x00007ffdd16e0000 - 0x00007ffdd16f7000 	E:\Program Files\Android\Android Studio\jbr\bin\jli.dll
0x00007ffde1620000 - 0x00007ffde17ce000 	C:\WINDOWS\System32\USER32.dll
0x00007ffde0dd0000 - 0x00007ffde0df6000 	C:\WINDOWS\System32\win32u.dll
0x00007ffde20d0000 - 0x00007ffde20f9000 	C:\WINDOWS\System32\GDI32.dll
0x00007ffde0a80000 - 0x00007ffde0b98000 	C:\WINDOWS\System32\gdi32full.dll
0x00007ffde0c10000 - 0x00007ffde0caa000 	C:\WINDOWS\System32\msvcp_win.dll
0x00007ffdc3870000 - 0x00007ffdc3b03000 	C:\WINDOWS\WinSxS\amd64_microsoft.windows.common-controls_6595b64144ccf1df_6.0.22621.2506_none_270c5ae97388e100\COMCTL32.dll
0x00007ffde2100000 - 0x00007ffde21a7000 	C:\WINDOWS\System32\msvcrt.dll
0x00007ffd91480000 - 0x00007ffd9149b000 	E:\Program Files\Android\Android Studio\jbr\bin\VCRUNTIME140.dll
0x00007ffde1380000 - 0x00007ffde13b1000 	C:\WINDOWS\System32\IMM32.DLL
0x00007ffda0710000 - 0x00007ffda071c000 	E:\Program Files\Android\Android Studio\jbr\bin\vcruntime140_1.dll
0x00007ffd8ccc0000 - 0x00007ffd8cd4d000 	E:\Program Files\Android\Android Studio\jbr\bin\msvcp140.dll
0x00007ffd5f6d0000 - 0x00007ffd6033e000 	E:\Program Files\Android\Android Studio\jbr\bin\server\jvm.dll
0x00007ffde1b20000 - 0x00007ffde1bd1000 	C:\WINDOWS\System32\ADVAPI32.dll
0x00007ffde12d0000 - 0x00007ffde1375000 	C:\WINDOWS\System32\sechost.dll
0x00007ffde18b0000 - 0x00007ffde19c7000 	C:\WINDOWS\System32\RPCRT4.dll
0x00007ffddb750000 - 0x00007ffddb759000 	C:\WINDOWS\SYSTEM32\WSOCK32.dll
0x00007ffde2830000 - 0x00007ffde28a1000 	C:\WINDOWS\System32\WS2_32.dll
0x00007ffdc8ec0000 - 0x00007ffdc8ef4000 	C:\WINDOWS\SYSTEM32\WINMM.dll
0x00007ffdd9d30000 - 0x00007ffdd9d3a000 	C:\WINDOWS\SYSTEM32\VERSION.dll
0x00007ffddf590000 - 0x00007ffddf5a8000 	C:\WINDOWS\SYSTEM32\kernel.appcore.dll
0x00007ffdd40e0000 - 0x00007ffdd40ea000 	E:\Program Files\Android\Android Studio\jbr\bin\jimage.dll
0x00007ffdde020000 - 0x00007ffdde253000 	C:\WINDOWS\SYSTEM32\DBGHELP.DLL
0x00007ffde0f30000 - 0x00007ffde12b9000 	C:\WINDOWS\System32\combase.dll
0x00007ffde21d0000 - 0x00007ffde22a7000 	C:\WINDOWS\System32\OLEAUT32.dll
0x00007ffdd3a50000 - 0x00007ffdd3a82000 	C:\WINDOWS\SYSTEM32\dbgcore.DLL
0x00007ffde04e0000 - 0x00007ffde055a000 	C:\WINDOWS\System32\bcryptPrimitives.dll
0x00007ffdd1700000 - 0x00007ffdd1725000 	E:\Program Files\Android\Android Studio\jbr\bin\java.dll
0x00007ffdbb820000 - 0x00007ffdbb838000 	E:\Program Files\Android\Android Studio\jbr\bin\zip.dll
0x00007ffde28d0000 - 0x00007ffde312a000 	C:\WINDOWS\System32\SHELL32.dll
0x00007ffdde3c0000 - 0x00007ffddecb6000 	C:\WINDOWS\SYSTEM32\windows.storage.dll
0x00007ffdde280000 - 0x00007ffdde3be000 	C:\WINDOWS\SYSTEM32\wintypes.dll
0x00007ffde14c0000 - 0x00007ffde15b3000 	C:\WINDOWS\System32\SHCORE.dll
0x00007ffde2070000 - 0x00007ffde20ce000 	C:\WINDOWS\System32\shlwapi.dll
0x00007ffde0410000 - 0x00007ffde0436000 	C:\WINDOWS\SYSTEM32\profapi.dll
0x00007ffdb8d80000 - 0x00007ffdb8d99000 	E:\Program Files\Android\Android Studio\jbr\bin\net.dll
0x00007ffdda680000 - 0x00007ffdda7b7000 	C:\WINDOWS\SYSTEM32\WINHTTP.dll
0x00007ffddfa00000 - 0x00007ffddfa69000 	C:\WINDOWS\system32\mswsock.dll
0x00007ffdb8d60000 - 0x00007ffdb8d76000 	E:\Program Files\Android\Android Studio\jbr\bin\nio.dll
0x00007ffdb8c50000 - 0x00007ffdb8c60000 	E:\Program Files\Android\Android Studio\jbr\bin\verify.dll
0x00007ffd9bc30000 - 0x00007ffd9bc57000 	C:\Users\Aubery\.gradle\native\68d5fa5c4cc2d200863cafc0d521ce42e7d3e7ee720ec0a83991735586a16f82\windows-amd64\native-platform.dll
0x00007ffd5d2e0000 - 0x00007ffd5d424000 	C:\Users\Aubery\.gradle\native\e376f236ea51e6404a007f0833ffe2c6e607c4080706a723a18a27aeea778392\windows-amd64\native-platform-file-events.dll
0x00007ffdc4630000 - 0x00007ffdc4639000 	E:\Program Files\Android\Android Studio\jbr\bin\management.dll
0x00007ffdb8c60000 - 0x00007ffdb8c6b000 	E:\Program Files\Android\Android Studio\jbr\bin\management_ext.dll
0x00007ffde2060000 - 0x00007ffde2068000 	C:\WINDOWS\System32\PSAPI.DLL
0x00007ffddfc20000 - 0x00007ffddfc3b000 	C:\WINDOWS\SYSTEM32\CRYPTSP.dll
0x00007ffddf4f0000 - 0x00007ffddf525000 	C:\WINDOWS\system32\rsaenh.dll
0x00007ffddfab0000 - 0x00007ffddfadc000 	C:\WINDOWS\SYSTEM32\USERENV.dll
0x00007ffddfe70000 - 0x00007ffddfe98000 	C:\WINDOWS\SYSTEM32\bcrypt.dll
0x00007ffddfc10000 - 0x00007ffddfc1c000 	C:\WINDOWS\SYSTEM32\CRYPTBASE.dll
0x00007ffddef90000 - 0x00007ffddefbd000 	C:\WINDOWS\SYSTEM32\IPHLPAPI.DLL
0x00007ffde22c0000 - 0x00007ffde22c9000 	C:\WINDOWS\System32\NSI.dll
0x00007ffdda510000 - 0x00007ffdda529000 	C:\WINDOWS\SYSTEM32\dhcpcsvc6.DLL
0x00007ffdda4f0000 - 0x00007ffdda50f000 	C:\WINDOWS\SYSTEM32\dhcpcsvc.DLL
0x00007ffddefc0000 - 0x00007ffddf0b9000 	C:\WINDOWS\SYSTEM32\DNSAPI.dll
0x00007ffdb8c00000 - 0x00007ffdb8c08000 	C:\WINDOWS\system32\wshunix.dll

dbghelp: loaded successfully - version: 4.0.5 - missing functions: none
symbol engine: initialized successfully - sym options: 0x614 - pdb path: .;E:\Program Files\Android\Android Studio\jbr\bin;C:\WINDOWS\SYSTEM32;C:\WINDOWS\WinSxS\amd64_microsoft.windows.common-controls_6595b64144ccf1df_6.0.22621.2506_none_270c5ae97388e100;E:\Program Files\Android\Android Studio\jbr\bin\server;C:\Users\Aubery\.gradle\native\68d5fa5c4cc2d200863cafc0d521ce42e7d3e7ee720ec0a83991735586a16f82\windows-amd64;C:\Users\Aubery\.gradle\native\e376f236ea51e6404a007f0833ffe2c6e607c4080706a723a18a27aeea778392\windows-amd64

VM Arguments:
jvm_args: --add-opens=java.base/java.util=ALL-UNNAMED --add-opens=java.base/java.lang=ALL-UNNAMED --add-opens=java.base/java.lang.invoke=ALL-UNNAMED --add-opens=java.prefs/java.util.prefs=ALL-UNNAMED --add-opens=java.base/java.nio.charset=ALL-UNNAMED --add-opens=java.base/java.net=ALL-UNNAMED --add-opens=java.base/java.util.concurrent.atomic=ALL-UNNAMED -Xmx2048m -Dfile.encoding=UTF-8 -Duser.country=CN -Duser.language=zh -Duser.variant 
java_command: org.gradle.launcher.daemon.bootstrap.GradleDaemon 8.0
java_class_path (initial): C:\Users\Aubery\.gradle\wrapper\dists\gradle-8.0-bin\ca5e32bp14vu59qr306oxotwh\gradle-8.0\lib\gradle-launcher-8.0.jar
Launcher Type: SUN_STANDARD

[Global flags]
     intx CICompilerCount                          = 4                                         {product} {ergonomic}
     uint ConcGCThreads                            = 3                                         {product} {ergonomic}
     uint G1ConcRefinementThreads                  = 10                                        {product} {ergonomic}
   size_t G1HeapRegionSize                         = 1048576                                   {product} {ergonomic}
    uintx GCDrainStackTargetSize                   = 64                                        {product} {ergonomic}
   size_t InitialHeapSize                          = 232783872                                 {product} {ergonomic}
   size_t MarkStackSize                            = 4194304                                   {product} {ergonomic}
   size_t MaxHeapSize                              = 2147483648                                {product} {command line}
   size_t MaxNewSize                               = 1287651328                                {product} {ergonomic}
   size_t MinHeapDeltaBytes                        = 1048576                                   {product} {ergonomic}
   size_t MinHeapSize                              = 8388608                                   {product} {ergonomic}
    uintx NonNMethodCodeHeapSize                   = 5839372                                {pd product} {ergonomic}
    uintx NonProfiledCodeHeapSize                  = 122909434                              {pd product} {ergonomic}
    uintx ProfiledCodeHeapSize                     = 122909434                              {pd product} {ergonomic}
    uintx ReservedCodeCacheSize                    = 251658240                              {pd product} {ergonomic}
     bool SegmentedCodeCache                       = true                                      {product} {ergonomic}
   size_t SoftMaxHeapSize                          = 2147483648                             {manageable} {ergonomic}
     bool UseCompressedClassPointers               = true                           {product lp64_product} {ergonomic}
     bool UseCompressedOops                        = true                           {product lp64_product} {ergonomic}
     bool UseG1GC                                  = true                                      {product} {ergonomic}
     bool UseLargePagesIndividualAllocation        = false                                  {pd product} {ergonomic}

Logging:
Log output configuration:
 #0: stdout all=warning uptime,level,tags
 #1: stderr all=off uptime,level,tags

Environment Variables:
JAVA_HOME=D:\jdk\jdk-17.0.5
CLASSPATH=.;D:\jdk\jdk-17.0.5\lib\dt.jar;D:\jdk\jdk-17.0.5\lib\tools.jar;
PATH=F:\VMware\VMware Workstation\bin\;F:\Program Files (x86)\VMware\VMware Workstation\bin\;D:\jdk\jdk-17.0.5\bin;D:\apache-maven-3.9.4\bin;C:\Program Files (x86)\Common Files\Intel\Shared Libraries\redist\intel64\compiler;C:\Windows\system32;C:\Windows;C:\Windows\System32\Wbem;C:\Windows\System32\WindowsPowerShell\v1.0\;C:\Windows\System32\OpenSSH\;C:\Program Files (x86)\NVIDIA Corporation\PhysX\Common;C:\Program Files\NVIDIA Corporation\NVIDIA NvDLISR;D:\MATLAB2016\runtime\win64;D:\MATLAB2016\bin;D:\matlab\runtime\win64;D:\matlab\bin;D:\runtime\win64;D:\bin;F:\DataBase\redis;D:\polyspace\bin;D:\matlab\polyspace\bin;C:\Program Files\MySQL\MySQL Server 5.6\bin;D:\MATLAB2016\polyspace\bin;C:\Program Files\Microsoft SQL Server\Client SDK\ODBC\170\Tools\Binn\;C:\Program Files (x86)\Microsoft SQL Server\150\Tools\Binn\;C:\Program Files\Microsoft SQL Server\150\Tools\Binn\;C:\Program Files\Microsoft SQL Server\150\DTS\Binn\;C:\Program Files (x86)\Microsoft SQL Server\150\DTS\Binn\;C:\Program Files\Azure Data Studio\bin;D:\tomcat10\apache-tomcat-10.0.26\lib;D:\tomcat10\apache-tomcat-10.0.26\bin;C:\Program Files\dotnet\;C:\Windows\Microsoft.NET\Framework\v4.0.30319;D:\Users\Aubery\PycharmProjects\pythonProject\venv\Scripts;E:\P;C:\WINDOWS\system32;C:\WINDOWS;C:\WINDOWS\System32\Wbem;C:\WINDOWS\System32\WindowsPowerShell\v1.0\;C:\WINDOWS\System32\OpenSSH\;D:\Microsoft VS Code\bin;F:\Git\cmd;F:\Xshell 7\;F:\Xftp 7\;C:\Users\Aubery\AppData\Local\Microsoft\WindowsApps;C:\Program Files\Bandizip\;D:\vscode1\mingw64\bin;D:\Microsoft VS Code\bin;D:\idea202203\IntelliJ IDEA 223.4884.69\bin;C:\Program Files\Azure Data Studio\bin;C:\Users\Aubery\AppData\Local\JetBrains\Toolbox\scripts;D:\IntelliJ IDEA 2022.3.2\bin;;C:\Users\Aubery\.dotnet\tools;;F:\Program Files\JetBrains\DataGrip 2023.2.1\bin;;C:\Users\Aubery\AppData\Local\Microsoft\WindowsApps
USERNAME=Aubery
OS=Windows_NT
PROCESSOR_IDENTIFIER=AMD64 Family 25 Model 80 Stepping 0, AuthenticAMD
TMP=C:\Users\Aubery\AppData\Local\Temp
TEMP=C:\Users\Aubery\AppData\Local\Temp


JNI global refs:
JNI global refs: 29, weak refs: 33

JNI global refs memory usage: 843, weak refs: 841


---------------  S Y S T E M  ---------------

OS:
 Windows 11 , 64 bit Build 22621 (10.0.22621.2506)
OS uptime: 0 days 19:08 hours
Hyper-V role detected

CPU: total 12 (initial active 12) (12 cores per cpu, 2 threads per core) family 25 model 80 stepping 0 microcode 0x0, cx8, cmov, fxsr, ht, mmx, 3dnowpref, sse, sse2, sse3, ssse3, sse4a, sse4.1, sse4.2, popcnt, lzcnt, tsc, tscinvbit, avx, avx2, aes, erms, clmul, bmi1, bmi2, adx, sha, fma, vzeroupper, clflush, clflushopt, hv

Memory: 4k page, system-wide physical 14188M (2307M free)
TotalPageFile size 16236M (AvailPageFile size 9M)
current process WorkingSet (physical memory assigned to process): 594M, peak: 610M
current process commit charge ("private bytes"): 633M, peak: 653M

vm_info: OpenJDK 64-Bit Server VM (17.0.6+0-b2043.56-10027231) for windows-amd64 JRE (17.0.6+0-b2043.56-10027231), built on Apr 28 2023 00:43:19 by "androidbuild" with MS VC++ 16.10 / 16.11 (VS2019)

END.
